<?xml version="1.0" encoding="UTF-8"?>
<!-- Generated by org.testng.reporters.JUnitXMLReporter -->
<testsuite ignored="0" hostname="DESKTOP-3CKMDVP" failures="1" tests="5" name="Default test" time="79.024" errors="0" timestamp="2025-05-07T15:05:47 IST">
  <testcase classname="io.cucumber.testng.AbstractTestNGCucumberTests" name="runScenario" time="50.955"/>
  <testcase classname="io.cucumber.testng.AbstractTestNGCucumberTests" name="runScenario" time="51.232">
    <failure type="java.lang.IllegalArgumentException" message="Book not supported: Health Book">
      <![CDATA[java.lang.IllegalArgumentException: Book not supported: Health Book
at com.Definitions.BookDefinitions.i_select_the_book_titled(BookDefinitions.java:52)
at ✽.I select the book titled(file:///C:/Users/ADMIN/git/DemoWebShop-Cucumber/src/test/resources/Features/Books.feature:14)
]]>
    </failure>
  </testcase> <!-- runScenario -->
  <testcase classname="io.cucumber.testng.AbstractTestNGCucumberTests" name="runScenario" time="51.86"/>
  <testcase classname="io.cucumber.testng.AbstractTestNGCucumberTests" name="runScenario" time="53.439"/>
  <testcase classname="io.cucumber.testng.AbstractTestNGCucumberTests" name="runScenario" time="69.816"/>
</testsuite> <!-- Default test -->
