<html>
<head>
<title>TestNG:  Default test</title>
<link href="../testng.css" rel="stylesheet" type="text/css" />
<link href="../my-testng.css" rel="stylesheet" type="text/css" />

<style type="text/css">
.log { display: none;} 
.stack-trace { display: none;} 
</style>
<script type="text/javascript">
<!--
function flip(e) {
  current = e.style.display;
  if (current == 'block') {
    e.style.display = 'none';
    return 0;
  }
  else {
    e.style.display = 'block';
    return 1;
  }
}

function toggleBox(szDivId, elem, msg1, msg2)
{
  var res = -1;  if (document.getElementById) {
    res = flip(document.getElementById(szDivId));
  }
  else if (document.all) {
    // this is the way old msie versions work
    res = flip(document.all[szDivId]);
  }
  if(elem) {
    if(res == 0) elem.innerHTML = msg1; else elem.innerHTML = msg2;
  }

}

function toggleAllBoxes() {
  if (document.getElementsByTagName) {
    d = document.getElementsByTagName('div');
    for (i = 0; i < d.length; i++) {
      if (d[i].className == 'log') {
        flip(d[i]);
      }
    }
  }
}

// -->
</script>

</head>
<body>
<h2 align='center'>Default test</h2><table border='1' align="center">
<tr>
<td>Tests passed/Failed/Skipped:</td><td>54/7/0</td>
</tr><tr>
<td>Started on:</td><td>Wed Apr 16 16:35:05 IST 2025</td>
</tr>
<tr><td>Total time:</td><td>876 seconds (876850 ms)</td>
</tr><tr>
<td>Included groups:</td><td></td>
</tr><tr>
<td>Excluded groups:</td><td></td>
</tr>
</table><p/>
<small><i>(Hover the method name to see the test class name)</i></small><p/>
<table width='100%' border='1' class='invocation-failed'>
<tr><td colspan='4' align='center'><b>FAILED TESTS</b></td></tr>
<tr><td><b>Test method</b></td>
<td><b>Attribute(s)</b></td>
<td width="30%"><b>Exception</b></td>
<td width="10%"><b>Time (seconds)</b></td>
<td><b>Instance</b></td>
</tr>
<tr>
<td title='com.Runner.runnerTestNG.runScenario()'><b>runScenario</b><br>Test class: com.Runner.runnerTestNG<br>Test method: Runs Cucumber Scenarios<br>Parameters: "purchase an item and choose the credit card", "Checkout the product in the web Application"</td>
<td><div><pre>org.openqa.selenium.InvalidSelectorException: invalid selector: Unable to locate an element with the xpath expression //div[@class=\&quot;section order-completed\&quot;]//ul//li[2]//a because of the following error:
SyntaxError: Failed to execute &apos;evaluate&apos; on &apos;Document&apos;: The string &apos;//div[@class=\&quot;section order-completed\&quot;]//ul//li[2]//a&apos; is not a valid XPath expression.
  (Session info: chrome=135.0.7049.95)
For documentation on this error, please visit: https://www.selenium.dev/documentation/webdriver/troubleshooting/errors#invalid-selector-exception
Build info: version: &apos;4.31.0&apos;, revision: &apos;1ef9f18787*&apos;
System info: os.name: &apos;Windows 10&apos;, os.arch: &apos;amd64&apos;, os.version: &apos;10.0&apos;, java.version: &apos;17.0.6&apos;
Driver info: org.openqa.selenium.chrome.ChromeDriver
Command: [f3256a9bc4a43b42113c63027bfc71b4, findElement {using=xpath, value=//div[@class=\&quot;section order-completed\&quot;]//ul//li[2]//a}]
Capabilities {acceptInsecureCerts: false, browserName: chrome, browserVersion: 135.0.7049.95, chrome: {chromedriverVersion: 135.0.7049.95 (de2eb485a195..., userDataDir: C:\Users\ADMIN\AppData\Loca...}, fedcm:accounts: true, goog:chromeOptions: {debuggerAddress: localhost:64093}, networkConnectionEnabled: false, pageLoadStrategy: normal, platformName: windows, proxy: Proxy(), se:cdp: ws://localhost:64093/devtoo..., se:cdpVersion: 135.0.7049.95, setWindowRect: true, strictFileInteractability: false, timeouts: {implicit: 0, pageLoad: 300000, script: 30000}, unhandledPromptBehavior: dismiss and notify, webauthn:extension:credBlob: true, webauthn:extension:largeBlob: true, webauthn:extension:minPinLength: true, webauthn:extension:prf: true, webauthn:virtualAuthenticators: true}
Session ID: f3256a9bc4a43b42113c63027bfc71b4
	at java.base/jdk.internal.reflect.NativeConstructorAccessorImpl.newInstance0(Native Method)
	at java.base/jdk.internal.reflect.NativeConstructorAccessorImpl.newInstance(NativeConstructorAccessorImpl.java:77)
	at java.base/jdk.internal.reflect.DelegatingConstructorAccessorImpl.newInstance(DelegatingConstructorAccessorImpl.java:45)
	at java.base/java.lang.reflect.Constructor.newInstanceWithCaller(Constructor.java:499)
	at java.base/java.lang.reflect.Constructor.newInstance(Constructor.java:480)
	at org.openqa.selenium.remote.ErrorCodec.decode(ErrorCodec.java:167)
	at org.openqa.selenium.remote.codec.w3c.W3CHttpResponseCodec.decode(W3CHttpResponseCodec.java:138)
	at org.openqa.selenium.remote.codec.w3c.W3CHttpResponseCodec.decode(W3CHttpResponseCodec.java:50)
	at org.openqa.selenium.remote.HttpCommandExecutor.execute(HttpCommandExecutor.java:215)
	at org.openqa.selenium.remote.service.DriverCommandExecutor.invokeExecute(DriverCommandExecutor.java:216)
	at org.openqa.selenium.remote.service.DriverCommandExecutor.execute(DriverCommandExecutor.java:174)
	at org.openqa.selenium.remote.RemoteWebDriver.execute(RemoteWebDriver.java:545)
	at org.openqa.selenium.remote.ElementLocation$ElementFinder$2.findElement(ElementLocation.java:165)
	at org.openqa.selenium.remote.ElementLocation.findElement(ElementLocation.java:59)
	at org.openqa.selenium.remote.RemoteWebDriver.findElement(RemoteWebDriver.java:368)
	at org.openqa.selenium.remote.RemoteWebDriver.findElement(RemoteWebDriver.java:362)
	at org.openqa.selenium.support.ui.ExpectedConditions$7.apply(ExpectedConditions.java:194)
	at org.openqa.selenium.support.ui.ExpectedConditions$7.apply(ExpectedConditions.java:190)
	at org.openqa.selenium.support.ui.FluentWait.until(FluentWait.java:203)
	at com.Actions.CheckoutAction.invoicepdfdownload(CheckoutAction.java:123)
	at com.Definitions.CheckoutStepDefinition.the_user_should_see_the_order_code_successfully(CheckoutStepDefinition.java:147)
	at ✽.the user should see the order code successfully(file:///C:/Users/ADMIN/git/DemoWebShop-Cucumber/src/test/resources/Features/CheckOut.feature:61)
</pre></div><a href='#' onClick='toggleBox("stack-trace1111262158", this, "Click to show all stack frames", "Click to hide stack frames")'>Click to show all stack frames</a>
<div class='stack-trace' id='stack-trace1111262158'><pre>org.openqa.selenium.InvalidSelectorException: invalid selector: Unable to locate an element with the xpath expression //div[@class=\&quot;section order-completed\&quot;]//ul//li[2]//a because of the following error:
SyntaxError: Failed to execute &apos;evaluate&apos; on &apos;Document&apos;: The string &apos;//div[@class=\&quot;section order-completed\&quot;]//ul//li[2]//a&apos; is not a valid XPath expression.
  (Session info: chrome=135.0.7049.95)
For documentation on this error, please visit: https://www.selenium.dev/documentation/webdriver/troubleshooting/errors#invalid-selector-exception
Build info: version: &apos;4.31.0&apos;, revision: &apos;1ef9f18787*&apos;
System info: os.name: &apos;Windows 10&apos;, os.arch: &apos;amd64&apos;, os.version: &apos;10.0&apos;, java.version: &apos;17.0.6&apos;
Driver info: org.openqa.selenium.chrome.ChromeDriver
Command: [f3256a9bc4a43b42113c63027bfc71b4, findElement {using=xpath, value=//div[@class=\&quot;section order-completed\&quot;]//ul//li[2]//a}]
Capabilities {acceptInsecureCerts: false, browserName: chrome, browserVersion: 135.0.7049.95, chrome: {chromedriverVersion: 135.0.7049.95 (de2eb485a195..., userDataDir: C:\Users\ADMIN\AppData\Loca...}, fedcm:accounts: true, goog:chromeOptions: {debuggerAddress: localhost:64093}, networkConnectionEnabled: false, pageLoadStrategy: normal, platformName: windows, proxy: Proxy(), se:cdp: ws://localhost:64093/devtoo..., se:cdpVersion: 135.0.7049.95, setWindowRect: true, strictFileInteractability: false, timeouts: {implicit: 0, pageLoad: 300000, script: 30000}, unhandledPromptBehavior: dismiss and notify, webauthn:extension:credBlob: true, webauthn:extension:largeBlob: true, webauthn:extension:minPinLength: true, webauthn:extension:prf: true, webauthn:virtualAuthenticators: true}
Session ID: f3256a9bc4a43b42113c63027bfc71b4
	at java.base/jdk.internal.reflect.NativeConstructorAccessorImpl.newInstance0(Native Method)
	at java.base/jdk.internal.reflect.NativeConstructorAccessorImpl.newInstance(NativeConstructorAccessorImpl.java:77)
	at java.base/jdk.internal.reflect.DelegatingConstructorAccessorImpl.newInstance(DelegatingConstructorAccessorImpl.java:45)
	at java.base/java.lang.reflect.Constructor.newInstanceWithCaller(Constructor.java:499)
	at java.base/java.lang.reflect.Constructor.newInstance(Constructor.java:480)
	at org.openqa.selenium.remote.ErrorCodec.decode(ErrorCodec.java:167)
	at org.openqa.selenium.remote.codec.w3c.W3CHttpResponseCodec.decode(W3CHttpResponseCodec.java:138)
	at org.openqa.selenium.remote.codec.w3c.W3CHttpResponseCodec.decode(W3CHttpResponseCodec.java:50)
	at org.openqa.selenium.remote.HttpCommandExecutor.execute(HttpCommandExecutor.java:215)
	at org.openqa.selenium.remote.service.DriverCommandExecutor.invokeExecute(DriverCommandExecutor.java:216)
	at org.openqa.selenium.remote.service.DriverCommandExecutor.execute(DriverCommandExecutor.java:174)
	at org.openqa.selenium.remote.RemoteWebDriver.execute(RemoteWebDriver.java:545)
	at org.openqa.selenium.remote.ElementLocation$ElementFinder$2.findElement(ElementLocation.java:165)
	at org.openqa.selenium.remote.ElementLocation.findElement(ElementLocation.java:59)
	at org.openqa.selenium.remote.RemoteWebDriver.findElement(RemoteWebDriver.java:368)
	at org.openqa.selenium.remote.RemoteWebDriver.findElement(RemoteWebDriver.java:362)
	at org.openqa.selenium.support.ui.ExpectedConditions$7.apply(ExpectedConditions.java:194)
	at org.openqa.selenium.support.ui.ExpectedConditions$7.apply(ExpectedConditions.java:190)
	at org.openqa.selenium.support.ui.FluentWait.until(FluentWait.java:203)
	at com.Actions.CheckoutAction.invoicepdfdownload(CheckoutAction.java:123)
	at com.Definitions.CheckoutStepDefinition.the_user_should_see_the_order_code_successfully(CheckoutStepDefinition.java:147)
	at ✽.the user should see the order code successfully(file:///C:/Users/ADMIN/git/DemoWebShop-Cucumber/src/test/resources/Features/CheckOut.feature:61)
</pre></div></td>
<td>311</td>
<td>com.Runner.runnerTestNG@1018bde2</td></tr>
<tr>
<td title='com.Runner.runnerTestNG.runScenario()'><b>runScenario</b><br>Test class: com.Runner.runnerTestNG<br>Test method: Runs Cucumber Scenarios<br>Parameters: "purchase an item and choose the one day shipping", "Checkout the product in the web Application"</td>
<td><div><pre>org.openqa.selenium.UnhandledAlertException: unexpected alert open: {Alert text : Payment method is not selected}
  (Session info: chrome=135.0.7049.95): Payment method is not selected
Build info: version: &apos;4.31.0&apos;, revision: &apos;1ef9f18787*&apos;
System info: os.name: &apos;Windows 10&apos;, os.arch: &apos;amd64&apos;, os.version: &apos;10.0&apos;, java.version: &apos;17.0.6&apos;
Driver info: org.openqa.selenium.chrome.ChromeDriver
Command: [70440c977a11ade0612ff9c138217852, findElement {using=xpath, value=//div[@class=&apos;section order-completed&apos;]//div[@class=&apos;title&apos;]//strong}]
Capabilities {acceptInsecureCerts: false, browserName: chrome, browserVersion: 135.0.7049.95, chrome: {chromedriverVersion: 135.0.7049.95 (de2eb485a195..., userDataDir: C:\Users\ADMIN\AppData\Loca...}, fedcm:accounts: true, goog:chromeOptions: {debuggerAddress: localhost:64092}, networkConnectionEnabled: false, pageLoadStrategy: normal, platformName: windows, proxy: Proxy(), se:cdp: ws://localhost:64092/devtoo..., se:cdpVersion: 135.0.7049.95, setWindowRect: true, strictFileInteractability: false, timeouts: {implicit: 0, pageLoad: 300000, script: 30000}, unhandledPromptBehavior: dismiss and notify, webauthn:extension:credBlob: true, webauthn:extension:largeBlob: true, webauthn:extension:minPinLength: true, webauthn:extension:prf: true, webauthn:virtualAuthenticators: true}
Session ID: 70440c977a11ade0612ff9c138217852
	at org.openqa.selenium.remote.codec.w3c.W3CHttpResponseCodec.decode(W3CHttpResponseCodec.java:136)
	at org.openqa.selenium.remote.codec.w3c.W3CHttpResponseCodec.decode(W3CHttpResponseCodec.java:50)
	at org.openqa.selenium.remote.HttpCommandExecutor.execute(HttpCommandExecutor.java:215)
	at org.openqa.selenium.remote.service.DriverCommandExecutor.invokeExecute(DriverCommandExecutor.java:216)
	at org.openqa.selenium.remote.service.DriverCommandExecutor.execute(DriverCommandExecutor.java:174)
	at org.openqa.selenium.remote.RemoteWebDriver.execute(RemoteWebDriver.java:545)
	at org.openqa.selenium.remote.ElementLocation$ElementFinder$2.findElement(ElementLocation.java:165)
	at org.openqa.selenium.remote.ElementLocation.findElement(ElementLocation.java:59)
	at org.openqa.selenium.remote.RemoteWebDriver.findElement(RemoteWebDriver.java:368)
	at org.openqa.selenium.remote.RemoteWebDriver.findElement(RemoteWebDriver.java:362)
	at org.openqa.selenium.support.ui.ExpectedConditions$7.apply(ExpectedConditions.java:194)
	at org.openqa.selenium.support.ui.ExpectedConditions$7.apply(ExpectedConditions.java:190)
	at org.openqa.selenium.support.ui.FluentWait.until(FluentWait.java:203)
	at com.Actions.CheckoutAction.getplacedorder(CheckoutAction.java:112)
	at com.Definitions.CheckoutStepDefinition.proceed_the_further_details(CheckoutStepDefinition.java:205)
	at ✽.proceed the further details(file:///C:/Users/ADMIN/git/DemoWebShop-Cucumber/src/test/resources/Features/CheckOut.feature:68)
</pre></div><a href='#' onClick='toggleBox("stack-trace1692577287", this, "Click to show all stack frames", "Click to hide stack frames")'>Click to show all stack frames</a>
<div class='stack-trace' id='stack-trace1692577287'><pre>org.openqa.selenium.UnhandledAlertException: unexpected alert open: {Alert text : Payment method is not selected}
  (Session info: chrome=135.0.7049.95): Payment method is not selected
Build info: version: &apos;4.31.0&apos;, revision: &apos;1ef9f18787*&apos;
System info: os.name: &apos;Windows 10&apos;, os.arch: &apos;amd64&apos;, os.version: &apos;10.0&apos;, java.version: &apos;17.0.6&apos;
Driver info: org.openqa.selenium.chrome.ChromeDriver
Command: [70440c977a11ade0612ff9c138217852, findElement {using=xpath, value=//div[@class=&apos;section order-completed&apos;]//div[@class=&apos;title&apos;]//strong}]
Capabilities {acceptInsecureCerts: false, browserName: chrome, browserVersion: 135.0.7049.95, chrome: {chromedriverVersion: 135.0.7049.95 (de2eb485a195..., userDataDir: C:\Users\ADMIN\AppData\Loca...}, fedcm:accounts: true, goog:chromeOptions: {debuggerAddress: localhost:64092}, networkConnectionEnabled: false, pageLoadStrategy: normal, platformName: windows, proxy: Proxy(), se:cdp: ws://localhost:64092/devtoo..., se:cdpVersion: 135.0.7049.95, setWindowRect: true, strictFileInteractability: false, timeouts: {implicit: 0, pageLoad: 300000, script: 30000}, unhandledPromptBehavior: dismiss and notify, webauthn:extension:credBlob: true, webauthn:extension:largeBlob: true, webauthn:extension:minPinLength: true, webauthn:extension:prf: true, webauthn:virtualAuthenticators: true}
Session ID: 70440c977a11ade0612ff9c138217852
	at org.openqa.selenium.remote.codec.w3c.W3CHttpResponseCodec.decode(W3CHttpResponseCodec.java:136)
	at org.openqa.selenium.remote.codec.w3c.W3CHttpResponseCodec.decode(W3CHttpResponseCodec.java:50)
	at org.openqa.selenium.remote.HttpCommandExecutor.execute(HttpCommandExecutor.java:215)
	at org.openqa.selenium.remote.service.DriverCommandExecutor.invokeExecute(DriverCommandExecutor.java:216)
	at org.openqa.selenium.remote.service.DriverCommandExecutor.execute(DriverCommandExecutor.java:174)
	at org.openqa.selenium.remote.RemoteWebDriver.execute(RemoteWebDriver.java:545)
	at org.openqa.selenium.remote.ElementLocation$ElementFinder$2.findElement(ElementLocation.java:165)
	at org.openqa.selenium.remote.ElementLocation.findElement(ElementLocation.java:59)
	at org.openqa.selenium.remote.RemoteWebDriver.findElement(RemoteWebDriver.java:368)
	at org.openqa.selenium.remote.RemoteWebDriver.findElement(RemoteWebDriver.java:362)
	at org.openqa.selenium.support.ui.ExpectedConditions$7.apply(ExpectedConditions.java:194)
	at org.openqa.selenium.support.ui.ExpectedConditions$7.apply(ExpectedConditions.java:190)
	at org.openqa.selenium.support.ui.FluentWait.until(FluentWait.java:203)
	at com.Actions.CheckoutAction.getplacedorder(CheckoutAction.java:112)
	at com.Definitions.CheckoutStepDefinition.proceed_the_further_details(CheckoutStepDefinition.java:205)
	at ✽.proceed the further details(file:///C:/Users/ADMIN/git/DemoWebShop-Cucumber/src/test/resources/Features/CheckOut.feature:68)
</pre></div></td>
<td>293</td>
<td>com.Runner.runnerTestNG@1018bde2</td></tr>
<tr>
<td title='com.Runner.runnerTestNG.runScenario()'><b>runScenario</b><br>Test class: com.Runner.runnerTestNG<br>Test method: Runs Cucumber Scenarios<br>Parameters: "user should click the store pick up after the shipping methods", "Checkout the product in the web Application"</td>
<td><div><pre>org.openqa.selenium.ElementNotInteractableException: element not interactable
  (Session info: chrome=135.0.7049.95)
Build info: version: &apos;4.31.0&apos;, revision: &apos;1ef9f18787*&apos;
System info: os.name: &apos;Windows 10&apos;, os.arch: &apos;amd64&apos;, os.version: &apos;10.0&apos;, java.version: &apos;17.0.6&apos;
Driver info: org.openqa.selenium.chrome.ChromeDriver
Command: [c9ee3bbd8312ce7e08cb3c5915ffe246, clickElement {id=f.0D82F10D33606A35C632A594B7FC55CA.d.FFAC1345D385D1893E7B6F81A7CA9EC8.e.317}]
Capabilities {acceptInsecureCerts: false, browserName: chrome, browserVersion: 135.0.7049.95, chrome: {chromedriverVersion: 135.0.7049.95 (de2eb485a195..., userDataDir: C:\Users\ADMIN\AppData\Loca...}, fedcm:accounts: true, goog:chromeOptions: {debuggerAddress: localhost:64083}, networkConnectionEnabled: false, pageLoadStrategy: normal, platformName: windows, proxy: Proxy(), se:cdp: ws://localhost:64083/devtoo..., se:cdpVersion: 135.0.7049.95, setWindowRect: true, strictFileInteractability: false, timeouts: {implicit: 0, pageLoad: 300000, script: 30000}, unhandledPromptBehavior: dismiss and notify, webauthn:extension:credBlob: true, webauthn:extension:largeBlob: true, webauthn:extension:minPinLength: true, webauthn:extension:prf: true, webauthn:virtualAuthenticators: true}
Element: [[ChromeDriver: chrome on windows (c9ee3bbd8312ce7e08cb3c5915ffe246)] -&gt; xpath: //div[@id=&quot;confirm-order-buttons-container&quot;]//input[@class=&quot;button-1 confirm-order-next-step-button&quot;]]
Session ID: c9ee3bbd8312ce7e08cb3c5915ffe246
	at java.base/jdk.internal.reflect.NativeConstructorAccessorImpl.newInstance0(Native Method)
	at java.base/jdk.internal.reflect.NativeConstructorAccessorImpl.newInstance(NativeConstructorAccessorImpl.java:77)
	at java.base/jdk.internal.reflect.DelegatingConstructorAccessorImpl.newInstance(DelegatingConstructorAccessorImpl.java:45)
	at java.base/java.lang.reflect.Constructor.newInstanceWithCaller(Constructor.java:499)
	at java.base/java.lang.reflect.Constructor.newInstance(Constructor.java:480)
	at org.openqa.selenium.remote.ErrorCodec.decode(ErrorCodec.java:167)
	at org.openqa.selenium.remote.codec.w3c.W3CHttpResponseCodec.decode(W3CHttpResponseCodec.java:138)
	at org.openqa.selenium.remote.codec.w3c.W3CHttpResponseCodec.decode(W3CHttpResponseCodec.java:50)
	at org.openqa.selenium.remote.HttpCommandExecutor.execute(HttpCommandExecutor.java:215)
	at org.openqa.selenium.remote.service.DriverCommandExecutor.invokeExecute(DriverCommandExecutor.java:216)
	at org.openqa.selenium.remote.service.DriverCommandExecutor.execute(DriverCommandExecutor.java:174)
	at org.openqa.selenium.remote.RemoteWebDriver.execute(RemoteWebDriver.java:545)
	at org.openqa.selenium.remote.RemoteWebElement.execute(RemoteWebElement.java:223)
	at org.openqa.selenium.remote.RemoteWebElement.click(RemoteWebElement.java:76)
	at jdk.internal.reflect.GeneratedMethodAccessor114.invoke(Unknown Source)
	at java.base/jdk.internal.reflect.DelegatingMethodAccessorImpl.invoke(DelegatingMethodAccessorImpl.java:43)
	at java.base/java.lang.reflect.Method.invoke(Method.java:568)
	at org.openqa.selenium.support.pagefactory.internal.LocatingElementHandler.invoke(LocatingElementHandler.java:51)
	at jdk.proxy2/jdk.proxy2.$Proxy27.click(Unknown Source)
	at com.Actions.CheckoutAction.confirmcheckout(CheckoutAction.java:106)
	at com.Definitions.CheckoutStepDefinition.proceed_the_remaining_steps_and_confirm(CheckoutStepDefinition.java:228)
	at ✽.proceed the remaining steps and confirm(file:///C:/Users/ADMIN/git/DemoWebShop-Cucumber/src/test/resources/Features/CheckOut.feature:84)
</pre></div><a href='#' onClick='toggleBox("stack-trace1273568222", this, "Click to show all stack frames", "Click to hide stack frames")'>Click to show all stack frames</a>
<div class='stack-trace' id='stack-trace1273568222'><pre>org.openqa.selenium.ElementNotInteractableException: element not interactable
  (Session info: chrome=135.0.7049.95)
Build info: version: &apos;4.31.0&apos;, revision: &apos;1ef9f18787*&apos;
System info: os.name: &apos;Windows 10&apos;, os.arch: &apos;amd64&apos;, os.version: &apos;10.0&apos;, java.version: &apos;17.0.6&apos;
Driver info: org.openqa.selenium.chrome.ChromeDriver
Command: [c9ee3bbd8312ce7e08cb3c5915ffe246, clickElement {id=f.0D82F10D33606A35C632A594B7FC55CA.d.FFAC1345D385D1893E7B6F81A7CA9EC8.e.317}]
Capabilities {acceptInsecureCerts: false, browserName: chrome, browserVersion: 135.0.7049.95, chrome: {chromedriverVersion: 135.0.7049.95 (de2eb485a195..., userDataDir: C:\Users\ADMIN\AppData\Loca...}, fedcm:accounts: true, goog:chromeOptions: {debuggerAddress: localhost:64083}, networkConnectionEnabled: false, pageLoadStrategy: normal, platformName: windows, proxy: Proxy(), se:cdp: ws://localhost:64083/devtoo..., se:cdpVersion: 135.0.7049.95, setWindowRect: true, strictFileInteractability: false, timeouts: {implicit: 0, pageLoad: 300000, script: 30000}, unhandledPromptBehavior: dismiss and notify, webauthn:extension:credBlob: true, webauthn:extension:largeBlob: true, webauthn:extension:minPinLength: true, webauthn:extension:prf: true, webauthn:virtualAuthenticators: true}
Element: [[ChromeDriver: chrome on windows (c9ee3bbd8312ce7e08cb3c5915ffe246)] -&gt; xpath: //div[@id=&quot;confirm-order-buttons-container&quot;]//input[@class=&quot;button-1 confirm-order-next-step-button&quot;]]
Session ID: c9ee3bbd8312ce7e08cb3c5915ffe246
	at java.base/jdk.internal.reflect.NativeConstructorAccessorImpl.newInstance0(Native Method)
	at java.base/jdk.internal.reflect.NativeConstructorAccessorImpl.newInstance(NativeConstructorAccessorImpl.java:77)
	at java.base/jdk.internal.reflect.DelegatingConstructorAccessorImpl.newInstance(DelegatingConstructorAccessorImpl.java:45)
	at java.base/java.lang.reflect.Constructor.newInstanceWithCaller(Constructor.java:499)
	at java.base/java.lang.reflect.Constructor.newInstance(Constructor.java:480)
	at org.openqa.selenium.remote.ErrorCodec.decode(ErrorCodec.java:167)
	at org.openqa.selenium.remote.codec.w3c.W3CHttpResponseCodec.decode(W3CHttpResponseCodec.java:138)
	at org.openqa.selenium.remote.codec.w3c.W3CHttpResponseCodec.decode(W3CHttpResponseCodec.java:50)
	at org.openqa.selenium.remote.HttpCommandExecutor.execute(HttpCommandExecutor.java:215)
	at org.openqa.selenium.remote.service.DriverCommandExecutor.invokeExecute(DriverCommandExecutor.java:216)
	at org.openqa.selenium.remote.service.DriverCommandExecutor.execute(DriverCommandExecutor.java:174)
	at org.openqa.selenium.remote.RemoteWebDriver.execute(RemoteWebDriver.java:545)
	at org.openqa.selenium.remote.RemoteWebElement.execute(RemoteWebElement.java:223)
	at org.openqa.selenium.remote.RemoteWebElement.click(RemoteWebElement.java:76)
	at jdk.internal.reflect.GeneratedMethodAccessor114.invoke(Unknown Source)
	at java.base/jdk.internal.reflect.DelegatingMethodAccessorImpl.invoke(DelegatingMethodAccessorImpl.java:43)
	at java.base/java.lang.reflect.Method.invoke(Method.java:568)
	at org.openqa.selenium.support.pagefactory.internal.LocatingElementHandler.invoke(LocatingElementHandler.java:51)
	at jdk.proxy2/jdk.proxy2.$Proxy27.click(Unknown Source)
	at com.Actions.CheckoutAction.confirmcheckout(CheckoutAction.java:106)
	at com.Definitions.CheckoutStepDefinition.proceed_the_remaining_steps_and_confirm(CheckoutStepDefinition.java:228)
	at ✽.proceed the remaining steps and confirm(file:///C:/Users/ADMIN/git/DemoWebShop-Cucumber/src/test/resources/Features/CheckOut.feature:84)
</pre></div></td>
<td>321</td>
<td>com.Runner.runnerTestNG@1018bde2</td></tr>
<tr>
<td title='com.Runner.runnerTestNG.runScenario()'><b>runScenario</b><br>Test class: com.Runner.runnerTestNG<br>Test method: Runs Cucumber Scenarios<br>Parameters: "To read the invoice pdf in the application", "Checkout the product in the web Application"</td>
<td><div><pre>org.openqa.selenium.UnhandledAlertException: unexpected alert open: {Alert text : Your cart is empty}
  (Session info: chrome=135.0.7049.95): Your cart is empty
Build info: version: &apos;4.31.0&apos;, revision: &apos;1ef9f18787*&apos;
System info: os.name: &apos;Windows 10&apos;, os.arch: &apos;amd64&apos;, os.version: &apos;10.0&apos;, java.version: &apos;17.0.6&apos;
Driver info: org.openqa.selenium.chrome.ChromeDriver
Command: [720d788bf6ed6c46aea66613d7d46f1c, findElement {using=xpath, value=//div[@id=&quot;payment-info-buttons-container&quot;]//input}]
Capabilities {acceptInsecureCerts: false, browserName: chrome, browserVersion: 135.0.7049.95, chrome: {chromedriverVersion: 135.0.7049.95 (de2eb485a195..., userDataDir: C:\Users\ADMIN\AppData\Loca...}, fedcm:accounts: true, goog:chromeOptions: {debuggerAddress: localhost:64100}, networkConnectionEnabled: false, pageLoadStrategy: normal, platformName: windows, proxy: Proxy(), se:cdp: ws://localhost:64100/devtoo..., se:cdpVersion: 135.0.7049.95, setWindowRect: true, strictFileInteractability: false, timeouts: {implicit: 0, pageLoad: 300000, script: 30000}, unhandledPromptBehavior: dismiss and notify, webauthn:extension:credBlob: true, webauthn:extension:largeBlob: true, webauthn:extension:minPinLength: true, webauthn:extension:prf: true, webauthn:virtualAuthenticators: true}
Session ID: 720d788bf6ed6c46aea66613d7d46f1c
	at org.openqa.selenium.remote.codec.w3c.W3CHttpResponseCodec.decode(W3CHttpResponseCodec.java:136)
	at org.openqa.selenium.remote.codec.w3c.W3CHttpResponseCodec.decode(W3CHttpResponseCodec.java:50)
	at org.openqa.selenium.remote.HttpCommandExecutor.execute(HttpCommandExecutor.java:215)
	at org.openqa.selenium.remote.service.DriverCommandExecutor.invokeExecute(DriverCommandExecutor.java:216)
	at org.openqa.selenium.remote.service.DriverCommandExecutor.execute(DriverCommandExecutor.java:174)
	at org.openqa.selenium.remote.RemoteWebDriver.execute(RemoteWebDriver.java:545)
	at org.openqa.selenium.remote.ElementLocation$ElementFinder$2.findElement(ElementLocation.java:165)
	at org.openqa.selenium.remote.ElementLocation.findElement(ElementLocation.java:59)
	at org.openqa.selenium.remote.RemoteWebDriver.findElement(RemoteWebDriver.java:368)
	at org.openqa.selenium.remote.RemoteWebDriver.findElement(RemoteWebDriver.java:362)
	at org.openqa.selenium.support.pagefactory.DefaultElementLocator.findElement(DefaultElementLocator.java:68)
	at org.openqa.selenium.support.pagefactory.internal.LocatingElementHandler.invoke(LocatingElementHandler.java:38)
	at jdk.proxy2/jdk.proxy2.$Proxy27.click(Unknown Source)
	at com.Actions.CheckoutAction.paymentinfocontinue(CheckoutAction.java:101)
	at com.Definitions.CheckoutStepDefinition.click_the_orders(CheckoutStepDefinition.java:103)
	at ✽.click the orders(file:///C:/Users/ADMIN/git/DemoWebShop-Cucumber/src/test/resources/Features/CheckOut.feature:36)
</pre></div><a href='#' onClick='toggleBox("stack-trace1280138229", this, "Click to show all stack frames", "Click to hide stack frames")'>Click to show all stack frames</a>
<div class='stack-trace' id='stack-trace1280138229'><pre>org.openqa.selenium.UnhandledAlertException: unexpected alert open: {Alert text : Your cart is empty}
  (Session info: chrome=135.0.7049.95): Your cart is empty
Build info: version: &apos;4.31.0&apos;, revision: &apos;1ef9f18787*&apos;
System info: os.name: &apos;Windows 10&apos;, os.arch: &apos;amd64&apos;, os.version: &apos;10.0&apos;, java.version: &apos;17.0.6&apos;
Driver info: org.openqa.selenium.chrome.ChromeDriver
Command: [720d788bf6ed6c46aea66613d7d46f1c, findElement {using=xpath, value=//div[@id=&quot;payment-info-buttons-container&quot;]//input}]
Capabilities {acceptInsecureCerts: false, browserName: chrome, browserVersion: 135.0.7049.95, chrome: {chromedriverVersion: 135.0.7049.95 (de2eb485a195..., userDataDir: C:\Users\ADMIN\AppData\Loca...}, fedcm:accounts: true, goog:chromeOptions: {debuggerAddress: localhost:64100}, networkConnectionEnabled: false, pageLoadStrategy: normal, platformName: windows, proxy: Proxy(), se:cdp: ws://localhost:64100/devtoo..., se:cdpVersion: 135.0.7049.95, setWindowRect: true, strictFileInteractability: false, timeouts: {implicit: 0, pageLoad: 300000, script: 30000}, unhandledPromptBehavior: dismiss and notify, webauthn:extension:credBlob: true, webauthn:extension:largeBlob: true, webauthn:extension:minPinLength: true, webauthn:extension:prf: true, webauthn:virtualAuthenticators: true}
Session ID: 720d788bf6ed6c46aea66613d7d46f1c
	at org.openqa.selenium.remote.codec.w3c.W3CHttpResponseCodec.decode(W3CHttpResponseCodec.java:136)
	at org.openqa.selenium.remote.codec.w3c.W3CHttpResponseCodec.decode(W3CHttpResponseCodec.java:50)
	at org.openqa.selenium.remote.HttpCommandExecutor.execute(HttpCommandExecutor.java:215)
	at org.openqa.selenium.remote.service.DriverCommandExecutor.invokeExecute(DriverCommandExecutor.java:216)
	at org.openqa.selenium.remote.service.DriverCommandExecutor.execute(DriverCommandExecutor.java:174)
	at org.openqa.selenium.remote.RemoteWebDriver.execute(RemoteWebDriver.java:545)
	at org.openqa.selenium.remote.ElementLocation$ElementFinder$2.findElement(ElementLocation.java:165)
	at org.openqa.selenium.remote.ElementLocation.findElement(ElementLocation.java:59)
	at org.openqa.selenium.remote.RemoteWebDriver.findElement(RemoteWebDriver.java:368)
	at org.openqa.selenium.remote.RemoteWebDriver.findElement(RemoteWebDriver.java:362)
	at org.openqa.selenium.support.pagefactory.DefaultElementLocator.findElement(DefaultElementLocator.java:68)
	at org.openqa.selenium.support.pagefactory.internal.LocatingElementHandler.invoke(LocatingElementHandler.java:38)
	at jdk.proxy2/jdk.proxy2.$Proxy27.click(Unknown Source)
	at com.Actions.CheckoutAction.paymentinfocontinue(CheckoutAction.java:101)
	at com.Definitions.CheckoutStepDefinition.click_the_orders(CheckoutStepDefinition.java:103)
	at ✽.click the orders(file:///C:/Users/ADMIN/git/DemoWebShop-Cucumber/src/test/resources/Features/CheckOut.feature:36)
</pre></div></td>
<td>287</td>
<td>com.Runner.runnerTestNG@1018bde2</td></tr>
<tr>
<td title='com.Runner.runnerTestNG.runScenario()'><b>runScenario</b><br>Test class: com.Runner.runnerTestNG<br>Test method: Runs Cucumber Scenarios<br>Parameters: "checkout and download the invoice pdf", "Checkout the product in the web Application"</td>
<td><div><pre>org.openqa.selenium.InvalidSelectorException: invalid selector: Unable to locate an element with the xpath expression //div[@class=\&quot;section order-completed\&quot;]//ul//li[2]//a because of the following error:
SyntaxError: Failed to execute &apos;evaluate&apos; on &apos;Document&apos;: The string &apos;//div[@class=\&quot;section order-completed\&quot;]//ul//li[2]//a&apos; is not a valid XPath expression.
  (Session info: chrome=135.0.7049.95)
For documentation on this error, please visit: https://www.selenium.dev/documentation/webdriver/troubleshooting/errors#invalid-selector-exception
Build info: version: &apos;4.31.0&apos;, revision: &apos;1ef9f18787*&apos;
System info: os.name: &apos;Windows 10&apos;, os.arch: &apos;amd64&apos;, os.version: &apos;10.0&apos;, java.version: &apos;17.0.6&apos;
Driver info: org.openqa.selenium.chrome.ChromeDriver
Command: [d179c586de3fea347ef7d8ba7f83898d, findElement {using=xpath, value=//div[@class=\&quot;section order-completed\&quot;]//ul//li[2]//a}]
Capabilities {acceptInsecureCerts: false, browserName: chrome, browserVersion: 135.0.7049.95, chrome: {chromedriverVersion: 135.0.7049.95 (de2eb485a195..., userDataDir: C:\Users\ADMIN\AppData\Loca...}, fedcm:accounts: true, goog:chromeOptions: {debuggerAddress: localhost:61198}, networkConnectionEnabled: false, pageLoadStrategy: normal, platformName: windows, proxy: Proxy(), se:cdp: ws://localhost:61198/devtoo..., se:cdpVersion: 135.0.7049.95, setWindowRect: true, strictFileInteractability: false, timeouts: {implicit: 0, pageLoad: 300000, script: 30000}, unhandledPromptBehavior: dismiss and notify, webauthn:extension:credBlob: true, webauthn:extension:largeBlob: true, webauthn:extension:minPinLength: true, webauthn:extension:prf: true, webauthn:virtualAuthenticators: true}
Session ID: d179c586de3fea347ef7d8ba7f83898d
	at java.base/jdk.internal.reflect.NativeConstructorAccessorImpl.newInstance0(Native Method)
	at java.base/jdk.internal.reflect.NativeConstructorAccessorImpl.newInstance(NativeConstructorAccessorImpl.java:77)
	at java.base/jdk.internal.reflect.DelegatingConstructorAccessorImpl.newInstance(DelegatingConstructorAccessorImpl.java:45)
	at java.base/java.lang.reflect.Constructor.newInstanceWithCaller(Constructor.java:499)
	at java.base/java.lang.reflect.Constructor.newInstance(Constructor.java:480)
	at org.openqa.selenium.remote.ErrorCodec.decode(ErrorCodec.java:167)
	at org.openqa.selenium.remote.codec.w3c.W3CHttpResponseCodec.decode(W3CHttpResponseCodec.java:138)
	at org.openqa.selenium.remote.codec.w3c.W3CHttpResponseCodec.decode(W3CHttpResponseCodec.java:50)
	at org.openqa.selenium.remote.HttpCommandExecutor.execute(HttpCommandExecutor.java:215)
	at org.openqa.selenium.remote.service.DriverCommandExecutor.invokeExecute(DriverCommandExecutor.java:216)
	at org.openqa.selenium.remote.service.DriverCommandExecutor.execute(DriverCommandExecutor.java:174)
	at org.openqa.selenium.remote.RemoteWebDriver.execute(RemoteWebDriver.java:545)
	at org.openqa.selenium.remote.ElementLocation$ElementFinder$2.findElement(ElementLocation.java:165)
	at org.openqa.selenium.remote.ElementLocation.findElement(ElementLocation.java:59)
	at org.openqa.selenium.remote.RemoteWebDriver.findElement(RemoteWebDriver.java:368)
	at org.openqa.selenium.remote.RemoteWebDriver.findElement(RemoteWebDriver.java:362)
	at org.openqa.selenium.support.ui.ExpectedConditions$7.apply(ExpectedConditions.java:194)
	at org.openqa.selenium.support.ui.ExpectedConditions$7.apply(ExpectedConditions.java:190)
	at org.openqa.selenium.support.ui.FluentWait.until(FluentWait.java:203)
	at com.Actions.CheckoutAction.invoicepdfdownload(CheckoutAction.java:123)
	at com.Definitions.CheckoutStepDefinition.the_user_should_see_the_order_number_and_able_to_download_the_invoice_as_pdf(CheckoutStepDefinition.java:75)
	at ✽.the user should see the order number and able to download the invoice as pdf(file:///C:/Users/ADMIN/git/DemoWebShop-Cucumber/src/test/resources/Features/CheckOut.feature:23)
</pre></div><a href='#' onClick='toggleBox("stack-trace516616720", this, "Click to show all stack frames", "Click to hide stack frames")'>Click to show all stack frames</a>
<div class='stack-trace' id='stack-trace516616720'><pre>org.openqa.selenium.InvalidSelectorException: invalid selector: Unable to locate an element with the xpath expression //div[@class=\&quot;section order-completed\&quot;]//ul//li[2]//a because of the following error:
SyntaxError: Failed to execute &apos;evaluate&apos; on &apos;Document&apos;: The string &apos;//div[@class=\&quot;section order-completed\&quot;]//ul//li[2]//a&apos; is not a valid XPath expression.
  (Session info: chrome=135.0.7049.95)
For documentation on this error, please visit: https://www.selenium.dev/documentation/webdriver/troubleshooting/errors#invalid-selector-exception
Build info: version: &apos;4.31.0&apos;, revision: &apos;1ef9f18787*&apos;
System info: os.name: &apos;Windows 10&apos;, os.arch: &apos;amd64&apos;, os.version: &apos;10.0&apos;, java.version: &apos;17.0.6&apos;
Driver info: org.openqa.selenium.chrome.ChromeDriver
Command: [d179c586de3fea347ef7d8ba7f83898d, findElement {using=xpath, value=//div[@class=\&quot;section order-completed\&quot;]//ul//li[2]//a}]
Capabilities {acceptInsecureCerts: false, browserName: chrome, browserVersion: 135.0.7049.95, chrome: {chromedriverVersion: 135.0.7049.95 (de2eb485a195..., userDataDir: C:\Users\ADMIN\AppData\Loca...}, fedcm:accounts: true, goog:chromeOptions: {debuggerAddress: localhost:61198}, networkConnectionEnabled: false, pageLoadStrategy: normal, platformName: windows, proxy: Proxy(), se:cdp: ws://localhost:61198/devtoo..., se:cdpVersion: 135.0.7049.95, setWindowRect: true, strictFileInteractability: false, timeouts: {implicit: 0, pageLoad: 300000, script: 30000}, unhandledPromptBehavior: dismiss and notify, webauthn:extension:credBlob: true, webauthn:extension:largeBlob: true, webauthn:extension:minPinLength: true, webauthn:extension:prf: true, webauthn:virtualAuthenticators: true}
Session ID: d179c586de3fea347ef7d8ba7f83898d
	at java.base/jdk.internal.reflect.NativeConstructorAccessorImpl.newInstance0(Native Method)
	at java.base/jdk.internal.reflect.NativeConstructorAccessorImpl.newInstance(NativeConstructorAccessorImpl.java:77)
	at java.base/jdk.internal.reflect.DelegatingConstructorAccessorImpl.newInstance(DelegatingConstructorAccessorImpl.java:45)
	at java.base/java.lang.reflect.Constructor.newInstanceWithCaller(Constructor.java:499)
	at java.base/java.lang.reflect.Constructor.newInstance(Constructor.java:480)
	at org.openqa.selenium.remote.ErrorCodec.decode(ErrorCodec.java:167)
	at org.openqa.selenium.remote.codec.w3c.W3CHttpResponseCodec.decode(W3CHttpResponseCodec.java:138)
	at org.openqa.selenium.remote.codec.w3c.W3CHttpResponseCodec.decode(W3CHttpResponseCodec.java:50)
	at org.openqa.selenium.remote.HttpCommandExecutor.execute(HttpCommandExecutor.java:215)
	at org.openqa.selenium.remote.service.DriverCommandExecutor.invokeExecute(DriverCommandExecutor.java:216)
	at org.openqa.selenium.remote.service.DriverCommandExecutor.execute(DriverCommandExecutor.java:174)
	at org.openqa.selenium.remote.RemoteWebDriver.execute(RemoteWebDriver.java:545)
	at org.openqa.selenium.remote.ElementLocation$ElementFinder$2.findElement(ElementLocation.java:165)
	at org.openqa.selenium.remote.ElementLocation.findElement(ElementLocation.java:59)
	at org.openqa.selenium.remote.RemoteWebDriver.findElement(RemoteWebDriver.java:368)
	at org.openqa.selenium.remote.RemoteWebDriver.findElement(RemoteWebDriver.java:362)
	at org.openqa.selenium.support.ui.ExpectedConditions$7.apply(ExpectedConditions.java:194)
	at org.openqa.selenium.support.ui.ExpectedConditions$7.apply(ExpectedConditions.java:190)
	at org.openqa.selenium.support.ui.FluentWait.until(FluentWait.java:203)
	at com.Actions.CheckoutAction.invoicepdfdownload(CheckoutAction.java:123)
	at com.Definitions.CheckoutStepDefinition.the_user_should_see_the_order_number_and_able_to_download_the_invoice_as_pdf(CheckoutStepDefinition.java:75)
	at ✽.the user should see the order number and able to download the invoice as pdf(file:///C:/Users/ADMIN/git/DemoWebShop-Cucumber/src/test/resources/Features/CheckOut.feature:23)
</pre></div></td>
<td>219</td>
<td>com.Runner.runnerTestNG@1018bde2</td></tr>
<tr>
<td title='com.Runner.runnerTestNG.runScenario()'><b>runScenario</b><br>Test class: com.Runner.runnerTestNG<br>Test method: Runs Cucumber Scenarios<br>Parameters: "purchase an item and choose store pickup", "Checkout the product in the web Application"</td>
<td><div><pre>org.openqa.selenium.UnhandledAlertException: unexpected alert open: {Alert text : Payment method is not selected}
  (Session info: chrome=135.0.7049.95): Payment method is not selected
Build info: version: &apos;4.31.0&apos;, revision: &apos;1ef9f18787*&apos;
System info: os.name: &apos;Windows 10&apos;, os.arch: &apos;amd64&apos;, os.version: &apos;10.0&apos;, java.version: &apos;17.0.6&apos;
Driver info: org.openqa.selenium.chrome.ChromeDriver
Command: [12c776bc38337bf391c6f5692cf0ea36, refresh {}]
Capabilities {acceptInsecureCerts: false, browserName: chrome, browserVersion: 135.0.7049.95, chrome: {chromedriverVersion: 135.0.7049.95 (de2eb485a195..., userDataDir: C:\Users\ADMIN\AppData\Loca...}, fedcm:accounts: true, goog:chromeOptions: {debuggerAddress: localhost:64065}, networkConnectionEnabled: false, pageLoadStrategy: normal, platformName: windows, proxy: Proxy(), se:cdp: ws://localhost:64065/devtoo..., se:cdpVersion: 135.0.7049.95, setWindowRect: true, strictFileInteractability: false, timeouts: {implicit: 0, pageLoad: 300000, script: 30000}, unhandledPromptBehavior: dismiss and notify, webauthn:extension:credBlob: true, webauthn:extension:largeBlob: true, webauthn:extension:minPinLength: true, webauthn:extension:prf: true, webauthn:virtualAuthenticators: true}
Session ID: 12c776bc38337bf391c6f5692cf0ea36
	at org.openqa.selenium.remote.codec.w3c.W3CHttpResponseCodec.decode(W3CHttpResponseCodec.java:136)
	at org.openqa.selenium.remote.codec.w3c.W3CHttpResponseCodec.decode(W3CHttpResponseCodec.java:50)
	at org.openqa.selenium.remote.HttpCommandExecutor.execute(HttpCommandExecutor.java:215)
	at org.openqa.selenium.remote.service.DriverCommandExecutor.invokeExecute(DriverCommandExecutor.java:216)
	at org.openqa.selenium.remote.service.DriverCommandExecutor.execute(DriverCommandExecutor.java:174)
	at org.openqa.selenium.remote.RemoteWebDriver.execute(RemoteWebDriver.java:545)
	at org.openqa.selenium.remote.RemoteWebDriver.execute(RemoteWebDriver.java:618)
	at org.openqa.selenium.remote.RemoteWebDriver.execute(RemoteWebDriver.java:622)
	at org.openqa.selenium.remote.RemoteWebDriver$RemoteNavigation.refresh(RemoteWebDriver.java:1106)
	at com.Definitions.CheckoutStepDefinition.the_user_should_see_the_order_code_successfully(CheckoutStepDefinition.java:145)
	at ✽.the user should see the order code successfully(file:///C:/Users/ADMIN/git/DemoWebShop-Cucumber/src/test/resources/Features/CheckOut.feature:47)
</pre></div><a href='#' onClick='toggleBox("stack-trace16378375", this, "Click to show all stack frames", "Click to hide stack frames")'>Click to show all stack frames</a>
<div class='stack-trace' id='stack-trace16378375'><pre>org.openqa.selenium.UnhandledAlertException: unexpected alert open: {Alert text : Payment method is not selected}
  (Session info: chrome=135.0.7049.95): Payment method is not selected
Build info: version: &apos;4.31.0&apos;, revision: &apos;1ef9f18787*&apos;
System info: os.name: &apos;Windows 10&apos;, os.arch: &apos;amd64&apos;, os.version: &apos;10.0&apos;, java.version: &apos;17.0.6&apos;
Driver info: org.openqa.selenium.chrome.ChromeDriver
Command: [12c776bc38337bf391c6f5692cf0ea36, refresh {}]
Capabilities {acceptInsecureCerts: false, browserName: chrome, browserVersion: 135.0.7049.95, chrome: {chromedriverVersion: 135.0.7049.95 (de2eb485a195..., userDataDir: C:\Users\ADMIN\AppData\Loca...}, fedcm:accounts: true, goog:chromeOptions: {debuggerAddress: localhost:64065}, networkConnectionEnabled: false, pageLoadStrategy: normal, platformName: windows, proxy: Proxy(), se:cdp: ws://localhost:64065/devtoo..., se:cdpVersion: 135.0.7049.95, setWindowRect: true, strictFileInteractability: false, timeouts: {implicit: 0, pageLoad: 300000, script: 30000}, unhandledPromptBehavior: dismiss and notify, webauthn:extension:credBlob: true, webauthn:extension:largeBlob: true, webauthn:extension:minPinLength: true, webauthn:extension:prf: true, webauthn:virtualAuthenticators: true}
Session ID: 12c776bc38337bf391c6f5692cf0ea36
	at org.openqa.selenium.remote.codec.w3c.W3CHttpResponseCodec.decode(W3CHttpResponseCodec.java:136)
	at org.openqa.selenium.remote.codec.w3c.W3CHttpResponseCodec.decode(W3CHttpResponseCodec.java:50)
	at org.openqa.selenium.remote.HttpCommandExecutor.execute(HttpCommandExecutor.java:215)
	at org.openqa.selenium.remote.service.DriverCommandExecutor.invokeExecute(DriverCommandExecutor.java:216)
	at org.openqa.selenium.remote.service.DriverCommandExecutor.execute(DriverCommandExecutor.java:174)
	at org.openqa.selenium.remote.RemoteWebDriver.execute(RemoteWebDriver.java:545)
	at org.openqa.selenium.remote.RemoteWebDriver.execute(RemoteWebDriver.java:618)
	at org.openqa.selenium.remote.RemoteWebDriver.execute(RemoteWebDriver.java:622)
	at org.openqa.selenium.remote.RemoteWebDriver$RemoteNavigation.refresh(RemoteWebDriver.java:1106)
	at com.Definitions.CheckoutStepDefinition.the_user_should_see_the_order_code_successfully(CheckoutStepDefinition.java:145)
	at ✽.the user should see the order code successfully(file:///C:/Users/ADMIN/git/DemoWebShop-Cucumber/src/test/resources/Features/CheckOut.feature:47)
</pre></div></td>
<td>295</td>
<td>com.Runner.runnerTestNG@1018bde2</td></tr>
<tr>
<td title='com.Runner.runnerTestNG.runScenario()'><b>runScenario</b><br>Test class: com.Runner.runnerTestNG<br>Test method: Runs Cucumber Scenarios<br>Parameters: "purchase an item and choose the two day shipping", "Checkout the product in the web Application"</td>
<td><div><pre>org.openqa.selenium.NoSuchElementException: Unable to find element with locator By.xpath: //ul[@class=&quot;method-list&quot;]//li[3]//div//input[@id=&quot;shippingoption_2&quot;]
For documentation on this error, please visit: https://www.selenium.dev/documentation/webdriver/troubleshooting/errors#no-such-element-exception
Build info: version: &apos;4.31.0&apos;, revision: &apos;1ef9f18787*&apos;
System info: os.name: &apos;Windows 10&apos;, os.arch: &apos;amd64&apos;, os.version: &apos;10.0&apos;, java.version: &apos;17.0.6&apos;
Driver info: driver.version: RemoteWebDriver
	at org.openqa.selenium.remote.ElementLocation$ElementFinder$2.findElement(ElementLocation.java:168)
	at org.openqa.selenium.remote.ElementLocation.findElement(ElementLocation.java:59)
	at org.openqa.selenium.remote.RemoteWebDriver.findElement(RemoteWebDriver.java:368)
	at org.openqa.selenium.remote.RemoteWebDriver.findElement(RemoteWebDriver.java:362)
	at org.openqa.selenium.support.pagefactory.DefaultElementLocator.findElement(DefaultElementLocator.java:68)
	at org.openqa.selenium.support.pagefactory.internal.LocatingElementHandler.invoke(LocatingElementHandler.java:38)
	at jdk.proxy2/jdk.proxy2.$Proxy27.click(Unknown Source)
	at com.Actions.CheckoutAction.paymentcontinuestepintwoday(CheckoutAction.java:175)
	at com.Definitions.CheckoutStepDefinition.select_the_two_day_shipping_as_two_day_air(CheckoutStepDefinition.java:211)
	at ✽.select the two day shipping as two Day Air(file:///C:/Users/ADMIN/git/DemoWebShop-Cucumber/src/test/resources/Features/CheckOut.feature:75)
</pre></div><a href='#' onClick='toggleBox("stack-trace1021275312", this, "Click to show all stack frames", "Click to hide stack frames")'>Click to show all stack frames</a>
<div class='stack-trace' id='stack-trace1021275312'><pre>org.openqa.selenium.NoSuchElementException: Unable to find element with locator By.xpath: //ul[@class=&quot;method-list&quot;]//li[3]//div//input[@id=&quot;shippingoption_2&quot;]
For documentation on this error, please visit: https://www.selenium.dev/documentation/webdriver/troubleshooting/errors#no-such-element-exception
Build info: version: &apos;4.31.0&apos;, revision: &apos;1ef9f18787*&apos;
System info: os.name: &apos;Windows 10&apos;, os.arch: &apos;amd64&apos;, os.version: &apos;10.0&apos;, java.version: &apos;17.0.6&apos;
Driver info: driver.version: RemoteWebDriver
	at org.openqa.selenium.remote.ElementLocation$ElementFinder$2.findElement(ElementLocation.java:168)
	at org.openqa.selenium.remote.ElementLocation.findElement(ElementLocation.java:59)
	at org.openqa.selenium.remote.RemoteWebDriver.findElement(RemoteWebDriver.java:368)
	at org.openqa.selenium.remote.RemoteWebDriver.findElement(RemoteWebDriver.java:362)
	at org.openqa.selenium.support.pagefactory.DefaultElementLocator.findElement(DefaultElementLocator.java:68)
	at org.openqa.selenium.support.pagefactory.internal.LocatingElementHandler.invoke(LocatingElementHandler.java:38)
	at jdk.proxy2/jdk.proxy2.$Proxy27.click(Unknown Source)
	at com.Actions.CheckoutAction.paymentcontinuestepintwoday(CheckoutAction.java:175)
	at com.Definitions.CheckoutStepDefinition.select_the_two_day_shipping_as_two_day_air(CheckoutStepDefinition.java:211)
	at ✽.select the two day shipping as two Day Air(file:///C:/Users/ADMIN/git/DemoWebShop-Cucumber/src/test/resources/Features/CheckOut.feature:75)
</pre></div></td>
<td>305</td>
<td>com.Runner.runnerTestNG@1018bde2</td></tr>
</table><p>
<table width='100%' border='1' class='invocation-passed'>
<tr><td colspan='4' align='center'><b>PASSED TESTS</b></td></tr>
<tr><td><b>Test method</b></td>
<td><b>Attribute(s)</b></td>
<td width="30%"><b>Exception</b></td>
<td width="10%"><b>Time (seconds)</b></td>
<td><b>Instance</b></td>
</tr>
<tr>
<td title='com.Runner.runnerTestNG.runScenario()'><b>runScenario</b><br>Test class: com.Runner.runnerTestNG<br>Test method: Runs Cucumber Scenarios<br>Parameters: "Navigate to checkout page Without clicking the terms & conditions", "Checkout the product in the web Application"</td>
<td></td>
<td>215</td>
<td>com.Runner.runnerTestNG@1018bde2</td></tr>
<tr>
<td title='com.Runner.runnerTestNG.runScenario()'><b>runScenario</b><br>Test class: com.Runner.runnerTestNG<br>Test method: Runs Cucumber Scenarios<br>Parameters: "To get a Shipping Estimation details", "Product Details Validation and purchasing in the Shopping cart page"</td>
<td></td>
<td>122</td>
<td>com.Runner.runnerTestNG@1018bde2</td></tr>
<tr>
<td title='com.Runner.runnerTestNG.runScenario()'><b>runScenario</b><br>Test class: com.Runner.runnerTestNG<br>Test method: Runs Cucumber Scenarios<br>Parameters: "Submit review with valid and invalid inputs", "Review a product Functionality"</td>
<td></td>
<td>138</td>
<td>com.Runner.runnerTestNG@1018bde2</td></tr>
<tr>
<td title='com.Runner.runnerTestNG.runScenario()'><b>runScenario</b><br>Test class: com.Runner.runnerTestNG<br>Test method: Runs Cucumber Scenarios<br>Parameters: "Register on the website with valid and invalid fields", "User Registeration"</td>
<td></td>
<td>52</td>
<td>com.Runner.runnerTestNG@1018bde2</td></tr>
<tr>
<td title='com.Runner.runnerTestNG.runScenario()'><b>runScenario</b><br>Test class: com.Runner.runnerTestNG<br>Test method: Runs Cucumber Scenarios<br>Parameters: "Login with valid and invalid credentials", "Login"</td>
<td></td>
<td>111</td>
<td>com.Runner.runnerTestNG@1018bde2</td></tr>
<tr>
<td title='com.Runner.runnerTestNG.runScenario()'><b>runScenario</b><br>Test class: com.Runner.runnerTestNG<br>Test method: Runs Cucumber Scenarios<br>Parameters: "ChangePassword", "Validating My Account Section"</td>
<td></td>
<td>78</td>
<td>com.Runner.runnerTestNG@1018bde2</td></tr>
<tr>
<td title='com.Runner.runnerTestNG.runScenario()'><b>runScenario</b><br>Test class: com.Runner.runnerTestNG<br>Test method: Runs Cucumber Scenarios<br>Parameters: "Subscribe with invalid email address", "HomePageFunctionality"</td>
<td></td>
<td>228</td>
<td>com.Runner.runnerTestNG@1018bde2</td></tr>
<tr>
<td title='com.Runner.runnerTestNG.runScenario()'><b>runScenario</b><br>Test class: com.Runner.runnerTestNG<br>Test method: Runs Cucumber Scenarios<br>Parameters: "verify the current balance of reward points", "Validating My Account Section"</td>
<td></td>
<td>78</td>
<td>com.Runner.runnerTestNG@1018bde2</td></tr>
<tr>
<td title='com.Runner.runnerTestNG.runScenario()'><b>runScenario</b><br>Test class: com.Runner.runnerTestNG<br>Test method: Runs Cucumber Scenarios<br>Parameters: "Submit review with valid and invalid inputs", "Review a product Functionality"</td>
<td></td>
<td>136</td>
<td>com.Runner.runnerTestNG@1018bde2</td></tr>
<tr>
<td title='com.Runner.runnerTestNG.runScenario()'><b>runScenario</b><br>Test class: com.Runner.runnerTestNG<br>Test method: Runs Cucumber Scenarios<br>Parameters: "Register on the website with valid and invalid fields", "User Registeration"</td>
<td></td>
<td>34</td>
<td>com.Runner.runnerTestNG@1018bde2</td></tr>
<tr>
<td title='com.Runner.runnerTestNG.runScenario()'><b>runScenario</b><br>Test class: com.Runner.runnerTestNG<br>Test method: Runs Cucumber Scenarios<br>Parameters: "View featured products as list", "HomePageFunctionality"</td>
<td></td>
<td>236</td>
<td>com.Runner.runnerTestNG@1018bde2</td></tr>
<tr>
<td title='com.Runner.runnerTestNG.runScenario()'><b>runScenario</b><br>Test class: com.Runner.runnerTestNG<br>Test method: Runs Cucumber Scenarios<br>Parameters: "Search with invalid or short keywords", "Search Functionality"</td>
<td></td>
<td>72</td>
<td>com.Runner.runnerTestNG@1018bde2</td></tr>
<tr>
<td title='com.Runner.runnerTestNG.runScenario()'><b>runScenario</b><br>Test class: com.Runner.runnerTestNG<br>Test method: Runs Cucumber Scenarios<br>Parameters: "Login with valid and invalid credentials", "Login"</td>
<td></td>
<td>57</td>
<td>com.Runner.runnerTestNG@1018bde2</td></tr>
<tr>
<td title='com.Runner.runnerTestNG.runScenario()'><b>runScenario</b><br>Test class: com.Runner.runnerTestNG<br>Test method: Runs Cucumber Scenarios<br>Parameters: "Register on the website with valid and invalid fields", "User Registeration"</td>
<td></td>
<td>45</td>
<td>com.Runner.runnerTestNG@1018bde2</td></tr>
<tr>
<td title='com.Runner.runnerTestNG.runScenario()'><b>runScenario</b><br>Test class: com.Runner.runnerTestNG<br>Test method: Runs Cucumber Scenarios<br>Parameters: "Poll the vote without logging in", "HomePageFunctionality"</td>
<td></td>
<td>202</td>
<td>com.Runner.runnerTestNG@1018bde2</td></tr>
<tr>
<td title='com.Runner.runnerTestNG.runScenario()'><b>runScenario</b><br>Test class: com.Runner.runnerTestNG<br>Test method: Runs Cucumber Scenarios<br>Parameters: "Apply filter options for books", "Book Product Functionality"</td>
<td></td>
<td>266</td>
<td>com.Runner.runnerTestNG@1018bde2</td></tr>
<tr>
<td title='com.Runner.runnerTestNG.runScenario()'><b>runScenario</b><br>Test class: com.Runner.runnerTestNG<br>Test method: Runs Cucumber Scenarios<br>Parameters: "Forgot password with valid and invalid email", "Login"</td>
<td></td>
<td>69</td>
<td>com.Runner.runnerTestNG@1018bde2</td></tr>
<tr>
<td title='com.Runner.runnerTestNG.runScenario()'><b>runScenario</b><br>Test class: com.Runner.runnerTestNG<br>Test method: Runs Cucumber Scenarios<br>Parameters: "ChangePassword", "Validating My Account Section"</td>
<td></td>
<td>75</td>
<td>com.Runner.runnerTestNG@1018bde2</td></tr>
<tr>
<td title='com.Runner.runnerTestNG.runScenario()'><b>runScenario</b><br>Test class: com.Runner.runnerTestNG<br>Test method: Runs Cucumber Scenarios<br>Parameters: "Login with valid and invalid credentials", "Login"</td>
<td></td>
<td>98</td>
<td>com.Runner.runnerTestNG@1018bde2</td></tr>
<tr>
<td title='com.Runner.runnerTestNG.runScenario()'><b>runScenario</b><br>Test class: com.Runner.runnerTestNG<br>Test method: Runs Cucumber Scenarios<br>Parameters: "send a product details through Invalid email a friend", "Product Details Validation and purchasing in the Shopping cart page"</td>
<td></td>
<td>140</td>
<td>com.Runner.runnerTestNG@1018bde2</td></tr>
<tr>
<td title='com.Runner.runnerTestNG.runScenario()'><b>runScenario</b><br>Test class: com.Runner.runnerTestNG<br>Test method: Runs Cucumber Scenarios<br>Parameters: "Deleting the already present address", "Validating Address Section"</td>
<td></td>
<td>215</td>
<td>com.Runner.runnerTestNG@1018bde2</td></tr>
<tr>
<td title='com.Runner.runnerTestNG.runScenario()'><b>runScenario</b><br>Test class: com.Runner.runnerTestNG<br>Test method: Runs Cucumber Scenarios<br>Parameters: "View submitted reviews of a product", "Review a product Functionality"</td>
<td></td>
<td>115</td>
<td>com.Runner.runnerTestNG@1018bde2</td></tr>
<tr>
<td title='com.Runner.runnerTestNG.runScenario()'><b>runScenario</b><br>Test class: com.Runner.runnerTestNG<br>Test method: Runs Cucumber Scenarios<br>Parameters: "Adding Address", "Validating Address Section"</td>
<td></td>
<td>289</td>
<td>com.Runner.runnerTestNG@1018bde2</td></tr>
<tr>
<td title='com.Runner.runnerTestNG.runScenario()'><b>runScenario</b><br>Test class: com.Runner.runnerTestNG<br>Test method: Runs Cucumber Scenarios<br>Parameters: "Verify the product is same as in the auto-generated url in wishlist page", "Product Details Validation and purchasing in the Shopping cart page"</td>
<td></td>
<td>103</td>
<td>com.Runner.runnerTestNG@1018bde2</td></tr>
<tr>
<td title='com.Runner.runnerTestNG.runScenario()'><b>runScenario</b><br>Test class: com.Runner.runnerTestNG<br>Test method: Runs Cucumber Scenarios<br>Parameters: "send a product details through valid email a friend", "Product Details Validation and purchasing in the Shopping cart page"</td>
<td></td>
<td>141</td>
<td>com.Runner.runnerTestNG@1018bde2</td></tr>
<tr>
<td title='com.Runner.runnerTestNG.runScenario()'><b>runScenario</b><br>Test class: com.Runner.runnerTestNG<br>Test method: Runs Cucumber Scenarios<br>Parameters: "Search with invalid or short keywords", "Search Functionality"</td>
<td></td>
<td>90</td>
<td>com.Runner.runnerTestNG@1018bde2</td></tr>
<tr>
<td title='com.Runner.runnerTestNG.runScenario()'><b>runScenario</b><br>Test class: com.Runner.runnerTestNG<br>Test method: Runs Cucumber Scenarios<br>Parameters: "Tags should be navigated to product page", "Popular tags"</td>
<td></td>
<td>89</td>
<td>com.Runner.runnerTestNG@1018bde2</td></tr>
<tr>
<td title='com.Runner.runnerTestNG.runScenario()'><b>runScenario</b><br>Test class: com.Runner.runnerTestNG<br>Test method: Runs Cucumber Scenarios<br>Parameters: "Tags should be navigated to product page", "Popular tags"</td>
<td></td>
<td>64</td>
<td>com.Runner.runnerTestNG@1018bde2</td></tr>
<tr>
<td title='com.Runner.runnerTestNG.runScenario()'><b>runScenario</b><br>Test class: com.Runner.runnerTestNG<br>Test method: Runs Cucumber Scenarios<br>Parameters: "Perform advanced product search with various filter combinations", "Search Functionality"</td>
<td></td>
<td>90</td>
<td>com.Runner.runnerTestNG@1018bde2</td></tr>
<tr>
<td title='com.Runner.runnerTestNG.runScenario()'><b>runScenario</b><br>Test class: com.Runner.runnerTestNG<br>Test method: Runs Cucumber Scenarios<br>Parameters: "Forgot password with valid and invalid email", "Login"</td>
<td></td>
<td>70</td>
<td>com.Runner.runnerTestNG@1018bde2</td></tr>
<tr>
<td title='com.Runner.runnerTestNG.runScenario()'><b>runScenario</b><br>Test class: com.Runner.runnerTestNG<br>Test method: Runs Cucumber Scenarios<br>Parameters: "Register on the website with valid and invalid fields", "User Registeration"</td>
<td></td>
<td>50</td>
<td>com.Runner.runnerTestNG@1018bde2</td></tr>
<tr>
<td title='com.Runner.runnerTestNG.runScenario()'><b>runScenario</b><br>Test class: com.Runner.runnerTestNG<br>Test method: Runs Cucumber Scenarios<br>Parameters: "verify the back in stock subscriptions", "Validating My Account Section"</td>
<td></td>
<td>74</td>
<td>com.Runner.runnerTestNG@1018bde2</td></tr>
<tr>
<td title='com.Runner.runnerTestNG.runScenario()'><b>runScenario</b><br>Test class: com.Runner.runnerTestNG<br>Test method: Runs Cucumber Scenarios<br>Parameters: "Search with invalid or short keywords", "Search Functionality"</td>
<td></td>
<td>71</td>
<td>com.Runner.runnerTestNG@1018bde2</td></tr>
<tr>
<td title='com.Runner.runnerTestNG.runScenario()'><b>runScenario</b><br>Test class: com.Runner.runnerTestNG<br>Test method: Runs Cucumber Scenarios<br>Parameters: "verify the quantity of the product is increased", "Product Details Validation and purchasing in the Shopping cart page"</td>
<td></td>
<td>111</td>
<td>com.Runner.runnerTestNG@1018bde2</td></tr>
<tr>
<td title='com.Runner.runnerTestNG.runScenario()'><b>runScenario</b><br>Test class: com.Runner.runnerTestNG<br>Test method: Runs Cucumber Scenarios<br>Parameters: "Validating the Product Details and Adding to Cart", "Product Details Validation and purchasing in the Shopping cart page"</td>
<td></td>
<td>100</td>
<td>com.Runner.runnerTestNG@1018bde2</td></tr>
<tr>
<td title='com.Runner.runnerTestNG.runScenario()'><b>runScenario</b><br>Test class: com.Runner.runnerTestNG<br>Test method: Runs Cucumber Scenarios<br>Parameters: "Forgot password with valid and invalid email", "Login"</td>
<td></td>
<td>78</td>
<td>com.Runner.runnerTestNG@1018bde2</td></tr>
<tr>
<td title='com.Runner.runnerTestNG.runScenario()'><b>runScenario</b><br>Test class: com.Runner.runnerTestNG<br>Test method: Runs Cucumber Scenarios<br>Parameters: "verify the orders with products details", "Validating My Account Section"</td>
<td></td>
<td>65</td>
<td>com.Runner.runnerTestNG@1018bde2</td></tr>
<tr>
<td title='com.Runner.runnerTestNG.runScenario()'><b>runScenario</b><br>Test class: com.Runner.runnerTestNG<br>Test method: Runs Cucumber Scenarios<br>Parameters: "Comparing two different products", "Book Product Functionality"</td>
<td></td>
<td>215</td>
<td>com.Runner.runnerTestNG@1018bde2</td></tr>
<tr>
<td title='com.Runner.runnerTestNG.runScenario()'><b>runScenario</b><br>Test class: com.Runner.runnerTestNG<br>Test method: Runs Cucumber Scenarios<br>Parameters: "Apply all Sort By options for books", "Book Product Functionality"</td>
<td></td>
<td>217</td>
<td>com.Runner.runnerTestNG@1018bde2</td></tr>
<tr>
<td title='com.Runner.runnerTestNG.runScenario()'><b>runScenario</b><br>Test class: com.Runner.runnerTestNG<br>Test method: Runs Cucumber Scenarios<br>Parameters: "Adding and Removing a Product in the Shopping Cart", "Product Details Validation and purchasing in the Shopping cart page"</td>
<td></td>
<td>82</td>
<td>com.Runner.runnerTestNG@1018bde2</td></tr>
<tr>
<td title='com.Runner.runnerTestNG.runScenario()'><b>runScenario</b><br>Test class: com.Runner.runnerTestNG<br>Test method: Runs Cucumber Scenarios<br>Parameters: "Register on the website with valid and invalid fields", "User Registeration"</td>
<td></td>
<td>34</td>
<td>com.Runner.runnerTestNG@1018bde2</td></tr>
<tr>
<td title='com.Runner.runnerTestNG.runScenario()'><b>runScenario</b><br>Test class: com.Runner.runnerTestNG<br>Test method: Runs Cucumber Scenarios<br>Parameters: "verify the customer info", "Validating My Account Section"</td>
<td></td>
<td>89</td>
<td>com.Runner.runnerTestNG@1018bde2</td></tr>
<tr>
<td title='com.Runner.runnerTestNG.runScenario()'><b>runScenario</b><br>Test class: com.Runner.runnerTestNG<br>Test method: Runs Cucumber Scenarios<br>Parameters: "Subscribe with valid email address", "HomePageFunctionality"</td>
<td></td>
<td>219</td>
<td>com.Runner.runnerTestNG@1018bde2</td></tr>
<tr>
<td title='com.Runner.runnerTestNG.runScenario()'><b>runScenario</b><br>Test class: com.Runner.runnerTestNG<br>Test method: Runs Cucumber Scenarios<br>Parameters: "View all books available", "Book Product Functionality"</td>
<td></td>
<td>215</td>
<td>com.Runner.runnerTestNG@1018bde2</td></tr>
<tr>
<td title='com.Runner.runnerTestNG.runScenario()'><b>runScenario</b><br>Test class: com.Runner.runnerTestNG<br>Test method: Runs Cucumber Scenarios<br>Parameters: "Register on the website with valid and invalid fields", "User Registeration"</td>
<td></td>
<td>52</td>
<td>com.Runner.runnerTestNG@1018bde2</td></tr>
<tr>
<td title='com.Runner.runnerTestNG.runScenario()'><b>runScenario</b><br>Test class: com.Runner.runnerTestNG<br>Test method: Runs Cucumber Scenarios<br>Parameters: "Submit review with valid and invalid inputs", "Review a product Functionality"</td>
<td></td>
<td>138</td>
<td>com.Runner.runnerTestNG@1018bde2</td></tr>
<tr>
<td title='com.Runner.runnerTestNG.runScenario()'><b>runScenario</b><br>Test class: com.Runner.runnerTestNG<br>Test method: Runs Cucumber Scenarios<br>Parameters: "Simple product search with valid keyword", "Search Functionality"</td>
<td></td>
<td>86</td>
<td>com.Runner.runnerTestNG@1018bde2</td></tr>
<tr>
<td title='com.Runner.runnerTestNG.runScenario()'><b>runScenario</b><br>Test class: com.Runner.runnerTestNG<br>Test method: Runs Cucumber Scenarios<br>Parameters: "Login with valid and invalid credentials", "Login"</td>
<td></td>
<td>65</td>
<td>com.Runner.runnerTestNG@1018bde2</td></tr>
<tr>
<td title='com.Runner.runnerTestNG.runScenario()'><b>runScenario</b><br>Test class: com.Runner.runnerTestNG<br>Test method: Runs Cucumber Scenarios<br>Parameters: "Verify the product is added in wishlist to shopping cart", "Product Details Validation and purchasing in the Shopping cart page"</td>
<td></td>
<td>137</td>
<td>com.Runner.runnerTestNG@1018bde2</td></tr>
<tr>
<td title='com.Runner.runnerTestNG.runScenario()'><b>runScenario</b><br>Test class: com.Runner.runnerTestNG<br>Test method: Runs Cucumber Scenarios<br>Parameters: "Write a review without logging in", "Review a product Functionality"</td>
<td></td>
<td>129</td>
<td>com.Runner.runnerTestNG@1018bde2</td></tr>
<tr>
<td title='com.Runner.runnerTestNG.runScenario()'><b>runScenario</b><br>Test class: com.Runner.runnerTestNG<br>Test method: Runs Cucumber Scenarios<br>Parameters: "View details of a specific book", "Book Product Functionality"</td>
<td></td>
<td>217</td>
<td>com.Runner.runnerTestNG@1018bde2</td></tr>
<tr>
<td title='com.Runner.runnerTestNG.runScenario()'><b>runScenario</b><br>Test class: com.Runner.runnerTestNG<br>Test method: Runs Cucumber Scenarios<br>Parameters: "Perform advanced product search with various filter combinations", "Search Functionality"</td>
<td></td>
<td>90</td>
<td>com.Runner.runnerTestNG@1018bde2</td></tr>
<tr>
<td title='com.Runner.runnerTestNG.runScenario()'><b>runScenario</b><br>Test class: com.Runner.runnerTestNG<br>Test method: Runs Cucumber Scenarios<br>Parameters: "Register on the website with valid and invalid fields", "User Registeration"</td>
<td></td>
<td>74</td>
<td>com.Runner.runnerTestNG@1018bde2</td></tr>
<tr>
<td title='com.Runner.runnerTestNG.runScenario()'><b>runScenario</b><br>Test class: com.Runner.runnerTestNG<br>Test method: Runs Cucumber Scenarios<br>Parameters: "checkout an item in the application", "Checkout the product in the web Application"</td>
<td></td>
<td>217</td>
<td>com.Runner.runnerTestNG@1018bde2</td></tr>
</table><p>
</body>
</html>