<?xml version="1.0" encoding="UTF-8"?>
<!-- Generated by org.testng.reporters.JUnitXMLReporter -->
<testsuite ignored="0" hostname="YUVARAJ_UV" failures="1" tests="16" name="Default test" time="110.266" errors="0" timestamp="2025-04-13T16:05:51 IST">
  <testcase classname="io.cucumber.testng.AbstractTestNGCucumberTests" name="runScenario" time="75.803"/>
  <testcase classname="io.cucumber.testng.AbstractTestNGCucumberTests" name="runScenario" time="76.076"/>
  <testcase classname="io.cucumber.testng.AbstractTestNGCucumberTests" name="runScenario" time="76.479"/>
  <testcase classname="io.cucumber.testng.AbstractTestNGCucumberTests" name="runScenario" time="77.021"/>
  <testcase classname="io.cucumber.testng.AbstractTestNGCucumberTests" name="runScenario" time="84.929"/>
  <testcase classname="io.cucumber.testng.AbstractTestNGCucumberTests" name="runScenario" time="85.54"/>
  <testcase classname="io.cucumber.testng.AbstractTestNGCucumberTests" name="runScenario" time="101.228"/>
  <testcase classname="io.cucumber.testng.AbstractTestNGCucumberTests" name="runScenario" time="102.553"/>
  <testcase classname="io.cucumber.testng.AbstractTestNGCucumberTests" name="runScenario" time="106.424"/>
  <testcase classname="io.cucumber.testng.AbstractTestNGCucumberTests" name="runScenario" time="31.699"/>
  <testcase classname="io.cucumber.testng.AbstractTestNGCucumberTests" name="runScenario" time="108.829"/>
  <testcase classname="io.cucumber.testng.AbstractTestNGCucumberTests" name="runScenario" time="24.151"/>
  <testcase classname="io.cucumber.testng.AbstractTestNGCucumberTests" name="runScenario" time="32.65"/>
  <testcase classname="io.cucumber.testng.AbstractTestNGCucumberTests" name="runScenario" time="33.082"/>
  <testcase classname="io.cucumber.testng.AbstractTestNGCucumberTests" name="runScenario" time="23.741">
    <failure type="org.openqa.selenium.StaleElementReferenceException" message="stale element reference: stale element not found
  (Session info: chrome=135.0.7049.84)
For documentation on this error, please visit: https://www.selenium.dev/documentation/webdriver/troubleshooting/errors#stale-element-reference-exception
Build info: version: &amp;apos;4.31.0&amp;apos;, revision: &amp;apos;1ef9f18787*&amp;apos;
System info: os.name: &amp;apos;Windows 11&amp;apos;, os.arch: &amp;apos;amd64&amp;apos;, os.version: &amp;apos;10.0&amp;apos;, java.version: &amp;apos;21.0.6&amp;apos;
Driver info: org.openqa.selenium.chrome.ChromeDriver
Command: [5b2f09bbce56a2d4433a264eaa5cc0c2, getElementText {id=f.74CD0416EB4A9BC61E66A5FD71503F95.d.03BA81A1A09C8D44229D1FACC51BD9BB.e.43}]
Capabilities {acceptInsecureCerts: false, browserName: chrome, browserVersion: 135.0.7049.84, chrome: {chromedriverVersion: 135.0.7049.84 (6c019e560019..., userDataDir: C:\Users\yuvar\AppData\Loca...}, fedcm:accounts: true, goog:chromeOptions: {debuggerAddress: localhost:65058}, networkConnectionEnabled: false, pageLoadStrategy: normal, platformName: windows, proxy: Proxy(), se:cdp: ws://localhost:65058/devtoo..., se:cdpVersion: 135.0.7049.84, setWindowRect: true, strictFileInteractability: false, timeouts: {implicit: 0, pageLoad: 300000, script: 30000}, unhandledPromptBehavior: dismiss and notify, webauthn:extension:credBlob: true, webauthn:extension:largeBlob: true, webauthn:extension:minPinLength: true, webauthn:extension:prf: true, webauthn:virtualAuthenticators: true}
Element: [[ChromeDriver: chrome on windows (5b2f09bbce56a2d4433a264eaa5cc0c2)] -&amp;gt; xpath: //h2[@class=&amp;quot;product-title&amp;quot;]]
Session ID: 5b2f09bbce56a2d4433a264eaa5cc0c2">
      <![CDATA[org.openqa.selenium.StaleElementReferenceException: stale element reference: stale element not found
  (Session info: chrome=135.0.7049.84)
For documentation on this error, please visit: https://www.selenium.dev/documentation/webdriver/troubleshooting/errors#stale-element-reference-exception
Build info: version: '4.31.0', revision: '1ef9f18787*'
System info: os.name: 'Windows 11', os.arch: 'amd64', os.version: '10.0', java.version: '21.0.6'
Driver info: org.openqa.selenium.chrome.ChromeDriver
Command: [5b2f09bbce56a2d4433a264eaa5cc0c2, getElementText {id=f.74CD0416EB4A9BC61E66A5FD71503F95.d.03BA81A1A09C8D44229D1FACC51BD9BB.e.43}]
Capabilities {acceptInsecureCerts: false, browserName: chrome, browserVersion: 135.0.7049.84, chrome: {chromedriverVersion: 135.0.7049.84 (6c019e560019..., userDataDir: C:\Users\yuvar\AppData\Loca...}, fedcm:accounts: true, goog:chromeOptions: {debuggerAddress: localhost:65058}, networkConnectionEnabled: false, pageLoadStrategy: normal, platformName: windows, proxy: Proxy(), se:cdp: ws://localhost:65058/devtoo..., se:cdpVersion: 135.0.7049.84, setWindowRect: true, strictFileInteractability: false, timeouts: {implicit: 0, pageLoad: 300000, script: 30000}, unhandledPromptBehavior: dismiss and notify, webauthn:extension:credBlob: true, webauthn:extension:largeBlob: true, webauthn:extension:minPinLength: true, webauthn:extension:prf: true, webauthn:virtualAuthenticators: true}
Element: [[ChromeDriver: chrome on windows (5b2f09bbce56a2d4433a264eaa5cc0c2)] -> xpath: //h2[@class="product-title"]]
Session ID: 5b2f09bbce56a2d4433a264eaa5cc0c2
at java.base/jdk.internal.reflect.DirectConstructorHandleAccessor.newInstance(DirectConstructorHandleAccessor.java:62)
at java.base/java.lang.reflect.Constructor.newInstanceWithCaller(Constructor.java:502)
at java.base/java.lang.reflect.Constructor.newInstance(Constructor.java:486)
at org.openqa.selenium.remote.ErrorCodec.decode(ErrorCodec.java:167)
at org.openqa.selenium.remote.codec.w3c.W3CHttpResponseCodec.decode(W3CHttpResponseCodec.java:138)
at org.openqa.selenium.remote.codec.w3c.W3CHttpResponseCodec.decode(W3CHttpResponseCodec.java:50)
at org.openqa.selenium.remote.HttpCommandExecutor.execute(HttpCommandExecutor.java:215)
at org.openqa.selenium.remote.service.DriverCommandExecutor.invokeExecute(DriverCommandExecutor.java:216)
at org.openqa.selenium.remote.service.DriverCommandExecutor.execute(DriverCommandExecutor.java:174)
at org.openqa.selenium.remote.RemoteWebDriver.execute(RemoteWebDriver.java:545)
at org.openqa.selenium.remote.RemoteWebElement.execute(RemoteWebElement.java:223)
at org.openqa.selenium.remote.RemoteWebElement.getText(RemoteWebElement.java:191)
at java.base/jdk.internal.reflect.DirectMethodHandleAccessor.invoke(DirectMethodHandleAccessor.java:103)
at java.base/java.lang.reflect.Method.invoke(Method.java:580)
at org.openqa.selenium.support.pagefactory.internal.LocatingElementHandler.invoke(LocatingElementHandler.java:51)
at jdk.proxy2/jdk.proxy2.$Proxy26.getText(Unknown Source)
at com.Actions.ProductAction.GetTitleOfProduct(ProductAction.java:34)
at com.Definitions.ProductStepDefinition.see_the_product_title_and_the_product_description(ProductStepDefinition.java:31)
at ✽.see the product title and the product description(file:///C:/Users/yuvar/DemoWebShop(Automation)/DemoWebShop-Cucumber/src/test/resources/Features/Product.feature:11)
<testsuite ignored="0" hostname="DESKTOP-3CKMDVP" failures="1" tests="17" name="Default test" time="199.113" errors="0" timestamp="2025-04-13T16:21:19 IST">
  <testcase classname="io.cucumber.testng.AbstractTestNGCucumberTests" name="runScenario" time="16.374">
    <failure type="java.lang.NullPointerException" message="Cannot read the array length because &amp;quot;data&amp;quot; is null">
      <![CDATA[java.lang.NullPointerException: Cannot read the array length because "data" is null
at com.Actions.AddressAction.fillAddressForm(AddressAction.java:29)
at com.Definitions.AddressStepDefinition.i_want_to_add_new_address(AddressStepDefinition.java:21)
at ✽.I want to add new address(file:///C:/Users/ADMIN/git/DemoWebShop-Cucumber/src/test/resources/Features/Address.feature:14)
<testsuite ignored="0" hostname="DESKTOP-3CKMDVP" failures="1" tests="17" name="Default test" time="199.113" errors="0" timestamp="2025-04-13T16:21:19 IST">
  <testcase classname="io.cucumber.testng.AbstractTestNGCucumberTests" name="runScenario" time="16.374">
    <failure type="java.lang.NullPointerException" message="Cannot read the array length because &amp;quot;data&amp;quot; is null">
      <![CDATA[java.lang.NullPointerException: Cannot read the array length because "data" is null
at com.Actions.AddressAction.fillAddressForm(AddressAction.java:29)
at com.Definitions.AddressStepDefinition.i_want_to_add_new_address(AddressStepDefinition.java:21)
at ✽.I want to add new address(file:///C:/Users/ADMIN/git/DemoWebShop-Cucumber/src/test/resources/Features/Address.feature:14)
<testsuite ignored="0" hostname="DESKTOP-3CKMDVP" failures="1" tests="17" name="Default test" time="199.113" errors="0" timestamp="2025-04-13T16:21:19 IST">
  <testcase classname="io.cucumber.testng.AbstractTestNGCucumberTests" name="runScenario" time="16.374">
    <failure type="java.lang.NullPointerException" message="Cannot read the array length because &amp;quot;data&amp;quot; is null">
      <![CDATA[java.lang.NullPointerException: Cannot read the array length because "data" is null
at com.Actions.AddressAction.fillAddressForm(AddressAction.java:29)
at com.Definitions.AddressStepDefinition.i_want_to_add_new_address(AddressStepDefinition.java:21)
at ✽.I want to add new address(file:///C:/Users/ADMIN/git/DemoWebShop-Cucumber/src/test/resources/Features/Address.feature:14)
<testsuite ignored="0" hostname="DESKTOP-3CKMDVP" failures="1" tests="17" name="Default test" time="199.113" errors="0" timestamp="2025-04-13T16:21:19 IST">
  <testcase classname="io.cucumber.testng.AbstractTestNGCucumberTests" name="runScenario" time="16.374">
    <failure type="java.lang.NullPointerException" message="Cannot read the array length because &amp;quot;data&amp;quot; is null">
      <![CDATA[java.lang.NullPointerException: Cannot read the array length because "data" is null
at com.Actions.AddressAction.fillAddressForm(AddressAction.java:29)
at com.Definitions.AddressStepDefinition.i_want_to_add_new_address(AddressStepDefinition.java:21)
at ✽.I want to add new address(file:///C:/Users/ADMIN/git/DemoWebShop-Cucumber/src/test/resources/Features/Address.feature:14)
<testsuite ignored="0" hostname="DESKTOP-3CKMDVP" failures="1" tests="17" name="Default test" time="199.113" errors="0" timestamp="2025-04-13T16:21:19 IST">
  <testcase classname="io.cucumber.testng.AbstractTestNGCucumberTests" name="runScenario" time="16.374">
    <failure type="java.lang.NullPointerException" message="Cannot read the array length because &amp;quot;data&amp;quot; is null">
      <![CDATA[java.lang.NullPointerException: Cannot read the array length because "data" is null
at com.Actions.AddressAction.fillAddressForm(AddressAction.java:29)
at com.Definitions.AddressStepDefinition.i_want_to_add_new_address(AddressStepDefinition.java:21)
at ✽.I want to add new address(file:///C:/Users/ADMIN/git/DemoWebShop-Cucumber/src/test/resources/Features/Address.feature:14)
<testsuite ignored="0" hostname="DESKTOP-3CKMDVP" failures="1" tests="17" name="Default test" time="199.113" errors="0" timestamp="2025-04-13T16:21:19 IST">
  <testcase classname="io.cucumber.testng.AbstractTestNGCucumberTests" name="runScenario" time="16.374">
    <failure type="java.lang.NullPointerException" message="Cannot read the array length because &amp;quot;data&amp;quot; is null">
      <![CDATA[java.lang.NullPointerException: Cannot read the array length because "data" is null
at com.Actions.AddressAction.fillAddressForm(AddressAction.java:29)
at com.Definitions.AddressStepDefinition.i_want_to_add_new_address(AddressStepDefinition.java:21)
at ✽.I want to add new address(file:///C:/Users/ADMIN/git/DemoWebShop-Cucumber/src/test/resources/Features/Address.feature:14)
<testsuite ignored="0" hostname="DESKTOP-3CKMDVP" failures="1" tests="17" name="Default test" time="199.113" errors="0" timestamp="2025-04-13T16:21:19 IST">
  <testcase classname="io.cucumber.testng.AbstractTestNGCucumberTests" name="runScenario" time="16.374">
    <failure type="java.lang.NullPointerException" message="Cannot read the array length because &amp;quot;data&amp;quot; is null">
      <![CDATA[java.lang.NullPointerException: Cannot read the array length because "data" is null
at com.Actions.AddressAction.fillAddressForm(AddressAction.java:29)
at com.Definitions.AddressStepDefinition.i_want_to_add_new_address(AddressStepDefinition.java:21)
at ✽.I want to add new address(file:///C:/Users/ADMIN/git/DemoWebShop-Cucumber/src/test/resources/Features/Address.feature:14)
<testsuite ignored="0" hostname="DESKTOP-3CKMDVP" failures="1" tests="17" name="Default test" time="199.113" errors="0" timestamp="2025-04-13T16:21:19 IST">
  <testcase classname="io.cucumber.testng.AbstractTestNGCucumberTests" name="runScenario" time="16.374">
    <failure type="java.lang.NullPointerException" message="Cannot read the array length because &amp;quot;data&amp;quot; is null">
      <![CDATA[java.lang.NullPointerException: Cannot read the array length because "data" is null
at com.Actions.AddressAction.fillAddressForm(AddressAction.java:29)
at com.Definitions.AddressStepDefinition.i_want_to_add_new_address(AddressStepDefinition.java:21)
at ✽.I want to add new address(file:///C:/Users/ADMIN/git/DemoWebShop-Cucumber/src/test/resources/Features/Address.feature:14)
<testsuite ignored="0" hostname="DESKTOP-3CKMDVP" failures="1" tests="17" name="Default test" time="199.113" errors="0" timestamp="2025-04-13T16:21:19 IST">
  <testcase classname="io.cucumber.testng.AbstractTestNGCucumberTests" name="runScenario" time="16.374">
    <failure type="java.lang.NullPointerException" message="Cannot read the array length because &amp;quot;data&amp;quot; is null">
      <![CDATA[java.lang.NullPointerException: Cannot read the array length because "data" is null
at com.Actions.AddressAction.fillAddressForm(AddressAction.java:29)
at com.Definitions.AddressStepDefinition.i_want_to_add_new_address(AddressStepDefinition.java:21)
at ✽.I want to add new address(file:///C:/Users/ADMIN/git/DemoWebShop-Cucumber/src/test/resources/Features/Address.feature:14)
<testsuite ignored="0" hostname="DESKTOP-3CKMDVP" failures="1" tests="17" name="Default test" time="199.113" errors="0" timestamp="2025-04-13T16:21:19 IST">
  <testcase classname="io.cucumber.testng.AbstractTestNGCucumberTests" name="runScenario" time="16.374">
    <failure type="java.lang.NullPointerException" message="Cannot read the array length because &amp;quot;data&amp;quot; is null">
      <![CDATA[java.lang.NullPointerException: Cannot read the array length because "data" is null
at com.Actions.AddressAction.fillAddressForm(AddressAction.java:29)
at com.Definitions.AddressStepDefinition.i_want_to_add_new_address(AddressStepDefinition.java:21)
at ✽.I want to add new address(file:///C:/Users/ADMIN/git/DemoWebShop-Cucumber/src/test/resources/Features/Address.feature:14)
<testsuite ignored="0" hostname="DESKTOP-3CKMDVP" failures="1" tests="17" name="Default test" time="199.113" errors="0" timestamp="2025-04-13T16:21:19 IST">
  <testcase classname="io.cucumber.testng.AbstractTestNGCucumberTests" name="runScenario" time="16.374">
    <failure type="java.lang.NullPointerException" message="Cannot read the array length because &amp;quot;data&amp;quot; is null">
      <![CDATA[java.lang.NullPointerException: Cannot read the array length because "data" is null
at com.Actions.AddressAction.fillAddressForm(AddressAction.java:29)
at com.Definitions.AddressStepDefinition.i_want_to_add_new_address(AddressStepDefinition.java:21)
at ✽.I want to add new address(file:///C:/Users/ADMIN/git/DemoWebShop-Cucumber/src/test/resources/Features/Address.feature:14)
<testsuite ignored="0" hostname="DESKTOP-3CKMDVP" failures="1" tests="17" name="Default test" time="199.113" errors="0" timestamp="2025-04-13T16:21:19 IST">
  <testcase classname="io.cucumber.testng.AbstractTestNGCucumberTests" name="runScenario" time="16.374">
    <failure type="java.lang.NullPointerException" message="Cannot read the array length because &amp;quot;data&amp;quot; is null">
      <![CDATA[java.lang.NullPointerException: Cannot read the array length because "data" is null
at com.Actions.AddressAction.fillAddressForm(AddressAction.java:29)
at com.Definitions.AddressStepDefinition.i_want_to_add_new_address(AddressStepDefinition.java:21)
at ✽.I want to add new address(file:///C:/Users/ADMIN/git/DemoWebShop-Cucumber/src/test/resources/Features/Address.feature:14)
<testsuite ignored="0" hostname="DESKTOP-3CKMDVP" failures="1" tests="17" name="Default test" time="199.113" errors="0" timestamp="2025-04-13T16:21:19 IST">
  <testcase classname="io.cucumber.testng.AbstractTestNGCucumberTests" name="runScenario" time="16.374">
    <failure type="java.lang.NullPointerException" message="Cannot read the array length because &amp;quot;data&amp;quot; is null">
      <![CDATA[java.lang.NullPointerException: Cannot read the array length because "data" is null
at com.Actions.AddressAction.fillAddressForm(AddressAction.java:29)
at com.Definitions.AddressStepDefinition.i_want_to_add_new_address(AddressStepDefinition.java:21)
at ✽.I want to add new address(file:///C:/Users/ADMIN/git/DemoWebShop-Cucumber/src/test/resources/Features/Address.feature:14)
<testsuite ignored="0" hostname="DESKTOP-3CKMDVP" failures="1" tests="17" name="Default test" time="199.113" errors="0" timestamp="2025-04-13T16:21:19 IST">
  <testcase classname="io.cucumber.testng.AbstractTestNGCucumberTests" name="runScenario" time="16.374">
    <failure type="java.lang.NullPointerException" message="Cannot read the array length because &amp;quot;data&amp;quot; is null">
      <![CDATA[java.lang.NullPointerException: Cannot read the array length because "data" is null
at com.Actions.AddressAction.fillAddressForm(AddressAction.java:29)
at com.Definitions.AddressStepDefinition.i_want_to_add_new_address(AddressStepDefinition.java:21)
at ✽.I want to add new address(file:///C:/Users/ADMIN/git/DemoWebShop-Cucumber/src/test/resources/Features/Address.feature:14)
<testsuite ignored="0" hostname="DESKTOP-3CKMDVP" failures="1" tests="17" name="Default test" time="199.113" errors="0" timestamp="2025-04-13T16:21:19 IST">
  <testcase classname="io.cucumber.testng.AbstractTestNGCucumberTests" name="runScenario" time="16.374">
    <failure type="java.lang.NullPointerException" message="Cannot read the array length because &amp;quot;data&amp;quot; is null">
      <![CDATA[java.lang.NullPointerException: Cannot read the array length because "data" is null
at com.Actions.AddressAction.fillAddressForm(AddressAction.java:29)
at com.Definitions.AddressStepDefinition.i_want_to_add_new_address(AddressStepDefinition.java:21)
at ✽.I want to add new address(file:///C:/Users/ADMIN/git/DemoWebShop-Cucumber/src/test/resources/Features/Address.feature:14)
<testsuite ignored="0" hostname="DESKTOP-3CKMDVP" failures="1" tests="17" name="Default test" time="199.113" errors="0" timestamp="2025-04-13T16:21:19 IST">
  <testcase classname="io.cucumber.testng.AbstractTestNGCucumberTests" name="runScenario" time="16.374">
    <failure type="java.lang.NullPointerException" message="Cannot read the array length because &amp;quot;data&amp;quot; is null">
      <![CDATA[java.lang.NullPointerException: Cannot read the array length because "data" is null
at com.Actions.AddressAction.fillAddressForm(AddressAction.java:29)
at com.Definitions.AddressStepDefinition.i_want_to_add_new_address(AddressStepDefinition.java:21)
at ✽.I want to add new address(file:///C:/Users/ADMIN/git/DemoWebShop-Cucumber/src/test/resources/Features/Address.feature:14)
<testsuite ignored="0" hostname="DESKTOP-3CKMDVP" failures="1" tests="17" name="Default test" time="199.113" errors="0" timestamp="2025-04-13T16:21:19 IST">
  <testcase classname="io.cucumber.testng.AbstractTestNGCucumberTests" name="runScenario" time="16.374">
    <failure type="java.lang.NullPointerException" message="Cannot read the array length because &amp;quot;data&amp;quot; is null">
      <![CDATA[java.lang.NullPointerException: Cannot read the array length because "data" is null
at com.Actions.AddressAction.fillAddressForm(AddressAction.java:29)
at com.Definitions.AddressStepDefinition.i_want_to_add_new_address(AddressStepDefinition.java:21)
at ✽.I want to add new address(file:///C:/Users/ADMIN/git/DemoWebShop-Cucumber/src/test/resources/Features/Address.feature:14)
<testsuite ignored="0" hostname="DESKTOP-3CKMDVP" failures="1" tests="17" name="Default test" time="199.113" errors="0" timestamp="2025-04-13T16:21:19 IST">
  <testcase classname="io.cucumber.testng.AbstractTestNGCucumberTests" name="runScenario" time="16.374">
    <failure type="java.lang.NullPointerException" message="Cannot read the array length because &amp;quot;data&amp;quot; is null">
      <![CDATA[java.lang.NullPointerException: Cannot read the array length because "data" is null
at com.Actions.AddressAction.fillAddressForm(AddressAction.java:29)
at com.Definitions.AddressStepDefinition.i_want_to_add_new_address(AddressStepDefinition.java:21)
at ✽.I want to add new address(file:///C:/Users/ADMIN/git/DemoWebShop-Cucumber/src/test/resources/Features/Address.feature:14)
<testsuite ignored="0" hostname="DESKTOP-3CKMDVP" failures="1" tests="17" name="Default test" time="199.113" errors="0" timestamp="2025-04-13T16:21:19 IST">
  <testcase classname="io.cucumber.testng.AbstractTestNGCucumberTests" name="runScenario" time="16.374">
    <failure type="java.lang.NullPointerException" message="Cannot read the array length because &amp;quot;data&amp;quot; is null">
      <![CDATA[java.lang.NullPointerException: Cannot read the array length because "data" is null
at com.Actions.AddressAction.fillAddressForm(AddressAction.java:29)
at com.Definitions.AddressStepDefinition.i_want_to_add_new_address(AddressStepDefinition.java:21)
at ✽.I want to add new address(file:///C:/Users/ADMIN/git/DemoWebShop-Cucumber/src/test/resources/Features/Address.feature:14)
<testsuite ignored="0" hostname="DESKTOP-3CKMDVP" failures="1" tests="17" name="Default test" time="199.113" errors="0" timestamp="2025-04-13T16:21:19 IST">
  <testcase classname="io.cucumber.testng.AbstractTestNGCucumberTests" name="runScenario" time="16.374">
    <failure type="java.lang.NullPointerException" message="Cannot read the array length because &amp;quot;data&amp;quot; is null">
      <![CDATA[java.lang.NullPointerException: Cannot read the array length because "data" is null
at com.Actions.AddressAction.fillAddressForm(AddressAction.java:29)
at com.Definitions.AddressStepDefinition.i_want_to_add_new_address(AddressStepDefinition.java:21)
at ✽.I want to add new address(file:///C:/Users/ADMIN/git/DemoWebShop-Cucumber/src/test/resources/Features/Address.feature:14)
<testsuite ignored="0" hostname="DESKTOP-3CKMDVP" failures="1" tests="17" name="Default test" time="199.113" errors="0" timestamp="2025-04-13T16:21:19 IST">
  <testcase classname="io.cucumber.testng.AbstractTestNGCucumberTests" name="runScenario" time="16.374">
    <failure type="java.lang.NullPointerException" message="Cannot read the array length because &amp;quot;data&amp;quot; is null">
      <![CDATA[java.lang.NullPointerException: Cannot read the array length because "data" is null
at com.Actions.AddressAction.fillAddressForm(AddressAction.java:29)
at com.Definitions.AddressStepDefinition.i_want_to_add_new_address(AddressStepDefinition.java:21)
at ✽.I want to add new address(file:///C:/Users/ADMIN/git/DemoWebShop-Cucumber/src/test/resources/Features/Address.feature:14)
<testsuite ignored="0" hostname="DESKTOP-3CKMDVP" failures="1" tests="17" name="Default test" time="199.113" errors="0" timestamp="2025-04-13T16:21:19 IST">
  <testcase classname="io.cucumber.testng.AbstractTestNGCucumberTests" name="runScenario" time="16.374">
    <failure type="java.lang.NullPointerException" message="Cannot read the array length because &amp;quot;data&amp;quot; is null">
      <![CDATA[java.lang.NullPointerException: Cannot read the array length because "data" is null
at com.Actions.AddressAction.fillAddressForm(AddressAction.java:29)
at com.Definitions.AddressStepDefinition.i_want_to_add_new_address(AddressStepDefinition.java:21)
at ✽.I want to add new address(file:///C:/Users/ADMIN/git/DemoWebShop-Cucumber/src/test/resources/Features/Address.feature:14)
<testsuite ignored="0" hostname="DESKTOP-3CKMDVP" failures="1" tests="17" name="Default test" time="199.113" errors="0" timestamp="2025-04-13T16:21:19 IST">
  <testcase classname="io.cucumber.testng.AbstractTestNGCucumberTests" name="runScenario" time="16.374">
    <failure type="java.lang.NullPointerException" message="Cannot read the array length because &amp;quot;data&amp;quot; is null">
      <![CDATA[java.lang.NullPointerException: Cannot read the array length because "data" is null
at com.Actions.AddressAction.fillAddressForm(AddressAction.java:29)
at com.Definitions.AddressStepDefinition.i_want_to_add_new_address(AddressStepDefinition.java:21)
at ✽.I want to add new address(file:///C:/Users/ADMIN/git/DemoWebShop-Cucumber/src/test/resources/Features/Address.feature:14)
<testsuite ignored="0" hostname="DESKTOP-3CKMDVP" failures="1" tests="17" name="Default test" time="199.113" errors="0" timestamp="2025-04-13T16:21:19 IST">
  <testcase classname="io.cucumber.testng.AbstractTestNGCucumberTests" name="runScenario" time="16.374">
    <failure type="java.lang.NullPointerException" message="Cannot read the array length because &amp;quot;data&amp;quot; is null">
      <![CDATA[java.lang.NullPointerException: Cannot read the array length because "data" is null
at com.Actions.AddressAction.fillAddressForm(AddressAction.java:29)
at com.Definitions.AddressStepDefinition.i_want_to_add_new_address(AddressStepDefinition.java:21)
at ✽.I want to add new address(file:///C:/Users/ADMIN/git/DemoWebShop-Cucumber/src/test/resources/Features/Address.feature:14)
<testsuite ignored="0" hostname="DESKTOP-3CKMDVP" failures="1" tests="17" name="Default test" time="199.113" errors="0" timestamp="2025-04-13T16:21:19 IST">
  <testcase classname="io.cucumber.testng.AbstractTestNGCucumberTests" name="runScenario" time="16.374">
    <failure type="java.lang.NullPointerException" message="Cannot read the array length because &amp;quot;data&amp;quot; is null">
      <![CDATA[java.lang.NullPointerException: Cannot read the array length because "data" is null
at com.Actions.AddressAction.fillAddressForm(AddressAction.java:29)
at com.Definitions.AddressStepDefinition.i_want_to_add_new_address(AddressStepDefinition.java:21)
at ✽.I want to add new address(file:///C:/Users/ADMIN/git/DemoWebShop-Cucumber/src/test/resources/Features/Address.feature:14)
<testsuite ignored="0" hostname="DESKTOP-3CKMDVP" failures="1" tests="17" name="Default test" time="199.113" errors="0" timestamp="2025-04-13T16:21:19 IST">
  <testcase classname="io.cucumber.testng.AbstractTestNGCucumberTests" name="runScenario" time="16.374">
    <failure type="java.lang.NullPointerException" message="Cannot read the array length because &amp;quot;data&amp;quot; is null">
      <![CDATA[java.lang.NullPointerException: Cannot read the array length because "data" is null
at com.Actions.AddressAction.fillAddressForm(AddressAction.java:29)
at com.Definitions.AddressStepDefinition.i_want_to_add_new_address(AddressStepDefinition.java:21)
at ✽.I want to add new address(file:///C:/Users/ADMIN/git/DemoWebShop-Cucumber/src/test/resources/Features/Address.feature:14)
<testsuite ignored="0" hostname="DESKTOP-3CKMDVP" failures="1" tests="17" name="Default test" time="199.113" errors="0" timestamp="2025-04-13T16:21:19 IST">
  <testcase classname="io.cucumber.testng.AbstractTestNGCucumberTests" name="runScenario" time="16.374">
    <failure type="java.lang.NullPointerException" message="Cannot read the array length because &amp;quot;data&amp;quot; is null">
      <![CDATA[java.lang.NullPointerException: Cannot read the array length because "data" is null
at com.Actions.AddressAction.fillAddressForm(AddressAction.java:29)
at com.Definitions.AddressStepDefinition.i_want_to_add_new_address(AddressStepDefinition.java:21)
at ✽.I want to add new address(file:///C:/Users/ADMIN/git/DemoWebShop-Cucumber/src/test/resources/Features/Address.feature:14)
<testsuite ignored="0" hostname="DESKTOP-3CKMDVP" failures="1" tests="17" name="Default test" time="199.113" errors="0" timestamp="2025-04-13T16:21:19 IST">
  <testcase classname="io.cucumber.testng.AbstractTestNGCucumberTests" name="runScenario" time="16.374">
    <failure type="java.lang.NullPointerException" message="Cannot read the array length because &amp;quot;data&amp;quot; is null">
      <![CDATA[java.lang.NullPointerException: Cannot read the array length because "data" is null
at com.Actions.AddressAction.fillAddressForm(AddressAction.java:29)
at com.Definitions.AddressStepDefinition.i_want_to_add_new_address(AddressStepDefinition.java:21)
at ✽.I want to add new address(file:///C:/Users/ADMIN/git/DemoWebShop-Cucumber/src/test/resources/Features/Address.feature:14)
<testsuite ignored="0" hostname="DESKTOP-3CKMDVP" failures="1" tests="17" name="Default test" time="199.113" errors="0" timestamp="2025-04-13T16:21:19 IST">
  <testcase classname="io.cucumber.testng.AbstractTestNGCucumberTests" name="runScenario" time="16.374">
    <failure type="java.lang.NullPointerException" message="Cannot read the array length because &amp;quot;data&amp;quot; is null">
      <![CDATA[java.lang.NullPointerException: Cannot read the array length because "data" is null
at com.Actions.AddressAction.fillAddressForm(AddressAction.java:29)
at com.Definitions.AddressStepDefinition.i_want_to_add_new_address(AddressStepDefinition.java:21)
at ✽.I want to add new address(file:///C:/Users/ADMIN/git/DemoWebShop-Cucumber/src/test/resources/Features/Address.feature:14)
]]>
    </failure>
  </testcase> <!-- runScenario -->
  <testcase classname="io.cucumber.testng.AbstractTestNGCucumberTests" name="runScenario" time="33.537"/>
  <testcase classname="io.cucumber.testng.AbstractTestNGCucumberTests" name="runScenario" time="12.298"/>
  <testcase classname="io.cucumber.testng.AbstractTestNGCucumberTests" name="runScenario" time="8.578"/>
  <testcase classname="io.cucumber.testng.AbstractTestNGCucumberTests" name="runScenario" time="8.956"/>
  <testcase classname="io.cucumber.testng.AbstractTestNGCucumberTests" name="runScenario" time="34.069"/>
  <testcase classname="io.cucumber.testng.AbstractTestNGCucumberTests" name="runScenario" time="16.727"/>
  <testcase classname="io.cucumber.testng.AbstractTestNGCucumberTests" name="runScenario" time="9.757"/>
  <testcase classname="io.cucumber.testng.AbstractTestNGCucumberTests" name="runScenario" time="9.631"/>
  <testcase classname="io.cucumber.testng.AbstractTestNGCucumberTests" name="runScenario" time="9.355"/>
  <testcase classname="io.cucumber.testng.AbstractTestNGCucumberTests" name="runScenario" time="9.374"/>
  <testcase classname="io.cucumber.testng.AbstractTestNGCucumberTests" name="runScenario" time="9.502"/>
  <testcase classname="io.cucumber.testng.AbstractTestNGCucumberTests" name="runScenario" time="8.455"/>
  <testcase classname="io.cucumber.testng.AbstractTestNGCucumberTests" name="runScenario" time="8.777"/>
  <testcase classname="io.cucumber.testng.AbstractTestNGCucumberTests" name="runScenario" time="9.199"/>
  <testcase classname="io.cucumber.testng.AbstractTestNGCucumberTests" name="runScenario" time="9.164"/>
  <testcase classname="io.cucumber.testng.AbstractTestNGCucumberTests" name="runScenario" time="8.955"/>
  <testcase classname="io.cucumber.testng.AbstractTestNGCucumberTests" name="runScenario" time="8.158"/>
</testsuite> <!-- Default test -->
