<html>
<head>
<title>TestNG:  Test</title>
<link href="../testng.css" rel="stylesheet" type="text/css" />
<link href="../my-testng.css" rel="stylesheet" type="text/css" />

<style type="text/css">
.log { display: none;} 
.stack-trace { display: none;} 
</style>
<script type="text/javascript">
<!--
function flip(e) {
  current = e.style.display;
  if (current == 'block') {
    e.style.display = 'none';
    return 0;
  }
  else {
    e.style.display = 'block';
    return 1;
  }
}

function toggleBox(szDivId, elem, msg1, msg2)
{
  var res = -1;  if (document.getElementById) {
    res = flip(document.getElementById(szDivId));
  }
  else if (document.all) {
    // this is the way old msie versions work
    res = flip(document.all[szDivId]);
  }
  if(elem) {
    if(res == 0) elem.innerHTML = msg1; else elem.innerHTML = msg2;
  }

}

function toggleAllBoxes() {
  if (document.getElementsByTagName) {
    d = document.getElementsByTagName('div');
    for (i = 0; i < d.length; i++) {
      if (d[i].className == 'log') {
        flip(d[i]);
      }
    }
  }
}

// -->
</script>

</head>
<body>
<h2 align='center'>Test</h2><table border='1' align="center">
<tr>
<<<<<<< HEAD
<td>Tests passed/Failed/Skipped:</td><td>24/3/0</td>
=======
<<<<<<< HEAD
<td>Tests passed/Failed/Skipped:</td><td>31/1/0</td>
=======
<<<<<<< HEAD
<td>Tests passed/Failed/Skipped:</td><td>25/2/0</td>
=======
<td>Tests passed/Failed/Skipped:</td><td>23/2/0</td>
>>>>>>> branch 'master' of https://github.com/yuvarajry20/DemoWebShop-Cucumber
>>>>>>> branch 'master' of https://github.com/yuvarajry20/DemoWebShop-Cucumber.git
>>>>>>> branch 'master' of https://github.com/yuvarajry20/DemoWebShop-Cucumber.git
</tr><tr>
<<<<<<< HEAD
<td>Started on:</td><td>Tue Apr 15 19:25:20 IST 2025</td>
=======
<<<<<<< HEAD
<td>Started on:</td><td>Tue Apr 15 20:34:23 IST 2025</td>
=======
<<<<<<< HEAD
<td>Started on:</td><td>Tue Apr 15 15:48:10 IST 2025</td>
=======
<td>Started on:</td><td>Tue Apr 15 14:34:52 IST 2025</td>
>>>>>>> branch 'master' of https://github.com/yuvarajry20/DemoWebShop-Cucumber
>>>>>>> branch 'master' of https://github.com/yuvarajry20/DemoWebShop-Cucumber.git
>>>>>>> branch 'master' of https://github.com/yuvarajry20/DemoWebShop-Cucumber.git
</tr>
<<<<<<< HEAD
<tr><td>Total time:</td><td>254 seconds (254967 ms)</td>
=======
<<<<<<< HEAD
<tr><td>Total time:</td><td>499 seconds (499294 ms)</td>
=======
<<<<<<< HEAD
<tr><td>Total time:</td><td>299 seconds (299625 ms)</td>
=======
<tr><td>Total time:</td><td>123 seconds (123230 ms)</td>
>>>>>>> branch 'master' of https://github.com/yuvarajry20/DemoWebShop-Cucumber
>>>>>>> branch 'master' of https://github.com/yuvarajry20/DemoWebShop-Cucumber.git
>>>>>>> branch 'master' of https://github.com/yuvarajry20/DemoWebShop-Cucumber.git
</tr><tr>
<td>Included groups:</td><td></td>
</tr><tr>
<td>Excluded groups:</td><td></td>
</tr>
</table><p/>
<small><i>(Hover the method name to see the test class name)</i></small><p/>
<table width='100%' border='1' class='invocation-failed'>
<tr><td colspan='4' align='center'><b>FAILED TESTS</b></td></tr>
<tr><td><b>Test method</b></td>
<td><b>Attribute(s)</b></td>
<td width="30%"><b>Exception</b></td>
<td width="10%"><b>Time (seconds)</b></td>
<td><b>Instance</b></td>
</tr>
<tr>
<<<<<<< HEAD
<td title='com.Runner.runnerTestNG.runScenario()'><b>runScenario</b><br>Test class: com.Runner.runnerTestNG<br>Test method: Runs Cucumber Scenarios<br>Parameters: "send a product details through Invalid email a friend", "Product Details Validation and purchasing in the Shopping cart page"</td>
=======
<<<<<<< HEAD
<td title='com.Runner.runnerTestNG.runScenario()'><b>runScenario</b><br>Test class: com.Runner.runnerTestNG<br>Test method: Runs Cucumber Scenarios<br>Parameters: "To get a Shipping Estimation details", "Product Details Validation and purchasing in the Shopping cart page"</td>
=======
<<<<<<< HEAD
<td title='com.Runner.runnerTestNG.runScenario()'><b>runScenario</b><br>Test class: com.Runner.runnerTestNG<br>Test method: Runs Cucumber Scenarios<br>Parameters: "Subscribe with invalid email address", "HomePageFunctionality"</td>
>>>>>>> branch 'master' of https://github.com/yuvarajry20/DemoWebShop-Cucumber.git
<td><div><pre>org.openqa.selenium.StaleElementReferenceException: stale element reference: stale element not found
  (Session info: chrome=135.0.7049.84)
For documentation on this error, please visit: https://www.selenium.dev/documentation/webdriver/troubleshooting/errors#stale-element-reference-exception
Build info: version: &apos;4.31.0&apos;, revision: &apos;1ef9f18787*&apos;
System info: os.name: &apos;Windows 11&apos;, os.arch: &apos;amd64&apos;, os.version: &apos;10.0&apos;, java.version: &apos;21.0.6&apos;
Driver info: org.openqa.selenium.chrome.ChromeDriver
Command: [2dc369cf3e1e3f7b9fa7a3254459ac24, clickElement {id=f.EFA31915DBE272A63081B0C5982D18D5.d.96582C08FD76B10C1A57ADD7BCC20423.e.60}]
Capabilities {acceptInsecureCerts: false, browserName: chrome, browserVersion: 135.0.7049.84, chrome: {chromedriverVersion: 135.0.7049.84 (6c019e560019..., userDataDir: C:\Users\yuvar\AppData\Loca...}, fedcm:accounts: true, goog:chromeOptions: {debuggerAddress: localhost:52826}, networkConnectionEnabled: false, pageLoadStrategy: normal, platformName: windows, proxy: Proxy(), se:cdp: ws://localhost:52826/devtoo..., se:cdpVersion: 135.0.7049.84, setWindowRect: true, strictFileInteractability: false, timeouts: {implicit: 0, pageLoad: 300000, script: 30000}, unhandledPromptBehavior: dismiss and notify, webauthn:extension:credBlob: true, webauthn:extension:largeBlob: true, webauthn:extension:minPinLength: true, webauthn:extension:prf: true, webauthn:virtualAuthenticators: true}
Element: [[ChromeDriver: chrome on windows (2dc369cf3e1e3f7b9fa7a3254459ac24)] -&gt; xpath: //li//a[@class=&quot;ico-login&quot;]]
Session ID: 2dc369cf3e1e3f7b9fa7a3254459ac24
	at org.openqa.selenium.remote.ErrorCodec.decode(ErrorCodec.java:167)
	at org.openqa.selenium.remote.codec.w3c.W3CHttpResponseCodec.decode(W3CHttpResponseCodec.java:138)
	at org.openqa.selenium.remote.codec.w3c.W3CHttpResponseCodec.decode(W3CHttpResponseCodec.java:50)
	at org.openqa.selenium.remote.HttpCommandExecutor.execute(HttpCommandExecutor.java:215)
	at org.openqa.selenium.remote.service.DriverCommandExecutor.invokeExecute(DriverCommandExecutor.java:216)
	at org.openqa.selenium.remote.service.DriverCommandExecutor.execute(DriverCommandExecutor.java:174)
	at org.openqa.selenium.remote.RemoteWebDriver.execute(RemoteWebDriver.java:545)
	at org.openqa.selenium.remote.RemoteWebElement.execute(RemoteWebElement.java:223)
	at org.openqa.selenium.remote.RemoteWebElement.click(RemoteWebElement.java:76)
	at org.openqa.selenium.support.pagefactory.internal.LocatingElementHandler.invoke(LocatingElementHandler.java:51)
	at jdk.proxy2/jdk.proxy2.$Proxy27.click(Unknown Source)
	at com.Actions.ProductAction.login(ProductAction.java:28)
	at com.Definitions.ProductStepDefinition.logged_in_and_click_email_a_friend(ProductStepDefinition.java:93)
	at ✽.logged in and click Email a friend(file:///C:/Users/yuvar/DemoWebShop(Automation)/DemoWebShop-Cucumber/src/test/resources/Features/Product.feature:48)
... Removed 5 stack frames</pre></div><a href='#' onClick='toggleBox("stack-trace564243672", this, "Click to show all stack frames", "Click to hide stack frames")'>Click to show all stack frames</a>
<div class='stack-trace' id='stack-trace564243672'><pre>org.openqa.selenium.StaleElementReferenceException: stale element reference: stale element not found
  (Session info: chrome=135.0.7049.84)
For documentation on this error, please visit: https://www.selenium.dev/documentation/webdriver/troubleshooting/errors#stale-element-reference-exception
Build info: version: &apos;4.31.0&apos;, revision: &apos;1ef9f18787*&apos;
System info: os.name: &apos;Windows 11&apos;, os.arch: &apos;amd64&apos;, os.version: &apos;10.0&apos;, java.version: &apos;21.0.6&apos;
Driver info: org.openqa.selenium.chrome.ChromeDriver
Command: [2dc369cf3e1e3f7b9fa7a3254459ac24, clickElement {id=f.EFA31915DBE272A63081B0C5982D18D5.d.96582C08FD76B10C1A57ADD7BCC20423.e.60}]
Capabilities {acceptInsecureCerts: false, browserName: chrome, browserVersion: 135.0.7049.84, chrome: {chromedriverVersion: 135.0.7049.84 (6c019e560019..., userDataDir: C:\Users\yuvar\AppData\Loca...}, fedcm:accounts: true, goog:chromeOptions: {debuggerAddress: localhost:52826}, networkConnectionEnabled: false, pageLoadStrategy: normal, platformName: windows, proxy: Proxy(), se:cdp: ws://localhost:52826/devtoo..., se:cdpVersion: 135.0.7049.84, setWindowRect: true, strictFileInteractability: false, timeouts: {implicit: 0, pageLoad: 300000, script: 30000}, unhandledPromptBehavior: dismiss and notify, webauthn:extension:credBlob: true, webauthn:extension:largeBlob: true, webauthn:extension:minPinLength: true, webauthn:extension:prf: true, webauthn:virtualAuthenticators: true}
Element: [[ChromeDriver: chrome on windows (2dc369cf3e1e3f7b9fa7a3254459ac24)] -&gt; xpath: //li//a[@class=&quot;ico-login&quot;]]
Session ID: 2dc369cf3e1e3f7b9fa7a3254459ac24
	at java.base/jdk.internal.reflect.DirectConstructorHandleAccessor.newInstance(DirectConstructorHandleAccessor.java:62)
	at java.base/java.lang.reflect.Constructor.newInstanceWithCaller(Constructor.java:502)
	at java.base/java.lang.reflect.Constructor.newInstance(Constructor.java:486)
	at org.openqa.selenium.remote.ErrorCodec.decode(ErrorCodec.java:167)
	at org.openqa.selenium.remote.codec.w3c.W3CHttpResponseCodec.decode(W3CHttpResponseCodec.java:138)
	at org.openqa.selenium.remote.codec.w3c.W3CHttpResponseCodec.decode(W3CHttpResponseCodec.java:50)
	at org.openqa.selenium.remote.HttpCommandExecutor.execute(HttpCommandExecutor.java:215)
	at org.openqa.selenium.remote.service.DriverCommandExecutor.invokeExecute(DriverCommandExecutor.java:216)
	at org.openqa.selenium.remote.service.DriverCommandExecutor.execute(DriverCommandExecutor.java:174)
	at org.openqa.selenium.remote.RemoteWebDriver.execute(RemoteWebDriver.java:545)
	at org.openqa.selenium.remote.RemoteWebElement.execute(RemoteWebElement.java:223)
	at org.openqa.selenium.remote.RemoteWebElement.click(RemoteWebElement.java:76)
	at java.base/jdk.internal.reflect.DirectMethodHandleAccessor.invoke(DirectMethodHandleAccessor.java:103)
	at java.base/java.lang.reflect.Method.invoke(Method.java:580)
	at org.openqa.selenium.support.pagefactory.internal.LocatingElementHandler.invoke(LocatingElementHandler.java:51)
	at jdk.proxy2/jdk.proxy2.$Proxy27.click(Unknown Source)
	at com.Actions.ProductAction.login(ProductAction.java:28)
	at com.Definitions.ProductStepDefinition.logged_in_and_click_email_a_friend(ProductStepDefinition.java:93)
	at ✽.logged in and click Email a friend(file:///C:/Users/yuvar/DemoWebShop(Automation)/DemoWebShop-Cucumber/src/test/resources/Features/Product.feature:48)
</pre></div></td>
<td>14</td>
<td>com.Runner.runnerTestNG@6497b078</td></tr>
<tr>
<td title='com.Runner.runnerTestNG.runScenario()'><b>runScenario</b><br>Test class: com.Runner.runnerTestNG<br>Test method: Runs Cucumber Scenarios<br>Parameters: "To get a Shipping Estimation details", "Product Details Validation and purchasing in the Shopping cart page"</td>
<td><div><pre>org.openqa.selenium.StaleElementReferenceException: stale element reference: stale element not found
  (Session info: chrome=135.0.7049.84)
For documentation on this error, please visit: https://www.selenium.dev/documentation/webdriver/troubleshooting/errors#stale-element-reference-exception
Build info: version: &apos;4.31.0&apos;, revision: &apos;1ef9f18787*&apos;
System info: os.name: &apos;Windows 11&apos;, os.arch: &apos;amd64&apos;, os.version: &apos;10.0&apos;, java.version: &apos;21.0.6&apos;
Driver info: org.openqa.selenium.chrome.ChromeDriver
Command: [a3c37c31c97ff3965c072a2b5a762f10, clickElement {id=f.B749D39E04F7C0F2346CB4389CC92E99.d.1EF41AC79BFF4A1761316B5986C8518B.e.60}]
Capabilities {acceptInsecureCerts: false, browserName: chrome, browserVersion: 135.0.7049.84, chrome: {chromedriverVersion: 135.0.7049.84 (6c019e560019..., userDataDir: C:\Users\yuvar\AppData\Loca...}, fedcm:accounts: true, goog:chromeOptions: {debuggerAddress: localhost:62003}, networkConnectionEnabled: false, pageLoadStrategy: normal, platformName: windows, proxy: Proxy(), se:cdp: ws://localhost:62003/devtoo..., se:cdpVersion: 135.0.7049.84, setWindowRect: true, strictFileInteractability: false, timeouts: {implicit: 0, pageLoad: 300000, script: 30000}, unhandledPromptBehavior: dismiss and notify, webauthn:extension:credBlob: true, webauthn:extension:largeBlob: true, webauthn:extension:minPinLength: true, webauthn:extension:prf: true, webauthn:virtualAuthenticators: true}
Element: [[ChromeDriver: chrome on windows (a3c37c31c97ff3965c072a2b5a762f10)] -&gt; xpath: //input[@class=&quot;button-2 product-box-add-to-cart-button&quot;]]
Session ID: a3c37c31c97ff3965c072a2b5a762f10
	at org.openqa.selenium.remote.ErrorCodec.decode(ErrorCodec.java:167)
	at org.openqa.selenium.remote.codec.w3c.W3CHttpResponseCodec.decode(W3CHttpResponseCodec.java:138)
	at org.openqa.selenium.remote.codec.w3c.W3CHttpResponseCodec.decode(W3CHttpResponseCodec.java:50)
	at org.openqa.selenium.remote.HttpCommandExecutor.execute(HttpCommandExecutor.java:215)
	at org.openqa.selenium.remote.service.DriverCommandExecutor.invokeExecute(DriverCommandExecutor.java:216)
	at org.openqa.selenium.remote.service.DriverCommandExecutor.execute(DriverCommandExecutor.java:174)
	at org.openqa.selenium.remote.RemoteWebDriver.execute(RemoteWebDriver.java:545)
	at org.openqa.selenium.remote.RemoteWebElement.execute(RemoteWebElement.java:223)
	at org.openqa.selenium.remote.RemoteWebElement.click(RemoteWebElement.java:76)
	at org.openqa.selenium.support.pagefactory.internal.LocatingElementHandler.invoke(LocatingElementHandler.java:51)
	at jdk.proxy2/jdk.proxy2.$Proxy27.click(Unknown Source)
	at com.Actions.ProductAction.addlaptopcart(ProductAction.java:170)
	at com.Definitions.ProductStepDefinition.i_add_to_cart_the_laptop(ProductStepDefinition.java:149)
	at ✽.I add to cart the laptop(file:///C:/Users/yuvar/DemoWebShop(Automation)/DemoWebShop-Cucumber/src/test/resources/Features/Product.feature:65)
... Removed 5 stack frames</pre></div><a href='#' onClick='toggleBox("stack-trace222438796", this, "Click to show all stack frames", "Click to hide stack frames")'>Click to show all stack frames</a>
<div class='stack-trace' id='stack-trace222438796'><pre>org.openqa.selenium.StaleElementReferenceException: stale element reference: stale element not found
  (Session info: chrome=135.0.7049.84)
For documentation on this error, please visit: https://www.selenium.dev/documentation/webdriver/troubleshooting/errors#stale-element-reference-exception
Build info: version: &apos;4.31.0&apos;, revision: &apos;1ef9f18787*&apos;
System info: os.name: &apos;Windows 11&apos;, os.arch: &apos;amd64&apos;, os.version: &apos;10.0&apos;, java.version: &apos;21.0.6&apos;
Driver info: org.openqa.selenium.chrome.ChromeDriver
Command: [a3c37c31c97ff3965c072a2b5a762f10, clickElement {id=f.B749D39E04F7C0F2346CB4389CC92E99.d.1EF41AC79BFF4A1761316B5986C8518B.e.60}]
Capabilities {acceptInsecureCerts: false, browserName: chrome, browserVersion: 135.0.7049.84, chrome: {chromedriverVersion: 135.0.7049.84 (6c019e560019..., userDataDir: C:\Users\yuvar\AppData\Loca...}, fedcm:accounts: true, goog:chromeOptions: {debuggerAddress: localhost:62003}, networkConnectionEnabled: false, pageLoadStrategy: normal, platformName: windows, proxy: Proxy(), se:cdp: ws://localhost:62003/devtoo..., se:cdpVersion: 135.0.7049.84, setWindowRect: true, strictFileInteractability: false, timeouts: {implicit: 0, pageLoad: 300000, script: 30000}, unhandledPromptBehavior: dismiss and notify, webauthn:extension:credBlob: true, webauthn:extension:largeBlob: true, webauthn:extension:minPinLength: true, webauthn:extension:prf: true, webauthn:virtualAuthenticators: true}
Element: [[ChromeDriver: chrome on windows (a3c37c31c97ff3965c072a2b5a762f10)] -&gt; xpath: //input[@class=&quot;button-2 product-box-add-to-cart-button&quot;]]
Session ID: a3c37c31c97ff3965c072a2b5a762f10
	at java.base/jdk.internal.reflect.DirectConstructorHandleAccessor.newInstance(DirectConstructorHandleAccessor.java:62)
	at java.base/java.lang.reflect.Constructor.newInstanceWithCaller(Constructor.java:502)
	at java.base/java.lang.reflect.Constructor.newInstance(Constructor.java:486)
	at org.openqa.selenium.remote.ErrorCodec.decode(ErrorCodec.java:167)
	at org.openqa.selenium.remote.codec.w3c.W3CHttpResponseCodec.decode(W3CHttpResponseCodec.java:138)
	at org.openqa.selenium.remote.codec.w3c.W3CHttpResponseCodec.decode(W3CHttpResponseCodec.java:50)
	at org.openqa.selenium.remote.HttpCommandExecutor.execute(HttpCommandExecutor.java:215)
	at org.openqa.selenium.remote.service.DriverCommandExecutor.invokeExecute(DriverCommandExecutor.java:216)
	at org.openqa.selenium.remote.service.DriverCommandExecutor.execute(DriverCommandExecutor.java:174)
	at org.openqa.selenium.remote.RemoteWebDriver.execute(RemoteWebDriver.java:545)
	at org.openqa.selenium.remote.RemoteWebElement.execute(RemoteWebElement.java:223)
	at org.openqa.selenium.remote.RemoteWebElement.click(RemoteWebElement.java:76)
	at java.base/jdk.internal.reflect.DirectMethodHandleAccessor.invoke(DirectMethodHandleAccessor.java:103)
	at java.base/java.lang.reflect.Method.invoke(Method.java:580)
	at org.openqa.selenium.support.pagefactory.internal.LocatingElementHandler.invoke(LocatingElementHandler.java:51)
	at jdk.proxy2/jdk.proxy2.$Proxy27.click(Unknown Source)
	at com.Actions.ProductAction.addlaptopcart(ProductAction.java:170)
	at com.Definitions.ProductStepDefinition.i_add_to_cart_the_laptop(ProductStepDefinition.java:149)
	at ✽.I add to cart the laptop(file:///C:/Users/yuvar/DemoWebShop(Automation)/DemoWebShop-Cucumber/src/test/resources/Features/Product.feature:65)
</pre></div></td>
<td>8</td>
<td>com.Runner.runnerTestNG@6497b078</td></tr>
<tr>
<td title='com.Runner.runnerTestNG.runScenario()'><b>runScenario</b><br>Test class: com.Runner.runnerTestNG<br>Test method: Runs Cucumber Scenarios<br>Parameters: "Forgot password with valid and invalid email", "Login"</td>
<td><div><pre>org.openqa.selenium.TimeoutException: java.util.concurrent.TimeoutException
Build info: version: &apos;4.31.0&apos;, revision: &apos;1ef9f18787*&apos;
System info: os.name: &apos;Windows 11&apos;, os.arch: &apos;amd64&apos;, os.version: &apos;10.0&apos;, java.version: &apos;21.0.6&apos;
Driver info: org.openqa.selenium.chrome.ChromeDriver
Command: [b9e286e80770540f9960a717d75b7790, maximizeCurrentWindow {}]
Capabilities {acceptInsecureCerts: false, browserName: chrome, browserVersion: 135.0.7049.84, chrome: {chromedriverVersion: 135.0.7049.84 (6c019e560019..., userDataDir: C:\Users\yuvar\AppData\Loca...}, fedcm:accounts: true, goog:chromeOptions: {debuggerAddress: localhost:50406}, networkConnectionEnabled: false, pageLoadStrategy: normal, platformName: windows, proxy: Proxy(), se:cdp: ws://localhost:50406/devtoo..., se:cdpVersion: 135.0.7049.84, setWindowRect: true, strictFileInteractability: false, timeouts: {implicit: 0, pageLoad: 300000, script: 30000}, unhandledPromptBehavior: dismiss and notify, webauthn:extension:credBlob: true, webauthn:extension:largeBlob: true, webauthn:extension:minPinLength: true, webauthn:extension:prf: true, webauthn:virtualAuthenticators: true}
Session ID: b9e286e80770540f9960a717d75b7790
	at org.openqa.selenium.remote.http.jdk.JdkHttpClient.execute(JdkHttpClient.java:424)
	at org.openqa.selenium.remote.HttpCommandExecutor.execute(HttpCommandExecutor.java:212)
	at org.openqa.selenium.remote.service.DriverCommandExecutor.invokeExecute(DriverCommandExecutor.java:216)
	at org.openqa.selenium.remote.service.DriverCommandExecutor.execute(DriverCommandExecutor.java:174)
	at org.openqa.selenium.remote.RemoteWebDriver.execute(RemoteWebDriver.java:545)
	at org.openqa.selenium.remote.RemoteWebDriver.execute(RemoteWebDriver.java:618)
	at org.openqa.selenium.remote.RemoteWebDriver.execute(RemoteWebDriver.java:622)
	at org.openqa.selenium.remote.RemoteWebDriver$RemoteWebDriverOptions$RemoteWindow.maximize(RemoteWebDriver.java:1067)
	at com.Utilities.HelperClass.&lt;init&gt;(HelperClass.java:43)
	at com.Utilities.HelperClass.setupDriver(HelperClass.java:60)
	at com.Definitions.Hooks.setUp(Hooks.java:14)
Caused by: java.util.concurrent.TimeoutException
	at java.base/java.util.concurrent.CompletableFuture$Timeout.run(CompletableFuture.java:2920)
	at java.base/java.util.concurrent.Executors$RunnableAdapter.call(Executors.java:572)
	at java.base/java.util.concurrent.FutureTask.run(FutureTask.java:317)
	at java.base/java.util.concurrent.ScheduledThreadPoolExecutor$ScheduledFutureTask.run(ScheduledThreadPoolExecutor.java:304)
	at java.base/java.util.concurrent.ThreadPoolExecutor.runWorker(ThreadPoolExecutor.java:1144)
	at java.base/java.util.concurrent.ThreadPoolExecutor$Worker.run(ThreadPoolExecutor.java:642)
	at java.base/java.lang.Thread.run(Thread.java:1583)
</pre></div><a href='#' onClick='toggleBox("stack-trace1315398184", this, "Click to show all stack frames", "Click to hide stack frames")'>Click to show all stack frames</a>
<div class='stack-trace' id='stack-trace1315398184'><pre>org.openqa.selenium.TimeoutException: java.util.concurrent.TimeoutException
Build info: version: &apos;4.31.0&apos;, revision: &apos;1ef9f18787*&apos;
System info: os.name: &apos;Windows 11&apos;, os.arch: &apos;amd64&apos;, os.version: &apos;10.0&apos;, java.version: &apos;21.0.6&apos;
Driver info: org.openqa.selenium.chrome.ChromeDriver
Command: [b9e286e80770540f9960a717d75b7790, maximizeCurrentWindow {}]
Capabilities {acceptInsecureCerts: false, browserName: chrome, browserVersion: 135.0.7049.84, chrome: {chromedriverVersion: 135.0.7049.84 (6c019e560019..., userDataDir: C:\Users\yuvar\AppData\Loca...}, fedcm:accounts: true, goog:chromeOptions: {debuggerAddress: localhost:50406}, networkConnectionEnabled: false, pageLoadStrategy: normal, platformName: windows, proxy: Proxy(), se:cdp: ws://localhost:50406/devtoo..., se:cdpVersion: 135.0.7049.84, setWindowRect: true, strictFileInteractability: false, timeouts: {implicit: 0, pageLoad: 300000, script: 30000}, unhandledPromptBehavior: dismiss and notify, webauthn:extension:credBlob: true, webauthn:extension:largeBlob: true, webauthn:extension:minPinLength: true, webauthn:extension:prf: true, webauthn:virtualAuthenticators: true}
Session ID: b9e286e80770540f9960a717d75b7790
	at org.openqa.selenium.remote.http.jdk.JdkHttpClient.execute(JdkHttpClient.java:424)
	at org.openqa.selenium.remote.HttpCommandExecutor.execute(HttpCommandExecutor.java:212)
	at org.openqa.selenium.remote.service.DriverCommandExecutor.invokeExecute(DriverCommandExecutor.java:216)
	at org.openqa.selenium.remote.service.DriverCommandExecutor.execute(DriverCommandExecutor.java:174)
	at org.openqa.selenium.remote.RemoteWebDriver.execute(RemoteWebDriver.java:545)
	at org.openqa.selenium.remote.RemoteWebDriver.execute(RemoteWebDriver.java:618)
	at org.openqa.selenium.remote.RemoteWebDriver.execute(RemoteWebDriver.java:622)
	at org.openqa.selenium.remote.RemoteWebDriver$RemoteWebDriverOptions$RemoteWindow.maximize(RemoteWebDriver.java:1067)
	at com.Utilities.HelperClass.&lt;init&gt;(HelperClass.java:43)
	at com.Utilities.HelperClass.setupDriver(HelperClass.java:60)
	at com.Definitions.Hooks.setUp(Hooks.java:14)
Caused by: java.util.concurrent.TimeoutException
	at java.base/java.util.concurrent.CompletableFuture$Timeout.run(CompletableFuture.java:2920)
	at java.base/java.util.concurrent.Executors$RunnableAdapter.call(Executors.java:572)
	at java.base/java.util.concurrent.FutureTask.run(FutureTask.java:317)
	at java.base/java.util.concurrent.ScheduledThreadPoolExecutor$ScheduledFutureTask.run(ScheduledThreadPoolExecutor.java:304)
	at java.base/java.util.concurrent.ThreadPoolExecutor.runWorker(ThreadPoolExecutor.java:1144)
	at java.base/java.util.concurrent.ThreadPoolExecutor$Worker.run(ThreadPoolExecutor.java:642)
	at java.base/java.lang.Thread.run(Thread.java:1583)
</pre></div></td>
<<<<<<< HEAD
<td>181</td>
=======
<td>219</td>
=======
<td title='com.Runner.runnerTestNG.runScenario()'><b>runScenario</b><br>Test class: com.Runner.runnerTestNG<br>Test method: Runs Cucumber Scenarios<br>Parameters: "Navigate to checkout page Without clicking the terms & conditions", "Checkout the product in the web Application"</td>
>>>>>>> branch 'master' of https://github.com/yuvarajry20/DemoWebShop-Cucumber.git
<td><div><pre>org.openqa.selenium.StaleElementReferenceException: stale element reference: stale element not found
  (Session info: chrome=135.0.7049.84)
For documentation on this error, please visit: https://www.selenium.dev/documentation/webdriver/troubleshooting/errors#stale-element-reference-exception
Build info: version: &apos;4.31.0&apos;, revision: &apos;1ef9f18787*&apos;
System info: os.name: &apos;Windows 10&apos;, os.arch: &apos;amd64&apos;, os.version: &apos;10.0&apos;, java.version: &apos;17.0.6&apos;
Driver info: org.openqa.selenium.chrome.ChromeDriver
Command: [aab1e7c5ea6638c94d6edec0282b3c2c, sendKeysToElement {value=[Ljava.lang.CharSequence;@17aed1c3, id=f.F2439AF83240DD1252B9B4AB539EFBFA.d.3DAD03F4F32DD0743E02F25FAA7EF4BD.e.8}]
Capabilities {acceptInsecureCerts: false, browserName: chrome, browserVersion: 135.0.7049.84, chrome: {chromedriverVersion: 135.0.7049.84 (6c019e560019..., userDataDir: C:\Users\ADMIN\AppData\Loca...}, fedcm:accounts: true, goog:chromeOptions: {debuggerAddress: localhost:59474}, networkConnectionEnabled: false, pageLoadStrategy: normal, platformName: windows, proxy: Proxy(), se:cdp: ws://localhost:59474/devtoo..., se:cdpVersion: 135.0.7049.84, setWindowRect: true, strictFileInteractability: false, timeouts: {implicit: 0, pageLoad: 300000, script: 30000}, unhandledPromptBehavior: dismiss and notify, webauthn:extension:credBlob: true, webauthn:extension:largeBlob: true, webauthn:extension:minPinLength: true, webauthn:extension:prf: true, webauthn:virtualAuthenticators: true}
Element: [[ChromeDriver: chrome on windows (aab1e7c5ea6638c94d6edec0282b3c2c)] -&gt; xpath: //input[@id=&quot;small-searchterms&quot;]]
Session ID: aab1e7c5ea6638c94d6edec0282b3c2c
	at org.openqa.selenium.remote.ErrorCodec.decode(ErrorCodec.java:167)
	at org.openqa.selenium.remote.codec.w3c.W3CHttpResponseCodec.decode(W3CHttpResponseCodec.java:138)
	at org.openqa.selenium.remote.codec.w3c.W3CHttpResponseCodec.decode(W3CHttpResponseCodec.java:50)
	at org.openqa.selenium.remote.HttpCommandExecutor.execute(HttpCommandExecutor.java:215)
	at org.openqa.selenium.remote.service.DriverCommandExecutor.invokeExecute(DriverCommandExecutor.java:216)
	at org.openqa.selenium.remote.service.DriverCommandExecutor.execute(DriverCommandExecutor.java:174)
	at org.openqa.selenium.remote.RemoteWebDriver.execute(RemoteWebDriver.java:545)
	at org.openqa.selenium.remote.RemoteWebElement.execute(RemoteWebElement.java:223)
	at org.openqa.selenium.remote.RemoteWebElement.sendKeys(RemoteWebElement.java:110)
	at org.openqa.selenium.support.pagefactory.internal.LocatingElementHandler.invoke(LocatingElementHandler.java:51)
	at jdk.proxy2/jdk.proxy2.$Proxy27.sendKeys(Unknown Source)
	at com.Actions.ProductAction.addlaptopcart(ProductAction.java:172)
	at com.Definitions.ProductStepDefinition.i_add_to_cart_the_laptop(ProductStepDefinition.java:149)
	at ✽.I add to cart the laptop(file:///C:/Users/ADMIN/git/DemoWebShop-Cucumber/src/test/resources/Features/Product.feature:65)
... Removed 8 stack frames</pre></div><a href='#' onClick='toggleBox("stack-trace254221815", this, "Click to show all stack frames", "Click to hide stack frames")'>Click to show all stack frames</a>
<div class='stack-trace' id='stack-trace254221815'><pre>org.openqa.selenium.StaleElementReferenceException: stale element reference: stale element not found
  (Session info: chrome=135.0.7049.84)
For documentation on this error, please visit: https://www.selenium.dev/documentation/webdriver/troubleshooting/errors#stale-element-reference-exception
Build info: version: &apos;4.31.0&apos;, revision: &apos;1ef9f18787*&apos;
System info: os.name: &apos;Windows 10&apos;, os.arch: &apos;amd64&apos;, os.version: &apos;10.0&apos;, java.version: &apos;17.0.6&apos;
Driver info: org.openqa.selenium.chrome.ChromeDriver
Command: [aab1e7c5ea6638c94d6edec0282b3c2c, sendKeysToElement {value=[Ljava.lang.CharSequence;@17aed1c3, id=f.F2439AF83240DD1252B9B4AB539EFBFA.d.3DAD03F4F32DD0743E02F25FAA7EF4BD.e.8}]
Capabilities {acceptInsecureCerts: false, browserName: chrome, browserVersion: 135.0.7049.84, chrome: {chromedriverVersion: 135.0.7049.84 (6c019e560019..., userDataDir: C:\Users\ADMIN\AppData\Loca...}, fedcm:accounts: true, goog:chromeOptions: {debuggerAddress: localhost:59474}, networkConnectionEnabled: false, pageLoadStrategy: normal, platformName: windows, proxy: Proxy(), se:cdp: ws://localhost:59474/devtoo..., se:cdpVersion: 135.0.7049.84, setWindowRect: true, strictFileInteractability: false, timeouts: {implicit: 0, pageLoad: 300000, script: 30000}, unhandledPromptBehavior: dismiss and notify, webauthn:extension:credBlob: true, webauthn:extension:largeBlob: true, webauthn:extension:minPinLength: true, webauthn:extension:prf: true, webauthn:virtualAuthenticators: true}
Element: [[ChromeDriver: chrome on windows (aab1e7c5ea6638c94d6edec0282b3c2c)] -&gt; xpath: //input[@id=&quot;small-searchterms&quot;]]
Session ID: aab1e7c5ea6638c94d6edec0282b3c2c
	at java.base/jdk.internal.reflect.NativeConstructorAccessorImpl.newInstance0(Native Method)
	at java.base/jdk.internal.reflect.NativeConstructorAccessorImpl.newInstance(NativeConstructorAccessorImpl.java:77)
	at java.base/jdk.internal.reflect.DelegatingConstructorAccessorImpl.newInstance(DelegatingConstructorAccessorImpl.java:45)
	at java.base/java.lang.reflect.Constructor.newInstanceWithCaller(Constructor.java:499)
	at java.base/java.lang.reflect.Constructor.newInstance(Constructor.java:480)
	at org.openqa.selenium.remote.ErrorCodec.decode(ErrorCodec.java:167)
	at org.openqa.selenium.remote.codec.w3c.W3CHttpResponseCodec.decode(W3CHttpResponseCodec.java:138)
	at org.openqa.selenium.remote.codec.w3c.W3CHttpResponseCodec.decode(W3CHttpResponseCodec.java:50)
	at org.openqa.selenium.remote.HttpCommandExecutor.execute(HttpCommandExecutor.java:215)
	at org.openqa.selenium.remote.service.DriverCommandExecutor.invokeExecute(DriverCommandExecutor.java:216)
	at org.openqa.selenium.remote.service.DriverCommandExecutor.execute(DriverCommandExecutor.java:174)
	at org.openqa.selenium.remote.RemoteWebDriver.execute(RemoteWebDriver.java:545)
	at org.openqa.selenium.remote.RemoteWebElement.execute(RemoteWebElement.java:223)
	at org.openqa.selenium.remote.RemoteWebElement.sendKeys(RemoteWebElement.java:110)
	at jdk.internal.reflect.GeneratedMethodAccessor110.invoke(Unknown Source)
	at java.base/jdk.internal.reflect.DelegatingMethodAccessorImpl.invoke(DelegatingMethodAccessorImpl.java:43)
	at java.base/java.lang.reflect.Method.invoke(Method.java:568)
	at org.openqa.selenium.support.pagefactory.internal.LocatingElementHandler.invoke(LocatingElementHandler.java:51)
	at jdk.proxy2/jdk.proxy2.$Proxy27.sendKeys(Unknown Source)
	at com.Actions.ProductAction.addlaptopcart(ProductAction.java:172)
	at com.Definitions.ProductStepDefinition.i_add_to_cart_the_laptop(ProductStepDefinition.java:149)
	at ✽.I add to cart the laptop(file:///C:/Users/ADMIN/git/DemoWebShop-Cucumber/src/test/resources/Features/Product.feature:65)
</pre></div></td>
<<<<<<< HEAD
<td>7</td>
<td>com.Runner.runnerTestNG@1018bde2</td></tr>
=======
<td>43</td>
<td>com.Runner.runnerTestNG@6497b078</td></tr>
<tr>
<td title='com.Runner.runnerTestNG.runScenario()'><b>runScenario</b><br>Test class: com.Runner.runnerTestNG<br>Test method: Runs Cucumber Scenarios<br>Parameters: "Validating the Product Details and Adding to Cart", "Product Details Validation and purchasing in the Shopping cart page"</td>
<td><div><pre>org.openqa.selenium.StaleElementReferenceException: stale element reference: stale element not found
  (Session info: chrome=135.0.7049.84)
For documentation on this error, please visit: https://www.selenium.dev/documentation/webdriver/troubleshooting/errors#stale-element-reference-exception
Build info: version: &apos;4.31.0&apos;, revision: &apos;1ef9f18787*&apos;
System info: os.name: &apos;Windows 11&apos;, os.arch: &apos;amd64&apos;, os.version: &apos;10.0&apos;, java.version: &apos;21.0.6&apos;
Driver info: org.openqa.selenium.chrome.ChromeDriver
Command: [a53745066330cb884d525b2bba07026b, getElementText {id=f.DD7238F753BDDE2859A5D894C5D2E532.d.B71DA5456DC137A7103D990EBAA88862.e.45}]
Capabilities {acceptInsecureCerts: false, browserName: chrome, browserVersion: 135.0.7049.84, chrome: {chromedriverVersion: 135.0.7049.84 (6c019e560019..., userDataDir: C:\Users\yuvar\AppData\Loca...}, fedcm:accounts: true, goog:chromeOptions: {debuggerAddress: localhost:60216}, networkConnectionEnabled: false, pageLoadStrategy: normal, platformName: windows, proxy: Proxy(), se:cdp: ws://localhost:60216/devtoo..., se:cdpVersion: 135.0.7049.84, setWindowRect: true, strictFileInteractability: false, timeouts: {implicit: 0, pageLoad: 300000, script: 30000}, unhandledPromptBehavior: dismiss and notify, webauthn:extension:credBlob: true, webauthn:extension:largeBlob: true, webauthn:extension:minPinLength: true, webauthn:extension:prf: true, webauthn:virtualAuthenticators: true}
Element: [[ChromeDriver: chrome on windows (a53745066330cb884d525b2bba07026b)] -&gt; xpath: //h2[@class=&quot;product-title&quot;]]
Session ID: a53745066330cb884d525b2bba07026b
	at org.openqa.selenium.remote.ErrorCodec.decode(ErrorCodec.java:167)
	at org.openqa.selenium.remote.codec.w3c.W3CHttpResponseCodec.decode(W3CHttpResponseCodec.java:138)
	at org.openqa.selenium.remote.codec.w3c.W3CHttpResponseCodec.decode(W3CHttpResponseCodec.java:50)
	at org.openqa.selenium.remote.HttpCommandExecutor.execute(HttpCommandExecutor.java:215)
	at org.openqa.selenium.remote.service.DriverCommandExecutor.invokeExecute(DriverCommandExecutor.java:216)
	at org.openqa.selenium.remote.service.DriverCommandExecutor.execute(DriverCommandExecutor.java:174)
	at org.openqa.selenium.remote.RemoteWebDriver.execute(RemoteWebDriver.java:545)
	at org.openqa.selenium.remote.RemoteWebElement.execute(RemoteWebElement.java:223)
	at org.openqa.selenium.remote.RemoteWebElement.getText(RemoteWebElement.java:191)
	at org.openqa.selenium.support.pagefactory.internal.LocatingElementHandler.invoke(LocatingElementHandler.java:51)
	at jdk.proxy2/jdk.proxy2.$Proxy27.getText(Unknown Source)
	at com.Actions.ProductAction.GetTitleOfProduct(ProductAction.java:40)
	at com.Definitions.ProductStepDefinition.see_the_product_title_and_the_product_description(ProductStepDefinition.java:34)
	at ✽.see the product title and the product description(file:///C:/Users/yuvar/DemoWebShop(Automation)/DemoWebShop-Cucumber/src/test/resources/Features/Product.feature:18)
... Removed 5 stack frames</pre></div><a href='#' onClick='toggleBox("stack-trace1572238680", this, "Click to show all stack frames", "Click to hide stack frames")'>Click to show all stack frames</a>
<div class='stack-trace' id='stack-trace1572238680'><pre>org.openqa.selenium.StaleElementReferenceException: stale element reference: stale element not found
  (Session info: chrome=135.0.7049.84)
For documentation on this error, please visit: https://www.selenium.dev/documentation/webdriver/troubleshooting/errors#stale-element-reference-exception
Build info: version: &apos;4.31.0&apos;, revision: &apos;1ef9f18787*&apos;
System info: os.name: &apos;Windows 11&apos;, os.arch: &apos;amd64&apos;, os.version: &apos;10.0&apos;, java.version: &apos;21.0.6&apos;
Driver info: org.openqa.selenium.chrome.ChromeDriver
Command: [a53745066330cb884d525b2bba07026b, getElementText {id=f.DD7238F753BDDE2859A5D894C5D2E532.d.B71DA5456DC137A7103D990EBAA88862.e.45}]
Capabilities {acceptInsecureCerts: false, browserName: chrome, browserVersion: 135.0.7049.84, chrome: {chromedriverVersion: 135.0.7049.84 (6c019e560019..., userDataDir: C:\Users\yuvar\AppData\Loca...}, fedcm:accounts: true, goog:chromeOptions: {debuggerAddress: localhost:60216}, networkConnectionEnabled: false, pageLoadStrategy: normal, platformName: windows, proxy: Proxy(), se:cdp: ws://localhost:60216/devtoo..., se:cdpVersion: 135.0.7049.84, setWindowRect: true, strictFileInteractability: false, timeouts: {implicit: 0, pageLoad: 300000, script: 30000}, unhandledPromptBehavior: dismiss and notify, webauthn:extension:credBlob: true, webauthn:extension:largeBlob: true, webauthn:extension:minPinLength: true, webauthn:extension:prf: true, webauthn:virtualAuthenticators: true}
Element: [[ChromeDriver: chrome on windows (a53745066330cb884d525b2bba07026b)] -&gt; xpath: //h2[@class=&quot;product-title&quot;]]
Session ID: a53745066330cb884d525b2bba07026b
	at java.base/jdk.internal.reflect.DirectConstructorHandleAccessor.newInstance(DirectConstructorHandleAccessor.java:62)
	at java.base/java.lang.reflect.Constructor.newInstanceWithCaller(Constructor.java:502)
	at java.base/java.lang.reflect.Constructor.newInstance(Constructor.java:486)
	at org.openqa.selenium.remote.ErrorCodec.decode(ErrorCodec.java:167)
	at org.openqa.selenium.remote.codec.w3c.W3CHttpResponseCodec.decode(W3CHttpResponseCodec.java:138)
	at org.openqa.selenium.remote.codec.w3c.W3CHttpResponseCodec.decode(W3CHttpResponseCodec.java:50)
	at org.openqa.selenium.remote.HttpCommandExecutor.execute(HttpCommandExecutor.java:215)
	at org.openqa.selenium.remote.service.DriverCommandExecutor.invokeExecute(DriverCommandExecutor.java:216)
	at org.openqa.selenium.remote.service.DriverCommandExecutor.execute(DriverCommandExecutor.java:174)
	at org.openqa.selenium.remote.RemoteWebDriver.execute(RemoteWebDriver.java:545)
	at org.openqa.selenium.remote.RemoteWebElement.execute(RemoteWebElement.java:223)
	at org.openqa.selenium.remote.RemoteWebElement.getText(RemoteWebElement.java:191)
	at java.base/jdk.internal.reflect.DirectMethodHandleAccessor.invoke(DirectMethodHandleAccessor.java:103)
	at java.base/java.lang.reflect.Method.invoke(Method.java:580)
	at org.openqa.selenium.support.pagefactory.internal.LocatingElementHandler.invoke(LocatingElementHandler.java:51)
	at jdk.proxy2/jdk.proxy2.$Proxy27.getText(Unknown Source)
	at com.Actions.ProductAction.GetTitleOfProduct(ProductAction.java:40)
	at com.Definitions.ProductStepDefinition.see_the_product_title_and_the_product_description(ProductStepDefinition.java:34)
	at ✽.see the product title and the product description(file:///C:/Users/yuvar/DemoWebShop(Automation)/DemoWebShop-Cucumber/src/test/resources/Features/Product.feature:18)
</pre></div></td>
<td>15</td>
>>>>>>> branch 'master' of https://github.com/yuvarajry20/DemoWebShop-Cucumber
>>>>>>> branch 'master' of https://github.com/yuvarajry20/DemoWebShop-Cucumber.git
<td>com.Runner.runnerTestNG@6497b078</td></tr>
>>>>>>> branch 'master' of https://github.com/yuvarajry20/DemoWebShop-Cucumber.git
</table><p>
<table width='100%' border='1' class='invocation-passed'>
<tr><td colspan='4' align='center'><b>PASSED TESTS</b></td></tr>
<tr><td><b>Test method</b></td>
<td><b>Attribute(s)</b></td>
<td width="30%"><b>Exception</b></td>
<td width="10%"><b>Time (seconds)</b></td>
<td><b>Instance</b></td>
</tr>
<tr>
<<<<<<< HEAD
<td title='com.Runner.runnerTestNG.runScenario()'><b>runScenario</b><br>Test class: com.Runner.runnerTestNG<br>Test method: Runs Cucumber Scenarios<br>Parameters: "View all books available", "Book Product Functionality"</td>
<td></td>
<td>37</td>
<td>com.Runner.runnerTestNG@6497b078</td></tr>
<tr>
<td title='com.Runner.runnerTestNG.runScenario()'><b>runScenario</b><br>Test class: com.Runner.runnerTestNG<br>Test method: Runs Cucumber Scenarios<br>Parameters: "Apply filter options for books", "Book Product Functionality"</td>
<td></td>
<td>63</td>
<td>com.Runner.runnerTestNG@6497b078</td></tr>
<tr>
=======
<<<<<<< HEAD
<td title='com.Runner.runnerTestNG.runScenario()'><b>runScenario</b><br>Test class: com.Runner.runnerTestNG<br>Test method: Runs Cucumber Scenarios<br>Parameters: "Validating the Product Details and Adding to Cart", "Product Details Validation and purchasing in the Shopping cart page"</td>
=======
>>>>>>> branch 'master' of https://github.com/yuvarajry20/DemoWebShop-Cucumber.git
<td title='com.Runner.runnerTestNG.runScenario()'><b>runScenario</b><br>Test class: com.Runner.runnerTestNG<br>Test method: Runs Cucumber Scenarios<br>Parameters: "Deleting the already present address", "Validating Address Section"</td>
<td></td>
<<<<<<< HEAD
<td>49</td>
=======
<<<<<<< HEAD
<td>65</td>
<td>com.Runner.runnerTestNG@6497b078</td></tr>
<tr>
<td title='com.Runner.runnerTestNG.runScenario()'><b>runScenario</b><br>Test class: com.Runner.runnerTestNG<br>Test method: Runs Cucumber Scenarios<br>Parameters: "Subscribe with valid email address", "HomePageFunctionality"</td>
<td></td>
<td>46</td>
<td>com.Runner.runnerTestNG@6497b078</td></tr>
<tr>
<td title='com.Runner.runnerTestNG.runScenario()'><b>runScenario</b><br>Test class: com.Runner.runnerTestNG<br>Test method: Runs Cucumber Scenarios<br>Parameters: "Forgot password with valid and invalid email", "Login"</td>
>>>>>>> branch 'master' of https://github.com/yuvarajry20/DemoWebShop-Cucumber.git
<td></td>
<<<<<<< HEAD
<td>12</td>
<td>com.Runner.runnerTestNG@1018bde2</td></tr>
=======
<td>76</td>
<td>com.Runner.runnerTestNG@6497b078</td></tr>
<tr>
<td title='com.Runner.runnerTestNG.runScenario()'><b>runScenario</b><br>Test class: com.Runner.runnerTestNG<br>Test method: Runs Cucumber Scenarios<br>Parameters: "View all books available", "Book Product Functionality"</td>
<td></td>
<td>53</td>
=======
<td>26</td>
<td>com.Runner.runnerTestNG@6497b078</td></tr>
<tr>
<td title='com.Runner.runnerTestNG.runScenario()'><b>runScenario</b><br>Test class: com.Runner.runnerTestNG<br>Test method: Runs Cucumber Scenarios<br>Parameters: "send a product details through Invalid email a friend", "Product Details Validation and purchasing in the Shopping cart page"</td>
<td></td>
<td>16</td>
<td>com.Runner.runnerTestNG@6497b078</td></tr>
<tr>
<td title='com.Runner.runnerTestNG.runScenario()'><b>runScenario</b><br>Test class: com.Runner.runnerTestNG<br>Test method: Runs Cucumber Scenarios<br>Parameters: "Forgot password with valid and invalid email", "Login"</td>
<td></td>
<td>31</td>
<td>com.Runner.runnerTestNG@6497b078</td></tr>
<tr>
<td title='com.Runner.runnerTestNG.runScenario()'><b>runScenario</b><br>Test class: com.Runner.runnerTestNG<br>Test method: Runs Cucumber Scenarios<br>Parameters: "Apply all Sort By options for books", "Book Product Functionality"</td>
<td></td>
<td>43</td>
<td>com.Runner.runnerTestNG@6497b078</td></tr>
<tr>
<td title='com.Runner.runnerTestNG.runScenario()'><b>runScenario</b><br>Test class: com.Runner.runnerTestNG<br>Test method: Runs Cucumber Scenarios<br>Parameters: "Subscribe with invalid email address", "HomePageFunctionality"</td>
<td></td>
<td>21</td>
<td>com.Runner.runnerTestNG@6497b078</td></tr>
<tr>
<td title='com.Runner.runnerTestNG.runScenario()'><b>runScenario</b><br>Test class: com.Runner.runnerTestNG<br>Test method: Runs Cucumber Scenarios<br>Parameters: "Adding and Removing a Product in the Shopping Cart", "Product Details Validation and purchasing in the Shopping cart page"</td>
<td></td>
<td>36</td>
<td>com.Runner.runnerTestNG@6497b078</td></tr>
>>>>>>> branch 'master' of https://github.com/yuvarajry20/DemoWebShop-Cucumber.git
<tr>
<td title='com.Runner.runnerTestNG.runScenario()'><b>runScenario</b><br>Test class: com.Runner.runnerTestNG<br>Test method: Runs Cucumber Scenarios<br>Parameters: "Login with valid and invalid credentials", "Login"</td>
<td></td>
<td>8</td>
<td>com.Runner.runnerTestNG@1018bde2</td></tr>
<tr>
<td title='com.Runner.runnerTestNG.runScenario()'><b>runScenario</b><br>Test class: com.Runner.runnerTestNG<br>Test method: Runs Cucumber Scenarios<br>Parameters: "Comparing two different products", "Book Product Functionality"</td>
<td></td>
<td>18</td>
<td>com.Runner.runnerTestNG@1018bde2</td></tr>
<tr>
<td title='com.Runner.runnerTestNG.runScenario()'><b>runScenario</b><br>Test class: com.Runner.runnerTestNG<br>Test method: Runs Cucumber Scenarios<br>Parameters: "View details of a specific book", "Book Product Functionality"</td>
<td></td>
<td>9</td>
<td>com.Runner.runnerTestNG@1018bde2</td></tr>
<tr>
<td title='com.Runner.runnerTestNG.runScenario()'><b>runScenario</b><br>Test class: com.Runner.runnerTestNG<br>Test method: Runs Cucumber Scenarios<br>Parameters: "Search with invalid or short keywords", "Search Functionality"</td>
<td></td>
<td>9</td>
<td>com.Runner.runnerTestNG@1018bde2</td></tr>
<tr>
<td title='com.Runner.runnerTestNG.runScenario()'><b>runScenario</b><br>Test class: com.Runner.runnerTestNG<br>Test method: Runs Cucumber Scenarios<br>Parameters: "Adding Address", "Validating Address Section"</td>
<td></td>
<td>75</td>
<td>com.Runner.runnerTestNG@1018bde2</td></tr>
<tr>
<td title='com.Runner.runnerTestNG.runScenario()'><b>runScenario</b><br>Test class: com.Runner.runnerTestNG<br>Test method: Runs Cucumber Scenarios<br>Parameters: "Subscribe with invalid email address", "HomePageFunctionality"</td>
<td></td>
<td>6</td>
<td>com.Runner.runnerTestNG@1018bde2</td></tr>
<tr>
<td title='com.Runner.runnerTestNG.runScenario()'><b>runScenario</b><br>Test class: com.Runner.runnerTestNG<br>Test method: Runs Cucumber Scenarios<br>Parameters: "Login with valid and invalid credentials", "Login"</td>
<td></td>
<<<<<<< HEAD
<td>16</td>
<td>com.Runner.runnerTestNG@1018bde2</td></tr>
<tr>
<td title='com.Runner.runnerTestNG.runScenario()'><b>runScenario</b><br>Test class: com.Runner.runnerTestNG<br>Test method: Runs Cucumber Scenarios<br>Parameters: "Deleting the already present address", "Validating Address Section"</td>
<td></td>
<td>22</td>
<td>com.Runner.runnerTestNG@1018bde2</td></tr>
=======
<td>24</td>
>>>>>>> branch 'master' of https://github.com/yuvarajry20/DemoWebShop-Cucumber
<td>com.Runner.runnerTestNG@6497b078</td></tr>
<tr>
<td title='com.Runner.runnerTestNG.runScenario()'><b>runScenario</b><br>Test class: com.Runner.runnerTestNG<br>Test method: Runs Cucumber Scenarios<br>Parameters: "Login with valid and invalid credentials", "Login"</td>
<td></td>
<<<<<<< HEAD
<td>48</td>
<td>com.Runner.runnerTestNG@6497b078</td></tr>
<tr>
<td title='com.Runner.runnerTestNG.runScenario()'><b>runScenario</b><br>Test class: com.Runner.runnerTestNG<br>Test method: Runs Cucumber Scenarios<br>Parameters: "Login with valid and invalid credentials", "Login"</td>
<td></td>
<td>50</td>
<td>com.Runner.runnerTestNG@6497b078</td></tr>
<tr>
<td title='com.Runner.runnerTestNG.runScenario()'><b>runScenario</b><br>Test class: com.Runner.runnerTestNG<br>Test method: Runs Cucumber Scenarios<br>Parameters: "Forgot password with valid and invalid email", "Login"</td>
<td></td>
<td>50</td>
<td>com.Runner.runnerTestNG@6497b078</td></tr>
<tr>
<td title='com.Runner.runnerTestNG.runScenario()'><b>runScenario</b><br>Test class: com.Runner.runnerTestNG<br>Test method: Runs Cucumber Scenarios<br>Parameters: "Navigate to checkout page Without clicking the terms & conditions", "Checkout the product in the web Application"</td>
<td></td>
<td>65</td>
<td>com.Runner.runnerTestNG@6497b078</td></tr>
<tr>
<td title='com.Runner.runnerTestNG.runScenario()'><b>runScenario</b><br>Test class: com.Runner.runnerTestNG<br>Test method: Runs Cucumber Scenarios<br>Parameters: "Login with valid and invalid credentials", "Login"</td>
<td></td>
<td>17</td>
<td>com.Runner.runnerTestNG@6497b078</td></tr>
<tr>
<td title='com.Runner.runnerTestNG.runScenario()'><b>runScenario</b><br>Test class: com.Runner.runnerTestNG<br>Test method: Runs Cucumber Scenarios<br>Parameters: "Apply filter options for books", "Book Product Functionality"</td>
<td></td>
<td>69</td>
<td>com.Runner.runnerTestNG@6497b078</td></tr>
<tr>
<td title='com.Runner.runnerTestNG.runScenario()'><b>runScenario</b><br>Test class: com.Runner.runnerTestNG<br>Test method: Runs Cucumber Scenarios<br>Parameters: "View details of a specific book", "Book Product Functionality"</td>
<td></td>
<td>54</td>
<td>com.Runner.runnerTestNG@6497b078</td></tr>
<tr>
<td title='com.Runner.runnerTestNG.runScenario()'><b>runScenario</b><br>Test class: com.Runner.runnerTestNG<br>Test method: Runs Cucumber Scenarios<br>Parameters: "Adding Address", "Validating Address Section"</td>
<td></td>
<td>85</td>
<td>com.Runner.runnerTestNG@6497b078</td></tr>
<tr>
<td title='com.Runner.runnerTestNG.runScenario()'><b>runScenario</b><br>Test class: com.Runner.runnerTestNG<br>Test method: Runs Cucumber Scenarios<br>Parameters: "To get a Shipping Estimation details", "Product Details Validation and purchasing in the Shopping cart page"</td>
<td></td>
<td>27</td>
<td>com.Runner.runnerTestNG@6497b078</td></tr>
<tr>
<td title='com.Runner.runnerTestNG.runScenario()'><b>runScenario</b><br>Test class: com.Runner.runnerTestNG<br>Test method: Runs Cucumber Scenarios<br>Parameters: "send a product details through Invalid email a friend", "Product Details Validation and purchasing in the Shopping cart page"</td>
<td></td>
<td>35</td>
<td>com.Runner.runnerTestNG@6497b078</td></tr>
<tr>
<td title='com.Runner.runnerTestNG.runScenario()'><b>runScenario</b><br>Test class: com.Runner.runnerTestNG<br>Test method: Runs Cucumber Scenarios<br>Parameters: "Verify the product is added in wishlist to shopping cart", "Product Details Validation and purchasing in the Shopping cart page"</td>
<td></td>
<td>30</td>
>>>>>>> branch 'master' of https://github.com/yuvarajry20/DemoWebShop-Cucumber.git
<td>com.Runner.runnerTestNG@6497b078</td></tr>
<tr>
<td title='com.Runner.runnerTestNG.runScenario()'><b>runScenario</b><br>Test class: com.Runner.runnerTestNG<br>Test method: Runs Cucumber Scenarios<br>Parameters: "Verify the product is same as in the auto-generated url in wishlist page", "Product Details Validation and purchasing in the Shopping cart page"</td>
<td></td>
<td>32</td>
<td>com.Runner.runnerTestNG@6497b078</td></tr>
<tr>
<td title='com.Runner.runnerTestNG.runScenario()'><b>runScenario</b><br>Test class: com.Runner.runnerTestNG<br>Test method: Runs Cucumber Scenarios<br>Parameters: "send a product details through valid email a friend", "Product Details Validation and purchasing in the Shopping cart page"</td>
<td></td>
<td>19</td>
<td>com.Runner.runnerTestNG@6497b078</td></tr>
<tr>
<td title='com.Runner.runnerTestNG.runScenario()'><b>runScenario</b><br>Test class: com.Runner.runnerTestNG<br>Test method: Runs Cucumber Scenarios<br>Parameters: "Forgot password with valid and invalid email", "Login"</td>
<td></td>
<td>24</td>
<td>com.Runner.runnerTestNG@6497b078</td></tr>
<tr>
<td title='com.Runner.runnerTestNG.runScenario()'><b>runScenario</b><br>Test class: com.Runner.runnerTestNG<br>Test method: Runs Cucumber Scenarios<br>Parameters: "checkout an item in the application", "Checkout the product in the web Application"</td>
<td></td>
<<<<<<< HEAD
<td>22</td>
<td>com.Runner.runnerTestNG@6497b078</td></tr>
=======
<td>70</td>
=======
<td>43</td>
>>>>>>> branch 'master' of https://github.com/yuvarajry20/DemoWebShop-Cucumber
<td>com.Runner.runnerTestNG@6497b078</td></tr>
<tr>
<td title='com.Runner.runnerTestNG.runScenario()'><b>runScenario</b><br>Test class: com.Runner.runnerTestNG<br>Test method: Runs Cucumber Scenarios<br>Parameters: "checkout and download the invoice pdf", "Checkout the product in the web Application"</td>
<td></td>
<<<<<<< HEAD
<td>70</td>
=======
<td>31</td>
>>>>>>> branch 'master' of https://github.com/yuvarajry20/DemoWebShop-Cucumber
<td>com.Runner.runnerTestNG@6497b078</td></tr>
<tr>
<<<<<<< HEAD
<td title='com.Runner.runnerTestNG.runScenario()'><b>runScenario</b><br>Test class: com.Runner.runnerTestNG<br>Test method: Runs Cucumber Scenarios<br>Parameters: "Validating the Product Details and Adding to Cart", "Product Details Validation and purchasing in the Shopping cart page"</td>
=======
<td title='com.Runner.runnerTestNG.runScenario()'><b>runScenario</b><br>Test class: com.Runner.runnerTestNG<br>Test method: Runs Cucumber Scenarios<br>Parameters: "send a product details through valid email a friend", "Product Details Validation and purchasing in the Shopping cart page"</td>
>>>>>>> branch 'master' of https://github.com/yuvarajry20/DemoWebShop-Cucumber
<td></td>
<<<<<<< HEAD
<td>55</td>
=======
<td>28</td>
<td>com.Runner.runnerTestNG@6497b078</td></tr>
>>>>>>> branch 'master' of https://github.com/yuvarajry20/DemoWebShop-Cucumber.git
<tr>
<td title='com.Runner.runnerTestNG.runScenario()'><b>runScenario</b><br>Test class: com.Runner.runnerTestNG<br>Test method: Runs Cucumber Scenarios<br>Parameters: "Verify the product is same as in the auto-generated url in wishlist page", "Product Details Validation and purchasing in the Shopping cart page"</td>
<td></td>
<td>13</td>
<td>com.Runner.runnerTestNG@1018bde2</td></tr>
<tr>
<td title='com.Runner.runnerTestNG.runScenario()'><b>runScenario</b><br>Test class: com.Runner.runnerTestNG<br>Test method: Runs Cucumber Scenarios<br>Parameters: "Perform advanced product search with various filter combinations", "Search Functionality"</td>
<td></td>
<td>9</td>
<td>com.Runner.runnerTestNG@1018bde2</td></tr>
>>>>>>> branch 'master' of https://github.com/yuvarajry20/DemoWebShop-Cucumber.git
<tr>
<td title='com.Runner.runnerTestNG.runScenario()'><b>runScenario</b><br>Test class: com.Runner.runnerTestNG<br>Test method: Runs Cucumber Scenarios<br>Parameters: "Login with valid and invalid credentials", "Login"</td>
<td></td>
<<<<<<< HEAD
<td>16</td>
<td>com.Runner.runnerTestNG@6497b078</td></tr>
=======
<td>8</td>
<td>com.Runner.runnerTestNG@1018bde2</td></tr>
<tr>
<td title='com.Runner.runnerTestNG.runScenario()'><b>runScenario</b><br>Test class: com.Runner.runnerTestNG<br>Test method: Runs Cucumber Scenarios<br>Parameters: "Forgot password with valid and invalid email", "Login"</td>
<td></td>
<td>8</td>
<td>com.Runner.runnerTestNG@1018bde2</td></tr>
<tr>
<td title='com.Runner.runnerTestNG.runScenario()'><b>runScenario</b><br>Test class: com.Runner.runnerTestNG<br>Test method: Runs Cucumber Scenarios<br>Parameters: "Adding and Removing a Product in the Shopping Cart", "Product Details Validation and purchasing in the Shopping cart page"</td>
<td></td>
<td>10</td>
<td>com.Runner.runnerTestNG@1018bde2</td></tr>
<tr>
<td title='com.Runner.runnerTestNG.runScenario()'><b>runScenario</b><br>Test class: com.Runner.runnerTestNG<br>Test method: Runs Cucumber Scenarios<br>Parameters: "Perform advanced product search with various filter combinations", "Search Functionality"</td>
<td></td>
<td>31</td>
<td>com.Runner.runnerTestNG@1018bde2</td></tr>
<tr>
<td title='com.Runner.runnerTestNG.runScenario()'><b>runScenario</b><br>Test class: com.Runner.runnerTestNG<br>Test method: Runs Cucumber Scenarios<br>Parameters: "Poll the vote without logging in", "HomePageFunctionality"</td>
<td></td>
<td>6</td>
<td>com.Runner.runnerTestNG@1018bde2</td></tr>
<tr>
<td title='com.Runner.runnerTestNG.runScenario()'><b>runScenario</b><br>Test class: com.Runner.runnerTestNG<br>Test method: Runs Cucumber Scenarios<br>Parameters: "Subscribe with valid email address", "HomePageFunctionality"</td>
<td></td>
<td>6</td>
<td>com.Runner.runnerTestNG@1018bde2</td></tr>
<tr>
<td title='com.Runner.runnerTestNG.runScenario()'><b>runScenario</b><br>Test class: com.Runner.runnerTestNG<br>Test method: Runs Cucumber Scenarios<br>Parameters: "Simple product search with valid keyword", "Search Functionality"</td>
<td></td>
<td>7</td>
<td>com.Runner.runnerTestNG@1018bde2</td></tr>
<tr>
<td title='com.Runner.runnerTestNG.runScenario()'><b>runScenario</b><br>Test class: com.Runner.runnerTestNG<br>Test method: Runs Cucumber Scenarios<br>Parameters: "Apply all Sort By options for books", "Book Product Functionality"</td>
<td></td>
<td>22</td>
<td>com.Runner.runnerTestNG@1018bde2</td></tr>
<tr>
<td title='com.Runner.runnerTestNG.runScenario()'><b>runScenario</b><br>Test class: com.Runner.runnerTestNG<br>Test method: Runs Cucumber Scenarios<br>Parameters: "Forgot password with valid and invalid email", "Login"</td>
<td></td>
<td>9</td>
<td>com.Runner.runnerTestNG@1018bde2</td></tr>
<tr>
<td title='com.Runner.runnerTestNG.runScenario()'><b>runScenario</b><br>Test class: com.Runner.runnerTestNG<br>Test method: Runs Cucumber Scenarios<br>Parameters: "send a product details through valid email a friend", "Product Details Validation and purchasing in the Shopping cart page"</td>
<td></td>
<td>17</td>
<td>com.Runner.runnerTestNG@1018bde2</td></tr>
<tr>
<td title='com.Runner.runnerTestNG.runScenario()'><b>runScenario</b><br>Test class: com.Runner.runnerTestNG<br>Test method: Runs Cucumber Scenarios<br>Parameters: "View featured products as list", "HomePageFunctionality"</td>
<td></td>
<td>6</td>
<td>com.Runner.runnerTestNG@1018bde2</td></tr>
<tr>
<td title='com.Runner.runnerTestNG.runScenario()'><b>runScenario</b><br>Test class: com.Runner.runnerTestNG<br>Test method: Runs Cucumber Scenarios<br>Parameters: "View all books available", "Book Product Functionality"</td>
<td></td>
<td>14</td>
<td>com.Runner.runnerTestNG@1018bde2</td></tr>
>>>>>>> branch 'master' of https://github.com/yuvarajry20/DemoWebShop-Cucumber.git
<tr>
<td title='com.Runner.runnerTestNG.runScenario()'><b>runScenario</b><br>Test class: com.Runner.runnerTestNG<br>Test method: Runs Cucumber Scenarios<br>Parameters: "Verify the product is added in wishlist to shopping cart", "Product Details Validation and purchasing in the Shopping cart page"</td>
<td></td>
<<<<<<< HEAD
<td>16</td>
<td>com.Runner.runnerTestNG@6497b078</td></tr>
<tr>
<td title='com.Runner.runnerTestNG.runScenario()'><b>runScenario</b><br>Test class: com.Runner.runnerTestNG<br>Test method: Runs Cucumber Scenarios<br>Parameters: "Apply all Sort By options for books", "Book Product Functionality"</td>
<td></td>
<td>50</td>
<td>com.Runner.runnerTestNG@6497b078</td></tr>
<tr>
<td title='com.Runner.runnerTestNG.runScenario()'><b>runScenario</b><br>Test class: com.Runner.runnerTestNG<br>Test method: Runs Cucumber Scenarios<br>Parameters: "Login with valid and invalid credentials", "Login"</td>
<td></td>
<td>16</td>
<td>com.Runner.runnerTestNG@6497b078</td></tr>
<tr>
<td title='com.Runner.runnerTestNG.runScenario()'><b>runScenario</b><br>Test class: com.Runner.runnerTestNG<br>Test method: Runs Cucumber Scenarios<br>Parameters: "View details of a specific book", "Book Product Functionality"</td>
<td></td>
<td>38</td>
<td>com.Runner.runnerTestNG@6497b078</td></tr>
<tr>
<td title='com.Runner.runnerTestNG.runScenario()'><b>runScenario</b><br>Test class: com.Runner.runnerTestNG<br>Test method: Runs Cucumber Scenarios<br>Parameters: "Login with valid and invalid credentials", "Login"</td>
<td></td>
<td>13</td>
=======
<<<<<<< HEAD
<td>16</td>
<td>com.Runner.runnerTestNG@1018bde2</td></tr>
=======
<td>17</td>
>>>>>>> branch 'master' of https://github.com/yuvarajry20/DemoWebShop-Cucumber
>>>>>>> branch 'master' of https://github.com/yuvarajry20/DemoWebShop-Cucumber.git
<td>com.Runner.runnerTestNG@6497b078</td></tr>
>>>>>>> branch 'master' of https://github.com/yuvarajry20/DemoWebShop-Cucumber.git
<tr>
<<<<<<< HEAD
<td title='com.Runner.runnerTestNG.runScenario()'><b>runScenario</b><br>Test class: com.Runner.runnerTestNG<br>Test method: Runs Cucumber Scenarios<br>Parameters: "Apply filter options for books", "Book Product Functionality"</td>
<td></td>
<td>33</td>
<td>com.Runner.runnerTestNG@1018bde2</td></tr>
<tr>
<td title='com.Runner.runnerTestNG.runScenario()'><b>runScenario</b><br>Test class: com.Runner.runnerTestNG<br>Test method: Runs Cucumber Scenarios<br>Parameters: "Login with valid and invalid credentials", "Login"</td>
<td></td>
<td>29</td>
<td>com.Runner.runnerTestNG@1018bde2</td></tr>
<tr>
<td title='com.Runner.runnerTestNG.runScenario()'><b>runScenario</b><br>Test class: com.Runner.runnerTestNG<br>Test method: Runs Cucumber Scenarios<br>Parameters: "Forgot password with valid and invalid email", "Login"</td>
<td></td>
<td>9</td>
<td>com.Runner.runnerTestNG@1018bde2</td></tr>
<tr>
<td title='com.Runner.runnerTestNG.runScenario()'><b>runScenario</b><br>Test class: com.Runner.runnerTestNG<br>Test method: Runs Cucumber Scenarios<br>Parameters: "Search with invalid or short keywords", "Search Functionality"</td>
<td></td>
<td>8</td>
<td>com.Runner.runnerTestNG@1018bde2</td></tr>
<tr>
<td title='com.Runner.runnerTestNG.runScenario()'><b>runScenario</b><br>Test class: com.Runner.runnerTestNG<br>Test method: Runs Cucumber Scenarios<br>Parameters: "Search with invalid or short keywords", "Search Functionality"</td>
<td></td>
<td>7</td>
<td>com.Runner.runnerTestNG@1018bde2</td></tr>
<tr>
<td title='com.Runner.runnerTestNG.runScenario()'><b>runScenario</b><br>Test class: com.Runner.runnerTestNG<br>Test method: Runs Cucumber Scenarios<br>Parameters: "send a product details through Invalid email a friend", "Product Details Validation and purchasing in the Shopping cart page"</td>
<td></td>
<td>17</td>
<td>com.Runner.runnerTestNG@1018bde2</td></tr>
<tr>
<td title='com.Runner.runnerTestNG.runScenario()'><b>runScenario</b><br>Test class: com.Runner.runnerTestNG<br>Test method: Runs Cucumber Scenarios<br>Parameters: "Verify the product is added in wishlist to shopping cart", "Product Details Validation and purchasing in the Shopping cart page"</td>
=======
<td title='com.Runner.runnerTestNG.runScenario()'><b>runScenario</b><br>Test class: com.Runner.runnerTestNG<br>Test method: Runs Cucumber Scenarios<br>Parameters: "Adding and Removing a Product in the Shopping Cart", "Product Details Validation and purchasing in the Shopping cart page"</td>
>>>>>>> branch 'master' of https://github.com/yuvarajry20/DemoWebShop-Cucumber.git
<td></td>
<<<<<<< HEAD
<td>24</td>
<td>com.Runner.runnerTestNG@6497b078</td></tr>
<tr>
<td title='com.Runner.runnerTestNG.runScenario()'><b>runScenario</b><br>Test class: com.Runner.runnerTestNG<br>Test method: Runs Cucumber Scenarios<br>Parameters: "View featured products as list", "HomePageFunctionality"</td>
<td></td>
<td>24</td>
<td>com.Runner.runnerTestNG@6497b078</td></tr>
<tr>
<td title='com.Runner.runnerTestNG.runScenario()'><b>runScenario</b><br>Test class: com.Runner.runnerTestNG<br>Test method: Runs Cucumber Scenarios<br>Parameters: "Login with valid and invalid credentials", "Login"</td>
<td></td>
<td>15</td>
<td>com.Runner.runnerTestNG@6497b078</td></tr>
<tr>
<td title='com.Runner.runnerTestNG.runScenario()'><b>runScenario</b><br>Test class: com.Runner.runnerTestNG<br>Test method: Runs Cucumber Scenarios<br>Parameters: "Navigate to checkout page Without clicking the terms & conditions", "Checkout the product in the web Application"</td>
<td></td>
<td>37</td>
<td>com.Runner.runnerTestNG@6497b078</td></tr>
<tr>
<td title='com.Runner.runnerTestNG.runScenario()'><b>runScenario</b><br>Test class: com.Runner.runnerTestNG<br>Test method: Runs Cucumber Scenarios<br>Parameters: "Adding Address", "Validating Address Section"</td>
<td></td>
<td>63</td>
<td>com.Runner.runnerTestNG@6497b078</td></tr>
<tr>
<td title='com.Runner.runnerTestNG.runScenario()'><b>runScenario</b><br>Test class: com.Runner.runnerTestNG<br>Test method: Runs Cucumber Scenarios<br>Parameters: "Subscribe with invalid email address", "HomePageFunctionality"</td>
<td></td>
<td>19</td>
<td>com.Runner.runnerTestNG@6497b078</td></tr>
<tr>
<td title='com.Runner.runnerTestNG.runScenario()'><b>runScenario</b><br>Test class: com.Runner.runnerTestNG<br>Test method: Runs Cucumber Scenarios<br>Parameters: "Forgot password with valid and invalid email", "Login"</td>
<td></td>
<td>21</td>
<td>com.Runner.runnerTestNG@6497b078</td></tr>
<tr>
<td title='com.Runner.runnerTestNG.runScenario()'><b>runScenario</b><br>Test class: com.Runner.runnerTestNG<br>Test method: Runs Cucumber Scenarios<br>Parameters: "Validating the Product Details and Adding to Cart", "Product Details Validation and purchasing in the Shopping cart page"</td>
<td></td>
<td>32</td>
<td>com.Runner.runnerTestNG@6497b078</td></tr>
<tr>
<td title='com.Runner.runnerTestNG.runScenario()'><b>runScenario</b><br>Test class: com.Runner.runnerTestNG<br>Test method: Runs Cucumber Scenarios<br>Parameters: "checkout and download the invoice pdf", "Checkout the product in the web Application"</td>
<td></td>
<td>41</td>
<td>com.Runner.runnerTestNG@6497b078</td></tr>
<tr>
<td title='com.Runner.runnerTestNG.runScenario()'><b>runScenario</b><br>Test class: com.Runner.runnerTestNG<br>Test method: Runs Cucumber Scenarios<br>Parameters: "verify the quantity of the product is increased", "Product Details Validation and purchasing in the Shopping cart page"</td>
<td></td>
<td>27</td>
<td>com.Runner.runnerTestNG@6497b078</td></tr>
<tr>
<td title='com.Runner.runnerTestNG.runScenario()'><b>runScenario</b><br>Test class: com.Runner.runnerTestNG<br>Test method: Runs Cucumber Scenarios<br>Parameters: "Subscribe with valid email address", "HomePageFunctionality"</td>
<td></td>
<td>21</td>
=======
<<<<<<< HEAD
<td>72</td>
=======
<td>12</td>
<<<<<<< HEAD
<td>com.Runner.runnerTestNG@1018bde2</td></tr>
=======
>>>>>>> branch 'master' of https://github.com/yuvarajry20/DemoWebShop-Cucumber
>>>>>>> branch 'master' of https://github.com/yuvarajry20/DemoWebShop-Cucumber.git
<td>com.Runner.runnerTestNG@6497b078</td></tr>
>>>>>>> branch 'master' of https://github.com/yuvarajry20/DemoWebShop-Cucumber.git
</table><p>
</body>
</html>