<?xml version="1.0" encoding="UTF-8"?>
<testng-results ignored="0" total="5" passed="5" failed="0" skipped="0">
  <reporter-output>
  </reporter-output>
  <suite started-at="2025-04-17T16:06:57 IST" name="Default suite" finished-at="2025-04-17T16:07:55 IST" duration-ms="58230">
    <groups>
      <group name="cucumber">
        <method signature="AbstractTestNGCucumberTests.runScenario(io.cucumber.testng.PickleWrapper,io.cucumber.testng.FeatureWrapper)[pri:0, instance:com.Runner.runnerTestNG@1018bde2]" name="runScenario" class="io.cucumber.testng.AbstractTestNGCucumberTests"/>
      </group> <!-- cucumber -->
    </groups>
    <test started-at="2025-04-17T16:06:57 IST" name="Default test" finished-at="2025-04-17T16:07:55 IST" duration-ms="58230">
      <class name="com.Runner.runnerTestNG">
        <test-method is-config="true" signature="setUpClass(org.testng.ITestContext)[pri:0, instance:com.Runner.runnerTestNG@1018bde2]" started-at="2025-04-17T16:06:57 IST" name="setUpClass" finished-at="2025-04-17T16:06:58 IST" duration-ms="1431" status="PASS">
          <params>
            <param index="0">
              <value>
                <![CDATA[org.testng.TestRunner@1989e8c6]]>
              </value>
            </param>
          </params>
          <reporter-output>
          </reporter-output>
        </test-method> <!-- setUpClass -->
        <test-method signature="runScenario(io.cucumber.testng.PickleWrapper,io.cucumber.testng.FeatureWrapper)[pri:0, instance:com.Runner.runnerTestNG@1018bde2]" started-at="2025-04-17T16:06:58 IST" name="runScenario" description="Runs Cucumber Scenarios" data-provider="scenarios" finished-at="2025-04-17T16:07:51 IST" duration-ms="52646" status="PASS">
          <params>
            <param index="0">
              <value>
                <![CDATA["Tags should be navigated to product page"]]>
              </value>
            </param>
            <param index="1">
              <value>
                <![CDATA["Popular tags"]]>
              </value>
            </param>
          </params>
          <reporter-output>
          </reporter-output>
        </test-method> <!-- runScenario -->
        <test-method signature="runScenario(io.cucumber.testng.PickleWrapper,io.cucumber.testng.FeatureWrapper)[pri:0, instance:com.Runner.runnerTestNG@1018bde2]" started-at="2025-04-17T16:06:58 IST" name="runScenario" description="Runs Cucumber Scenarios" data-provider="scenarios" finished-at="2025-04-17T16:07:52 IST" duration-ms="53317" status="PASS">
          <params>
            <param index="0">
              <value>
                <![CDATA["add product to the cart"]]>
              </value>
            </param>
            <param index="1">
              <value>
                <![CDATA["category under digital download product is added to cart"]]>
              </value>
            </param>
          </params>
          <reporter-output>
          </reporter-output>
        </test-method> <!-- runScenario -->
        <test-method signature="runScenario(io.cucumber.testng.PickleWrapper,io.cucumber.testng.FeatureWrapper)[pri:0, instance:com.Runner.runnerTestNG@1018bde2]" started-at="2025-04-17T16:06:58 IST" name="runScenario" description="Runs Cucumber Scenarios" data-provider="scenarios" finished-at="2025-04-17T16:07:51 IST" duration-ms="52667" status="PASS">
          <params>
            <param index="0">
              <value>
                <![CDATA["select the filters view product"]]>
              </value>
            </param>
            <param index="1">
              <value>
                <![CDATA["category under digital download product is added to cart"]]>
              </value>
            </param>
          </params>
          <reporter-output>
          </reporter-output>
        </test-method> <!-- runScenario -->
        <test-method signature="runScenario(io.cucumber.testng.PickleWrapper,io.cucumber.testng.FeatureWrapper)[pri:0, instance:com.Runner.runnerTestNG@1018bde2]" started-at="2025-04-17T16:06:58 IST" name="runScenario" description="Runs Cucumber Scenarios" data-provider="scenarios" finished-at="2025-04-17T16:07:50 IST" duration-ms="52026" status="PASS">
          <params>
            <param index="0">
              <value>
                <![CDATA["Tags should be navigated to product page"]]>
              </value>
            </param>
            <param index="1">
              <value>
                <![CDATA["Popular tags"]]>
              </value>
            </param>
          </params>
          <reporter-output>
          </reporter-output>
        </test-method> <!-- runScenario -->
        <test-method signature="runScenario(io.cucumber.testng.PickleWrapper,io.cucumber.testng.FeatureWrapper)[pri:0, instance:com.Runner.runnerTestNG@1018bde2]" started-at="2025-04-17T16:06:58 IST" name="runScenario" description="Runs Cucumber Scenarios" data-provider="scenarios" finished-at="2025-04-17T16:07:51 IST" duration-ms="52613" status="PASS">
          <params>
            <param index="0">
              <value>
                <![CDATA["verify the user is on the digital download page"]]>
              </value>
            </param>
            <param index="1">
              <value>
                <![CDATA["category under digital download product is added to cart"]]>
              </value>
            </param>
          </params>
          <reporter-output>
          </reporter-output>
        </test-method> <!-- runScenario -->
        <test-method is-config="true" signature="tearDownClass()[pri:0, instance:com.Runner.runnerTestNG@1018bde2]" started-at="2025-04-17T16:07:52 IST" name="tearDownClass" finished-at="2025-04-17T16:07:55 IST" duration-ms="3394" status="PASS">
          <reporter-output>
          </reporter-output>
        </test-method> <!-- tearDownClass -->
      </class> <!-- com.Runner.runnerTestNG -->
    </test> <!-- Default test -->
  </suite> <!-- Default suite -->
</testng-results>
