<?xml version="1.0" encoding="UTF-8"?>
<testng-results ignored="0" total="32" passed="31" failed="1" skipped="0">
  <reporter-output>
  </reporter-output>
  <suite started-at="2025-04-15T20:34:23 IST" name="Suite" finished-at="2025-04-15T20:42:43 IST" duration-ms="499294">
    <groups>
      <group name="cucumber">
        <method signature="AbstractTestNGCucumberTests.runScenario(io.cucumber.testng.PickleWrapper,io.cucumber.testng.FeatureWrapper)[pri:0, instance:com.Runner.runnerTestNG@1018bde2]" name="runScenario" class="io.cucumber.testng.AbstractTestNGCucumberTests"/>
      </group> <!-- cucumber -->
    </groups>
    <test started-at="2025-04-15T20:34:23 IST" name="Test" finished-at="2025-04-15T20:42:43 IST" duration-ms="499294">
      <class name="com.Runner.runnerTestNG">
        <test-method is-config="true" signature="setUpClass(org.testng.ITestContext)[pri:0, instance:com.Runner.runnerTestNG@1018bde2]" started-at="2025-04-15T20:34:23 IST" name="setUpClass" finished-at="2025-04-15T20:34:25 IST" duration-ms="1707" status="PASS">
          <params>
            <param index="0">
              <value>
                <![CDATA[org.testng.TestRunner@60bd273d]]>
              </value>
            </param>
          </params>
          <reporter-output>
          </reporter-output>
        </test-method> <!-- setUpClass -->
        <test-method signature="runScenario(io.cucumber.testng.PickleWrapper,io.cucumber.testng.FeatureWrapper)[pri:0, instance:com.Runner.runnerTestNG@1018bde2]" started-at="2025-04-15T20:34:25 IST" name="runScenario" description="Runs Cucumber Scenarios" data-provider="scenarios" finished-at="2025-04-15T20:35:40 IST" duration-ms="75071" status="PASS">
          <params>
            <param index="0">
              <value>
                <![CDATA["Adding Address"]]>
              </value>
            </param>
            <param index="1">
              <value>
                <![CDATA["Validating Address Section"]]>
              </value>
            </param>
          </params>
          <reporter-output>
          </reporter-output>
        </test-method> <!-- runScenario -->
        <test-method signature="runScenario(io.cucumber.testng.PickleWrapper,io.cucumber.testng.FeatureWrapper)[pri:0, instance:com.Runner.runnerTestNG@1018bde2]" started-at="2025-04-15T20:35:40 IST" name="runScenario" description="Runs Cucumber Scenarios" data-provider="scenarios" finished-at="2025-04-15T20:36:03 IST" duration-ms="22628" status="PASS">
          <params>
            <param index="0">
              <value>
                <![CDATA["Deleting the already present address"]]>
              </value>
            </param>
            <param index="1">
              <value>
                <![CDATA["Validating Address Section"]]>
              </value>
            </param>
          </params>
          <reporter-output>
          </reporter-output>
        </test-method> <!-- runScenario -->
        <test-method signature="runScenario(io.cucumber.testng.PickleWrapper,io.cucumber.testng.FeatureWrapper)[pri:0, instance:com.Runner.runnerTestNG@1018bde2]" started-at="2025-04-15T20:36:03 IST" name="runScenario" description="Runs Cucumber Scenarios" data-provider="scenarios" finished-at="2025-04-15T20:36:18 IST" duration-ms="14730" status="PASS">
          <params>
            <param index="0">
              <value>
                <![CDATA["View all books available"]]>
              </value>
            </param>
            <param index="1">
              <value>
                <![CDATA["Book Product Functionality"]]>
              </value>
            </param>
          </params>
          <reporter-output>
          </reporter-output>
        </test-method> <!-- runScenario -->
        <test-method signature="runScenario(io.cucumber.testng.PickleWrapper,io.cucumber.testng.FeatureWrapper)[pri:0, instance:com.Runner.runnerTestNG@1018bde2]" started-at="2025-04-15T20:36:18 IST" name="runScenario" description="Runs Cucumber Scenarios" data-provider="scenarios" finished-at="2025-04-15T20:36:27 IST" duration-ms="9309" status="PASS">
          <params>
            <param index="0">
              <value>
                <![CDATA["View details of a specific book"]]>
              </value>
            </param>
            <param index="1">
              <value>
                <![CDATA["Book Product Functionality"]]>
              </value>
            </param>
          </params>
          <reporter-output>
          </reporter-output>
        </test-method> <!-- runScenario -->
        <test-method signature="runScenario(io.cucumber.testng.PickleWrapper,io.cucumber.testng.FeatureWrapper)[pri:0, instance:com.Runner.runnerTestNG@1018bde2]" started-at="2025-04-15T20:36:27 IST" name="runScenario" description="Runs Cucumber Scenarios" data-provider="scenarios" finished-at="2025-04-15T20:37:01 IST" duration-ms="33931" status="PASS">
          <params>
            <param index="0">
              <value>
                <![CDATA["Apply filter options for books"]]>
              </value>
            </param>
            <param index="1">
              <value>
                <![CDATA["Book Product Functionality"]]>
              </value>
            </param>
          </params>
          <reporter-output>
          </reporter-output>
        </test-method> <!-- runScenario -->
        <test-method signature="runScenario(io.cucumber.testng.PickleWrapper,io.cucumber.testng.FeatureWrapper)[pri:0, instance:com.Runner.runnerTestNG@1018bde2]" started-at="2025-04-15T20:37:01 IST" name="runScenario" description="Runs Cucumber Scenarios" data-provider="scenarios" finished-at="2025-04-15T20:37:23 IST" duration-ms="22393" status="PASS">
          <params>
            <param index="0">
              <value>
                <![CDATA["Apply all Sort By options for books"]]>
              </value>
            </param>
            <param index="1">
              <value>
                <![CDATA["Book Product Functionality"]]>
              </value>
            </param>
          </params>
          <reporter-output>
          </reporter-output>
        </test-method> <!-- runScenario -->
        <test-method signature="runScenario(io.cucumber.testng.PickleWrapper,io.cucumber.testng.FeatureWrapper)[pri:0, instance:com.Runner.runnerTestNG@1018bde2]" started-at="2025-04-15T20:37:23 IST" name="runScenario" description="Runs Cucumber Scenarios" data-provider="scenarios" finished-at="2025-04-15T20:37:41 IST" duration-ms="18064" status="PASS">
          <params>
            <param index="0">
              <value>
                <![CDATA["Comparing two different products"]]>
              </value>
            </param>
            <param index="1">
              <value>
                <![CDATA["Book Product Functionality"]]>
              </value>
            </param>
          </params>
          <reporter-output>
          </reporter-output>
        </test-method> <!-- runScenario -->
        <test-method signature="runScenario(io.cucumber.testng.PickleWrapper,io.cucumber.testng.FeatureWrapper)[pri:0, instance:com.Runner.runnerTestNG@1018bde2]" started-at="2025-04-15T20:37:41 IST" name="runScenario" description="Runs Cucumber Scenarios" data-provider="scenarios" finished-at="2025-04-15T20:37:48 IST" duration-ms="6507" status="PASS">
          <params>
            <param index="0">
              <value>
                <![CDATA["Subscribe with valid email address"]]>
              </value>
            </param>
            <param index="1">
              <value>
                <![CDATA["HomePageFunctionality"]]>
              </value>
            </param>
          </params>
          <reporter-output>
          </reporter-output>
        </test-method> <!-- runScenario -->
        <test-method signature="runScenario(io.cucumber.testng.PickleWrapper,io.cucumber.testng.FeatureWrapper)[pri:0, instance:com.Runner.runnerTestNG@1018bde2]" started-at="2025-04-15T20:37:48 IST" name="runScenario" description="Runs Cucumber Scenarios" data-provider="scenarios" finished-at="2025-04-15T20:37:55 IST" duration-ms="6943" status="PASS">
          <params>
            <param index="0">
              <value>
                <![CDATA["Subscribe with invalid email address"]]>
              </value>
            </param>
            <param index="1">
              <value>
                <![CDATA["HomePageFunctionality"]]>
              </value>
            </param>
          </params>
          <reporter-output>
          </reporter-output>
        </test-method> <!-- runScenario -->
        <test-method signature="runScenario(io.cucumber.testng.PickleWrapper,io.cucumber.testng.FeatureWrapper)[pri:0, instance:com.Runner.runnerTestNG@1018bde2]" started-at="2025-04-15T20:37:55 IST" name="runScenario" description="Runs Cucumber Scenarios" data-provider="scenarios" finished-at="2025-04-15T20:38:01 IST" duration-ms="6276" status="PASS">
          <params>
            <param index="0">
              <value>
                <![CDATA["View featured products as list"]]>
              </value>
            </param>
            <param index="1">
              <value>
                <![CDATA["HomePageFunctionality"]]>
              </value>
            </param>
          </params>
          <reporter-output>
          </reporter-output>
        </test-method> <!-- runScenario -->
        <test-method signature="runScenario(io.cucumber.testng.PickleWrapper,io.cucumber.testng.FeatureWrapper)[pri:0, instance:com.Runner.runnerTestNG@1018bde2]" started-at="2025-04-15T20:38:01 IST" name="runScenario" description="Runs Cucumber Scenarios" data-provider="scenarios" finished-at="2025-04-15T20:38:07 IST" duration-ms="6315" status="PASS">
          <params>
            <param index="0">
              <value>
                <![CDATA["Poll the vote without logging in"]]>
              </value>
            </param>
            <param index="1">
              <value>
                <![CDATA["HomePageFunctionality"]]>
              </value>
            </param>
          </params>
          <reporter-output>
          </reporter-output>
        </test-method> <!-- runScenario -->
        <test-method signature="runScenario(io.cucumber.testng.PickleWrapper,io.cucumber.testng.FeatureWrapper)[pri:0, instance:com.Runner.runnerTestNG@1018bde2]" started-at="2025-04-15T20:38:07 IST" name="runScenario" description="Runs Cucumber Scenarios" data-provider="scenarios" finished-at="2025-04-15T20:38:24 IST" duration-ms="16315" status="PASS">
          <params>
            <param index="0">
              <value>
                <![CDATA["Login with valid and invalid credentials"]]>
              </value>
            </param>
            <param index="1">
              <value>
                <![CDATA["Login"]]>
              </value>
            </param>
          </params>
          <reporter-output>
          </reporter-output>
        </test-method> <!-- runScenario -->
        <test-method signature="runScenario(io.cucumber.testng.PickleWrapper,io.cucumber.testng.FeatureWrapper)[pri:0, instance:com.Runner.runnerTestNG@1018bde2]" started-at="2025-04-15T20:38:24 IST" name="runScenario" description="Runs Cucumber Scenarios" data-provider="scenarios" finished-at="2025-04-15T20:38:33 IST" duration-ms="8788" status="PASS">
          <params>
            <param index="0">
              <value>
                <![CDATA["Login with valid and invalid credentials"]]>
              </value>
            </param>
            <param index="1">
              <value>
                <![CDATA["Login"]]>
              </value>
            </param>
          </params>
          <reporter-output>
          </reporter-output>
        </test-method> <!-- runScenario -->
        <test-method signature="runScenario(io.cucumber.testng.PickleWrapper,io.cucumber.testng.FeatureWrapper)[pri:0, instance:com.Runner.runnerTestNG@1018bde2]" started-at="2025-04-15T20:38:33 IST" name="runScenario" description="Runs Cucumber Scenarios" data-provider="scenarios" finished-at="2025-04-15T20:39:02 IST" duration-ms="29270" status="PASS">
          <params>
            <param index="0">
              <value>
                <![CDATA["Login with valid and invalid credentials"]]>
              </value>
            </param>
            <param index="1">
              <value>
                <![CDATA["Login"]]>
              </value>
            </param>
          </params>
          <reporter-output>
          </reporter-output>
        </test-method> <!-- runScenario -->
        <test-method signature="runScenario(io.cucumber.testng.PickleWrapper,io.cucumber.testng.FeatureWrapper)[pri:0, instance:com.Runner.runnerTestNG@1018bde2]" started-at="2025-04-15T20:39:02 IST" name="runScenario" description="Runs Cucumber Scenarios" data-provider="scenarios" finished-at="2025-04-15T20:39:10 IST" duration-ms="8110" status="PASS">
          <params>
            <param index="0">
              <value>
                <![CDATA["Login with valid and invalid credentials"]]>
              </value>
            </param>
            <param index="1">
              <value>
                <![CDATA["Login"]]>
              </value>
            </param>
          </params>
          <reporter-output>
          </reporter-output>
        </test-method> <!-- runScenario -->
        <test-method signature="runScenario(io.cucumber.testng.PickleWrapper,io.cucumber.testng.FeatureWrapper)[pri:0, instance:com.Runner.runnerTestNG@1018bde2]" started-at="2025-04-15T20:39:10 IST" name="runScenario" description="Runs Cucumber Scenarios" data-provider="scenarios" finished-at="2025-04-15T20:39:19 IST" duration-ms="9020" status="PASS">
          <params>
            <param index="0">
              <value>
                <![CDATA["Forgot password with valid and invalid email"]]>
              </value>
            </param>
            <param index="1">
              <value>
                <![CDATA["Login"]]>
              </value>
            </param>
          </params>
          <reporter-output>
          </reporter-output>
        </test-method> <!-- runScenario -->
        <test-method signature="runScenario(io.cucumber.testng.PickleWrapper,io.cucumber.testng.FeatureWrapper)[pri:0, instance:com.Runner.runnerTestNG@1018bde2]" started-at="2025-04-15T20:39:19 IST" name="runScenario" description="Runs Cucumber Scenarios" data-provider="scenarios" finished-at="2025-04-15T20:39:28 IST" duration-ms="9431" status="PASS">
          <params>
            <param index="0">
              <value>
                <![CDATA["Forgot password with valid and invalid email"]]>
              </value>
            </param>
            <param index="1">
              <value>
                <![CDATA["Login"]]>
              </value>
            </param>
          </params>
          <reporter-output>
          </reporter-output>
        </test-method> <!-- runScenario -->
        <test-method signature="runScenario(io.cucumber.testng.PickleWrapper,io.cucumber.testng.FeatureWrapper)[pri:0, instance:com.Runner.runnerTestNG@1018bde2]" started-at="2025-04-15T20:39:28 IST" name="runScenario" description="Runs Cucumber Scenarios" data-provider="scenarios" finished-at="2025-04-15T20:39:37 IST" duration-ms="8223" status="PASS">
          <params>
            <param index="0">
              <value>
                <![CDATA["Forgot password with valid and invalid email"]]>
              </value>
            </param>
            <param index="1">
              <value>
                <![CDATA["Login"]]>
              </value>
            </param>
          </params>
          <reporter-output>
          </reporter-output>
        </test-method> <!-- runScenario -->
        <test-method signature="runScenario(io.cucumber.testng.PickleWrapper,io.cucumber.testng.FeatureWrapper)[pri:0, instance:com.Runner.runnerTestNG@1018bde2]" started-at="2025-04-15T20:39:37 IST" name="runScenario" description="Runs Cucumber Scenarios" data-provider="scenarios" finished-at="2025-04-15T20:39:47 IST" duration-ms="10049" status="PASS">
          <params>
            <param index="0">
              <value>
                <![CDATA["Adding and Removing a Product in the Shopping Cart"]]>
              </value>
            </param>
            <param index="1">
              <value>
                <![CDATA["Product Details Validation and purchasing in the Shopping cart page"]]>
              </value>
            </param>
          </params>
          <reporter-output>
          </reporter-output>
        </test-method> <!-- runScenario -->
        <test-method signature="runScenario(io.cucumber.testng.PickleWrapper,io.cucumber.testng.FeatureWrapper)[pri:0, instance:com.Runner.runnerTestNG@1018bde2]" started-at="2025-04-15T20:39:47 IST" name="runScenario" description="Runs Cucumber Scenarios" data-provider="scenarios" finished-at="2025-04-15T20:39:59 IST" duration-ms="12687" status="PASS">
          <params>
            <param index="0">
              <value>
                <![CDATA["Validating the Product Details and Adding to Cart"]]>
              </value>
            </param>
            <param index="1">
              <value>
                <![CDATA["Product Details Validation and purchasing in the Shopping cart page"]]>
              </value>
            </param>
          </params>
          <reporter-output>
          </reporter-output>
        </test-method> <!-- runScenario -->
        <test-method signature="runScenario(io.cucumber.testng.PickleWrapper,io.cucumber.testng.FeatureWrapper)[pri:0, instance:com.Runner.runnerTestNG@1018bde2]" started-at="2025-04-15T20:39:59 IST" name="runScenario" description="Runs Cucumber Scenarios" data-provider="scenarios" finished-at="2025-04-15T20:40:13 IST" duration-ms="13770" status="PASS">
          <params>
            <param index="0">
              <value>
                <![CDATA["Verify the product is same as in the auto-generated url in wishlist page"]]>
              </value>
            </param>
            <param index="1">
              <value>
                <![CDATA["Product Details Validation and purchasing in the Shopping cart page"]]>
              </value>
            </param>
          </params>
          <reporter-output>
          </reporter-output>
        </test-method> <!-- runScenario -->
        <test-method signature="runScenario(io.cucumber.testng.PickleWrapper,io.cucumber.testng.FeatureWrapper)[pri:0, instance:com.Runner.runnerTestNG@1018bde2]" started-at="2025-04-15T20:40:13 IST" name="runScenario" description="Runs Cucumber Scenarios" data-provider="scenarios" finished-at="2025-04-15T20:40:30 IST" duration-ms="16891" status="PASS">
          <params>
            <param index="0">
              <value>
                <![CDATA["verify the quantity of the product is increased"]]>
              </value>
            </param>
            <param index="1">
              <value>
                <![CDATA["Product Details Validation and purchasing in the Shopping cart page"]]>
              </value>
            </param>
          </params>
          <reporter-output>
          </reporter-output>
        </test-method> <!-- runScenario -->
        <test-method signature="runScenario(io.cucumber.testng.PickleWrapper,io.cucumber.testng.FeatureWrapper)[pri:0, instance:com.Runner.runnerTestNG@1018bde2]" started-at="2025-04-15T20:40:30 IST" name="runScenario" description="Runs Cucumber Scenarios" data-provider="scenarios" finished-at="2025-04-15T20:40:47 IST" duration-ms="17446" status="PASS">
          <params>
            <param index="0">
              <value>
                <![CDATA["send a product details through valid email a friend"]]>
              </value>
            </param>
            <param index="1">
              <value>
                <![CDATA["Product Details Validation and purchasing in the Shopping cart page"]]>
              </value>
            </param>
          </params>
          <reporter-output>
          </reporter-output>
        </test-method> <!-- runScenario -->
        <test-method signature="runScenario(io.cucumber.testng.PickleWrapper,io.cucumber.testng.FeatureWrapper)[pri:0, instance:com.Runner.runnerTestNG@1018bde2]" started-at="2025-04-15T20:40:47 IST" name="runScenario" description="Runs Cucumber Scenarios" data-provider="scenarios" finished-at="2025-04-15T20:41:05 IST" duration-ms="17223" status="PASS">
          <params>
            <param index="0">
              <value>
                <![CDATA["send a product details through Invalid email a friend"]]>
              </value>
            </param>
            <param index="1">
              <value>
                <![CDATA["Product Details Validation and purchasing in the Shopping cart page"]]>
              </value>
            </param>
          </params>
          <reporter-output>
          </reporter-output>
        </test-method> <!-- runScenario -->
        <test-method signature="runScenario(io.cucumber.testng.PickleWrapper,io.cucumber.testng.FeatureWrapper)[pri:0, instance:com.Runner.runnerTestNG@1018bde2]" started-at="2025-04-15T20:41:05 IST" name="runScenario" description="Runs Cucumber Scenarios" data-provider="scenarios" finished-at="2025-04-15T20:41:17 IST" duration-ms="12319" status="PASS">
          <params>
            <param index="0">
              <value>
                <![CDATA["Verify the product is added in wishlist to shopping cart"]]>
              </value>
            </param>
            <param index="1">
              <value>
                <![CDATA["Product Details Validation and purchasing in the Shopping cart page"]]>
              </value>
            </param>
          </params>
          <reporter-output>
          </reporter-output>
        </test-method> <!-- runScenario -->
        <test-method signature="runScenario(io.cucumber.testng.PickleWrapper,io.cucumber.testng.FeatureWrapper)[pri:0, instance:com.Runner.runnerTestNG@1018bde2]" started-at="2025-04-15T20:41:17 IST" name="runScenario" description="Runs Cucumber Scenarios" data-provider="scenarios" finished-at="2025-04-15T20:41:24 IST" duration-ms="7459" status="FAIL">
          <params>
            <param index="0">
              <value>
                <![CDATA["To get a Shipping Estimation details"]]>
              </value>
            </param>
            <param index="1">
              <value>
                <![CDATA["Product Details Validation and purchasing in the Shopping cart page"]]>
              </value>
            </param>
          </params>
          <exception class="org.openqa.selenium.StaleElementReferenceException">
            <message>
              <![CDATA[stale element reference: stale element not found
  (Session info: chrome=135.0.7049.84)
For documentation on this error, please visit: https://www.selenium.dev/documentation/webdriver/troubleshooting/errors#stale-element-reference-exception
Build info: version: '4.31.0', revision: '1ef9f18787*'
System info: os.name: 'Windows 10', os.arch: 'amd64', os.version: '10.0', java.version: '17.0.6'
Driver info: org.openqa.selenium.chrome.ChromeDriver
Command: [aab1e7c5ea6638c94d6edec0282b3c2c, sendKeysToElement {value=[Ljava.lang.CharSequence;@17aed1c3, id=f.F2439AF83240DD1252B9B4AB539EFBFA.d.3DAD03F4F32DD0743E02F25FAA7EF4BD.e.8}]
Capabilities {acceptInsecureCerts: false, browserName: chrome, browserVersion: 135.0.7049.84, chrome: {chromedriverVersion: 135.0.7049.84 (6c019e560019..., userDataDir: C:\Users\ADMIN\AppData\Loca...}, fedcm:accounts: true, goog:chromeOptions: {debuggerAddress: localhost:59474}, networkConnectionEnabled: false, pageLoadStrategy: normal, platformName: windows, proxy: Proxy(), se:cdp: ws://localhost:59474/devtoo..., se:cdpVersion: 135.0.7049.84, setWindowRect: true, strictFileInteractability: false, timeouts: {implicit: 0, pageLoad: 300000, script: 30000}, unhandledPromptBehavior: dismiss and notify, webauthn:extension:credBlob: true, webauthn:extension:largeBlob: true, webauthn:extension:minPinLength: true, webauthn:extension:prf: true, webauthn:virtualAuthenticators: true}
Element: [[ChromeDriver: chrome on windows (aab1e7c5ea6638c94d6edec0282b3c2c)] -> xpath: //input[@id="small-searchterms"]]
Session ID: aab1e7c5ea6638c94d6edec0282b3c2c]]>
            </message>
            <full-stacktrace>
              <![CDATA[org.openqa.selenium.StaleElementReferenceException: stale element reference: stale element not found
  (Session info: chrome=135.0.7049.84)
For documentation on this error, please visit: https://www.selenium.dev/documentation/webdriver/troubleshooting/errors#stale-element-reference-exception
Build info: version: '4.31.0', revision: '1ef9f18787*'
System info: os.name: 'Windows 10', os.arch: 'amd64', os.version: '10.0', java.version: '17.0.6'
Driver info: org.openqa.selenium.chrome.ChromeDriver
Command: [aab1e7c5ea6638c94d6edec0282b3c2c, sendKeysToElement {value=[Ljava.lang.CharSequence;@17aed1c3, id=f.F2439AF83240DD1252B9B4AB539EFBFA.d.3DAD03F4F32DD0743E02F25FAA7EF4BD.e.8}]
Capabilities {acceptInsecureCerts: false, browserName: chrome, browserVersion: 135.0.7049.84, chrome: {chromedriverVersion: 135.0.7049.84 (6c019e560019..., userDataDir: C:\Users\ADMIN\AppData\Loca...}, fedcm:accounts: true, goog:chromeOptions: {debuggerAddress: localhost:59474}, networkConnectionEnabled: false, pageLoadStrategy: normal, platformName: windows, proxy: Proxy(), se:cdp: ws://localhost:59474/devtoo..., se:cdpVersion: 135.0.7049.84, setWindowRect: true, strictFileInteractability: false, timeouts: {implicit: 0, pageLoad: 300000, script: 30000}, unhandledPromptBehavior: dismiss and notify, webauthn:extension:credBlob: true, webauthn:extension:largeBlob: true, webauthn:extension:minPinLength: true, webauthn:extension:prf: true, webauthn:virtualAuthenticators: true}
Element: [[ChromeDriver: chrome on windows (aab1e7c5ea6638c94d6edec0282b3c2c)] -> xpath: //input[@id="small-searchterms"]]
Session ID: aab1e7c5ea6638c94d6edec0282b3c2c
at java.base/jdk.internal.reflect.NativeConstructorAccessorImpl.newInstance0(Native Method)
at java.base/jdk.internal.reflect.NativeConstructorAccessorImpl.newInstance(NativeConstructorAccessorImpl.java:77)
at java.base/jdk.internal.reflect.DelegatingConstructorAccessorImpl.newInstance(DelegatingConstructorAccessorImpl.java:45)
at java.base/java.lang.reflect.Constructor.newInstanceWithCaller(Constructor.java:499)
at java.base/java.lang.reflect.Constructor.newInstance(Constructor.java:480)
at org.openqa.selenium.remote.ErrorCodec.decode(ErrorCodec.java:167)
at org.openqa.selenium.remote.codec.w3c.W3CHttpResponseCodec.decode(W3CHttpResponseCodec.java:138)
at org.openqa.selenium.remote.codec.w3c.W3CHttpResponseCodec.decode(W3CHttpResponseCodec.java:50)
at org.openqa.selenium.remote.HttpCommandExecutor.execute(HttpCommandExecutor.java:215)
at org.openqa.selenium.remote.service.DriverCommandExecutor.invokeExecute(DriverCommandExecutor.java:216)
at org.openqa.selenium.remote.service.DriverCommandExecutor.execute(DriverCommandExecutor.java:174)
at org.openqa.selenium.remote.RemoteWebDriver.execute(RemoteWebDriver.java:545)
at org.openqa.selenium.remote.RemoteWebElement.execute(RemoteWebElement.java:223)
at org.openqa.selenium.remote.RemoteWebElement.sendKeys(RemoteWebElement.java:110)
at jdk.internal.reflect.GeneratedMethodAccessor110.invoke(Unknown Source)
at java.base/jdk.internal.reflect.DelegatingMethodAccessorImpl.invoke(DelegatingMethodAccessorImpl.java:43)
at java.base/java.lang.reflect.Method.invoke(Method.java:568)
at org.openqa.selenium.support.pagefactory.internal.LocatingElementHandler.invoke(LocatingElementHandler.java:51)
at jdk.proxy2/jdk.proxy2.$Proxy27.sendKeys(Unknown Source)
at com.Actions.ProductAction.addlaptopcart(ProductAction.java:172)
at com.Definitions.ProductStepDefinition.i_add_to_cart_the_laptop(ProductStepDefinition.java:149)
at ✽.I add to cart the laptop(file:///C:/Users/ADMIN/git/DemoWebShop-Cucumber/src/test/resources/Features/Product.feature:65)
]]>
            </full-stacktrace>
          </exception> <!-- org.openqa.selenium.StaleElementReferenceException -->
          <reporter-output>
          </reporter-output>
        </test-method> <!-- runScenario -->
        <test-method signature="runScenario(io.cucumber.testng.PickleWrapper,io.cucumber.testng.FeatureWrapper)[pri:0, instance:com.Runner.runnerTestNG@1018bde2]" started-at="2025-04-15T20:41:24 IST" name="runScenario" description="Runs Cucumber Scenarios" data-provider="scenarios" finished-at="2025-04-15T20:41:32 IST" duration-ms="7487" status="PASS">
          <params>
            <param index="0">
              <value>
                <![CDATA["Simple product search with valid keyword"]]>
              </value>
            </param>
            <param index="1">
              <value>
                <![CDATA["Search Functionality"]]>
              </value>
            </param>
          </params>
          <reporter-output>
          </reporter-output>
        </test-method> <!-- runScenario -->
        <test-method signature="runScenario(io.cucumber.testng.PickleWrapper,io.cucumber.testng.FeatureWrapper)[pri:0, instance:com.Runner.runnerTestNG@1018bde2]" started-at="2025-04-15T20:41:32 IST" name="runScenario" description="Runs Cucumber Scenarios" data-provider="scenarios" finished-at="2025-04-15T20:41:42 IST" duration-ms="9893" status="PASS">
          <params>
            <param index="0">
              <value>
                <![CDATA["Search with invalid or short keywords"]]>
              </value>
            </param>
            <param index="1">
              <value>
                <![CDATA["Search Functionality"]]>
              </value>
            </param>
          </params>
          <reporter-output>
          </reporter-output>
        </test-method> <!-- runScenario -->
        <test-method signature="runScenario(io.cucumber.testng.PickleWrapper,io.cucumber.testng.FeatureWrapper)[pri:0, instance:com.Runner.runnerTestNG@1018bde2]" started-at="2025-04-15T20:41:42 IST" name="runScenario" description="Runs Cucumber Scenarios" data-provider="scenarios" finished-at="2025-04-15T20:41:50 IST" duration-ms="8399" status="PASS">
          <params>
            <param index="0">
              <value>
                <![CDATA["Search with invalid or short keywords"]]>
              </value>
            </param>
            <param index="1">
              <value>
                <![CDATA["Search Functionality"]]>
              </value>
            </param>
          </params>
          <reporter-output>
          </reporter-output>
        </test-method> <!-- runScenario -->
        <test-method signature="runScenario(io.cucumber.testng.PickleWrapper,io.cucumber.testng.FeatureWrapper)[pri:0, instance:com.Runner.runnerTestNG@1018bde2]" started-at="2025-04-15T20:41:50 IST" name="runScenario" description="Runs Cucumber Scenarios" data-provider="scenarios" finished-at="2025-04-15T20:41:58 IST" duration-ms="7750" status="PASS">
          <params>
            <param index="0">
              <value>
                <![CDATA["Search with invalid or short keywords"]]>
              </value>
            </param>
            <param index="1">
              <value>
                <![CDATA["Search Functionality"]]>
              </value>
            </param>
          </params>
          <reporter-output>
          </reporter-output>
        </test-method> <!-- runScenario -->
        <test-method signature="runScenario(io.cucumber.testng.PickleWrapper,io.cucumber.testng.FeatureWrapper)[pri:0, instance:com.Runner.runnerTestNG@1018bde2]" started-at="2025-04-15T20:41:58 IST" name="runScenario" description="Runs Cucumber Scenarios" data-provider="scenarios" finished-at="2025-04-15T20:42:29 IST" duration-ms="31198" status="PASS">
          <params>
            <param index="0">
              <value>
                <![CDATA["Perform advanced product search with various filter combinations"]]>
              </value>
            </param>
            <param index="1">
              <value>
                <![CDATA["Search Functionality"]]>
              </value>
            </param>
          </params>
          <reporter-output>
          </reporter-output>
        </test-method> <!-- runScenario -->
        <test-method signature="runScenario(io.cucumber.testng.PickleWrapper,io.cucumber.testng.FeatureWrapper)[pri:0, instance:com.Runner.runnerTestNG@1018bde2]" started-at="2025-04-15T20:42:29 IST" name="runScenario" description="Runs Cucumber Scenarios" data-provider="scenarios" finished-at="2025-04-15T20:42:39 IST" duration-ms="9580" status="PASS">
          <params>
            <param index="0">
              <value>
                <![CDATA["Perform advanced product search with various filter combinations"]]>
              </value>
            </param>
            <param index="1">
              <value>
                <![CDATA["Search Functionality"]]>
              </value>
            </param>
          </params>
          <reporter-output>
          </reporter-output>
        </test-method> <!-- runScenario -->
        <test-method is-config="true" signature="tearDownClass()[pri:0, instance:com.Runner.runnerTestNG@1018bde2]" started-at="2025-04-15T20:42:39 IST" name="tearDownClass" finished-at="2025-04-15T20:42:43 IST" duration-ms="3954" status="PASS">
          <reporter-output>
          </reporter-output>
        </test-method> <!-- tearDownClass -->
      </class> <!-- com.Runner.runnerTestNG -->
    </test> <!-- Test -->
  </suite> <!-- Suite -->
</testng-results>
