<?xml version="1.0" encoding="UTF-8"?>
<testng-results ignored="0" total="63" passed="62" failed="1" skipped="0">
  <reporter-output>
  </reporter-output>
  <suite started-at="2025-04-17T07:42:21 IST" name="Suite" finished-at="2025-04-17T07:44:38 IST" duration-ms="137244">
    <groups>
      <group name="cucumber">
        <method signature="AbstractTestNGCucumberTests.runScenario(io.cucumber.testng.PickleWrapper,io.cucumber.testng.FeatureWrapper)[pri:0, instance:com.Runner.runnerTestNG@6497b078]" name="runScenario" class="io.cucumber.testng.AbstractTestNGCucumberTests"/>
      </group> <!-- cucumber -->
    </groups>
    <test started-at="2025-04-17T07:42:21 IST" name="Test" finished-at="2025-04-17T07:44:38 IST" duration-ms="137244">
      <class name="com.Runner.runnerTestNG">
        <test-method is-config="true" signature="setUpClass(org.testng.ITestContext)[pri:0, instance:com.Runner.runnerTestNG@6497b078]" started-at="2025-04-17T07:42:21 IST" name="setUpClass" finished-at="2025-04-17T07:42:22 IST" duration-ms="1117" status="PASS">
          <params>
            <param index="0">
              <value>
                <![CDATA[org.testng.TestRunner@63376bed]]>
              </value>
            </param>
          </params>
          <reporter-output>
          </reporter-output>
        </test-method> <!-- setUpClass -->
        <test-method signature="runScenario(io.cucumber.testng.PickleWrapper,io.cucumber.testng.FeatureWrapper)[pri:0, instance:com.Runner.runnerTestNG@6497b078]" started-at="2025-04-17T07:42:22 IST" name="runScenario" description="Runs Cucumber Scenarios" data-provider="scenarios" finished-at="2025-04-17T07:42:51 IST" duration-ms="28783" status="PASS">
          <params>
            <param index="0">
              <value>
                <![CDATA["checkout an item in the application"]]>
              </value>
            </param>
            <param index="1">
              <value>
                <![CDATA["Checkout the product in the web Application"]]>
              </value>
            </param>
          </params>
          <reporter-output>
          </reporter-output>
        </test-method> <!-- runScenario -->
        <test-method signature="runScenario(io.cucumber.testng.PickleWrapper,io.cucumber.testng.FeatureWrapper)[pri:0, instance:com.Runner.runnerTestNG@6497b078]" started-at="2025-04-17T07:42:22 IST" name="runScenario" description="Runs Cucumber Scenarios" data-provider="scenarios" finished-at="2025-04-17T07:42:51 IST" duration-ms="28576" status="PASS">
          <params>
            <param index="0">
              <value>
                <![CDATA["checkout and download the invoice pdf"]]>
              </value>
            </param>
            <param index="1">
              <value>
                <![CDATA["Checkout the product in the web Application"]]>
              </value>
            </param>
          </params>
          <reporter-output>
          </reporter-output>
        </test-method> <!-- runScenario -->
        <test-method signature="runScenario(io.cucumber.testng.PickleWrapper,io.cucumber.testng.FeatureWrapper)[pri:0, instance:com.Runner.runnerTestNG@6497b078]" started-at="2025-04-17T07:42:22 IST" name="runScenario" description="Runs Cucumber Scenarios" data-provider="scenarios" finished-at="2025-04-17T07:42:51 IST" duration-ms="28726" status="PASS">
          <params>
            <param index="0">
              <value>
                <![CDATA["Apply all Sort By options for books"]]>
              </value>
            </param>
            <param index="1">
              <value>
                <![CDATA["Book Product Functionality"]]>
              </value>
            </param>
          </params>
          <reporter-output>
          </reporter-output>
        </test-method> <!-- runScenario -->
        <test-method signature="runScenario(io.cucumber.testng.PickleWrapper,io.cucumber.testng.FeatureWrapper)[pri:0, instance:com.Runner.runnerTestNG@6497b078]" started-at="2025-04-17T07:42:22 IST" name="runScenario" description="Runs Cucumber Scenarios" data-provider="scenarios" finished-at="2025-04-17T07:42:51 IST" duration-ms="28642" status="PASS">
          <params>
            <param index="0">
              <value>
                <![CDATA["Comparing two different products"]]>
              </value>
            </param>
            <param index="1">
              <value>
                <![CDATA["Book Product Functionality"]]>
              </value>
            </param>
          </params>
          <reporter-output>
          </reporter-output>
        </test-method> <!-- runScenario -->
        <test-method signature="runScenario(io.cucumber.testng.PickleWrapper,io.cucumber.testng.FeatureWrapper)[pri:0, instance:com.Runner.runnerTestNG@6497b078]" started-at="2025-04-17T07:42:22 IST" name="runScenario" description="Runs Cucumber Scenarios" data-provider="scenarios" finished-at="2025-04-17T07:43:17 IST" duration-ms="54861" status="PASS">
          <params>
            <param index="0">
              <value>
                <![CDATA["Adding Address"]]>
              </value>
            </param>
            <param index="1">
              <value>
                <![CDATA["Validating Address Section"]]>
              </value>
            </param>
          </params>
          <reporter-output>
          </reporter-output>
        </test-method> <!-- runScenario -->
        <test-method signature="runScenario(io.cucumber.testng.PickleWrapper,io.cucumber.testng.FeatureWrapper)[pri:0, instance:com.Runner.runnerTestNG@6497b078]" started-at="2025-04-17T07:42:22 IST" name="runScenario" description="Runs Cucumber Scenarios" data-provider="scenarios" finished-at="2025-04-17T07:42:39 IST" duration-ms="16290" status="PASS">
          <params>
            <param index="0">
              <value>
                <![CDATA["Navigate to checkout page Without clicking the terms & conditions"]]>
              </value>
            </param>
            <param index="1">
              <value>
                <![CDATA["Checkout the product in the web Application"]]>
              </value>
            </param>
          </params>
          <reporter-output>
          </reporter-output>
        </test-method> <!-- runScenario -->
        <test-method signature="runScenario(io.cucumber.testng.PickleWrapper,io.cucumber.testng.FeatureWrapper)[pri:0, instance:com.Runner.runnerTestNG@6497b078]" started-at="2025-04-17T07:42:22 IST" name="runScenario" description="Runs Cucumber Scenarios" data-provider="scenarios" finished-at="2025-04-17T07:43:04 IST" duration-ms="42257" status="PASS">
          <params>
            <param index="0">
              <value>
                <![CDATA["Apply filter options for books"]]>
              </value>
            </param>
            <param index="1">
              <value>
                <![CDATA["Book Product Functionality"]]>
              </value>
            </param>
          </params>
          <reporter-output>
          </reporter-output>
        </test-method> <!-- runScenario -->
        <test-method signature="runScenario(io.cucumber.testng.PickleWrapper,io.cucumber.testng.FeatureWrapper)[pri:0, instance:com.Runner.runnerTestNG@6497b078]" started-at="2025-04-17T07:42:22 IST" name="runScenario" description="Runs Cucumber Scenarios" data-provider="scenarios" finished-at="2025-04-17T07:42:38 IST" duration-ms="16219" status="PASS">
          <params>
            <param index="0">
              <value>
                <![CDATA["View all books available"]]>
              </value>
            </param>
            <param index="1">
              <value>
                <![CDATA["Book Product Functionality"]]>
              </value>
            </param>
          </params>
          <reporter-output>
          </reporter-output>
        </test-method> <!-- runScenario -->
        <test-method signature="runScenario(io.cucumber.testng.PickleWrapper,io.cucumber.testng.FeatureWrapper)[pri:0, instance:com.Runner.runnerTestNG@6497b078]" started-at="2025-04-17T07:42:22 IST" name="runScenario" description="Runs Cucumber Scenarios" data-provider="scenarios" finished-at="2025-04-17T07:42:51 IST" duration-ms="28911" status="PASS">
          <params>
            <param index="0">
              <value>
                <![CDATA["Deleting the already present address"]]>
              </value>
            </param>
            <param index="1">
              <value>
                <![CDATA["Validating Address Section"]]>
              </value>
            </param>
          </params>
          <reporter-output>
          </reporter-output>
        </test-method> <!-- runScenario -->
        <test-method signature="runScenario(io.cucumber.testng.PickleWrapper,io.cucumber.testng.FeatureWrapper)[pri:0, instance:com.Runner.runnerTestNG@6497b078]" started-at="2025-04-17T07:42:22 IST" name="runScenario" description="Runs Cucumber Scenarios" data-provider="scenarios" finished-at="2025-04-17T07:42:39 IST" duration-ms="16342" status="PASS">
          <params>
            <param index="0">
              <value>
                <![CDATA["View details of a specific book"]]>
              </value>
            </param>
            <param index="1">
              <value>
                <![CDATA["Book Product Functionality"]]>
              </value>
            </param>
          </params>
          <reporter-output>
          </reporter-output>
        </test-method> <!-- runScenario -->
        <test-method signature="runScenario(io.cucumber.testng.PickleWrapper,io.cucumber.testng.FeatureWrapper)[pri:0, instance:com.Runner.runnerTestNG@6497b078]" started-at="2025-04-17T07:42:38 IST" name="runScenario" description="Runs Cucumber Scenarios" data-provider="scenarios" finished-at="2025-04-17T07:43:04 IST" duration-ms="25580" status="PASS">
          <params>
            <param index="0">
              <value>
                <![CDATA["To read the invoice pdf in the application"]]>
              </value>
            </param>
            <param index="1">
              <value>
                <![CDATA["Checkout the product in the web Application"]]>
              </value>
            </param>
          </params>
          <reporter-output>
          </reporter-output>
        </test-method> <!-- runScenario -->
        <test-method signature="runScenario(io.cucumber.testng.PickleWrapper,io.cucumber.testng.FeatureWrapper)[pri:0, instance:com.Runner.runnerTestNG@6497b078]" started-at="2025-04-17T07:42:39 IST" name="runScenario" description="Runs Cucumber Scenarios" data-provider="scenarios" finished-at="2025-04-17T07:43:05 IST" duration-ms="26496" status="PASS">
          <params>
            <param index="0">
              <value>
                <![CDATA["purchase an item and choose store pickup"]]>
              </value>
            </param>
            <param index="1">
              <value>
                <![CDATA["Checkout the product in the web Application"]]>
              </value>
            </param>
          </params>
          <reporter-output>
          </reporter-output>
        </test-method> <!-- runScenario -->
        <test-method signature="runScenario(io.cucumber.testng.PickleWrapper,io.cucumber.testng.FeatureWrapper)[pri:0, instance:com.Runner.runnerTestNG@6497b078]" started-at="2025-04-17T07:42:39 IST" name="runScenario" description="Runs Cucumber Scenarios" data-provider="scenarios" finished-at="2025-04-17T07:43:29 IST" duration-ms="50682" status="FAIL">
          <params>
            <param index="0">
              <value>
                <![CDATA["purchase an item and choose the credit card"]]>
              </value>
            </param>
            <param index="1">
              <value>
                <![CDATA["Checkout the product in the web Application"]]>
              </value>
            </param>
          </params>
          <exception class="org.openqa.selenium.TimeoutException">
            <message>
              <![CDATA[Expected condition failed: waiting for presence of element located by: By.xpath: //div[@class='section payment-method']//ul//li[3]//div//div[2]//input (tried for 20 second(s) with 500 milliseconds interval)]]>
            </message>
            <full-stacktrace>
              <![CDATA[org.openqa.selenium.TimeoutException: Expected condition failed: waiting for presence of element located by: By.xpath: //div[@class='section payment-method']//ul//li[3]//div//div[2]//input (tried for 20 second(s) with 500 milliseconds interval)
at org.openqa.selenium.support.ui.WebDriverWait.timeoutException(WebDriverWait.java:84)
at org.openqa.selenium.support.ui.FluentWait.until(FluentWait.java:228)
at com.Actions.CheckoutAction.creditcardcheckbox(CheckoutAction.java:161)
at com.Definitions.CheckoutStepDefinition.select_the_credit_card_method_and_enter_the_required_fields(CheckoutStepDefinition.java:164)
at ✽.select the credit card method and enter the required fields(file:///C:/Users/Lenovo/git/DemoWebShop-Cucumber/src/test/resources/Features/CheckOut.feature:53)
Caused by: org.openqa.selenium.NoSuchElementException: no such element: Unable to locate element: {"method":"xpath","selector":"//div[@class='section payment-method']//ul//li[3]//div//div[2]//input"}
  (Session info: chrome=135.0.7049.86)
For documentation on this error, please visit: https://www.selenium.dev/documentation/webdriver/troubleshooting/errors#no-such-element-exception
Build info: version: '4.31.0', revision: '1ef9f18787*'
System info: os.name: 'Windows 11', os.arch: 'amd64', os.version: '10.0', java.version: '21.0.6'
Driver info: org.openqa.selenium.chrome.ChromeDriver
Command: [b3da965a5d7c244c3e1b4ce6126ffa64, findElement {value=//div[@class='section payment-method']//ul//li[3]//div//div[2]//input, using=xpath}]
Capabilities {acceptInsecureCerts: false, browserName: chrome, browserVersion: 135.0.7049.86, chrome: {chromedriverVersion: 135.0.7049.95 (de2eb485a195..., userDataDir: C:\Users\Lenovo\AppData\Loc...}, fedcm:accounts: true, goog:chromeOptions: {debuggerAddress: localhost:49816}, networkConnectionEnabled: false, pageLoadStrategy: normal, platformName: windows, proxy: Proxy(), se:cdp: ws://localhost:49816/devtoo..., se:cdpVersion: 135.0.7049.86, setWindowRect: true, strictFileInteractability: false, timeouts: {implicit: 0, pageLoad: 300000, script: 30000}, unhandledPromptBehavior: dismiss and notify, webauthn:extension:credBlob: true, webauthn:extension:largeBlob: true, webauthn:extension:minPinLength: true, webauthn:extension:prf: true, webauthn:virtualAuthenticators: true}
Session ID: b3da965a5d7c244c3e1b4ce6126ffa64
at java.base/jdk.internal.reflect.DirectConstructorHandleAccessor.newInstance(DirectConstructorHandleAccessor.java:62)
at java.base/java.lang.reflect.Constructor.newInstanceWithCaller(Constructor.java:502)
at java.base/java.lang.reflect.Constructor.newInstance(Constructor.java:486)
at org.openqa.selenium.remote.ErrorCodec.decode(ErrorCodec.java:167)
at org.openqa.selenium.remote.codec.w3c.W3CHttpResponseCodec.decode(W3CHttpResponseCodec.java:138)
at org.openqa.selenium.remote.codec.w3c.W3CHttpResponseCodec.decode(W3CHttpResponseCodec.java:50)
at org.openqa.selenium.remote.HttpCommandExecutor.execute(HttpCommandExecutor.java:215)
at org.openqa.selenium.remote.service.DriverCommandExecutor.invokeExecute(DriverCommandExecutor.java:216)
at org.openqa.selenium.remote.service.DriverCommandExecutor.execute(DriverCommandExecutor.java:174)
at org.openqa.selenium.remote.RemoteWebDriver.execute(RemoteWebDriver.java:545)
at org.openqa.selenium.remote.ElementLocation$ElementFinder$2.findElement(ElementLocation.java:165)
at org.openqa.selenium.remote.ElementLocation.findElement(ElementLocation.java:59)
at org.openqa.selenium.remote.RemoteWebDriver.findElement(RemoteWebDriver.java:368)
at org.openqa.selenium.remote.RemoteWebDriver.findElement(RemoteWebDriver.java:362)
at org.openqa.selenium.support.ui.ExpectedConditions$6.apply(ExpectedConditions.java:171)
at org.openqa.selenium.support.ui.ExpectedConditions$6.apply(ExpectedConditions.java:168)
at org.openqa.selenium.support.ui.FluentWait.until(FluentWait.java:203)
... 3 more
]]>
            </full-stacktrace>
          </exception> <!-- org.openqa.selenium.TimeoutException -->
          <reporter-output>
          </reporter-output>
        </test-method> <!-- runScenario -->
        <test-method signature="runScenario(io.cucumber.testng.PickleWrapper,io.cucumber.testng.FeatureWrapper)[pri:0, instance:com.Runner.runnerTestNG@6497b078]" started-at="2025-04-17T07:42:51 IST" name="runScenario" description="Runs Cucumber Scenarios" data-provider="scenarios" finished-at="2025-04-17T07:43:29 IST" duration-ms="38213" status="PASS">
          <params>
            <param index="0">
              <value>
                <![CDATA["purchase an item and choose the two day shipping"]]>
              </value>
            </param>
            <param index="1">
              <value>
                <![CDATA["Checkout the product in the web Application"]]>
              </value>
            </param>
          </params>
          <reporter-output>
          </reporter-output>
        </test-method> <!-- runScenario -->
        <test-method signature="runScenario(io.cucumber.testng.PickleWrapper,io.cucumber.testng.FeatureWrapper)[pri:0, instance:com.Runner.runnerTestNG@6497b078]" started-at="2025-04-17T07:42:51 IST" name="runScenario" description="Runs Cucumber Scenarios" data-provider="scenarios" finished-at="2025-04-17T07:43:45 IST" duration-ms="53848" status="PASS">
          <params>
            <param index="0">
              <value>
                <![CDATA["user should click the store pick up after the shipping methods"]]>
              </value>
            </param>
            <param index="1">
              <value>
                <![CDATA["Checkout the product in the web Application"]]>
              </value>
            </param>
          </params>
          <reporter-output>
          </reporter-output>
        </test-method> <!-- runScenario -->
        <test-method signature="runScenario(io.cucumber.testng.PickleWrapper,io.cucumber.testng.FeatureWrapper)[pri:0, instance:com.Runner.runnerTestNG@6497b078]" started-at="2025-04-17T07:42:51 IST" name="runScenario" description="Runs Cucumber Scenarios" data-provider="scenarios" finished-at="2025-04-17T07:43:04 IST" duration-ms="13132" status="PASS">
          <params>
            <param index="0">
              <value>
                <![CDATA["add product to the cart"]]>
              </value>
            </param>
            <param index="1">
              <value>
                <![CDATA["category under digital download product is added to cart"]]>
              </value>
            </param>
          </params>
          <reporter-output>
          </reporter-output>
        </test-method> <!-- runScenario -->
        <test-method signature="runScenario(io.cucumber.testng.PickleWrapper,io.cucumber.testng.FeatureWrapper)[pri:0, instance:com.Runner.runnerTestNG@6497b078]" started-at="2025-04-17T07:42:51 IST" name="runScenario" description="Runs Cucumber Scenarios" data-provider="scenarios" finished-at="2025-04-17T07:43:05 IST" duration-ms="13747" status="PASS">
          <params>
            <param index="0">
              <value>
                <![CDATA["select the filters view product"]]>
              </value>
            </param>
            <param index="1">
              <value>
                <![CDATA["category under digital download product is added to cart"]]>
              </value>
            </param>
          </params>
          <reporter-output>
          </reporter-output>
        </test-method> <!-- runScenario -->
        <test-method signature="runScenario(io.cucumber.testng.PickleWrapper,io.cucumber.testng.FeatureWrapper)[pri:0, instance:com.Runner.runnerTestNG@6497b078]" started-at="2025-04-17T07:42:51 IST" name="runScenario" description="Runs Cucumber Scenarios" data-provider="scenarios" finished-at="2025-04-17T07:43:05 IST" duration-ms="13940" status="PASS">
          <params>
            <param index="0">
              <value>
                <![CDATA["verify the user is on the digital download page"]]>
              </value>
            </param>
            <param index="1">
              <value>
                <![CDATA["category under digital download product is added to cart"]]>
              </value>
            </param>
          </params>
          <reporter-output>
          </reporter-output>
        </test-method> <!-- runScenario -->
        <test-method signature="runScenario(io.cucumber.testng.PickleWrapper,io.cucumber.testng.FeatureWrapper)[pri:0, instance:com.Runner.runnerTestNG@6497b078]" started-at="2025-04-17T07:43:04 IST" name="runScenario" description="Runs Cucumber Scenarios" data-provider="scenarios" finished-at="2025-04-17T07:43:17 IST" duration-ms="13075" status="PASS">
          <params>
            <param index="0">
              <value>
                <![CDATA["Subscribe with valid email address"]]>
              </value>
            </param>
            <param index="1">
              <value>
                <![CDATA["HomePageFunctionality"]]>
              </value>
            </param>
          </params>
          <reporter-output>
          </reporter-output>
        </test-method> <!-- runScenario -->
        <test-method signature="runScenario(io.cucumber.testng.PickleWrapper,io.cucumber.testng.FeatureWrapper)[pri:0, instance:com.Runner.runnerTestNG@6497b078]" started-at="2025-04-17T07:43:04 IST" name="runScenario" description="Runs Cucumber Scenarios" data-provider="scenarios" finished-at="2025-04-17T07:43:17 IST" duration-ms="13108" status="PASS">
          <params>
            <param index="0">
              <value>
                <![CDATA["Subscribe with invalid email address"]]>
              </value>
            </param>
            <param index="1">
              <value>
                <![CDATA["HomePageFunctionality"]]>
              </value>
            </param>
          </params>
          <reporter-output>
          </reporter-output>
        </test-method> <!-- runScenario -->
        <test-method signature="runScenario(io.cucumber.testng.PickleWrapper,io.cucumber.testng.FeatureWrapper)[pri:0, instance:com.Runner.runnerTestNG@6497b078]" started-at="2025-04-17T07:43:05 IST" name="runScenario" description="Runs Cucumber Scenarios" data-provider="scenarios" finished-at="2025-04-17T07:43:17 IST" duration-ms="12643" status="PASS">
          <params>
            <param index="0">
              <value>
                <![CDATA["View featured products as list"]]>
              </value>
            </param>
            <param index="1">
              <value>
                <![CDATA["HomePageFunctionality"]]>
              </value>
            </param>
          </params>
          <reporter-output>
          </reporter-output>
        </test-method> <!-- runScenario -->
        <test-method signature="runScenario(io.cucumber.testng.PickleWrapper,io.cucumber.testng.FeatureWrapper)[pri:0, instance:com.Runner.runnerTestNG@6497b078]" started-at="2025-04-17T07:43:05 IST" name="runScenario" description="Runs Cucumber Scenarios" data-provider="scenarios" finished-at="2025-04-17T07:43:17 IST" duration-ms="12353" status="PASS">
          <params>
            <param index="0">
              <value>
                <![CDATA["Poll the vote without logging in"]]>
              </value>
            </param>
            <param index="1">
              <value>
                <![CDATA["HomePageFunctionality"]]>
              </value>
            </param>
          </params>
          <reporter-output>
          </reporter-output>
        </test-method> <!-- runScenario -->
        <test-method signature="runScenario(io.cucumber.testng.PickleWrapper,io.cucumber.testng.FeatureWrapper)[pri:0, instance:com.Runner.runnerTestNG@6497b078]" started-at="2025-04-17T07:43:05 IST" name="runScenario" description="Runs Cucumber Scenarios" data-provider="scenarios" finished-at="2025-04-17T07:43:29 IST" duration-ms="24203" status="PASS">
          <params>
            <param index="0">
              <value>
                <![CDATA["Login with valid and invalid credentials"]]>
              </value>
            </param>
            <param index="1">
              <value>
                <![CDATA["Login"]]>
              </value>
            </param>
          </params>
          <reporter-output>
          </reporter-output>
        </test-method> <!-- runScenario -->
        <test-method signature="runScenario(io.cucumber.testng.PickleWrapper,io.cucumber.testng.FeatureWrapper)[pri:0, instance:com.Runner.runnerTestNG@6497b078]" started-at="2025-04-17T07:43:05 IST" name="runScenario" description="Runs Cucumber Scenarios" data-provider="scenarios" finished-at="2025-04-17T07:43:17 IST" duration-ms="11854" status="PASS">
          <params>
            <param index="0">
              <value>
                <![CDATA["Login with valid and invalid credentials"]]>
              </value>
            </param>
            <param index="1">
              <value>
                <![CDATA["Login"]]>
              </value>
            </param>
          </params>
          <reporter-output>
          </reporter-output>
        </test-method> <!-- runScenario -->
        <test-method signature="runScenario(io.cucumber.testng.PickleWrapper,io.cucumber.testng.FeatureWrapper)[pri:0, instance:com.Runner.runnerTestNG@6497b078]" started-at="2025-04-17T07:43:17 IST" name="runScenario" description="Runs Cucumber Scenarios" data-provider="scenarios" finished-at="2025-04-17T07:43:29 IST" duration-ms="12177" status="PASS">
          <params>
            <param index="0">
              <value>
                <![CDATA["Login with valid and invalid credentials"]]>
              </value>
            </param>
            <param index="1">
              <value>
                <![CDATA["Login"]]>
              </value>
            </param>
          </params>
          <reporter-output>
          </reporter-output>
        </test-method> <!-- runScenario -->
        <test-method signature="runScenario(io.cucumber.testng.PickleWrapper,io.cucumber.testng.FeatureWrapper)[pri:0, instance:com.Runner.runnerTestNG@6497b078]" started-at="2025-04-17T07:43:17 IST" name="runScenario" description="Runs Cucumber Scenarios" data-provider="scenarios" finished-at="2025-04-17T07:43:30 IST" duration-ms="13009" status="PASS">
          <params>
            <param index="0">
              <value>
                <![CDATA["Login with valid and invalid credentials"]]>
              </value>
            </param>
            <param index="1">
              <value>
                <![CDATA["Login"]]>
              </value>
            </param>
          </params>
          <reporter-output>
          </reporter-output>
        </test-method> <!-- runScenario -->
        <test-method signature="runScenario(io.cucumber.testng.PickleWrapper,io.cucumber.testng.FeatureWrapper)[pri:0, instance:com.Runner.runnerTestNG@6497b078]" started-at="2025-04-17T07:43:17 IST" name="runScenario" description="Runs Cucumber Scenarios" data-provider="scenarios" finished-at="2025-04-17T07:43:29 IST" duration-ms="11999" status="PASS">
          <params>
            <param index="0">
              <value>
                <![CDATA["Forgot password with valid and invalid email"]]>
              </value>
            </param>
            <param index="1">
              <value>
                <![CDATA["Login"]]>
              </value>
            </param>
          </params>
          <reporter-output>
          </reporter-output>
        </test-method> <!-- runScenario -->
        <test-method signature="runScenario(io.cucumber.testng.PickleWrapper,io.cucumber.testng.FeatureWrapper)[pri:0, instance:com.Runner.runnerTestNG@6497b078]" started-at="2025-04-17T07:43:17 IST" name="runScenario" description="Runs Cucumber Scenarios" data-provider="scenarios" finished-at="2025-04-17T07:43:30 IST" duration-ms="12735" status="PASS">
          <params>
            <param index="0">
              <value>
                <![CDATA["Forgot password with valid and invalid email"]]>
              </value>
            </param>
            <param index="1">
              <value>
                <![CDATA["Login"]]>
              </value>
            </param>
          </params>
          <reporter-output>
          </reporter-output>
        </test-method> <!-- runScenario -->
        <test-method signature="runScenario(io.cucumber.testng.PickleWrapper,io.cucumber.testng.FeatureWrapper)[pri:0, instance:com.Runner.runnerTestNG@6497b078]" started-at="2025-04-17T07:43:17 IST" name="runScenario" description="Runs Cucumber Scenarios" data-provider="scenarios" finished-at="2025-04-17T07:43:30 IST" duration-ms="12755" status="PASS">
          <params>
            <param index="0">
              <value>
                <![CDATA["Forgot password with valid and invalid email"]]>
              </value>
            </param>
            <param index="1">
              <value>
                <![CDATA["Login"]]>
              </value>
            </param>
          </params>
          <reporter-output>
          </reporter-output>
        </test-method> <!-- runScenario -->
        <test-method signature="runScenario(io.cucumber.testng.PickleWrapper,io.cucumber.testng.FeatureWrapper)[pri:0, instance:com.Runner.runnerTestNG@6497b078]" started-at="2025-04-17T07:43:17 IST" name="runScenario" description="Runs Cucumber Scenarios" data-provider="scenarios" finished-at="2025-04-17T07:43:44 IST" duration-ms="26939" status="PASS">
          <params>
            <param index="0">
              <value>
                <![CDATA["ChangePassword"]]>
              </value>
            </param>
            <param index="1">
              <value>
                <![CDATA["Validating My Account Section"]]>
              </value>
            </param>
          </params>
          <reporter-output>
          </reporter-output>
        </test-method> <!-- runScenario -->
        <test-method signature="runScenario(io.cucumber.testng.PickleWrapper,io.cucumber.testng.FeatureWrapper)[pri:0, instance:com.Runner.runnerTestNG@6497b078]" started-at="2025-04-17T07:43:29 IST" name="runScenario" description="Runs Cucumber Scenarios" data-provider="scenarios" finished-at="2025-04-17T07:44:02 IST" duration-ms="33011" status="PASS">
          <params>
            <param index="0">
              <value>
                <![CDATA["ChangePassword"]]>
              </value>
            </param>
            <param index="1">
              <value>
                <![CDATA["Validating My Account Section"]]>
              </value>
            </param>
          </params>
          <reporter-output>
          </reporter-output>
        </test-method> <!-- runScenario -->
        <test-method signature="runScenario(io.cucumber.testng.PickleWrapper,io.cucumber.testng.FeatureWrapper)[pri:0, instance:com.Runner.runnerTestNG@6497b078]" started-at="2025-04-17T07:43:29 IST" name="runScenario" description="Runs Cucumber Scenarios" data-provider="scenarios" finished-at="2025-04-17T07:43:45 IST" duration-ms="15478" status="PASS">
          <params>
            <param index="0">
              <value>
                <![CDATA["verify the orders with products details"]]>
              </value>
            </param>
            <param index="1">
              <value>
                <![CDATA["Validating My Account Section"]]>
              </value>
            </param>
          </params>
          <reporter-output>
          </reporter-output>
        </test-method> <!-- runScenario -->
        <test-method signature="runScenario(io.cucumber.testng.PickleWrapper,io.cucumber.testng.FeatureWrapper)[pri:0, instance:com.Runner.runnerTestNG@6497b078]" started-at="2025-04-17T07:43:29 IST" name="runScenario" description="Runs Cucumber Scenarios" data-provider="scenarios" finished-at="2025-04-17T07:43:45 IST" duration-ms="15762" status="PASS">
          <params>
            <param index="0">
              <value>
                <![CDATA["verify the back in stock subscriptions"]]>
              </value>
            </param>
            <param index="1">
              <value>
                <![CDATA["Validating My Account Section"]]>
              </value>
            </param>
          </params>
          <reporter-output>
          </reporter-output>
        </test-method> <!-- runScenario -->
        <test-method signature="runScenario(io.cucumber.testng.PickleWrapper,io.cucumber.testng.FeatureWrapper)[pri:0, instance:com.Runner.runnerTestNG@6497b078]" started-at="2025-04-17T07:43:29 IST" name="runScenario" description="Runs Cucumber Scenarios" data-provider="scenarios" finished-at="2025-04-17T07:43:45 IST" duration-ms="15596" status="PASS">
          <params>
            <param index="0">
              <value>
                <![CDATA["verify the current balance of reward points"]]>
              </value>
            </param>
            <param index="1">
              <value>
                <![CDATA["Validating My Account Section"]]>
              </value>
            </param>
          </params>
          <reporter-output>
          </reporter-output>
        </test-method> <!-- runScenario -->
        <test-method signature="runScenario(io.cucumber.testng.PickleWrapper,io.cucumber.testng.FeatureWrapper)[pri:0, instance:com.Runner.runnerTestNG@6497b078]" started-at="2025-04-17T07:43:29 IST" name="runScenario" description="Runs Cucumber Scenarios" data-provider="scenarios" finished-at="2025-04-17T07:43:47 IST" duration-ms="17606" status="PASS">
          <params>
            <param index="0">
              <value>
                <![CDATA["verify the customer info"]]>
              </value>
            </param>
            <param index="1">
              <value>
                <![CDATA["Validating My Account Section"]]>
              </value>
            </param>
          </params>
          <reporter-output>
          </reporter-output>
        </test-method> <!-- runScenario -->
        <test-method signature="runScenario(io.cucumber.testng.PickleWrapper,io.cucumber.testng.FeatureWrapper)[pri:0, instance:com.Runner.runnerTestNG@6497b078]" started-at="2025-04-17T07:43:30 IST" name="runScenario" description="Runs Cucumber Scenarios" data-provider="scenarios" finished-at="2025-04-17T07:43:48 IST" duration-ms="18019" status="PASS">
          <params>
            <param index="0">
              <value>
                <![CDATA["Adding and Removing a Product in the Shopping Cart"]]>
              </value>
            </param>
            <param index="1">
              <value>
                <![CDATA["Product Details Validation and purchasing in the Shopping cart page"]]>
              </value>
            </param>
          </params>
          <reporter-output>
          </reporter-output>
        </test-method> <!-- runScenario -->
        <test-method signature="runScenario(io.cucumber.testng.PickleWrapper,io.cucumber.testng.FeatureWrapper)[pri:0, instance:com.Runner.runnerTestNG@6497b078]" started-at="2025-04-17T07:43:30 IST" name="runScenario" description="Runs Cucumber Scenarios" data-provider="scenarios" finished-at="2025-04-17T07:44:02 IST" duration-ms="32298" status="PASS">
          <params>
            <param index="0">
              <value>
                <![CDATA["Validating the Product Details and Adding to Cart"]]>
              </value>
            </param>
            <param index="1">
              <value>
                <![CDATA["Product Details Validation and purchasing in the Shopping cart page"]]>
              </value>
            </param>
          </params>
          <reporter-output>
          </reporter-output>
        </test-method> <!-- runScenario -->
        <test-method signature="runScenario(io.cucumber.testng.PickleWrapper,io.cucumber.testng.FeatureWrapper)[pri:0, instance:com.Runner.runnerTestNG@6497b078]" started-at="2025-04-17T07:43:30 IST" name="runScenario" description="Runs Cucumber Scenarios" data-provider="scenarios" finished-at="2025-04-17T07:43:48 IST" duration-ms="18251" status="PASS">
          <params>
            <param index="0">
              <value>
                <![CDATA["Verify the product is same as in the auto-generated url in wishlist page"]]>
              </value>
            </param>
            <param index="1">
              <value>
                <![CDATA["Product Details Validation and purchasing in the Shopping cart page"]]>
              </value>
            </param>
          </params>
          <reporter-output>
          </reporter-output>
        </test-method> <!-- runScenario -->
        <test-method signature="runScenario(io.cucumber.testng.PickleWrapper,io.cucumber.testng.FeatureWrapper)[pri:0, instance:com.Runner.runnerTestNG@6497b078]" started-at="2025-04-17T07:43:44 IST" name="runScenario" description="Runs Cucumber Scenarios" data-provider="scenarios" finished-at="2025-04-17T07:44:03 IST" duration-ms="19179" status="PASS">
          <params>
            <param index="0">
              <value>
                <![CDATA["verify the quantity of the product is increased"]]>
              </value>
            </param>
            <param index="1">
              <value>
                <![CDATA["Product Details Validation and purchasing in the Shopping cart page"]]>
              </value>
            </param>
          </params>
          <reporter-output>
          </reporter-output>
        </test-method> <!-- runScenario -->
        <test-method signature="runScenario(io.cucumber.testng.PickleWrapper,io.cucumber.testng.FeatureWrapper)[pri:0, instance:com.Runner.runnerTestNG@6497b078]" started-at="2025-04-17T07:43:45 IST" name="runScenario" description="Runs Cucumber Scenarios" data-provider="scenarios" finished-at="2025-04-17T07:44:03 IST" duration-ms="18414" status="PASS">
          <params>
            <param index="0">
              <value>
                <![CDATA["send a product details through valid email a friend"]]>
              </value>
            </param>
            <param index="1">
              <value>
                <![CDATA["Product Details Validation and purchasing in the Shopping cart page"]]>
              </value>
            </param>
          </params>
          <reporter-output>
          </reporter-output>
        </test-method> <!-- runScenario -->
        <test-method signature="runScenario(io.cucumber.testng.PickleWrapper,io.cucumber.testng.FeatureWrapper)[pri:0, instance:com.Runner.runnerTestNG@6497b078]" started-at="2025-04-17T07:43:45 IST" name="runScenario" description="Runs Cucumber Scenarios" data-provider="scenarios" finished-at="2025-04-17T07:44:15 IST" duration-ms="30376" status="PASS">
          <params>
            <param index="0">
              <value>
                <![CDATA["send a product details through Invalid email a friend"]]>
              </value>
            </param>
            <param index="1">
              <value>
                <![CDATA["Product Details Validation and purchasing in the Shopping cart page"]]>
              </value>
            </param>
          </params>
          <reporter-output>
          </reporter-output>
        </test-method> <!-- runScenario -->
        <test-method signature="runScenario(io.cucumber.testng.PickleWrapper,io.cucumber.testng.FeatureWrapper)[pri:0, instance:com.Runner.runnerTestNG@6497b078]" started-at="2025-04-17T07:43:45 IST" name="runScenario" description="Runs Cucumber Scenarios" data-provider="scenarios" finished-at="2025-04-17T07:44:03 IST" duration-ms="18377" status="PASS">
          <params>
            <param index="0">
              <value>
                <![CDATA["Verify the product is added in wishlist to shopping cart"]]>
              </value>
            </param>
            <param index="1">
              <value>
                <![CDATA["Product Details Validation and purchasing in the Shopping cart page"]]>
              </value>
            </param>
          </params>
          <reporter-output>
          </reporter-output>
        </test-method> <!-- runScenario -->
        <test-method signature="runScenario(io.cucumber.testng.PickleWrapper,io.cucumber.testng.FeatureWrapper)[pri:0, instance:com.Runner.runnerTestNG@6497b078]" started-at="2025-04-17T07:43:45 IST" name="runScenario" description="Runs Cucumber Scenarios" data-provider="scenarios" finished-at="2025-04-17T07:44:02 IST" duration-ms="17250" status="PASS">
          <params>
            <param index="0">
              <value>
                <![CDATA["To get a Shipping Estimation details"]]>
              </value>
            </param>
            <param index="1">
              <value>
                <![CDATA["Product Details Validation and purchasing in the Shopping cart page"]]>
              </value>
            </param>
          </params>
          <reporter-output>
          </reporter-output>
        </test-method> <!-- runScenario -->
        <test-method signature="runScenario(io.cucumber.testng.PickleWrapper,io.cucumber.testng.FeatureWrapper)[pri:0, instance:com.Runner.runnerTestNG@6497b078]" started-at="2025-04-17T07:43:47 IST" name="runScenario" description="Runs Cucumber Scenarios" data-provider="scenarios" finished-at="2025-04-17T07:44:02 IST" duration-ms="15233" status="PASS">
          <params>
            <param index="0">
              <value>
                <![CDATA["View submitted reviews of a product"]]>
              </value>
            </param>
            <param index="1">
              <value>
                <![CDATA["Review a product Functionality"]]>
              </value>
            </param>
          </params>
          <reporter-output>
          </reporter-output>
        </test-method> <!-- runScenario -->
        <test-method signature="runScenario(io.cucumber.testng.PickleWrapper,io.cucumber.testng.FeatureWrapper)[pri:0, instance:com.Runner.runnerTestNG@6497b078]" started-at="2025-04-17T07:43:48 IST" name="runScenario" description="Runs Cucumber Scenarios" data-provider="scenarios" finished-at="2025-04-17T07:44:15 IST" duration-ms="27187" status="PASS">
          <params>
            <param index="0">
              <value>
                <![CDATA["Write a review without logging in"]]>
              </value>
            </param>
            <param index="1">
              <value>
                <![CDATA["Review a product Functionality"]]>
              </value>
            </param>
          </params>
          <reporter-output>
          </reporter-output>
        </test-method> <!-- runScenario -->
        <test-method signature="runScenario(io.cucumber.testng.PickleWrapper,io.cucumber.testng.FeatureWrapper)[pri:0, instance:com.Runner.runnerTestNG@6497b078]" started-at="2025-04-17T07:43:48 IST" name="runScenario" description="Runs Cucumber Scenarios" data-provider="scenarios" finished-at="2025-04-17T07:44:15 IST" duration-ms="26603" status="PASS">
          <params>
            <param index="0">
              <value>
                <![CDATA["Submit review with valid and invalid inputs"]]>
              </value>
            </param>
            <param index="1">
              <value>
                <![CDATA["Review a product Functionality"]]>
              </value>
            </param>
          </params>
          <reporter-output>
          </reporter-output>
        </test-method> <!-- runScenario -->
        <test-method signature="runScenario(io.cucumber.testng.PickleWrapper,io.cucumber.testng.FeatureWrapper)[pri:0, instance:com.Runner.runnerTestNG@6497b078]" started-at="2025-04-17T07:44:02 IST" name="runScenario" description="Runs Cucumber Scenarios" data-provider="scenarios" finished-at="2025-04-17T07:44:25 IST" duration-ms="23116" status="PASS">
          <params>
            <param index="0">
              <value>
                <![CDATA["Submit review with valid and invalid inputs"]]>
              </value>
            </param>
            <param index="1">
              <value>
                <![CDATA["Review a product Functionality"]]>
              </value>
            </param>
          </params>
          <reporter-output>
          </reporter-output>
        </test-method> <!-- runScenario -->
        <test-method signature="runScenario(io.cucumber.testng.PickleWrapper,io.cucumber.testng.FeatureWrapper)[pri:0, instance:com.Runner.runnerTestNG@6497b078]" started-at="2025-04-17T07:44:02 IST" name="runScenario" description="Runs Cucumber Scenarios" data-provider="scenarios" finished-at="2025-04-17T07:44:26 IST" duration-ms="23674" status="PASS">
          <params>
            <param index="0">
              <value>
                <![CDATA["Submit review with valid and invalid inputs"]]>
              </value>
            </param>
            <param index="1">
              <value>
                <![CDATA["Review a product Functionality"]]>
              </value>
            </param>
          </params>
          <reporter-output>
          </reporter-output>
        </test-method> <!-- runScenario -->
        <test-method signature="runScenario(io.cucumber.testng.PickleWrapper,io.cucumber.testng.FeatureWrapper)[pri:0, instance:com.Runner.runnerTestNG@6497b078]" started-at="2025-04-17T07:44:02 IST" name="runScenario" description="Runs Cucumber Scenarios" data-provider="scenarios" finished-at="2025-04-17T07:44:15 IST" duration-ms="12930" status="PASS">
          <params>
            <param index="0">
              <value>
                <![CDATA["Simple product search with valid keyword"]]>
              </value>
            </param>
            <param index="1">
              <value>
                <![CDATA["Search Functionality"]]>
              </value>
            </param>
          </params>
          <reporter-output>
          </reporter-output>
        </test-method> <!-- runScenario -->
        <test-method signature="runScenario(io.cucumber.testng.PickleWrapper,io.cucumber.testng.FeatureWrapper)[pri:0, instance:com.Runner.runnerTestNG@6497b078]" started-at="2025-04-17T07:44:02 IST" name="runScenario" description="Runs Cucumber Scenarios" data-provider="scenarios" finished-at="2025-04-17T07:44:15 IST" duration-ms="12875" status="PASS">
          <params>
            <param index="0">
              <value>
                <![CDATA["Search with invalid or short keywords"]]>
              </value>
            </param>
            <param index="1">
              <value>
                <![CDATA["Search Functionality"]]>
              </value>
            </param>
          </params>
          <reporter-output>
          </reporter-output>
        </test-method> <!-- runScenario -->
        <test-method signature="runScenario(io.cucumber.testng.PickleWrapper,io.cucumber.testng.FeatureWrapper)[pri:0, instance:com.Runner.runnerTestNG@6497b078]" started-at="2025-04-17T07:44:03 IST" name="runScenario" description="Runs Cucumber Scenarios" data-provider="scenarios" finished-at="2025-04-17T07:44:15 IST" duration-ms="12054" status="PASS">
          <params>
            <param index="0">
              <value>
                <![CDATA["Search with invalid or short keywords"]]>
              </value>
            </param>
            <param index="1">
              <value>
                <![CDATA["Search Functionality"]]>
              </value>
            </param>
          </params>
          <reporter-output>
          </reporter-output>
        </test-method> <!-- runScenario -->
        <test-method signature="runScenario(io.cucumber.testng.PickleWrapper,io.cucumber.testng.FeatureWrapper)[pri:0, instance:com.Runner.runnerTestNG@6497b078]" started-at="2025-04-17T07:44:03 IST" name="runScenario" description="Runs Cucumber Scenarios" data-provider="scenarios" finished-at="2025-04-17T07:44:15 IST" duration-ms="11866" status="PASS">
          <params>
            <param index="0">
              <value>
                <![CDATA["Search with invalid or short keywords"]]>
              </value>
            </param>
            <param index="1">
              <value>
                <![CDATA["Search Functionality"]]>
              </value>
            </param>
          </params>
          <reporter-output>
          </reporter-output>
        </test-method> <!-- runScenario -->
        <test-method signature="runScenario(io.cucumber.testng.PickleWrapper,io.cucumber.testng.FeatureWrapper)[pri:0, instance:com.Runner.runnerTestNG@6497b078]" started-at="2025-04-17T07:44:03 IST" name="runScenario" description="Runs Cucumber Scenarios" data-provider="scenarios" finished-at="2025-04-17T07:44:26 IST" duration-ms="22516" status="PASS">
          <params>
            <param index="0">
              <value>
                <![CDATA["Perform advanced product search with various filter combinations"]]>
              </value>
            </param>
            <param index="1">
              <value>
                <![CDATA["Search Functionality"]]>
              </value>
            </param>
          </params>
          <reporter-output>
          </reporter-output>
        </test-method> <!-- runScenario -->
        <test-method signature="runScenario(io.cucumber.testng.PickleWrapper,io.cucumber.testng.FeatureWrapper)[pri:0, instance:com.Runner.runnerTestNG@6497b078]" started-at="2025-04-17T07:44:15 IST" name="runScenario" description="Runs Cucumber Scenarios" data-provider="scenarios" finished-at="2025-04-17T07:44:27 IST" duration-ms="11688" status="PASS">
          <params>
            <param index="0">
              <value>
                <![CDATA["Perform advanced product search with various filter combinations"]]>
              </value>
            </param>
            <param index="1">
              <value>
                <![CDATA["Search Functionality"]]>
              </value>
            </param>
          </params>
          <reporter-output>
          </reporter-output>
        </test-method> <!-- runScenario -->
        <test-method signature="runScenario(io.cucumber.testng.PickleWrapper,io.cucumber.testng.FeatureWrapper)[pri:0, instance:com.Runner.runnerTestNG@6497b078]" started-at="2025-04-17T07:44:15 IST" name="runScenario" description="Runs Cucumber Scenarios" data-provider="scenarios" finished-at="2025-04-17T07:44:29 IST" duration-ms="13782" status="PASS">
          <params>
            <param index="0">
              <value>
                <![CDATA["Tags should be navigated to product page"]]>
              </value>
            </param>
            <param index="1">
              <value>
                <![CDATA["Popular tags"]]>
              </value>
            </param>
          </params>
          <reporter-output>
          </reporter-output>
        </test-method> <!-- runScenario -->
        <test-method signature="runScenario(io.cucumber.testng.PickleWrapper,io.cucumber.testng.FeatureWrapper)[pri:0, instance:com.Runner.runnerTestNG@6497b078]" started-at="2025-04-17T07:44:15 IST" name="runScenario" description="Runs Cucumber Scenarios" data-provider="scenarios" finished-at="2025-04-17T07:44:29 IST" duration-ms="13845" status="PASS">
          <params>
            <param index="0">
              <value>
                <![CDATA["Tags should be navigated to product page"]]>
              </value>
            </param>
            <param index="1">
              <value>
                <![CDATA["Popular tags"]]>
              </value>
            </param>
          </params>
          <reporter-output>
          </reporter-output>
        </test-method> <!-- runScenario -->
        <test-method signature="runScenario(io.cucumber.testng.PickleWrapper,io.cucumber.testng.FeatureWrapper)[pri:0, instance:com.Runner.runnerTestNG@6497b078]" started-at="2025-04-17T07:44:15 IST" name="runScenario" description="Runs Cucumber Scenarios" data-provider="scenarios" finished-at="2025-04-17T07:44:26 IST" duration-ms="11356" status="PASS">
          <params>
            <param index="0">
              <value>
                <![CDATA["Register on the website with valid and invalid fields"]]>
              </value>
            </param>
            <param index="1">
              <value>
                <![CDATA["User Registeration"]]>
              </value>
            </param>
          </params>
          <reporter-output>
          </reporter-output>
        </test-method> <!-- runScenario -->
        <test-method signature="runScenario(io.cucumber.testng.PickleWrapper,io.cucumber.testng.FeatureWrapper)[pri:0, instance:com.Runner.runnerTestNG@6497b078]" started-at="2025-04-17T07:44:15 IST" name="runScenario" description="Runs Cucumber Scenarios" data-provider="scenarios" finished-at="2025-04-17T07:44:26 IST" duration-ms="11381" status="PASS">
          <params>
            <param index="0">
              <value>
                <![CDATA["Register on the website with valid and invalid fields"]]>
              </value>
            </param>
            <param index="1">
              <value>
                <![CDATA["User Registeration"]]>
              </value>
            </param>
          </params>
          <reporter-output>
          </reporter-output>
        </test-method> <!-- runScenario -->
        <test-method signature="runScenario(io.cucumber.testng.PickleWrapper,io.cucumber.testng.FeatureWrapper)[pri:0, instance:com.Runner.runnerTestNG@6497b078]" started-at="2025-04-17T07:44:15 IST" name="runScenario" description="Runs Cucumber Scenarios" data-provider="scenarios" finished-at="2025-04-17T07:44:26 IST" duration-ms="11244" status="PASS">
          <params>
            <param index="0">
              <value>
                <![CDATA["Register on the website with valid and invalid fields"]]>
              </value>
            </param>
            <param index="1">
              <value>
                <![CDATA["User Registeration"]]>
              </value>
            </param>
          </params>
          <reporter-output>
          </reporter-output>
        </test-method> <!-- runScenario -->
        <test-method signature="runScenario(io.cucumber.testng.PickleWrapper,io.cucumber.testng.FeatureWrapper)[pri:0, instance:com.Runner.runnerTestNG@6497b078]" started-at="2025-04-17T07:44:15 IST" name="runScenario" description="Runs Cucumber Scenarios" data-provider="scenarios" finished-at="2025-04-17T07:44:26 IST" duration-ms="11208" status="PASS">
          <params>
            <param index="0">
              <value>
                <![CDATA["Register on the website with valid and invalid fields"]]>
              </value>
            </param>
            <param index="1">
              <value>
                <![CDATA["User Registeration"]]>
              </value>
            </param>
          </params>
          <reporter-output>
          </reporter-output>
        </test-method> <!-- runScenario -->
        <test-method signature="runScenario(io.cucumber.testng.PickleWrapper,io.cucumber.testng.FeatureWrapper)[pri:0, instance:com.Runner.runnerTestNG@6497b078]" started-at="2025-04-17T07:44:25 IST" name="runScenario" description="Runs Cucumber Scenarios" data-provider="scenarios" finished-at="2025-04-17T07:44:32 IST" duration-ms="7202" status="PASS">
          <params>
            <param index="0">
              <value>
                <![CDATA["Register on the website with valid and invalid fields"]]>
              </value>
            </param>
            <param index="1">
              <value>
                <![CDATA["User Registeration"]]>
              </value>
            </param>
          </params>
          <reporter-output>
          </reporter-output>
        </test-method> <!-- runScenario -->
        <test-method signature="runScenario(io.cucumber.testng.PickleWrapper,io.cucumber.testng.FeatureWrapper)[pri:0, instance:com.Runner.runnerTestNG@6497b078]" started-at="2025-04-17T07:44:26 IST" name="runScenario" description="Runs Cucumber Scenarios" data-provider="scenarios" finished-at="2025-04-17T07:44:33 IST" duration-ms="6745" status="PASS">
          <params>
            <param index="0">
              <value>
                <![CDATA["Register on the website with valid and invalid fields"]]>
              </value>
            </param>
            <param index="1">
              <value>
                <![CDATA["User Registeration"]]>
              </value>
            </param>
          </params>
          <reporter-output>
          </reporter-output>
        </test-method> <!-- runScenario -->
        <test-method signature="runScenario(io.cucumber.testng.PickleWrapper,io.cucumber.testng.FeatureWrapper)[pri:0, instance:com.Runner.runnerTestNG@6497b078]" started-at="2025-04-17T07:44:26 IST" name="runScenario" description="Runs Cucumber Scenarios" data-provider="scenarios" finished-at="2025-04-17T07:44:33 IST" duration-ms="7133" status="PASS">
          <params>
            <param index="0">
              <value>
                <![CDATA["Register on the website with valid and invalid fields"]]>
              </value>
            </param>
            <param index="1">
              <value>
                <![CDATA["User Registeration"]]>
              </value>
            </param>
          </params>
          <reporter-output>
          </reporter-output>
        </test-method> <!-- runScenario -->
        <test-method is-config="true" signature="tearDownClass()[pri:0, instance:com.Runner.runnerTestNG@6497b078]" started-at="2025-04-17T07:44:33 IST" name="tearDownClass" finished-at="2025-04-17T07:44:38 IST" duration-ms="5301" status="PASS">
          <reporter-output>
          </reporter-output>
        </test-method> <!-- tearDownClass -->
      </class> <!-- com.Runner.runnerTestNG -->
    </test> <!-- Test -->
  </suite> <!-- Suite -->
</testng-results>
