<?xml version="1.0" encoding="UTF-8"?>
<testng-results ignored="0" total="17" passed="17" failed="0" skipped="0">
  <reporter-output>
  </reporter-output>
  <suite started-at="2025-04-13T16:47:13 IST" name="Default suite" finished-at="2025-04-13T16:49:22 IST" duration-ms="128893">
    <groups>
      <group name="cucumber">
        <method signature="AbstractTestNGCucumberTests.runScenario(io.cucumber.testng.PickleWrapper,io.cucumber.testng.FeatureWrapper)[pri:0, instance:com.Runner.runnerTestNG@6497b078]" name="runScenario" class="io.cucumber.testng.AbstractTestNGCucumberTests"/>
      </group> <!-- cucumber -->
    </groups>
    <test started-at="2025-04-13T16:47:13 IST" name="Default test" finished-at="2025-04-13T16:49:22 IST" duration-ms="128893">
      <class name="com.Runner.runnerTestNG">
        <test-method is-config="true" signature="setUpClass(org.testng.ITestContext)[pri:0, instance:com.Runner.runnerTestNG@6497b078]" started-at="2025-04-13T16:47:13 IST" name="setUpClass" finished-at="2025-04-13T16:47:14 IST" duration-ms="726" status="PASS">
          <params>
            <param index="0">
              <value>
                <![CDATA[org.testng.TestRunner@17f9344b]]>
              </value>
            </param>
          </params>
          <reporter-output>
          </reporter-output>
        </test-method> <!-- setUpClass -->
        <test-method signature="runScenario(io.cucumber.testng.PickleWrapper,io.cucumber.testng.FeatureWrapper)[pri:0, instance:com.Runner.runnerTestNG@6497b078]" started-at="2025-04-13T16:47:14 IST" name="runScenario" description="Runs Cucumber Scenarios" data-provider="scenarios" finished-at="2025-04-13T16:48:38 IST" duration-ms="84024" status="PASS">
          <params>
            <param index="0">
              <value>
                <![CDATA["View details of a specific book"]]>
              </value>
            </param>
            <param index="1">
              <value>
                <![CDATA["Book Product Functionality"]]>
              </value>
            </param>
          </params>
          <reporter-output>
          </reporter-output>
        </test-method> <!-- runScenario -->
        <test-method signature="runScenario(io.cucumber.testng.PickleWrapper,io.cucumber.testng.FeatureWrapper)[pri:0, instance:com.Runner.runnerTestNG@6497b078]" started-at="2025-04-13T16:47:14 IST" name="runScenario" description="Runs Cucumber Scenarios" data-provider="scenarios" finished-at="2025-04-13T16:48:53 IST" duration-ms="99265" status="PASS">
          <params>
            <param index="0">
              <value>
                <![CDATA["Subscribe with invalid email address"]]>
              </value>
            </param>
            <param index="1">
              <value>
                <![CDATA["HomePageFunctionality"]]>
              </value>
            </param>
          </params>
          <reporter-output>
          </reporter-output>
        </test-method> <!-- runScenario -->
        <test-method signature="runScenario(io.cucumber.testng.PickleWrapper,io.cucumber.testng.FeatureWrapper)[pri:0, instance:com.Runner.runnerTestNG@6497b078]" started-at="2025-04-13T16:47:14 IST" name="runScenario" description="Runs Cucumber Scenarios" data-provider="scenarios" finished-at="2025-04-13T16:48:53 IST" duration-ms="98622" status="PASS">
          <params>
            <param index="0">
              <value>
                <![CDATA["Subscribe with valid email address"]]>
              </value>
            </param>
            <param index="1">
              <value>
                <![CDATA["HomePageFunctionality"]]>
              </value>
            </param>
          </params>
          <reporter-output>
          </reporter-output>
        </test-method> <!-- runScenario -->
        <test-method signature="runScenario(io.cucumber.testng.PickleWrapper,io.cucumber.testng.FeatureWrapper)[pri:0, instance:com.Runner.runnerTestNG@6497b078]" started-at="2025-04-13T16:47:14 IST" name="runScenario" description="Runs Cucumber Scenarios" data-provider="scenarios" finished-at="2025-04-13T16:49:09 IST" duration-ms="115300" status="PASS">
          <params>
            <param index="0">
              <value>
                <![CDATA["View featured products as list"]]>
              </value>
            </param>
            <param index="1">
              <value>
                <![CDATA["HomePageFunctionality"]]>
              </value>
            </param>
          </params>
          <reporter-output>
          </reporter-output>
        </test-method> <!-- runScenario -->
        <test-method signature="runScenario(io.cucumber.testng.PickleWrapper,io.cucumber.testng.FeatureWrapper)[pri:0, instance:com.Runner.runnerTestNG@6497b078]" started-at="2025-04-13T16:47:14 IST" name="runScenario" description="Runs Cucumber Scenarios" data-provider="scenarios" finished-at="2025-04-13T16:49:20 IST" duration-ms="126472" status="PASS">
          <params>
            <param index="0">
              <value>
                <![CDATA["Adding Address"]]>
              </value>
            </param>
            <param index="1">
              <value>
                <![CDATA["Validating Address Section"]]>
              </value>
            </param>
          </params>
          <reporter-output>
          </reporter-output>
        </test-method> <!-- runScenario -->
        <test-method signature="runScenario(io.cucumber.testng.PickleWrapper,io.cucumber.testng.FeatureWrapper)[pri:0, instance:com.Runner.runnerTestNG@6497b078]" started-at="2025-04-13T16:47:14 IST" name="runScenario" description="Runs Cucumber Scenarios" data-provider="scenarios" finished-at="2025-04-13T16:49:21 IST" duration-ms="127574" status="PASS">
          <params>
            <param index="0">
              <value>
                <![CDATA["Apply filter options for books"]]>
              </value>
            </param>
            <param index="1">
              <value>
                <![CDATA["Book Product Functionality"]]>
              </value>
            </param>
          </params>
          <reporter-output>
          </reporter-output>
        </test-method> <!-- runScenario -->
        <test-method signature="runScenario(io.cucumber.testng.PickleWrapper,io.cucumber.testng.FeatureWrapper)[pri:0, instance:com.Runner.runnerTestNG@6497b078]" started-at="2025-04-13T16:47:14 IST" name="runScenario" description="Runs Cucumber Scenarios" data-provider="scenarios" finished-at="2025-04-13T16:49:21 IST" duration-ms="126944" status="PASS">
          <params>
            <param index="0">
              <value>
                <![CDATA["Apply all Sort By options for books"]]>
              </value>
            </param>
            <param index="1">
              <value>
                <![CDATA["Book Product Functionality"]]>
              </value>
            </param>
          </params>
          <reporter-output>
          </reporter-output>
        </test-method> <!-- runScenario -->
        <test-method signature="runScenario(io.cucumber.testng.PickleWrapper,io.cucumber.testng.FeatureWrapper)[pri:0, instance:com.Runner.runnerTestNG@6497b078]" started-at="2025-04-13T16:47:14 IST" name="runScenario" description="Runs Cucumber Scenarios" data-provider="scenarios" finished-at="2025-04-13T16:48:52 IST" duration-ms="98126" status="PASS">
          <params>
            <param index="0">
              <value>
                <![CDATA["Deleting the already present address"]]>
              </value>
            </param>
            <param index="1">
              <value>
                <![CDATA["Validating Address Section"]]>
              </value>
            </param>
          </params>
          <reporter-output>
          </reporter-output>
        </test-method> <!-- runScenario -->
        <test-method signature="runScenario(io.cucumber.testng.PickleWrapper,io.cucumber.testng.FeatureWrapper)[pri:0, instance:com.Runner.runnerTestNG@6497b078]" started-at="2025-04-13T16:47:14 IST" name="runScenario" description="Runs Cucumber Scenarios" data-provider="scenarios" finished-at="2025-04-13T16:48:37 IST" duration-ms="83548" status="PASS">
          <params>
            <param index="0">
              <value>
                <![CDATA["View all books available"]]>
              </value>
            </param>
            <param index="1">
              <value>
                <![CDATA["Book Product Functionality"]]>
              </value>
            </param>
          </params>
          <reporter-output>
          </reporter-output>
        </test-method> <!-- runScenario -->
        <test-method signature="runScenario(io.cucumber.testng.PickleWrapper,io.cucumber.testng.FeatureWrapper)[pri:0, instance:com.Runner.runnerTestNG@6497b078]" started-at="2025-04-13T16:47:14 IST" name="runScenario" description="Runs Cucumber Scenarios" data-provider="scenarios" finished-at="2025-04-13T16:48:52 IST" duration-ms="98549" status="PASS">
          <params>
            <param index="0">
              <value>
                <![CDATA["Login with valid and invalid credentials"]]>
              </value>
            </param>
            <param index="1">
              <value>
                <![CDATA["Login"]]>
              </value>
            </param>
          </params>
          <reporter-output>
          </reporter-output>
        </test-method> <!-- runScenario -->
        <test-method signature="runScenario(io.cucumber.testng.PickleWrapper,io.cucumber.testng.FeatureWrapper)[pri:0, instance:com.Runner.runnerTestNG@6497b078]" started-at="2025-04-13T16:48:37 IST" name="runScenario" description="Runs Cucumber Scenarios" data-provider="scenarios" finished-at="2025-04-13T16:49:21 IST" duration-ms="43478" status="PASS">
          <params>
            <param index="0">
              <value>
                <![CDATA["Login with valid and invalid credentials"]]>
              </value>
            </param>
            <param index="1">
              <value>
                <![CDATA["Login"]]>
              </value>
            </param>
          </params>
          <reporter-output>
          </reporter-output>
        </test-method> <!-- runScenario -->
        <test-method signature="runScenario(io.cucumber.testng.PickleWrapper,io.cucumber.testng.FeatureWrapper)[pri:0, instance:com.Runner.runnerTestNG@6497b078]" started-at="2025-04-13T16:48:38 IST" name="runScenario" description="Runs Cucumber Scenarios" data-provider="scenarios" finished-at="2025-04-13T16:49:19 IST" duration-ms="40851" status="PASS">
          <params>
            <param index="0">
              <value>
                <![CDATA["Login with valid and invalid credentials"]]>
              </value>
            </param>
            <param index="1">
              <value>
                <![CDATA["Login"]]>
              </value>
            </param>
          </params>
          <reporter-output>
          </reporter-output>
        </test-method> <!-- runScenario -->
        <test-method signature="runScenario(io.cucumber.testng.PickleWrapper,io.cucumber.testng.FeatureWrapper)[pri:0, instance:com.Runner.runnerTestNG@6497b078]" started-at="2025-04-13T16:48:52 IST" name="runScenario" description="Runs Cucumber Scenarios" data-provider="scenarios" finished-at="2025-04-13T16:49:21 IST" duration-ms="29215" status="PASS">
          <params>
            <param index="0">
              <value>
                <![CDATA["Login with valid and invalid credentials"]]>
              </value>
            </param>
            <param index="1">
              <value>
                <![CDATA["Login"]]>
              </value>
            </param>
          </params>
          <reporter-output>
          </reporter-output>
        </test-method> <!-- runScenario -->
        <test-method signature="runScenario(io.cucumber.testng.PickleWrapper,io.cucumber.testng.FeatureWrapper)[pri:0, instance:com.Runner.runnerTestNG@6497b078]" started-at="2025-04-13T16:48:52 IST" name="runScenario" description="Runs Cucumber Scenarios" data-provider="scenarios" finished-at="2025-04-13T16:49:22 IST" duration-ms="29418" status="PASS">
          <params>
            <param index="0">
              <value>
                <![CDATA["Forgot password with valid and invalid email"]]>
              </value>
            </param>
            <param index="1">
              <value>
                <![CDATA["Login"]]>
              </value>
            </param>
          </params>
          <reporter-output>
          </reporter-output>
        </test-method> <!-- runScenario -->
        <test-method signature="runScenario(io.cucumber.testng.PickleWrapper,io.cucumber.testng.FeatureWrapper)[pri:0, instance:com.Runner.runnerTestNG@6497b078]" started-at="2025-04-13T16:48:53 IST" name="runScenario" description="Runs Cucumber Scenarios" data-provider="scenarios" finished-at="2025-04-13T16:49:21 IST" duration-ms="28720" status="PASS">
          <params>
            <param index="0">
              <value>
                <![CDATA["Forgot password with valid and invalid email"]]>
              </value>
            </param>
            <param index="1">
              <value>
                <![CDATA["Login"]]>
              </value>
            </param>
          </params>
          <reporter-output>
          </reporter-output>
        </test-method> <!-- runScenario -->
        <test-method signature="runScenario(io.cucumber.testng.PickleWrapper,io.cucumber.testng.FeatureWrapper)[pri:0, instance:com.Runner.runnerTestNG@6497b078]" started-at="2025-04-13T16:48:53 IST" name="runScenario" description="Runs Cucumber Scenarios" data-provider="scenarios" finished-at="2025-04-13T16:49:22 IST" duration-ms="28355" status="PASS">
          <params>
            <param index="0">
              <value>
                <![CDATA["Forgot password with valid and invalid email"]]>
              </value>
            </param>
            <param index="1">
              <value>
                <![CDATA["Login"]]>
              </value>
            </param>
          </params>
          <reporter-output>
          </reporter-output>
        </test-method> <!-- runScenario -->
        <test-method signature="runScenario(io.cucumber.testng.PickleWrapper,io.cucumber.testng.FeatureWrapper)[pri:0, instance:com.Runner.runnerTestNG@6497b078]" started-at="2025-04-13T16:49:09 IST" name="runScenario" description="Runs Cucumber Scenarios" data-provider="scenarios" finished-at="2025-04-13T16:49:22 IST" duration-ms="12603" status="PASS">
          <params>
            <param index="0">
              <value>
                <![CDATA["Validating the Product Details and Adding to Cart"]]>
              </value>
            </param>
            <param index="1">
              <value>
                <![CDATA["Product Details Validation and purchasing in the Shopping cart page"]]>
              </value>
            </param>
          </params>
          <reporter-output>
          </reporter-output>
        </test-method> <!-- runScenario -->
        <test-method is-config="true" signature="tearDownClass()[pri:0, instance:com.Runner.runnerTestNG@6497b078]" started-at="2025-04-13T16:49:22 IST" name="tearDownClass" finished-at="2025-04-13T16:49:22 IST" duration-ms="137" status="PASS">
          <reporter-output>
          </reporter-output>
        </test-method> <!-- tearDownClass -->
      </class> <!-- com.Runner.runnerTestNG -->
    </test> <!-- Default test -->
  </suite> <!-- Default suite -->
</testng-results>
