<?xml version="1.0" encoding="UTF-8"?>
<testng-results ignored="0" total="1" passed="1" failed="0" skipped="0">
  <reporter-output>
  </reporter-output>
  <suite started-at="2025-04-28T18:57:53 IST" name="Default suite" finished-at="2025-04-28T18:58:02 IST" duration-ms="9001">
    <groups>
      <group name="cucumber">
        <method signature="AbstractTestNGCucumberTests.runScenario(io.cucumber.testng.PickleWrapper,io.cucumber.testng.FeatureWrapper)[pri:0, instance:com.Runner.runnerTestNG@6497b078]" name="runScenario" class="io.cucumber.testng.AbstractTestNGCucumberTests"/>
      </group> <!-- cucumber -->
    </groups>
    <test started-at="2025-04-28T18:57:53 IST" name="Default test" finished-at="2025-04-28T18:58:02 IST" duration-ms="9001">
      <class name="com.Runner.runnerTestNG">
        <test-method is-config="true" signature="setUpClass(org.testng.ITestContext)[pri:0, instance:com.Runner.runnerTestNG@6497b078]" started-at="2025-04-28T18:57:53 IST" name="setUpClass" finished-at="2025-04-28T18:57:54 IST" duration-ms="990" status="PASS">
          <params>
            <param index="0">
              <value>
                <![CDATA[org.testng.TestRunner@1624775]]>
              </value>
            </param>
          </params>
          <reporter-output>
          </reporter-output>
        </test-method> <!-- setUpClass -->
        <test-method signature="runScenario(io.cucumber.testng.PickleWrapper,io.cucumber.testng.FeatureWrapper)[pri:0, instance:com.Runner.runnerTestNG@6497b078]" started-at="2025-04-28T18:57:54 IST" name="runScenario" description="Runs Cucumber Scenarios" data-provider="scenarios" finished-at="2025-04-28T18:58:00 IST" duration-ms="6445" status="PASS">
          <params>
            <param index="0">
              <value>
                <![CDATA["Validating customer service news feature"]]>
              </value>
            </param>
            <param index="1">
              <value>
                <![CDATA["Yuvaraj_28APR2025_DemoWebShop_Validate News"]]>
              </value>
            </param>
          </params>
          <reporter-output>
          </reporter-output>
        </test-method> <!-- runScenario -->
        <test-method is-config="true" signature="tearDownClass()[pri:0, instance:com.Runner.runnerTestNG@6497b078]" started-at="2025-04-28T18:58:00 IST" name="tearDownClass" finished-at="2025-04-28T18:58:02 IST" duration-ms="1503" status="PASS">
          <reporter-output>
          </reporter-output>
        </test-method> <!-- tearDownClass -->
      </class> <!-- com.Runner.runnerTestNG -->
    </test> <!-- Default test -->
  </suite> <!-- Default suite -->
</testng-results>
