<?xml version="1.0" encoding="UTF-8"?>
<testng-results ignored="0" total="65" passed="65" failed="0" skipped="0">
  <reporter-output>
  </reporter-output>
  <suite started-at="2025-04-28T20:33:13 IST" name="Default suite" finished-at="2025-04-28T20:35:16 IST" duration-ms="122123">
    <groups>
      <group name="cucumber">
        <method signature="AbstractTestNGCucumberTests.runScenario(io.cucumber.testng.PickleWrapper,io.cucumber.testng.FeatureWrapper)[pri:0, instance:com.Runner.runnerTestNG@6497b078]" name="runScenario" class="io.cucumber.testng.AbstractTestNGCucumberTests"/>
      </group> <!-- cucumber -->
    </groups>
    <test started-at="2025-04-28T20:33:13 IST" name="Default test" finished-at="2025-04-28T20:35:16 IST" duration-ms="122123">
      <class name="com.Runner.runnerTestNG">
        <test-method is-config="true" signature="setUpClass(org.testng.ITestContext)[pri:0, instance:com.Runner.runnerTestNG@6497b078]" started-at="2025-04-28T20:33:13 IST" name="setUpClass" finished-at="2025-04-28T20:33:14 IST" duration-ms="996" status="PASS">
          <params>
            <param index="0">
              <value>
                <![CDATA[org.testng.TestRunner@7f5fcfe9]]>
              </value>
            </param>
          </params>
          <reporter-output>
          </reporter-output>
        </test-method> <!-- setUpClass -->
        <test-method signature="runScenario(io.cucumber.testng.PickleWrapper,io.cucumber.testng.FeatureWrapper)[pri:0, instance:com.Runner.runnerTestNG@6497b078]" started-at="2025-04-28T20:33:15 IST" name="runScenario" description="Runs Cucumber Scenarios" data-provider="scenarios" finished-at="2025-04-28T20:33:34 IST" duration-ms="19898" status="PASS">
          <params>
            <param index="0">
              <value>
                <![CDATA["Comparing two different products"]]>
              </value>
            </param>
            <param index="1">
              <value>
                <![CDATA["Laksitha_14APR2025_DemoWebShop_Book_Product_Functionality"]]>
              </value>
            </param>
          </params>
          <reporter-output>
          </reporter-output>
        </test-method> <!-- runScenario -->
        <test-method signature="runScenario(io.cucumber.testng.PickleWrapper,io.cucumber.testng.FeatureWrapper)[pri:0, instance:com.Runner.runnerTestNG@6497b078]" started-at="2025-04-28T20:33:15 IST" name="runScenario" description="Runs Cucumber Scenarios" data-provider="scenarios" finished-at="2025-04-28T20:33:27 IST" duration-ms="12589" status="PASS">
          <params>
            <param index="0">
              <value>
                <![CDATA["View details of a specific book"]]>
              </value>
            </param>
            <param index="1">
              <value>
                <![CDATA["Laksitha_14APR2025_DemoWebShop_Book_Product_Functionality"]]>
              </value>
            </param>
          </params>
          <reporter-output>
          </reporter-output>
        </test-method> <!-- runScenario -->
        <test-method signature="runScenario(io.cucumber.testng.PickleWrapper,io.cucumber.testng.FeatureWrapper)[pri:0, instance:com.Runner.runnerTestNG@6497b078]" started-at="2025-04-28T20:33:15 IST" name="runScenario" description="Runs Cucumber Scenarios" data-provider="scenarios" finished-at="2025-04-28T20:33:30 IST" duration-ms="15687" status="PASS">
          <params>
            <param index="0">
              <value>
                <![CDATA["Navigate to checkout page Without clicking the terms & conditions"]]>
              </value>
            </param>
            <param index="1">
              <value>
                <![CDATA["Divraj_12APR2025_Demowebshop_Checkout the product"]]>
              </value>
            </param>
          </params>
          <reporter-output>
          </reporter-output>
        </test-method> <!-- runScenario -->
        <test-method signature="runScenario(io.cucumber.testng.PickleWrapper,io.cucumber.testng.FeatureWrapper)[pri:0, instance:com.Runner.runnerTestNG@6497b078]" started-at="2025-04-28T20:33:15 IST" name="runScenario" description="Runs Cucumber Scenarios" data-provider="scenarios" finished-at="2025-04-28T20:34:11 IST" duration-ms="56588" status="PASS">
          <params>
            <param index="0">
              <value>
                <![CDATA["Deleting the already present address"]]>
              </value>
            </param>
            <param index="1">
              <value>
                <![CDATA["Yuvaraj_12APR2025_DemoWebShop_Validate Address"]]>
              </value>
            </param>
          </params>
          <reporter-output>
          </reporter-output>
        </test-method> <!-- runScenario -->
        <test-method signature="runScenario(io.cucumber.testng.PickleWrapper,io.cucumber.testng.FeatureWrapper)[pri:0, instance:com.Runner.runnerTestNG@6497b078]" started-at="2025-04-28T20:33:15 IST" name="runScenario" description="Runs Cucumber Scenarios" data-provider="scenarios" finished-at="2025-04-28T20:33:31 IST" duration-ms="16614" status="PASS">
          <params>
            <param index="0">
              <value>
                <![CDATA["Apply all Sort By options for books"]]>
              </value>
            </param>
            <param index="1">
              <value>
                <![CDATA["Laksitha_14APR2025_DemoWebShop_Book_Product_Functionality"]]>
              </value>
            </param>
          </params>
          <reporter-output>
          </reporter-output>
        </test-method> <!-- runScenario -->
        <test-method signature="runScenario(io.cucumber.testng.PickleWrapper,io.cucumber.testng.FeatureWrapper)[pri:0, instance:com.Runner.runnerTestNG@6497b078]" started-at="2025-04-28T20:33:15 IST" name="runScenario" description="Runs Cucumber Scenarios" data-provider="scenarios" finished-at="2025-04-28T20:33:34 IST" duration-ms="19605" status="PASS">
          <params>
            <param index="0">
              <value>
                <![CDATA["checkout an item in the application"]]>
              </value>
            </param>
            <param index="1">
              <value>
                <![CDATA["Divraj_12APR2025_Demowebshop_Checkout the product"]]>
              </value>
            </param>
          </params>
          <reporter-output>
          </reporter-output>
        </test-method> <!-- runScenario -->
        <test-method signature="runScenario(io.cucumber.testng.PickleWrapper,io.cucumber.testng.FeatureWrapper)[pri:0, instance:com.Runner.runnerTestNG@6497b078]" started-at="2025-04-28T20:33:15 IST" name="runScenario" description="Runs Cucumber Scenarios" data-provider="scenarios" finished-at="2025-04-28T20:34:50 IST" duration-ms="95124" status="PASS">
          <params>
            <param index="0">
              <value>
                <![CDATA["Adding Address"]]>
              </value>
            </param>
            <param index="1">
              <value>
                <![CDATA["Yuvaraj_12APR2025_DemoWebShop_Validate Address"]]>
              </value>
            </param>
          </params>
          <reporter-output>
          </reporter-output>
        </test-method> <!-- runScenario -->
        <test-method signature="runScenario(io.cucumber.testng.PickleWrapper,io.cucumber.testng.FeatureWrapper)[pri:0, instance:com.Runner.runnerTestNG@6497b078]" started-at="2025-04-28T20:33:15 IST" name="runScenario" description="Runs Cucumber Scenarios" data-provider="scenarios" finished-at="2025-04-28T20:33:26 IST" duration-ms="11404" status="PASS">
          <params>
            <param index="0">
              <value>
                <![CDATA["View all books available"]]>
              </value>
            </param>
            <param index="1">
              <value>
                <![CDATA["Laksitha_14APR2025_DemoWebShop_Book_Product_Functionality"]]>
              </value>
            </param>
          </params>
          <reporter-output>
          </reporter-output>
        </test-method> <!-- runScenario -->
        <test-method signature="runScenario(io.cucumber.testng.PickleWrapper,io.cucumber.testng.FeatureWrapper)[pri:0, instance:com.Runner.runnerTestNG@6497b078]" started-at="2025-04-28T20:33:15 IST" name="runScenario" description="Runs Cucumber Scenarios" data-provider="scenarios" finished-at="2025-04-28T20:33:53 IST" duration-ms="38867" status="PASS">
          <params>
            <param index="0">
              <value>
                <![CDATA["checkout and download the invoice pdf"]]>
              </value>
            </param>
            <param index="1">
              <value>
                <![CDATA["Divraj_12APR2025_Demowebshop_Checkout the product"]]>
              </value>
            </param>
          </params>
          <reporter-output>
          </reporter-output>
        </test-method> <!-- runScenario -->
        <test-method signature="runScenario(io.cucumber.testng.PickleWrapper,io.cucumber.testng.FeatureWrapper)[pri:0, instance:com.Runner.runnerTestNG@6497b078]" started-at="2025-04-28T20:33:15 IST" name="runScenario" description="Runs Cucumber Scenarios" data-provider="scenarios" finished-at="2025-04-28T20:33:50 IST" duration-ms="35458" status="PASS">
          <params>
            <param index="0">
              <value>
                <![CDATA["Apply filter options for books"]]>
              </value>
            </param>
            <param index="1">
              <value>
                <![CDATA["Laksitha_14APR2025_DemoWebShop_Book_Product_Functionality"]]>
              </value>
            </param>
          </params>
          <reporter-output>
          </reporter-output>
        </test-method> <!-- runScenario -->
        <test-method signature="runScenario(io.cucumber.testng.PickleWrapper,io.cucumber.testng.FeatureWrapper)[pri:0, instance:com.Runner.runnerTestNG@6497b078]" started-at="2025-04-28T20:33:26 IST" name="runScenario" description="Runs Cucumber Scenarios" data-provider="scenarios" finished-at="2025-04-28T20:33:56 IST" duration-ms="29800" status="PASS">
          <params>
            <param index="0">
              <value>
                <![CDATA["To read the invoice pdf in the application"]]>
              </value>
            </param>
            <param index="1">
              <value>
                <![CDATA["Divraj_12APR2025_Demowebshop_Checkout the product"]]>
              </value>
            </param>
          </params>
          <reporter-output>
          </reporter-output>
        </test-method> <!-- runScenario -->
        <test-method signature="runScenario(io.cucumber.testng.PickleWrapper,io.cucumber.testng.FeatureWrapper)[pri:0, instance:com.Runner.runnerTestNG@6497b078]" started-at="2025-04-28T20:33:27 IST" name="runScenario" description="Runs Cucumber Scenarios" data-provider="scenarios" finished-at="2025-04-28T20:33:53 IST" duration-ms="26101" status="PASS">
          <params>
            <param index="0">
              <value>
                <![CDATA["purchase an item and choose store pickup"]]>
              </value>
            </param>
            <param index="1">
              <value>
                <![CDATA["Divraj_12APR2025_Demowebshop_Checkout the product"]]>
              </value>
            </param>
          </params>
          <reporter-output>
          </reporter-output>
        </test-method> <!-- runScenario -->
        <test-method signature="runScenario(io.cucumber.testng.PickleWrapper,io.cucumber.testng.FeatureWrapper)[pri:0, instance:com.Runner.runnerTestNG@6497b078]" started-at="2025-04-28T20:33:30 IST" name="runScenario" description="Runs Cucumber Scenarios" data-provider="scenarios" finished-at="2025-04-28T20:34:01 IST" duration-ms="30324" status="PASS">
          <params>
            <param index="0">
              <value>
                <![CDATA["purchase an item and choose the credit card"]]>
              </value>
            </param>
            <param index="1">
              <value>
                <![CDATA["Divraj_12APR2025_Demowebshop_Checkout the product"]]>
              </value>
            </param>
          </params>
          <reporter-output>
          </reporter-output>
        </test-method> <!-- runScenario -->
        <test-method signature="runScenario(io.cucumber.testng.PickleWrapper,io.cucumber.testng.FeatureWrapper)[pri:0, instance:com.Runner.runnerTestNG@6497b078]" started-at="2025-04-28T20:33:31 IST" name="runScenario" description="Runs Cucumber Scenarios" data-provider="scenarios" finished-at="2025-04-28T20:34:00 IST" duration-ms="29271" status="PASS">
          <params>
            <param index="0">
              <value>
                <![CDATA["purchase an item and choose the two day shipping"]]>
              </value>
            </param>
            <param index="1">
              <value>
                <![CDATA["Divraj_12APR2025_Demowebshop_Checkout the product"]]>
              </value>
            </param>
          </params>
          <reporter-output>
          </reporter-output>
        </test-method> <!-- runScenario -->
        <test-method signature="runScenario(io.cucumber.testng.PickleWrapper,io.cucumber.testng.FeatureWrapper)[pri:0, instance:com.Runner.runnerTestNG@6497b078]" started-at="2025-04-28T20:33:34 IST" name="runScenario" description="Runs Cucumber Scenarios" data-provider="scenarios" finished-at="2025-04-28T20:34:05 IST" duration-ms="30736" status="PASS">
          <params>
            <param index="0">
              <value>
                <![CDATA["user should click the store pick up after the shipping methods"]]>
              </value>
            </param>
            <param index="1">
              <value>
                <![CDATA["Divraj_12APR2025_Demowebshop_Checkout the product"]]>
              </value>
            </param>
          </params>
          <reporter-output>
          </reporter-output>
        </test-method> <!-- runScenario -->
        <test-method signature="runScenario(io.cucumber.testng.PickleWrapper,io.cucumber.testng.FeatureWrapper)[pri:0, instance:com.Runner.runnerTestNG@6497b078]" started-at="2025-04-28T20:33:34 IST" name="runScenario" description="Runs Cucumber Scenarios" data-provider="scenarios" finished-at="2025-04-28T20:33:43 IST" duration-ms="8957" status="PASS">
          <params>
            <param index="0">
              <value>
                <![CDATA["add product to the cart"]]>
              </value>
            </param>
            <param index="1">
              <value>
                <![CDATA["Divraj_14APR2025_Demowebshop_Categories"]]>
              </value>
            </param>
          </params>
          <reporter-output>
          </reporter-output>
        </test-method> <!-- runScenario -->
        <test-method signature="runScenario(io.cucumber.testng.PickleWrapper,io.cucumber.testng.FeatureWrapper)[pri:0, instance:com.Runner.runnerTestNG@6497b078]" started-at="2025-04-28T20:33:43 IST" name="runScenario" description="Runs Cucumber Scenarios" data-provider="scenarios" finished-at="2025-04-28T20:33:54 IST" duration-ms="10386" status="PASS">
          <params>
            <param index="0">
              <value>
                <![CDATA["select the filters view product"]]>
              </value>
            </param>
            <param index="1">
              <value>
                <![CDATA["Divraj_14APR2025_Demowebshop_Categories"]]>
              </value>
            </param>
          </params>
          <reporter-output>
          </reporter-output>
        </test-method> <!-- runScenario -->
        <test-method signature="runScenario(io.cucumber.testng.PickleWrapper,io.cucumber.testng.FeatureWrapper)[pri:0, instance:com.Runner.runnerTestNG@6497b078]" started-at="2025-04-28T20:33:50 IST" name="runScenario" description="Runs Cucumber Scenarios" data-provider="scenarios" finished-at="2025-04-28T20:34:00 IST" duration-ms="10261" status="PASS">
          <params>
            <param index="0">
              <value>
                <![CDATA["verify the user is on the digital download page"]]>
              </value>
            </param>
            <param index="1">
              <value>
                <![CDATA["Divraj_14APR2025_Demowebshop_Categories"]]>
              </value>
            </param>
          </params>
          <reporter-output>
          </reporter-output>
        </test-method> <!-- runScenario -->
        <test-method signature="runScenario(io.cucumber.testng.PickleWrapper,io.cucumber.testng.FeatureWrapper)[pri:0, instance:com.Runner.runnerTestNG@6497b078]" started-at="2025-04-28T20:33:53 IST" name="runScenario" description="Runs Cucumber Scenarios" data-provider="scenarios" finished-at="2025-04-28T20:34:00 IST" duration-ms="7002" status="PASS">
          <params>
            <param index="0">
              <value>
                <![CDATA["Subscribe with valid email address"]]>
              </value>
            </param>
            <param index="1">
              <value>
                <![CDATA["Laksitha_12APR2025_DemoWebShop_HomePageFunctionality"]]>
              </value>
            </param>
          </params>
          <reporter-output>
          </reporter-output>
        </test-method> <!-- runScenario -->
        <test-method signature="runScenario(io.cucumber.testng.PickleWrapper,io.cucumber.testng.FeatureWrapper)[pri:0, instance:com.Runner.runnerTestNG@6497b078]" started-at="2025-04-28T20:33:53 IST" name="runScenario" description="Runs Cucumber Scenarios" data-provider="scenarios" finished-at="2025-04-28T20:34:01 IST" duration-ms="7836" status="PASS">
          <params>
            <param index="0">
              <value>
                <![CDATA["Subscribe with invalid email address"]]>
              </value>
            </param>
            <param index="1">
              <value>
                <![CDATA["Laksitha_12APR2025_DemoWebShop_HomePageFunctionality"]]>
              </value>
            </param>
          </params>
          <reporter-output>
          </reporter-output>
        </test-method> <!-- runScenario -->
        <test-method signature="runScenario(io.cucumber.testng.PickleWrapper,io.cucumber.testng.FeatureWrapper)[pri:0, instance:com.Runner.runnerTestNG@6497b078]" started-at="2025-04-28T20:33:54 IST" name="runScenario" description="Runs Cucumber Scenarios" data-provider="scenarios" finished-at="2025-04-28T20:34:02 IST" duration-ms="8065" status="PASS">
          <params>
            <param index="0">
              <value>
                <![CDATA["View featured products as list"]]>
              </value>
            </param>
            <param index="1">
              <value>
                <![CDATA["Laksitha_12APR2025_DemoWebShop_HomePageFunctionality"]]>
              </value>
            </param>
          </params>
          <reporter-output>
          </reporter-output>
        </test-method> <!-- runScenario -->
        <test-method signature="runScenario(io.cucumber.testng.PickleWrapper,io.cucumber.testng.FeatureWrapper)[pri:0, instance:com.Runner.runnerTestNG@6497b078]" started-at="2025-04-28T20:33:56 IST" name="runScenario" description="Runs Cucumber Scenarios" data-provider="scenarios" finished-at="2025-04-28T20:34:05 IST" duration-ms="8894" status="PASS">
          <params>
            <param index="0">
              <value>
                <![CDATA["Poll the vote without logging in"]]>
              </value>
            </param>
            <param index="1">
              <value>
                <![CDATA["Laksitha_12APR2025_DemoWebShop_HomePageFunctionality"]]>
              </value>
            </param>
          </params>
          <reporter-output>
          </reporter-output>
        </test-method> <!-- runScenario -->
        <test-method signature="runScenario(io.cucumber.testng.PickleWrapper,io.cucumber.testng.FeatureWrapper)[pri:0, instance:com.Runner.runnerTestNG@6497b078]" started-at="2025-04-28T20:34:00 IST" name="runScenario" description="Runs Cucumber Scenarios" data-provider="scenarios" finished-at="2025-04-28T20:34:22 IST" duration-ms="21367" status="PASS">
          <params>
            <param index="0">
              <value>
                <![CDATA["View Recent products as list"]]>
              </value>
            </param>
            <param index="1">
              <value>
                <![CDATA["Laksitha_12APR2025_DemoWebShop_HomePageFunctionality"]]>
              </value>
            </param>
          </params>
          <reporter-output>
          </reporter-output>
        </test-method> <!-- runScenario -->
        <test-method signature="runScenario(io.cucumber.testng.PickleWrapper,io.cucumber.testng.FeatureWrapper)[pri:0, instance:com.Runner.runnerTestNG@6497b078]" started-at="2025-04-28T20:34:00 IST" name="runScenario" description="Runs Cucumber Scenarios" data-provider="scenarios" finished-at="2025-04-28T20:34:12 IST" duration-ms="11798" status="PASS">
          <params>
            <param index="0">
              <value>
                <![CDATA["Login with valid and invalid credentials"]]>
              </value>
            </param>
            <param index="1">
              <value>
                <![CDATA["Yuvaraj_13APR2025_DemoWebShop_Validate Login"]]>
              </value>
            </param>
          </params>
          <reporter-output>
          </reporter-output>
        </test-method> <!-- runScenario -->
        <test-method signature="runScenario(io.cucumber.testng.PickleWrapper,io.cucumber.testng.FeatureWrapper)[pri:0, instance:com.Runner.runnerTestNG@6497b078]" started-at="2025-04-28T20:34:00 IST" name="runScenario" description="Runs Cucumber Scenarios" data-provider="scenarios" finished-at="2025-04-28T20:34:12 IST" duration-ms="11538" status="PASS">
          <params>
            <param index="0">
              <value>
                <![CDATA["Login with valid and invalid credentials"]]>
              </value>
            </param>
            <param index="1">
              <value>
                <![CDATA["Yuvaraj_13APR2025_DemoWebShop_Validate Login"]]>
              </value>
            </param>
          </params>
          <reporter-output>
          </reporter-output>
        </test-method> <!-- runScenario -->
        <test-method signature="runScenario(io.cucumber.testng.PickleWrapper,io.cucumber.testng.FeatureWrapper)[pri:0, instance:com.Runner.runnerTestNG@6497b078]" started-at="2025-04-28T20:34:01 IST" name="runScenario" description="Runs Cucumber Scenarios" data-provider="scenarios" finished-at="2025-04-28T20:34:12 IST" duration-ms="11676" status="PASS">
          <params>
            <param index="0">
              <value>
                <![CDATA["Login with valid and invalid credentials"]]>
              </value>
            </param>
            <param index="1">
              <value>
                <![CDATA["Yuvaraj_13APR2025_DemoWebShop_Validate Login"]]>
              </value>
            </param>
          </params>
          <reporter-output>
          </reporter-output>
        </test-method> <!-- runScenario -->
        <test-method signature="runScenario(io.cucumber.testng.PickleWrapper,io.cucumber.testng.FeatureWrapper)[pri:0, instance:com.Runner.runnerTestNG@6497b078]" started-at="2025-04-28T20:34:01 IST" name="runScenario" description="Runs Cucumber Scenarios" data-provider="scenarios" finished-at="2025-04-28T20:34:12 IST" duration-ms="10767" status="PASS">
          <params>
            <param index="0">
              <value>
                <![CDATA["Login with valid and invalid credentials"]]>
              </value>
            </param>
            <param index="1">
              <value>
                <![CDATA["Yuvaraj_13APR2025_DemoWebShop_Validate Login"]]>
              </value>
            </param>
          </params>
          <reporter-output>
          </reporter-output>
        </test-method> <!-- runScenario -->
        <test-method signature="runScenario(io.cucumber.testng.PickleWrapper,io.cucumber.testng.FeatureWrapper)[pri:0, instance:com.Runner.runnerTestNG@6497b078]" started-at="2025-04-28T20:34:02 IST" name="runScenario" description="Runs Cucumber Scenarios" data-provider="scenarios" finished-at="2025-04-28T20:34:15 IST" duration-ms="13293" status="PASS">
          <params>
            <param index="0">
              <value>
                <![CDATA["Forgot password with valid and invalid email"]]>
              </value>
            </param>
            <param index="1">
              <value>
                <![CDATA["Yuvaraj_13APR2025_DemoWebShop_Validate Login"]]>
              </value>
            </param>
          </params>
          <reporter-output>
          </reporter-output>
        </test-method> <!-- runScenario -->
        <test-method signature="runScenario(io.cucumber.testng.PickleWrapper,io.cucumber.testng.FeatureWrapper)[pri:0, instance:com.Runner.runnerTestNG@6497b078]" started-at="2025-04-28T20:34:05 IST" name="runScenario" description="Runs Cucumber Scenarios" data-provider="scenarios" finished-at="2025-04-28T20:34:17 IST" duration-ms="12337" status="PASS">
          <params>
            <param index="0">
              <value>
                <![CDATA["Forgot password with valid and invalid email"]]>
              </value>
            </param>
            <param index="1">
              <value>
                <![CDATA["Yuvaraj_13APR2025_DemoWebShop_Validate Login"]]>
              </value>
            </param>
          </params>
          <reporter-output>
          </reporter-output>
        </test-method> <!-- runScenario -->
        <test-method signature="runScenario(io.cucumber.testng.PickleWrapper,io.cucumber.testng.FeatureWrapper)[pri:0, instance:com.Runner.runnerTestNG@6497b078]" started-at="2025-04-28T20:34:05 IST" name="runScenario" description="Runs Cucumber Scenarios" data-provider="scenarios" finished-at="2025-04-28T20:34:17 IST" duration-ms="11879" status="PASS">
          <params>
            <param index="0">
              <value>
                <![CDATA["Forgot password with valid and invalid email"]]>
              </value>
            </param>
            <param index="1">
              <value>
                <![CDATA["Yuvaraj_13APR2025_DemoWebShop_Validate Login"]]>
              </value>
            </param>
          </params>
          <reporter-output>
          </reporter-output>
        </test-method> <!-- runScenario -->
        <test-method signature="runScenario(io.cucumber.testng.PickleWrapper,io.cucumber.testng.FeatureWrapper)[pri:0, instance:com.Runner.runnerTestNG@6497b078]" started-at="2025-04-28T20:34:11 IST" name="runScenario" description="Runs Cucumber Scenarios" data-provider="scenarios" finished-at="2025-04-28T20:34:26 IST" duration-ms="15348" status="PASS">
          <params>
            <param index="0">
              <value>
                <![CDATA["ChangePassword"]]>
              </value>
            </param>
            <param index="1">
              <value>
                <![CDATA["Yuvaraj_14APR2025_DemoWebShop_Validate MyAccountSection"]]>
              </value>
            </param>
          </params>
          <reporter-output>
          </reporter-output>
        </test-method> <!-- runScenario -->
        <test-method signature="runScenario(io.cucumber.testng.PickleWrapper,io.cucumber.testng.FeatureWrapper)[pri:0, instance:com.Runner.runnerTestNG@6497b078]" started-at="2025-04-28T20:34:12 IST" name="runScenario" description="Runs Cucumber Scenarios" data-provider="scenarios" finished-at="2025-04-28T20:34:30 IST" duration-ms="17779" status="PASS">
          <params>
            <param index="0">
              <value>
                <![CDATA["ChangePassword"]]>
              </value>
            </param>
            <param index="1">
              <value>
                <![CDATA["Yuvaraj_14APR2025_DemoWebShop_Validate MyAccountSection"]]>
              </value>
            </param>
          </params>
          <reporter-output>
          </reporter-output>
        </test-method> <!-- runScenario -->
        <test-method signature="runScenario(io.cucumber.testng.PickleWrapper,io.cucumber.testng.FeatureWrapper)[pri:0, instance:com.Runner.runnerTestNG@6497b078]" started-at="2025-04-28T20:34:12 IST" name="runScenario" description="Runs Cucumber Scenarios" data-provider="scenarios" finished-at="2025-04-28T20:34:30 IST" duration-ms="17726" status="PASS">
          <params>
            <param index="0">
              <value>
                <![CDATA["verify the orders with products details"]]>
              </value>
            </param>
            <param index="1">
              <value>
                <![CDATA["Yuvaraj_14APR2025_DemoWebShop_Validate MyAccountSection"]]>
              </value>
            </param>
          </params>
          <reporter-output>
          </reporter-output>
        </test-method> <!-- runScenario -->
        <test-method signature="runScenario(io.cucumber.testng.PickleWrapper,io.cucumber.testng.FeatureWrapper)[pri:0, instance:com.Runner.runnerTestNG@6497b078]" started-at="2025-04-28T20:34:12 IST" name="runScenario" description="Runs Cucumber Scenarios" data-provider="scenarios" finished-at="2025-04-28T20:34:26 IST" duration-ms="14205" status="PASS">
          <params>
            <param index="0">
              <value>
                <![CDATA["verify the back in stock subscriptions"]]>
              </value>
            </param>
            <param index="1">
              <value>
                <![CDATA["Yuvaraj_14APR2025_DemoWebShop_Validate MyAccountSection"]]>
              </value>
            </param>
          </params>
          <reporter-output>
          </reporter-output>
        </test-method> <!-- runScenario -->
        <test-method signature="runScenario(io.cucumber.testng.PickleWrapper,io.cucumber.testng.FeatureWrapper)[pri:0, instance:com.Runner.runnerTestNG@6497b078]" started-at="2025-04-28T20:34:12 IST" name="runScenario" description="Runs Cucumber Scenarios" data-provider="scenarios" finished-at="2025-04-28T20:34:26 IST" duration-ms="13589" status="PASS">
          <params>
            <param index="0">
              <value>
                <![CDATA["verify the current balance of reward points"]]>
              </value>
            </param>
            <param index="1">
              <value>
                <![CDATA["Yuvaraj_14APR2025_DemoWebShop_Validate MyAccountSection"]]>
              </value>
            </param>
          </params>
          <reporter-output>
          </reporter-output>
        </test-method> <!-- runScenario -->
        <test-method signature="runScenario(io.cucumber.testng.PickleWrapper,io.cucumber.testng.FeatureWrapper)[pri:0, instance:com.Runner.runnerTestNG@6497b078]" started-at="2025-04-28T20:34:15 IST" name="runScenario" description="Runs Cucumber Scenarios" data-provider="scenarios" finished-at="2025-04-28T20:34:30 IST" duration-ms="15130" status="PASS">
          <params>
            <param index="0">
              <value>
                <![CDATA["verify the customer info"]]>
              </value>
            </param>
            <param index="1">
              <value>
                <![CDATA["Yuvaraj_14APR2025_DemoWebShop_Validate MyAccountSection"]]>
              </value>
            </param>
          </params>
          <reporter-output>
          </reporter-output>
        </test-method> <!-- runScenario -->
        <test-method signature="runScenario(io.cucumber.testng.PickleWrapper,io.cucumber.testng.FeatureWrapper)[pri:0, instance:com.Runner.runnerTestNG@6497b078]" started-at="2025-04-28T20:34:17 IST" name="runScenario" description="Runs Cucumber Scenarios" data-provider="scenarios" finished-at="2025-04-28T20:34:31 IST" duration-ms="13805" status="PASS">
          <params>
            <param index="0">
              <value>
                <![CDATA["Adding and Removing a Product in the Shopping Cart"]]>
              </value>
            </param>
            <param index="1">
              <value>
                <![CDATA["Divraj_13APR2025_Demowebshop_Shopping_cart"]]>
              </value>
            </param>
          </params>
          <reporter-output>
          </reporter-output>
        </test-method> <!-- runScenario -->
        <test-method signature="runScenario(io.cucumber.testng.PickleWrapper,io.cucumber.testng.FeatureWrapper)[pri:0, instance:com.Runner.runnerTestNG@6497b078]" started-at="2025-04-28T20:34:17 IST" name="runScenario" description="Runs Cucumber Scenarios" data-provider="scenarios" finished-at="2025-04-28T20:34:34 IST" duration-ms="17453" status="PASS">
          <params>
            <param index="0">
              <value>
                <![CDATA["Validating the Product Details and Adding to Cart"]]>
              </value>
            </param>
            <param index="1">
              <value>
                <![CDATA["Divraj_13APR2025_Demowebshop_Shopping_cart"]]>
              </value>
            </param>
          </params>
          <reporter-output>
          </reporter-output>
        </test-method> <!-- runScenario -->
        <test-method signature="runScenario(io.cucumber.testng.PickleWrapper,io.cucumber.testng.FeatureWrapper)[pri:0, instance:com.Runner.runnerTestNG@6497b078]" started-at="2025-04-28T20:34:22 IST" name="runScenario" description="Runs Cucumber Scenarios" data-provider="scenarios" finished-at="2025-04-28T20:34:36 IST" duration-ms="14405" status="PASS">
          <params>
            <param index="0">
              <value>
                <![CDATA["Verify the product is same as in the auto-generated url in wishlist page"]]>
              </value>
            </param>
            <param index="1">
              <value>
                <![CDATA["Divraj_13APR2025_Demowebshop_Shopping_cart"]]>
              </value>
            </param>
          </params>
          <reporter-output>
          </reporter-output>
        </test-method> <!-- runScenario -->
        <test-method signature="runScenario(io.cucumber.testng.PickleWrapper,io.cucumber.testng.FeatureWrapper)[pri:0, instance:com.Runner.runnerTestNG@6497b078]" started-at="2025-04-28T20:34:26 IST" name="runScenario" description="Runs Cucumber Scenarios" data-provider="scenarios" finished-at="2025-04-28T20:34:39 IST" duration-ms="12822" status="PASS">
          <params>
            <param index="0">
              <value>
                <![CDATA["verify the quantity of the product is increased"]]>
              </value>
            </param>
            <param index="1">
              <value>
                <![CDATA["Divraj_13APR2025_Demowebshop_Shopping_cart"]]>
              </value>
            </param>
          </params>
          <reporter-output>
          </reporter-output>
        </test-method> <!-- runScenario -->
        <test-method signature="runScenario(io.cucumber.testng.PickleWrapper,io.cucumber.testng.FeatureWrapper)[pri:0, instance:com.Runner.runnerTestNG@6497b078]" started-at="2025-04-28T20:34:26 IST" name="runScenario" description="Runs Cucumber Scenarios" data-provider="scenarios" finished-at="2025-04-28T20:34:43 IST" duration-ms="17080" status="PASS">
          <params>
            <param index="0">
              <value>
                <![CDATA["send a product details through valid email a friend"]]>
              </value>
            </param>
            <param index="1">
              <value>
                <![CDATA["Divraj_13APR2025_Demowebshop_Shopping_cart"]]>
              </value>
            </param>
          </params>
          <reporter-output>
          </reporter-output>
        </test-method> <!-- runScenario -->
        <test-method signature="runScenario(io.cucumber.testng.PickleWrapper,io.cucumber.testng.FeatureWrapper)[pri:0, instance:com.Runner.runnerTestNG@6497b078]" started-at="2025-04-28T20:34:26 IST" name="runScenario" description="Runs Cucumber Scenarios" data-provider="scenarios" finished-at="2025-04-28T20:34:42 IST" duration-ms="15999" status="PASS">
          <params>
            <param index="0">
              <value>
                <![CDATA["send a product details through Invalid email a friend"]]>
              </value>
            </param>
            <param index="1">
              <value>
                <![CDATA["Divraj_13APR2025_Demowebshop_Shopping_cart"]]>
              </value>
            </param>
          </params>
          <reporter-output>
          </reporter-output>
        </test-method> <!-- runScenario -->
        <test-method signature="runScenario(io.cucumber.testng.PickleWrapper,io.cucumber.testng.FeatureWrapper)[pri:0, instance:com.Runner.runnerTestNG@6497b078]" started-at="2025-04-28T20:34:30 IST" name="runScenario" description="Runs Cucumber Scenarios" data-provider="scenarios" finished-at="2025-04-28T20:34:45 IST" duration-ms="15425" status="PASS">
          <params>
            <param index="0">
              <value>
                <![CDATA["Verify the product is added in wishlist to shopping cart"]]>
              </value>
            </param>
            <param index="1">
              <value>
                <![CDATA["Divraj_13APR2025_Demowebshop_Shopping_cart"]]>
              </value>
            </param>
          </params>
          <reporter-output>
          </reporter-output>
        </test-method> <!-- runScenario -->
        <test-method signature="runScenario(io.cucumber.testng.PickleWrapper,io.cucumber.testng.FeatureWrapper)[pri:0, instance:com.Runner.runnerTestNG@6497b078]" started-at="2025-04-28T20:34:30 IST" name="runScenario" description="Runs Cucumber Scenarios" data-provider="scenarios" finished-at="2025-04-28T20:34:46 IST" duration-ms="16066" status="PASS">
          <params>
            <param index="0">
              <value>
                <![CDATA["To get a Shipping Estimation details"]]>
              </value>
            </param>
            <param index="1">
              <value>
                <![CDATA["Divraj_13APR2025_Demowebshop_Shopping_cart"]]>
              </value>
            </param>
          </params>
          <reporter-output>
          </reporter-output>
        </test-method> <!-- runScenario -->
        <test-method signature="runScenario(io.cucumber.testng.PickleWrapper,io.cucumber.testng.FeatureWrapper)[pri:0, instance:com.Runner.runnerTestNG@6497b078]" started-at="2025-04-28T20:34:30 IST" name="runScenario" description="Runs Cucumber Scenarios" data-provider="scenarios" finished-at="2025-04-28T20:34:46 IST" duration-ms="15555" status="PASS">
          <params>
            <param index="0">
              <value>
                <![CDATA["View submitted reviews of a product"]]>
              </value>
            </param>
            <param index="1">
              <value>
                <![CDATA["Laksitha_15APR2025_DemoWebShop_Review_a_product"]]>
              </value>
            </param>
          </params>
          <reporter-output>
          </reporter-output>
        </test-method> <!-- runScenario -->
        <test-method signature="runScenario(io.cucumber.testng.PickleWrapper,io.cucumber.testng.FeatureWrapper)[pri:0, instance:com.Runner.runnerTestNG@6497b078]" started-at="2025-04-28T20:34:31 IST" name="runScenario" description="Runs Cucumber Scenarios" data-provider="scenarios" finished-at="2025-04-28T20:34:49 IST" duration-ms="18908" status="PASS">
          <params>
            <param index="0">
              <value>
                <![CDATA["Write a review without logging in"]]>
              </value>
            </param>
            <param index="1">
              <value>
                <![CDATA["Laksitha_15APR2025_DemoWebShop_Review_a_product"]]>
              </value>
            </param>
          </params>
          <reporter-output>
          </reporter-output>
        </test-method> <!-- runScenario -->
        <test-method signature="runScenario(io.cucumber.testng.PickleWrapper,io.cucumber.testng.FeatureWrapper)[pri:0, instance:com.Runner.runnerTestNG@6497b078]" started-at="2025-04-28T20:34:34 IST" name="runScenario" description="Runs Cucumber Scenarios" data-provider="scenarios" finished-at="2025-04-28T20:34:59 IST" duration-ms="24345" status="PASS">
          <params>
            <param index="0">
              <value>
                <![CDATA["Submit review with valid and invalid inputs"]]>
              </value>
            </param>
            <param index="1">
              <value>
                <![CDATA["Laksitha_15APR2025_DemoWebShop_Review_a_product"]]>
              </value>
            </param>
          </params>
          <reporter-output>
          </reporter-output>
        </test-method> <!-- runScenario -->
        <test-method signature="runScenario(io.cucumber.testng.PickleWrapper,io.cucumber.testng.FeatureWrapper)[pri:0, instance:com.Runner.runnerTestNG@6497b078]" started-at="2025-04-28T20:34:36 IST" name="runScenario" description="Runs Cucumber Scenarios" data-provider="scenarios" finished-at="2025-04-28T20:34:59 IST" duration-ms="23253" status="PASS">
          <params>
            <param index="0">
              <value>
                <![CDATA["Submit review with valid and invalid inputs"]]>
              </value>
            </param>
            <param index="1">
              <value>
                <![CDATA["Laksitha_15APR2025_DemoWebShop_Review_a_product"]]>
              </value>
            </param>
          </params>
          <reporter-output>
          </reporter-output>
        </test-method> <!-- runScenario -->
        <test-method signature="runScenario(io.cucumber.testng.PickleWrapper,io.cucumber.testng.FeatureWrapper)[pri:0, instance:com.Runner.runnerTestNG@6497b078]" started-at="2025-04-28T20:34:39 IST" name="runScenario" description="Runs Cucumber Scenarios" data-provider="scenarios" finished-at="2025-04-28T20:35:05 IST" duration-ms="26335" status="PASS">
          <params>
            <param index="0">
              <value>
                <![CDATA["Submit review with valid and invalid inputs"]]>
              </value>
            </param>
            <param index="1">
              <value>
                <![CDATA["Laksitha_15APR2025_DemoWebShop_Review_a_product"]]>
              </value>
            </param>
          </params>
          <reporter-output>
          </reporter-output>
        </test-method> <!-- runScenario -->
        <test-method signature="runScenario(io.cucumber.testng.PickleWrapper,io.cucumber.testng.FeatureWrapper)[pri:0, instance:com.Runner.runnerTestNG@6497b078]" started-at="2025-04-28T20:34:42 IST" name="runScenario" description="Runs Cucumber Scenarios" data-provider="scenarios" finished-at="2025-04-28T20:34:53 IST" duration-ms="10352" status="PASS">
          <params>
            <param index="0">
              <value>
                <![CDATA["Simple product search with valid keyword"]]>
              </value>
            </param>
            <param index="1">
              <value>
                <![CDATA["Laksitha_13APR2025_DemoWebShop_Search_Function"]]>
              </value>
            </param>
          </params>
          <reporter-output>
          </reporter-output>
        </test-method> <!-- runScenario -->
        <test-method signature="runScenario(io.cucumber.testng.PickleWrapper,io.cucumber.testng.FeatureWrapper)[pri:0, instance:com.Runner.runnerTestNG@6497b078]" started-at="2025-04-28T20:34:43 IST" name="runScenario" description="Runs Cucumber Scenarios" data-provider="scenarios" finished-at="2025-04-28T20:34:54 IST" duration-ms="10866" status="PASS">
          <params>
            <param index="0">
              <value>
                <![CDATA["Search with invalid or short keywords"]]>
              </value>
            </param>
            <param index="1">
              <value>
                <![CDATA["Laksitha_13APR2025_DemoWebShop_Search_Function"]]>
              </value>
            </param>
          </params>
          <reporter-output>
          </reporter-output>
        </test-method> <!-- runScenario -->
        <test-method signature="runScenario(io.cucumber.testng.PickleWrapper,io.cucumber.testng.FeatureWrapper)[pri:0, instance:com.Runner.runnerTestNG@6497b078]" started-at="2025-04-28T20:34:45 IST" name="runScenario" description="Runs Cucumber Scenarios" data-provider="scenarios" finished-at="2025-04-28T20:34:56 IST" duration-ms="10888" status="PASS">
          <params>
            <param index="0">
              <value>
                <![CDATA["Search with invalid or short keywords"]]>
              </value>
            </param>
            <param index="1">
              <value>
                <![CDATA["Laksitha_13APR2025_DemoWebShop_Search_Function"]]>
              </value>
            </param>
          </params>
          <reporter-output>
          </reporter-output>
        </test-method> <!-- runScenario -->
        <test-method signature="runScenario(io.cucumber.testng.PickleWrapper,io.cucumber.testng.FeatureWrapper)[pri:0, instance:com.Runner.runnerTestNG@6497b078]" started-at="2025-04-28T20:34:46 IST" name="runScenario" description="Runs Cucumber Scenarios" data-provider="scenarios" finished-at="2025-04-28T20:34:54 IST" duration-ms="8558" status="PASS">
          <params>
            <param index="0">
              <value>
                <![CDATA["Search with invalid or short keywords"]]>
              </value>
            </param>
            <param index="1">
              <value>
                <![CDATA["Laksitha_13APR2025_DemoWebShop_Search_Function"]]>
              </value>
            </param>
          </params>
          <reporter-output>
          </reporter-output>
        </test-method> <!-- runScenario -->
        <test-method signature="runScenario(io.cucumber.testng.PickleWrapper,io.cucumber.testng.FeatureWrapper)[pri:0, instance:com.Runner.runnerTestNG@6497b078]" started-at="2025-04-28T20:34:46 IST" name="runScenario" description="Runs Cucumber Scenarios" data-provider="scenarios" finished-at="2025-04-28T20:35:01 IST" duration-ms="14967" status="PASS">
          <params>
            <param index="0">
              <value>
                <![CDATA["Perform advanced product search with various filter combinations"]]>
              </value>
            </param>
            <param index="1">
              <value>
                <![CDATA["Laksitha_13APR2025_DemoWebShop_Search_Function"]]>
              </value>
            </param>
          </params>
          <reporter-output>
          </reporter-output>
        </test-method> <!-- runScenario -->
        <test-method signature="runScenario(io.cucumber.testng.PickleWrapper,io.cucumber.testng.FeatureWrapper)[pri:0, instance:com.Runner.runnerTestNG@6497b078]" started-at="2025-04-28T20:34:49 IST" name="runScenario" description="Runs Cucumber Scenarios" data-provider="scenarios" finished-at="2025-04-28T20:35:07 IST" duration-ms="17384" status="PASS">
          <params>
            <param index="0">
              <value>
                <![CDATA["Perform advanced product search with various filter combinations"]]>
              </value>
            </param>
            <param index="1">
              <value>
                <![CDATA["Laksitha_13APR2025_DemoWebShop_Search_Function"]]>
              </value>
            </param>
          </params>
          <reporter-output>
          </reporter-output>
        </test-method> <!-- runScenario -->
        <test-method signature="runScenario(io.cucumber.testng.PickleWrapper,io.cucumber.testng.FeatureWrapper)[pri:0, instance:com.Runner.runnerTestNG@6497b078]" started-at="2025-04-28T20:34:50 IST" name="runScenario" description="Runs Cucumber Scenarios" data-provider="scenarios" finished-at="2025-04-28T20:35:01 IST" duration-ms="11587" status="PASS">
          <params>
            <param index="0">
              <value>
                <![CDATA["Tags should be navigated to product page"]]>
              </value>
            </param>
            <param index="1">
              <value>
                <![CDATA["Laksitha_15APR2025_DemoWebShop_Popular_tags"]]>
              </value>
            </param>
          </params>
          <reporter-output>
          </reporter-output>
        </test-method> <!-- runScenario -->
        <test-method signature="runScenario(io.cucumber.testng.PickleWrapper,io.cucumber.testng.FeatureWrapper)[pri:0, instance:com.Runner.runnerTestNG@6497b078]" started-at="2025-04-28T20:34:53 IST" name="runScenario" description="Runs Cucumber Scenarios" data-provider="scenarios" finished-at="2025-04-28T20:35:06 IST" duration-ms="12869" status="PASS">
          <params>
            <param index="0">
              <value>
                <![CDATA["Tags should be navigated to product page"]]>
              </value>
            </param>
            <param index="1">
              <value>
                <![CDATA["Laksitha_15APR2025_DemoWebShop_Popular_tags"]]>
              </value>
            </param>
          </params>
          <reporter-output>
          </reporter-output>
        </test-method> <!-- runScenario -->
        <test-method signature="runScenario(io.cucumber.testng.PickleWrapper,io.cucumber.testng.FeatureWrapper)[pri:0, instance:com.Runner.runnerTestNG@6497b078]" started-at="2025-04-28T20:34:54 IST" name="runScenario" description="Runs Cucumber Scenarios" data-provider="scenarios" finished-at="2025-04-28T20:35:07 IST" duration-ms="13105" status="PASS">
          <params>
            <param index="0">
              <value>
                <![CDATA["To verify the user redirected to the tricentis page"]]>
              </value>
            </param>
            <param index="1">
              <value>
                <![CDATA["Divraj_28APR2025_Demowebshop_Tricentis"]]>
              </value>
            </param>
          </params>
          <reporter-output>
          </reporter-output>
        </test-method> <!-- runScenario -->
        <test-method signature="runScenario(io.cucumber.testng.PickleWrapper,io.cucumber.testng.FeatureWrapper)[pri:0, instance:com.Runner.runnerTestNG@6497b078]" started-at="2025-04-28T20:34:54 IST" name="runScenario" description="Runs Cucumber Scenarios" data-provider="scenarios" finished-at="2025-04-28T20:35:09 IST" duration-ms="14333" status="PASS">
          <params>
            <param index="0">
              <value>
                <![CDATA["Register on the website with valid and invalid fields"]]>
              </value>
            </param>
            <param index="1">
              <value>
                <![CDATA["Yuvaraj_15APR2025_DemoWebShop_Validate UserRegistration"]]>
              </value>
            </param>
          </params>
          <reporter-output>
          </reporter-output>
        </test-method> <!-- runScenario -->
        <test-method signature="runScenario(io.cucumber.testng.PickleWrapper,io.cucumber.testng.FeatureWrapper)[pri:0, instance:com.Runner.runnerTestNG@6497b078]" started-at="2025-04-28T20:34:56 IST" name="runScenario" description="Runs Cucumber Scenarios" data-provider="scenarios" finished-at="2025-04-28T20:35:08 IST" duration-ms="12103" status="PASS">
          <params>
            <param index="0">
              <value>
                <![CDATA["Register on the website with valid and invalid fields"]]>
              </value>
            </param>
            <param index="1">
              <value>
                <![CDATA["Yuvaraj_15APR2025_DemoWebShop_Validate UserRegistration"]]>
              </value>
            </param>
          </params>
          <reporter-output>
          </reporter-output>
        </test-method> <!-- runScenario -->
        <test-method signature="runScenario(io.cucumber.testng.PickleWrapper,io.cucumber.testng.FeatureWrapper)[pri:0, instance:com.Runner.runnerTestNG@6497b078]" started-at="2025-04-28T20:34:59 IST" name="runScenario" description="Runs Cucumber Scenarios" data-provider="scenarios" finished-at="2025-04-28T20:35:09 IST" duration-ms="10271" status="PASS">
          <params>
            <param index="0">
              <value>
                <![CDATA["Register on the website with valid and invalid fields"]]>
              </value>
            </param>
            <param index="1">
              <value>
                <![CDATA["Yuvaraj_15APR2025_DemoWebShop_Validate UserRegistration"]]>
              </value>
            </param>
          </params>
          <reporter-output>
          </reporter-output>
        </test-method> <!-- runScenario -->
        <test-method signature="runScenario(io.cucumber.testng.PickleWrapper,io.cucumber.testng.FeatureWrapper)[pri:0, instance:com.Runner.runnerTestNG@6497b078]" started-at="2025-04-28T20:34:59 IST" name="runScenario" description="Runs Cucumber Scenarios" data-provider="scenarios" finished-at="2025-04-28T20:35:09 IST" duration-ms="9613" status="PASS">
          <params>
            <param index="0">
              <value>
                <![CDATA["Register on the website with valid and invalid fields"]]>
              </value>
            </param>
            <param index="1">
              <value>
                <![CDATA["Yuvaraj_15APR2025_DemoWebShop_Validate UserRegistration"]]>
              </value>
            </param>
          </params>
          <reporter-output>
          </reporter-output>
        </test-method> <!-- runScenario -->
        <test-method signature="runScenario(io.cucumber.testng.PickleWrapper,io.cucumber.testng.FeatureWrapper)[pri:0, instance:com.Runner.runnerTestNG@6497b078]" started-at="2025-04-28T20:35:01 IST" name="runScenario" description="Runs Cucumber Scenarios" data-provider="scenarios" finished-at="2025-04-28T20:35:10 IST" duration-ms="8949" status="PASS">
          <params>
            <param index="0">
              <value>
                <![CDATA["Register on the website with valid and invalid fields"]]>
              </value>
            </param>
            <param index="1">
              <value>
                <![CDATA["Yuvaraj_15APR2025_DemoWebShop_Validate UserRegistration"]]>
              </value>
            </param>
          </params>
          <reporter-output>
          </reporter-output>
        </test-method> <!-- runScenario -->
        <test-method signature="runScenario(io.cucumber.testng.PickleWrapper,io.cucumber.testng.FeatureWrapper)[pri:0, instance:com.Runner.runnerTestNG@6497b078]" started-at="2025-04-28T20:35:01 IST" name="runScenario" description="Runs Cucumber Scenarios" data-provider="scenarios" finished-at="2025-04-28T20:35:10 IST" duration-ms="9256" status="PASS">
          <params>
            <param index="0">
              <value>
                <![CDATA["Register on the website with valid and invalid fields"]]>
              </value>
            </param>
            <param index="1">
              <value>
                <![CDATA["Yuvaraj_15APR2025_DemoWebShop_Validate UserRegistration"]]>
              </value>
            </param>
          </params>
          <reporter-output>
          </reporter-output>
        </test-method> <!-- runScenario -->
        <test-method signature="runScenario(io.cucumber.testng.PickleWrapper,io.cucumber.testng.FeatureWrapper)[pri:0, instance:com.Runner.runnerTestNG@6497b078]" started-at="2025-04-28T20:35:05 IST" name="runScenario" description="Runs Cucumber Scenarios" data-provider="scenarios" finished-at="2025-04-28T20:35:12 IST" duration-ms="7457" status="PASS">
          <params>
            <param index="0">
              <value>
                <![CDATA["Register on the website with valid and invalid fields"]]>
              </value>
            </param>
            <param index="1">
              <value>
                <![CDATA["Yuvaraj_15APR2025_DemoWebShop_Validate UserRegistration"]]>
              </value>
            </param>
          </params>
          <reporter-output>
          </reporter-output>
        </test-method> <!-- runScenario -->
        <test-method is-config="true" signature="tearDownClass()[pri:0, instance:com.Runner.runnerTestNG@6497b078]" started-at="2025-04-28T20:35:12 IST" name="tearDownClass" finished-at="2025-04-28T20:35:16 IST" duration-ms="3173" status="PASS">
          <reporter-output>
          </reporter-output>
        </test-method> <!-- tearDownClass -->
      </class> <!-- com.Runner.runnerTestNG -->
    </test> <!-- Default test -->
  </suite> <!-- Default suite -->
</testng-results>
