<?xml version="1.0" encoding="UTF-8"?>
<testng-results ignored="0" total="63" passed="55" failed="8" skipped="0">
  <reporter-output>
  </reporter-output>
  <suite started-at="2025-04-17T15:52:39 IST" name="Default suite" finished-at="2025-04-17T15:55:18 IST" duration-ms="159486">
    <groups>
      <group name="cucumber">
        <method signature="AbstractTestNGCucumberTests.runScenario(io.cucumber.testng.PickleWrapper,io.cucumber.testng.FeatureWrapper)[pri:0, instance:com.Runner.runnerTestNG@6497b078]" name="runScenario" class="io.cucumber.testng.AbstractTestNGCucumberTests"/>
      </group> <!-- cucumber -->
    </groups>
    <test started-at="2025-04-17T15:52:39 IST" name="Default test" finished-at="2025-04-17T15:55:18 IST" duration-ms="159486">
      <class name="com.Runner.runnerTestNG">
        <test-method is-config="true" signature="setUpClass(org.testng.ITestContext)[pri:0, instance:com.Runner.runnerTestNG@6497b078]" started-at="2025-04-17T15:52:39 IST" name="setUpClass" finished-at="2025-04-17T15:52:40 IST" duration-ms="832" status="PASS">
          <params>
            <param index="0">
              <value>
                <![CDATA[org.testng.TestRunner@62c3f556]]>
              </value>
            </param>
          </params>
          <reporter-output>
          </reporter-output>
        </test-method> <!-- setUpClass -->
        <test-method signature="runScenario(io.cucumber.testng.PickleWrapper,io.cucumber.testng.FeatureWrapper)[pri:0, instance:com.Runner.runnerTestNG@6497b078]" started-at="2025-04-17T15:52:40 IST" name="runScenario" description="Runs Cucumber Scenarios" data-provider="scenarios" finished-at="2025-04-17T15:53:42 IST" duration-ms="62832" status="PASS">
          <params>
            <param index="0">
              <value>
                <![CDATA["Adding Address"]]>
              </value>
            </param>
            <param index="1">
              <value>
                <![CDATA["Validating Address Section"]]>
              </value>
            </param>
          </params>
          <reporter-output>
          </reporter-output>
        </test-method> <!-- runScenario -->
        <test-method signature="runScenario(io.cucumber.testng.PickleWrapper,io.cucumber.testng.FeatureWrapper)[pri:0, instance:com.Runner.runnerTestNG@6497b078]" started-at="2025-04-17T15:52:40 IST" name="runScenario" description="Runs Cucumber Scenarios" data-provider="scenarios" finished-at="2025-04-17T15:53:09 IST" duration-ms="29540" status="PASS">
          <params>
            <param index="0">
              <value>
                <![CDATA["Comparing two different products"]]>
              </value>
            </param>
            <param index="1">
              <value>
                <![CDATA["Book Product Functionality"]]>
              </value>
            </param>
          </params>
          <reporter-output>
          </reporter-output>
        </test-method> <!-- runScenario -->
        <test-method signature="runScenario(io.cucumber.testng.PickleWrapper,io.cucumber.testng.FeatureWrapper)[pri:0, instance:com.Runner.runnerTestNG@6497b078]" started-at="2025-04-17T15:52:40 IST" name="runScenario" description="Runs Cucumber Scenarios" data-provider="scenarios" finished-at="2025-04-17T15:53:02 IST" duration-ms="22480" status="PASS">
          <params>
            <param index="0">
              <value>
                <![CDATA["View all books available"]]>
              </value>
            </param>
            <param index="1">
              <value>
                <![CDATA["Book Product Functionality"]]>
              </value>
            </param>
          </params>
          <reporter-output>
          </reporter-output>
        </test-method> <!-- runScenario -->
        <test-method signature="runScenario(io.cucumber.testng.PickleWrapper,io.cucumber.testng.FeatureWrapper)[pri:0, instance:com.Runner.runnerTestNG@6497b078]" started-at="2025-04-17T15:52:40 IST" name="runScenario" description="Runs Cucumber Scenarios" data-provider="scenarios" finished-at="2025-04-17T15:53:34 IST" duration-ms="54216" status="PASS">
          <params>
            <param index="0">
              <value>
                <![CDATA["Apply filter options for books"]]>
              </value>
            </param>
            <param index="1">
              <value>
                <![CDATA["Book Product Functionality"]]>
              </value>
            </param>
          </params>
          <reporter-output>
          </reporter-output>
        </test-method> <!-- runScenario -->
        <test-method signature="runScenario(io.cucumber.testng.PickleWrapper,io.cucumber.testng.FeatureWrapper)[pri:0, instance:com.Runner.runnerTestNG@6497b078]" started-at="2025-04-17T15:52:40 IST" name="runScenario" description="Runs Cucumber Scenarios" data-provider="scenarios" finished-at="2025-04-17T15:53:05 IST" duration-ms="25384" status="PASS">
          <params>
            <param index="0">
              <value>
                <![CDATA["Navigate to checkout page Without clicking the terms & conditions"]]>
              </value>
            </param>
            <param index="1">
              <value>
                <![CDATA["Checkout the product in the web Application"]]>
              </value>
            </param>
          </params>
          <reporter-output>
          </reporter-output>
        </test-method> <!-- runScenario -->
        <test-method signature="runScenario(io.cucumber.testng.PickleWrapper,io.cucumber.testng.FeatureWrapper)[pri:0, instance:com.Runner.runnerTestNG@6497b078]" started-at="2025-04-17T15:52:40 IST" name="runScenario" description="Runs Cucumber Scenarios" data-provider="scenarios" finished-at="2025-04-17T15:53:18 IST" duration-ms="38628" status="PASS">
          <params>
            <param index="0">
              <value>
                <![CDATA["Deleting the already present address"]]>
              </value>
            </param>
            <param index="1">
              <value>
                <![CDATA["Validating Address Section"]]>
              </value>
            </param>
          </params>
          <reporter-output>
          </reporter-output>
        </test-method> <!-- runScenario -->
        <test-method signature="runScenario(io.cucumber.testng.PickleWrapper,io.cucumber.testng.FeatureWrapper)[pri:0, instance:com.Runner.runnerTestNG@6497b078]" started-at="2025-04-17T15:52:40 IST" name="runScenario" description="Runs Cucumber Scenarios" data-provider="scenarios" finished-at="2025-04-17T15:53:09 IST" duration-ms="29274" status="PASS">
          <params>
            <param index="0">
              <value>
                <![CDATA["Apply all Sort By options for books"]]>
              </value>
            </param>
            <param index="1">
              <value>
                <![CDATA["Book Product Functionality"]]>
              </value>
            </param>
          </params>
          <reporter-output>
          </reporter-output>
        </test-method> <!-- runScenario -->
        <test-method signature="runScenario(io.cucumber.testng.PickleWrapper,io.cucumber.testng.FeatureWrapper)[pri:0, instance:com.Runner.runnerTestNG@6497b078]" started-at="2025-04-17T15:52:40 IST" name="runScenario" description="Runs Cucumber Scenarios" data-provider="scenarios" finished-at="2025-04-17T15:53:02 IST" duration-ms="22930" status="PASS">
          <params>
            <param index="0">
              <value>
                <![CDATA["View details of a specific book"]]>
              </value>
            </param>
            <param index="1">
              <value>
                <![CDATA["Book Product Functionality"]]>
              </value>
            </param>
          </params>
          <reporter-output>
          </reporter-output>
        </test-method> <!-- runScenario -->
        <test-method signature="runScenario(io.cucumber.testng.PickleWrapper,io.cucumber.testng.FeatureWrapper)[pri:0, instance:com.Runner.runnerTestNG@6497b078]" started-at="2025-04-17T15:52:40 IST" name="runScenario" description="Runs Cucumber Scenarios" data-provider="scenarios" finished-at="2025-04-17T15:53:09 IST" duration-ms="29481" status="PASS">
          <params>
            <param index="0">
              <value>
                <![CDATA["checkout an item in the application"]]>
              </value>
            </param>
            <param index="1">
              <value>
                <![CDATA["Checkout the product in the web Application"]]>
              </value>
            </param>
          </params>
          <reporter-output>
          </reporter-output>
        </test-method> <!-- runScenario -->
        <test-method signature="runScenario(io.cucumber.testng.PickleWrapper,io.cucumber.testng.FeatureWrapper)[pri:0, instance:com.Runner.runnerTestNG@6497b078]" started-at="2025-04-17T15:52:40 IST" name="runScenario" description="Runs Cucumber Scenarios" data-provider="scenarios" finished-at="2025-04-17T15:53:05 IST" duration-ms="25427" status="FAIL">
          <params>
            <param index="0">
              <value>
                <![CDATA["checkout and download the invoice pdf"]]>
              </value>
            </param>
            <param index="1">
              <value>
                <![CDATA["Checkout the product in the web Application"]]>
              </value>
            </param>
          </params>
          <exception class="com.Actions.CheckoutAction$ProductSearchException">
            <message>
              <![CDATA[Failed to search for product: laptop. Error: stale element reference: stale element not found
  (Session info: chrome=135.0.7049.85)
For documentation on this error, please visit: https://www.selenium.dev/documentation/webdriver/troubleshooting/errors#stale-element-reference-exception
Build info: version: '4.31.0', revision: '1ef9f18787*'
System info: os.name: 'Windows 11', os.arch: 'amd64', os.version: '10.0', java.version: '21.0.6'
Driver info: org.openqa.selenium.chrome.ChromeDriver
Command: [10605a2bd884591cb52b6eb870f49387, sendKeysToElement {value=[Ljava.lang.CharSequence;@6489cf3d, id=f.58D525C57D18F38BC5E8C1CF2E352E8E.d.2E763A27BCFE1D72DBA59F2D1CC0C642.e.46}]
Capabilities {acceptInsecureCerts: false, browserName: chrome, browserVersion: 135.0.7049.85, chrome: {chromedriverVersion: 135.0.7049.95 (de2eb485a195..., userDataDir: C:\Users\yuvar\AppData\Loca...}, fedcm:accounts: true, goog:chromeOptions: {debuggerAddress: localhost:62071}, networkConnectionEnabled: false, pageLoadStrategy: normal, platformName: windows, proxy: Proxy(), se:cdp: ws://localhost:62071/devtoo..., se:cdpVersion: 135.0.7049.85, setWindowRect: true, strictFileInteractability: false, timeouts: {implicit: 0, pageLoad: 300000, script: 30000}, unhandledPromptBehavior: dismiss and notify, webauthn:extension:credBlob: true, webauthn:extension:largeBlob: true, webauthn:extension:minPinLength: true, webauthn:extension:prf: true, webauthn:virtualAuthenticators: true}
Element: [[ChromeDriver: chrome on windows (10605a2bd884591cb52b6eb870f49387)] -> xpath: //input[@id="small-searchterms"]]
Session ID: 10605a2bd884591cb52b6eb870f49387]]>
            </message>
            <full-stacktrace>
              <![CDATA[com.Actions.CheckoutAction$ProductSearchException: Failed to search for product: laptop. Error: stale element reference: stale element not found
  (Session info: chrome=135.0.7049.85)
For documentation on this error, please visit: https://www.selenium.dev/documentation/webdriver/troubleshooting/errors#stale-element-reference-exception
Build info: version: '4.31.0', revision: '1ef9f18787*'
System info: os.name: 'Windows 11', os.arch: 'amd64', os.version: '10.0', java.version: '21.0.6'
Driver info: org.openqa.selenium.chrome.ChromeDriver
Command: [10605a2bd884591cb52b6eb870f49387, sendKeysToElement {value=[Ljava.lang.CharSequence;@6489cf3d, id=f.58D525C57D18F38BC5E8C1CF2E352E8E.d.2E763A27BCFE1D72DBA59F2D1CC0C642.e.46}]
Capabilities {acceptInsecureCerts: false, browserName: chrome, browserVersion: 135.0.7049.85, chrome: {chromedriverVersion: 135.0.7049.95 (de2eb485a195..., userDataDir: C:\Users\yuvar\AppData\Loca...}, fedcm:accounts: true, goog:chromeOptions: {debuggerAddress: localhost:62071}, networkConnectionEnabled: false, pageLoadStrategy: normal, platformName: windows, proxy: Proxy(), se:cdp: ws://localhost:62071/devtoo..., se:cdpVersion: 135.0.7049.85, setWindowRect: true, strictFileInteractability: false, timeouts: {implicit: 0, pageLoad: 300000, script: 30000}, unhandledPromptBehavior: dismiss and notify, webauthn:extension:credBlob: true, webauthn:extension:largeBlob: true, webauthn:extension:minPinLength: true, webauthn:extension:prf: true, webauthn:virtualAuthenticators: true}
Element: [[ChromeDriver: chrome on windows (10605a2bd884591cb52b6eb870f49387)] -> xpath: //input[@id="small-searchterms"]]
Session ID: 10605a2bd884591cb52b6eb870f49387
at com.Actions.CheckoutAction.searchAnItem(CheckoutAction.java:45)
at com.Definitions.CheckoutStepDefinition.i_log_in_and_add_an_item_and_add_to_cart(CheckoutStepDefinition.java:27)
at ✽.I log in and add an item and add to cart(file:///C:/Users/yuvar/DemoWebShop(Automation)/DemoWebShop-Cucumber/src/test/resources/Features/CheckOut.feature:5)
]]>
            </full-stacktrace>
          </exception> <!-- com.Actions.CheckoutAction$ProductSearchException -->
          <reporter-output>
          </reporter-output>
        </test-method> <!-- runScenario -->
        <test-method signature="runScenario(io.cucumber.testng.PickleWrapper,io.cucumber.testng.FeatureWrapper)[pri:0, instance:com.Runner.runnerTestNG@6497b078]" started-at="2025-04-17T15:53:02 IST" name="runScenario" description="Runs Cucumber Scenarios" data-provider="scenarios" finished-at="2025-04-17T15:53:41 IST" duration-ms="38594" status="PASS">
          <params>
            <param index="0">
              <value>
                <![CDATA["To read the invoice pdf in the application"]]>
              </value>
            </param>
            <param index="1">
              <value>
                <![CDATA["Checkout the product in the web Application"]]>
              </value>
            </param>
          </params>
          <reporter-output>
          </reporter-output>
        </test-method> <!-- runScenario -->
        <test-method signature="runScenario(io.cucumber.testng.PickleWrapper,io.cucumber.testng.FeatureWrapper)[pri:0, instance:com.Runner.runnerTestNG@6497b078]" started-at="2025-04-17T15:53:02 IST" name="runScenario" description="Runs Cucumber Scenarios" data-provider="scenarios" finished-at="2025-04-17T15:53:50 IST" duration-ms="47321" status="PASS">
          <params>
            <param index="0">
              <value>
                <![CDATA["purchase an item and choose store pickup"]]>
              </value>
            </param>
            <param index="1">
              <value>
                <![CDATA["Checkout the product in the web Application"]]>
              </value>
            </param>
          </params>
          <reporter-output>
          </reporter-output>
        </test-method> <!-- runScenario -->
        <test-method signature="runScenario(io.cucumber.testng.PickleWrapper,io.cucumber.testng.FeatureWrapper)[pri:0, instance:com.Runner.runnerTestNG@6497b078]" started-at="2025-04-17T15:53:05 IST" name="runScenario" description="Runs Cucumber Scenarios" data-provider="scenarios" finished-at="2025-04-17T15:53:32 IST" duration-ms="26952" status="FAIL">
          <params>
            <param index="0">
              <value>
                <![CDATA["purchase an item and choose the credit card"]]>
              </value>
            </param>
            <param index="1">
              <value>
                <![CDATA["Checkout the product in the web Application"]]>
              </value>
            </param>
          </params>
          <exception class="com.Actions.CheckoutAction$ProductSearchException">
            <message>
              <![CDATA[Failed to search for product: laptop. Error: stale element reference: stale element not found
  (Session info: chrome=135.0.7049.85)
For documentation on this error, please visit: https://www.selenium.dev/documentation/webdriver/troubleshooting/errors#stale-element-reference-exception
Build info: version: '4.31.0', revision: '1ef9f18787*'
System info: os.name: 'Windows 11', os.arch: 'amd64', os.version: '10.0', java.version: '21.0.6'
Driver info: org.openqa.selenium.chrome.ChromeDriver
Command: [685d4dadd6f894ff3e73720dc308d922, sendKeysToElement {value=[Ljava.lang.CharSequence;@3c4a79c6, id=f.77A0E81F2C7E772A500932C7276B3BFD.d.483963926A80010FFAEF6201DF014553.e.61}]
Capabilities {acceptInsecureCerts: false, browserName: chrome, browserVersion: 135.0.7049.85, chrome: {chromedriverVersion: 135.0.7049.95 (de2eb485a195..., userDataDir: C:\Users\yuvar\AppData\Loca...}, fedcm:accounts: true, goog:chromeOptions: {debuggerAddress: localhost:62386}, networkConnectionEnabled: false, pageLoadStrategy: normal, platformName: windows, proxy: Proxy(), se:cdp: ws://localhost:62386/devtoo..., se:cdpVersion: 135.0.7049.85, setWindowRect: true, strictFileInteractability: false, timeouts: {implicit: 0, pageLoad: 300000, script: 30000}, unhandledPromptBehavior: dismiss and notify, webauthn:extension:credBlob: true, webauthn:extension:largeBlob: true, webauthn:extension:minPinLength: true, webauthn:extension:prf: true, webauthn:virtualAuthenticators: true}
Element: [[ChromeDriver: chrome on windows (685d4dadd6f894ff3e73720dc308d922)] -> xpath: //input[@id="small-searchterms"]]
Session ID: 685d4dadd6f894ff3e73720dc308d922]]>
            </message>
            <full-stacktrace>
              <![CDATA[com.Actions.CheckoutAction$ProductSearchException: Failed to search for product: laptop. Error: stale element reference: stale element not found
  (Session info: chrome=135.0.7049.85)
For documentation on this error, please visit: https://www.selenium.dev/documentation/webdriver/troubleshooting/errors#stale-element-reference-exception
Build info: version: '4.31.0', revision: '1ef9f18787*'
System info: os.name: 'Windows 11', os.arch: 'amd64', os.version: '10.0', java.version: '21.0.6'
Driver info: org.openqa.selenium.chrome.ChromeDriver
Command: [685d4dadd6f894ff3e73720dc308d922, sendKeysToElement {value=[Ljava.lang.CharSequence;@3c4a79c6, id=f.77A0E81F2C7E772A500932C7276B3BFD.d.483963926A80010FFAEF6201DF014553.e.61}]
Capabilities {acceptInsecureCerts: false, browserName: chrome, browserVersion: 135.0.7049.85, chrome: {chromedriverVersion: 135.0.7049.95 (de2eb485a195..., userDataDir: C:\Users\yuvar\AppData\Loca...}, fedcm:accounts: true, goog:chromeOptions: {debuggerAddress: localhost:62386}, networkConnectionEnabled: false, pageLoadStrategy: normal, platformName: windows, proxy: Proxy(), se:cdp: ws://localhost:62386/devtoo..., se:cdpVersion: 135.0.7049.85, setWindowRect: true, strictFileInteractability: false, timeouts: {implicit: 0, pageLoad: 300000, script: 30000}, unhandledPromptBehavior: dismiss and notify, webauthn:extension:credBlob: true, webauthn:extension:largeBlob: true, webauthn:extension:minPinLength: true, webauthn:extension:prf: true, webauthn:virtualAuthenticators: true}
Element: [[ChromeDriver: chrome on windows (685d4dadd6f894ff3e73720dc308d922)] -> xpath: //input[@id="small-searchterms"]]
Session ID: 685d4dadd6f894ff3e73720dc308d922
at com.Actions.CheckoutAction.searchAnItem(CheckoutAction.java:45)
at com.Definitions.CheckoutStepDefinition.i_log_in_and_add_an_item_and_add_to_cart(CheckoutStepDefinition.java:27)
at ✽.I log in and add an item and add to cart(file:///C:/Users/yuvar/DemoWebShop(Automation)/DemoWebShop-Cucumber/src/test/resources/Features/CheckOut.feature:5)
]]>
            </full-stacktrace>
          </exception> <!-- com.Actions.CheckoutAction$ProductSearchException -->
          <reporter-output>
          </reporter-output>
        </test-method> <!-- runScenario -->
        <test-method signature="runScenario(io.cucumber.testng.PickleWrapper,io.cucumber.testng.FeatureWrapper)[pri:0, instance:com.Runner.runnerTestNG@6497b078]" started-at="2025-04-17T15:53:05 IST" name="runScenario" description="Runs Cucumber Scenarios" data-provider="scenarios" finished-at="2025-04-17T15:54:07 IST" duration-ms="61665" status="FAIL">
          <params>
            <param index="0">
              <value>
                <![CDATA["purchase an item and choose the two day shipping"]]>
              </value>
            </param>
            <param index="1">
              <value>
                <![CDATA["Checkout the product in the web Application"]]>
              </value>
            </param>
          </params>
          <exception class="org.openqa.selenium.NoSuchElementException">
            <message>
              <![CDATA[no such element: Unable to locate element: {"method":"xpath","selector":"//input[@class="button-1 new-address-next-step-button"]"}
  (Session info: chrome=135.0.7049.85)
For documentation on this error, please visit: https://www.selenium.dev/documentation/webdriver/troubleshooting/errors#no-such-element-exception
Build info: version: '4.31.0', revision: '1ef9f18787*'
System info: os.name: 'Windows 11', os.arch: 'amd64', os.version: '10.0', java.version: '21.0.6'
Driver info: org.openqa.selenium.chrome.ChromeDriver
Command: [abbc1909cc77d73ce19d78a5acb42492, findElement {using=xpath, value=//input[@class="button-1 new-address-next-step-button"]}]
Capabilities {acceptInsecureCerts: false, browserName: chrome, browserVersion: 135.0.7049.85, chrome: {chromedriverVersion: 135.0.7049.95 (de2eb485a195..., userDataDir: C:\Users\yuvar\AppData\Loca...}, fedcm:accounts: true, goog:chromeOptions: {debuggerAddress: localhost:62388}, networkConnectionEnabled: false, pageLoadStrategy: normal, platformName: windows, proxy: Proxy(), se:cdp: ws://localhost:62388/devtoo..., se:cdpVersion: 135.0.7049.85, setWindowRect: true, strictFileInteractability: false, timeouts: {implicit: 0, pageLoad: 300000, script: 30000}, unhandledPromptBehavior: dismiss and notify, webauthn:extension:credBlob: true, webauthn:extension:largeBlob: true, webauthn:extension:minPinLength: true, webauthn:extension:prf: true, webauthn:virtualAuthenticators: true}
Session ID: abbc1909cc77d73ce19d78a5acb42492]]>
            </message>
            <full-stacktrace>
              <![CDATA[org.openqa.selenium.NoSuchElementException: no such element: Unable to locate element: {"method":"xpath","selector":"//input[@class="button-1 new-address-next-step-button"]"}
  (Session info: chrome=135.0.7049.85)
For documentation on this error, please visit: https://www.selenium.dev/documentation/webdriver/troubleshooting/errors#no-such-element-exception
Build info: version: '4.31.0', revision: '1ef9f18787*'
System info: os.name: 'Windows 11', os.arch: 'amd64', os.version: '10.0', java.version: '21.0.6'
Driver info: org.openqa.selenium.chrome.ChromeDriver
Command: [abbc1909cc77d73ce19d78a5acb42492, findElement {using=xpath, value=//input[@class="button-1 new-address-next-step-button"]}]
Capabilities {acceptInsecureCerts: false, browserName: chrome, browserVersion: 135.0.7049.85, chrome: {chromedriverVersion: 135.0.7049.95 (de2eb485a195..., userDataDir: C:\Users\yuvar\AppData\Loca...}, fedcm:accounts: true, goog:chromeOptions: {debuggerAddress: localhost:62388}, networkConnectionEnabled: false, pageLoadStrategy: normal, platformName: windows, proxy: Proxy(), se:cdp: ws://localhost:62388/devtoo..., se:cdpVersion: 135.0.7049.85, setWindowRect: true, strictFileInteractability: false, timeouts: {implicit: 0, pageLoad: 300000, script: 30000}, unhandledPromptBehavior: dismiss and notify, webauthn:extension:credBlob: true, webauthn:extension:largeBlob: true, webauthn:extension:minPinLength: true, webauthn:extension:prf: true, webauthn:virtualAuthenticators: true}
Session ID: abbc1909cc77d73ce19d78a5acb42492
at java.base/jdk.internal.reflect.DirectConstructorHandleAccessor.newInstance(DirectConstructorHandleAccessor.java:62)
at java.base/java.lang.reflect.Constructor.newInstanceWithCaller(Constructor.java:502)
at java.base/java.lang.reflect.Constructor.newInstance(Constructor.java:486)
at org.openqa.selenium.remote.ErrorCodec.decode(ErrorCodec.java:167)
at org.openqa.selenium.remote.codec.w3c.W3CHttpResponseCodec.decode(W3CHttpResponseCodec.java:138)
at org.openqa.selenium.remote.codec.w3c.W3CHttpResponseCodec.decode(W3CHttpResponseCodec.java:50)
at org.openqa.selenium.remote.HttpCommandExecutor.execute(HttpCommandExecutor.java:215)
at org.openqa.selenium.remote.service.DriverCommandExecutor.invokeExecute(DriverCommandExecutor.java:216)
at org.openqa.selenium.remote.service.DriverCommandExecutor.execute(DriverCommandExecutor.java:174)
at org.openqa.selenium.remote.RemoteWebDriver.execute(RemoteWebDriver.java:545)
at org.openqa.selenium.remote.ElementLocation$ElementFinder$2.findElement(ElementLocation.java:165)
at org.openqa.selenium.remote.ElementLocation.findElement(ElementLocation.java:59)
at org.openqa.selenium.remote.RemoteWebDriver.findElement(RemoteWebDriver.java:368)
at org.openqa.selenium.remote.RemoteWebDriver.findElement(RemoteWebDriver.java:362)
at org.openqa.selenium.support.pagefactory.DefaultElementLocator.findElement(DefaultElementLocator.java:68)
at org.openqa.selenium.support.pagefactory.internal.LocatingElementHandler.invoke(LocatingElementHandler.java:38)
at jdk.proxy2/jdk.proxy2.$Proxy27.click(Unknown Source)
at com.Actions.CheckoutAction.billcontinuebtn(CheckoutAction.java:92)
at com.Definitions.CheckoutStepDefinition.click_the_checkout_buttons_and_proceed(CheckoutStepDefinition.java:190)
at ✽.click the checkout buttons and proceed(file:///C:/Users/yuvar/DemoWebShop(Automation)/DemoWebShop-Cucumber/src/test/resources/Features/CheckOut.feature:66)
]]>
            </full-stacktrace>
          </exception> <!-- org.openqa.selenium.NoSuchElementException -->
          <reporter-output>
          </reporter-output>
        </test-method> <!-- runScenario -->
        <test-method signature="runScenario(io.cucumber.testng.PickleWrapper,io.cucumber.testng.FeatureWrapper)[pri:0, instance:com.Runner.runnerTestNG@6497b078]" started-at="2025-04-17T15:53:09 IST" name="runScenario" description="Runs Cucumber Scenarios" data-provider="scenarios" finished-at="2025-04-17T15:53:32 IST" duration-ms="23031" status="FAIL">
          <params>
            <param index="0">
              <value>
                <![CDATA["user should click the store pick up after the shipping methods"]]>
              </value>
            </param>
            <param index="1">
              <value>
                <![CDATA["Checkout the product in the web Application"]]>
              </value>
            </param>
          </params>
          <exception class="com.Actions.CheckoutAction$ProductSearchException">
            <message>
              <![CDATA[Failed to search for product: laptop. Error: stale element reference: stale element not found
  (Session info: chrome=135.0.7049.85)
For documentation on this error, please visit: https://www.selenium.dev/documentation/webdriver/troubleshooting/errors#stale-element-reference-exception
Build info: version: '4.31.0', revision: '1ef9f18787*'
System info: os.name: 'Windows 11', os.arch: 'amd64', os.version: '10.0', java.version: '21.0.6'
Driver info: org.openqa.selenium.chrome.ChromeDriver
Command: [49cf13fb84dc7d0cbfb1d5fde7479970, sendKeysToElement {value=[Ljava.lang.CharSequence;@21f6e057, id=f.2BD04EA44829EC8CD560C6E7CF4E3CB1.d.3C147CF87678CD955222E8654985A555.e.34}]
Capabilities {acceptInsecureCerts: false, browserName: chrome, browserVersion: 135.0.7049.85, chrome: {chromedriverVersion: 135.0.7049.95 (de2eb485a195..., userDataDir: C:\Users\yuvar\AppData\Loca...}, fedcm:accounts: true, goog:chromeOptions: {debuggerAddress: localhost:62444}, networkConnectionEnabled: false, pageLoadStrategy: normal, platformName: windows, proxy: Proxy(), se:cdp: ws://localhost:62444/devtoo..., se:cdpVersion: 135.0.7049.85, setWindowRect: true, strictFileInteractability: false, timeouts: {implicit: 0, pageLoad: 300000, script: 30000}, unhandledPromptBehavior: dismiss and notify, webauthn:extension:credBlob: true, webauthn:extension:largeBlob: true, webauthn:extension:minPinLength: true, webauthn:extension:prf: true, webauthn:virtualAuthenticators: true}
Element: [[ChromeDriver: chrome on windows (49cf13fb84dc7d0cbfb1d5fde7479970)] -> xpath: //input[@id="small-searchterms"]]
Session ID: 49cf13fb84dc7d0cbfb1d5fde7479970]]>
            </message>
            <full-stacktrace>
              <![CDATA[com.Actions.CheckoutAction$ProductSearchException: Failed to search for product: laptop. Error: stale element reference: stale element not found
  (Session info: chrome=135.0.7049.85)
For documentation on this error, please visit: https://www.selenium.dev/documentation/webdriver/troubleshooting/errors#stale-element-reference-exception
Build info: version: '4.31.0', revision: '1ef9f18787*'
System info: os.name: 'Windows 11', os.arch: 'amd64', os.version: '10.0', java.version: '21.0.6'
Driver info: org.openqa.selenium.chrome.ChromeDriver
Command: [49cf13fb84dc7d0cbfb1d5fde7479970, sendKeysToElement {value=[Ljava.lang.CharSequence;@21f6e057, id=f.2BD04EA44829EC8CD560C6E7CF4E3CB1.d.3C147CF87678CD955222E8654985A555.e.34}]
Capabilities {acceptInsecureCerts: false, browserName: chrome, browserVersion: 135.0.7049.85, chrome: {chromedriverVersion: 135.0.7049.95 (de2eb485a195..., userDataDir: C:\Users\yuvar\AppData\Loca...}, fedcm:accounts: true, goog:chromeOptions: {debuggerAddress: localhost:62444}, networkConnectionEnabled: false, pageLoadStrategy: normal, platformName: windows, proxy: Proxy(), se:cdp: ws://localhost:62444/devtoo..., se:cdpVersion: 135.0.7049.85, setWindowRect: true, strictFileInteractability: false, timeouts: {implicit: 0, pageLoad: 300000, script: 30000}, unhandledPromptBehavior: dismiss and notify, webauthn:extension:credBlob: true, webauthn:extension:largeBlob: true, webauthn:extension:minPinLength: true, webauthn:extension:prf: true, webauthn:virtualAuthenticators: true}
Element: [[ChromeDriver: chrome on windows (49cf13fb84dc7d0cbfb1d5fde7479970)] -> xpath: //input[@id="small-searchterms"]]
Session ID: 49cf13fb84dc7d0cbfb1d5fde7479970
at com.Actions.CheckoutAction.searchAnItem(CheckoutAction.java:45)
at com.Definitions.CheckoutStepDefinition.i_log_in_and_add_an_item_and_add_to_cart(CheckoutStepDefinition.java:27)
at ✽.I log in and add an item and add to cart(file:///C:/Users/yuvar/DemoWebShop(Automation)/DemoWebShop-Cucumber/src/test/resources/Features/CheckOut.feature:5)
]]>
            </full-stacktrace>
          </exception> <!-- com.Actions.CheckoutAction$ProductSearchException -->
          <reporter-output>
          </reporter-output>
        </test-method> <!-- runScenario -->
        <test-method signature="runScenario(io.cucumber.testng.PickleWrapper,io.cucumber.testng.FeatureWrapper)[pri:0, instance:com.Runner.runnerTestNG@6497b078]" started-at="2025-04-17T15:53:09 IST" name="runScenario" description="Runs Cucumber Scenarios" data-provider="scenarios" finished-at="2025-04-17T15:53:31 IST" duration-ms="22474" status="PASS">
          <params>
            <param index="0">
              <value>
                <![CDATA["add product to the cart"]]>
              </value>
            </param>
            <param index="1">
              <value>
                <![CDATA["category under digital download product is added to cart"]]>
              </value>
            </param>
          </params>
          <reporter-output>
          </reporter-output>
        </test-method> <!-- runScenario -->
        <test-method signature="runScenario(io.cucumber.testng.PickleWrapper,io.cucumber.testng.FeatureWrapper)[pri:0, instance:com.Runner.runnerTestNG@6497b078]" started-at="2025-04-17T15:53:09 IST" name="runScenario" description="Runs Cucumber Scenarios" data-provider="scenarios" finished-at="2025-04-17T15:53:31 IST" duration-ms="22414" status="PASS">
          <params>
            <param index="0">
              <value>
                <![CDATA["select the filters view product"]]>
              </value>
            </param>
            <param index="1">
              <value>
                <![CDATA["category under digital download product is added to cart"]]>
              </value>
            </param>
          </params>
          <reporter-output>
          </reporter-output>
        </test-method> <!-- runScenario -->
        <test-method signature="runScenario(io.cucumber.testng.PickleWrapper,io.cucumber.testng.FeatureWrapper)[pri:0, instance:com.Runner.runnerTestNG@6497b078]" started-at="2025-04-17T15:53:18 IST" name="runScenario" description="Runs Cucumber Scenarios" data-provider="scenarios" finished-at="2025-04-17T15:53:43 IST" duration-ms="24716" status="PASS">
          <params>
            <param index="0">
              <value>
                <![CDATA["verify the user is on the digital download page"]]>
              </value>
            </param>
            <param index="1">
              <value>
                <![CDATA["category under digital download product is added to cart"]]>
              </value>
            </param>
          </params>
          <reporter-output>
          </reporter-output>
        </test-method> <!-- runScenario -->
        <test-method signature="runScenario(io.cucumber.testng.PickleWrapper,io.cucumber.testng.FeatureWrapper)[pri:0, instance:com.Runner.runnerTestNG@6497b078]" started-at="2025-04-17T15:53:31 IST" name="runScenario" description="Runs Cucumber Scenarios" data-provider="scenarios" finished-at="2025-04-17T15:53:47 IST" duration-ms="15142" status="PASS">
          <params>
            <param index="0">
              <value>
                <![CDATA["Subscribe with valid email address"]]>
              </value>
            </param>
            <param index="1">
              <value>
                <![CDATA["HomePageFunctionality"]]>
              </value>
            </param>
          </params>
          <reporter-output>
          </reporter-output>
        </test-method> <!-- runScenario -->
        <test-method signature="runScenario(io.cucumber.testng.PickleWrapper,io.cucumber.testng.FeatureWrapper)[pri:0, instance:com.Runner.runnerTestNG@6497b078]" started-at="2025-04-17T15:53:31 IST" name="runScenario" description="Runs Cucumber Scenarios" data-provider="scenarios" finished-at="2025-04-17T15:53:41 IST" duration-ms="9263" status="PASS">
          <params>
            <param index="0">
              <value>
                <![CDATA["Subscribe with invalid email address"]]>
              </value>
            </param>
            <param index="1">
              <value>
                <![CDATA["HomePageFunctionality"]]>
              </value>
            </param>
          </params>
          <reporter-output>
          </reporter-output>
        </test-method> <!-- runScenario -->
        <test-method signature="runScenario(io.cucumber.testng.PickleWrapper,io.cucumber.testng.FeatureWrapper)[pri:0, instance:com.Runner.runnerTestNG@6497b078]" started-at="2025-04-17T15:53:32 IST" name="runScenario" description="Runs Cucumber Scenarios" data-provider="scenarios" finished-at="2025-04-17T15:53:46 IST" duration-ms="13696" status="PASS">
          <params>
            <param index="0">
              <value>
                <![CDATA["View featured products as list"]]>
              </value>
            </param>
            <param index="1">
              <value>
                <![CDATA["HomePageFunctionality"]]>
              </value>
            </param>
          </params>
          <reporter-output>
          </reporter-output>
        </test-method> <!-- runScenario -->
        <test-method signature="runScenario(io.cucumber.testng.PickleWrapper,io.cucumber.testng.FeatureWrapper)[pri:0, instance:com.Runner.runnerTestNG@6497b078]" started-at="2025-04-17T15:53:32 IST" name="runScenario" description="Runs Cucumber Scenarios" data-provider="scenarios" finished-at="2025-04-17T15:53:49 IST" duration-ms="17601" status="PASS">
          <params>
            <param index="0">
              <value>
                <![CDATA["Poll the vote without logging in"]]>
              </value>
            </param>
            <param index="1">
              <value>
                <![CDATA["HomePageFunctionality"]]>
              </value>
            </param>
          </params>
          <reporter-output>
          </reporter-output>
        </test-method> <!-- runScenario -->
        <test-method signature="runScenario(io.cucumber.testng.PickleWrapper,io.cucumber.testng.FeatureWrapper)[pri:0, instance:com.Runner.runnerTestNG@6497b078]" started-at="2025-04-17T15:53:34 IST" name="runScenario" description="Runs Cucumber Scenarios" data-provider="scenarios" finished-at="2025-04-17T15:53:59 IST" duration-ms="25154" status="PASS">
          <params>
            <param index="0">
              <value>
                <![CDATA["Login with valid and invalid credentials"]]>
              </value>
            </param>
            <param index="1">
              <value>
                <![CDATA["Login"]]>
              </value>
            </param>
          </params>
          <reporter-output>
          </reporter-output>
        </test-method> <!-- runScenario -->
        <test-method signature="runScenario(io.cucumber.testng.PickleWrapper,io.cucumber.testng.FeatureWrapper)[pri:0, instance:com.Runner.runnerTestNG@6497b078]" started-at="2025-04-17T15:53:41 IST" name="runScenario" description="Runs Cucumber Scenarios" data-provider="scenarios" finished-at="2025-04-17T15:53:55 IST" duration-ms="14566" status="PASS">
          <params>
            <param index="0">
              <value>
                <![CDATA["Login with valid and invalid credentials"]]>
              </value>
            </param>
            <param index="1">
              <value>
                <![CDATA["Login"]]>
              </value>
            </param>
          </params>
          <reporter-output>
          </reporter-output>
        </test-method> <!-- runScenario -->
        <test-method signature="runScenario(io.cucumber.testng.PickleWrapper,io.cucumber.testng.FeatureWrapper)[pri:0, instance:com.Runner.runnerTestNG@6497b078]" started-at="2025-04-17T15:53:41 IST" name="runScenario" description="Runs Cucumber Scenarios" data-provider="scenarios" finished-at="2025-04-17T15:54:17 IST" duration-ms="36408" status="PASS">
          <params>
            <param index="0">
              <value>
                <![CDATA["Login with valid and invalid credentials"]]>
              </value>
            </param>
            <param index="1">
              <value>
                <![CDATA["Login"]]>
              </value>
            </param>
          </params>
          <reporter-output>
          </reporter-output>
        </test-method> <!-- runScenario -->
        <test-method signature="runScenario(io.cucumber.testng.PickleWrapper,io.cucumber.testng.FeatureWrapper)[pri:0, instance:com.Runner.runnerTestNG@6497b078]" started-at="2025-04-17T15:53:42 IST" name="runScenario" description="Runs Cucumber Scenarios" data-provider="scenarios" finished-at="2025-04-17T15:54:00 IST" duration-ms="18084" status="PASS">
          <params>
            <param index="0">
              <value>
                <![CDATA["Login with valid and invalid credentials"]]>
              </value>
            </param>
            <param index="1">
              <value>
                <![CDATA["Login"]]>
              </value>
            </param>
          </params>
          <reporter-output>
          </reporter-output>
        </test-method> <!-- runScenario -->
        <test-method signature="runScenario(io.cucumber.testng.PickleWrapper,io.cucumber.testng.FeatureWrapper)[pri:0, instance:com.Runner.runnerTestNG@6497b078]" started-at="2025-04-17T15:53:43 IST" name="runScenario" description="Runs Cucumber Scenarios" data-provider="scenarios" finished-at="2025-04-17T15:54:15 IST" duration-ms="31649" status="PASS">
          <params>
            <param index="0">
              <value>
                <![CDATA["Forgot password with valid and invalid email"]]>
              </value>
            </param>
            <param index="1">
              <value>
                <![CDATA["Login"]]>
              </value>
            </param>
          </params>
          <reporter-output>
          </reporter-output>
        </test-method> <!-- runScenario -->
        <test-method signature="runScenario(io.cucumber.testng.PickleWrapper,io.cucumber.testng.FeatureWrapper)[pri:0, instance:com.Runner.runnerTestNG@6497b078]" started-at="2025-04-17T15:53:46 IST" name="runScenario" description="Runs Cucumber Scenarios" data-provider="scenarios" finished-at="2025-04-17T15:54:03 IST" duration-ms="17001" status="PASS">
          <params>
            <param index="0">
              <value>
                <![CDATA["Forgot password with valid and invalid email"]]>
              </value>
            </param>
            <param index="1">
              <value>
                <![CDATA["Login"]]>
              </value>
            </param>
          </params>
          <reporter-output>
          </reporter-output>
        </test-method> <!-- runScenario -->
        <test-method signature="runScenario(io.cucumber.testng.PickleWrapper,io.cucumber.testng.FeatureWrapper)[pri:0, instance:com.Runner.runnerTestNG@6497b078]" started-at="2025-04-17T15:53:47 IST" name="runScenario" description="Runs Cucumber Scenarios" data-provider="scenarios" finished-at="2025-04-17T15:54:09 IST" duration-ms="21925" status="PASS">
          <params>
            <param index="0">
              <value>
                <![CDATA["Forgot password with valid and invalid email"]]>
              </value>
            </param>
            <param index="1">
              <value>
                <![CDATA["Login"]]>
              </value>
            </param>
          </params>
          <reporter-output>
          </reporter-output>
        </test-method> <!-- runScenario -->
        <test-method signature="runScenario(io.cucumber.testng.PickleWrapper,io.cucumber.testng.FeatureWrapper)[pri:0, instance:com.Runner.runnerTestNG@6497b078]" started-at="2025-04-17T15:53:49 IST" name="runScenario" description="Runs Cucumber Scenarios" data-provider="scenarios" finished-at="2025-04-17T15:54:09 IST" duration-ms="19024" status="PASS">
          <params>
            <param index="0">
              <value>
                <![CDATA["ChangePassword"]]>
              </value>
            </param>
            <param index="1">
              <value>
                <![CDATA["Validating My Account Section"]]>
              </value>
            </param>
          </params>
          <reporter-output>
          </reporter-output>
        </test-method> <!-- runScenario -->
        <test-method signature="runScenario(io.cucumber.testng.PickleWrapper,io.cucumber.testng.FeatureWrapper)[pri:0, instance:com.Runner.runnerTestNG@6497b078]" started-at="2025-04-17T15:53:50 IST" name="runScenario" description="Runs Cucumber Scenarios" data-provider="scenarios" finished-at="2025-04-17T15:54:15 IST" duration-ms="25413" status="PASS">
          <params>
            <param index="0">
              <value>
                <![CDATA["ChangePassword"]]>
              </value>
            </param>
            <param index="1">
              <value>
                <![CDATA["Validating My Account Section"]]>
              </value>
            </param>
          </params>
          <reporter-output>
          </reporter-output>
        </test-method> <!-- runScenario -->
        <test-method signature="runScenario(io.cucumber.testng.PickleWrapper,io.cucumber.testng.FeatureWrapper)[pri:0, instance:com.Runner.runnerTestNG@6497b078]" started-at="2025-04-17T15:53:55 IST" name="runScenario" description="Runs Cucumber Scenarios" data-provider="scenarios" finished-at="2025-04-17T15:54:20 IST" duration-ms="25095" status="PASS">
          <params>
            <param index="0">
              <value>
                <![CDATA["verify the orders with products details"]]>
              </value>
            </param>
            <param index="1">
              <value>
                <![CDATA["Validating My Account Section"]]>
              </value>
            </param>
          </params>
          <reporter-output>
          </reporter-output>
        </test-method> <!-- runScenario -->
        <test-method signature="runScenario(io.cucumber.testng.PickleWrapper,io.cucumber.testng.FeatureWrapper)[pri:0, instance:com.Runner.runnerTestNG@6497b078]" started-at="2025-04-17T15:53:59 IST" name="runScenario" description="Runs Cucumber Scenarios" data-provider="scenarios" finished-at="2025-04-17T15:54:19 IST" duration-ms="20294" status="PASS">
          <params>
            <param index="0">
              <value>
                <![CDATA["verify the back in stock subscriptions"]]>
              </value>
            </param>
            <param index="1">
              <value>
                <![CDATA["Validating My Account Section"]]>
              </value>
            </param>
          </params>
          <reporter-output>
          </reporter-output>
        </test-method> <!-- runScenario -->
        <test-method signature="runScenario(io.cucumber.testng.PickleWrapper,io.cucumber.testng.FeatureWrapper)[pri:0, instance:com.Runner.runnerTestNG@6497b078]" started-at="2025-04-17T15:54:00 IST" name="runScenario" description="Runs Cucumber Scenarios" data-provider="scenarios" finished-at="2025-04-17T15:54:18 IST" duration-ms="17199" status="PASS">
          <params>
            <param index="0">
              <value>
                <![CDATA["verify the current balance of reward points"]]>
              </value>
            </param>
            <param index="1">
              <value>
                <![CDATA["Validating My Account Section"]]>
              </value>
            </param>
          </params>
          <reporter-output>
          </reporter-output>
        </test-method> <!-- runScenario -->
        <test-method signature="runScenario(io.cucumber.testng.PickleWrapper,io.cucumber.testng.FeatureWrapper)[pri:0, instance:com.Runner.runnerTestNG@6497b078]" started-at="2025-04-17T15:54:03 IST" name="runScenario" description="Runs Cucumber Scenarios" data-provider="scenarios" finished-at="2025-04-17T15:54:21 IST" duration-ms="18411" status="PASS">
          <params>
            <param index="0">
              <value>
                <![CDATA["verify the customer info"]]>
              </value>
            </param>
            <param index="1">
              <value>
                <![CDATA["Validating My Account Section"]]>
              </value>
            </param>
          </params>
          <reporter-output>
          </reporter-output>
        </test-method> <!-- runScenario -->
        <test-method signature="runScenario(io.cucumber.testng.PickleWrapper,io.cucumber.testng.FeatureWrapper)[pri:0, instance:com.Runner.runnerTestNG@6497b078]" started-at="2025-04-17T15:54:07 IST" name="runScenario" description="Runs Cucumber Scenarios" data-provider="scenarios" finished-at="2025-04-17T15:54:33 IST" duration-ms="26085" status="PASS">
          <params>
            <param index="0">
              <value>
                <![CDATA["Adding and Removing a Product in the Shopping Cart"]]>
              </value>
            </param>
            <param index="1">
              <value>
                <![CDATA["Product Details Validation and purchasing in the Shopping cart page"]]>
              </value>
            </param>
          </params>
          <reporter-output>
          </reporter-output>
        </test-method> <!-- runScenario -->
        <test-method signature="runScenario(io.cucumber.testng.PickleWrapper,io.cucumber.testng.FeatureWrapper)[pri:0, instance:com.Runner.runnerTestNG@6497b078]" started-at="2025-04-17T15:54:09 IST" name="runScenario" description="Runs Cucumber Scenarios" data-provider="scenarios" finished-at="2025-04-17T15:54:31 IST" duration-ms="22703" status="FAIL">
          <params>
            <param index="0">
              <value>
                <![CDATA["Validating the Product Details and Adding to Cart"]]>
              </value>
            </param>
            <param index="1">
              <value>
                <![CDATA["Product Details Validation and purchasing in the Shopping cart page"]]>
              </value>
            </param>
          </params>
          <exception class="org.openqa.selenium.StaleElementReferenceException">
            <message>
              <![CDATA[stale element reference: stale element not found
  (Session info: chrome=135.0.7049.85)
For documentation on this error, please visit: https://www.selenium.dev/documentation/webdriver/troubleshooting/errors#stale-element-reference-exception
Build info: version: '4.31.0', revision: '1ef9f18787*'
System info: os.name: 'Windows 11', os.arch: 'amd64', os.version: '10.0', java.version: '21.0.6'
Driver info: org.openqa.selenium.chrome.ChromeDriver
Command: [5ad981f2cb7ef7ca5522828236e9bd8f, getElementText {id=f.1B6B5CE9E3D8A7F57B175EC1FBF0F0E8.d.F745D927ECD701E4654FA8BB7AC839A6.e.32}]
Capabilities {acceptInsecureCerts: false, browserName: chrome, browserVersion: 135.0.7049.85, chrome: {chromedriverVersion: 135.0.7049.95 (de2eb485a195..., userDataDir: C:\Users\yuvar\AppData\Loca...}, fedcm:accounts: true, goog:chromeOptions: {debuggerAddress: localhost:63214}, networkConnectionEnabled: false, pageLoadStrategy: normal, platformName: windows, proxy: Proxy(), se:cdp: ws://localhost:63214/devtoo..., se:cdpVersion: 135.0.7049.85, setWindowRect: true, strictFileInteractability: false, timeouts: {implicit: 0, pageLoad: 300000, script: 30000}, unhandledPromptBehavior: dismiss and notify, webauthn:extension:credBlob: true, webauthn:extension:largeBlob: true, webauthn:extension:minPinLength: true, webauthn:extension:prf: true, webauthn:virtualAuthenticators: true}
Element: [[ChromeDriver: chrome on windows (5ad981f2cb7ef7ca5522828236e9bd8f)] -> xpath: //h2[@class="product-title"]]
Session ID: 5ad981f2cb7ef7ca5522828236e9bd8f]]>
            </message>
            <full-stacktrace>
              <![CDATA[org.openqa.selenium.StaleElementReferenceException: stale element reference: stale element not found
  (Session info: chrome=135.0.7049.85)
For documentation on this error, please visit: https://www.selenium.dev/documentation/webdriver/troubleshooting/errors#stale-element-reference-exception
Build info: version: '4.31.0', revision: '1ef9f18787*'
System info: os.name: 'Windows 11', os.arch: 'amd64', os.version: '10.0', java.version: '21.0.6'
Driver info: org.openqa.selenium.chrome.ChromeDriver
Command: [5ad981f2cb7ef7ca5522828236e9bd8f, getElementText {id=f.1B6B5CE9E3D8A7F57B175EC1FBF0F0E8.d.F745D927ECD701E4654FA8BB7AC839A6.e.32}]
Capabilities {acceptInsecureCerts: false, browserName: chrome, browserVersion: 135.0.7049.85, chrome: {chromedriverVersion: 135.0.7049.95 (de2eb485a195..., userDataDir: C:\Users\yuvar\AppData\Loca...}, fedcm:accounts: true, goog:chromeOptions: {debuggerAddress: localhost:63214}, networkConnectionEnabled: false, pageLoadStrategy: normal, platformName: windows, proxy: Proxy(), se:cdp: ws://localhost:63214/devtoo..., se:cdpVersion: 135.0.7049.85, setWindowRect: true, strictFileInteractability: false, timeouts: {implicit: 0, pageLoad: 300000, script: 30000}, unhandledPromptBehavior: dismiss and notify, webauthn:extension:credBlob: true, webauthn:extension:largeBlob: true, webauthn:extension:minPinLength: true, webauthn:extension:prf: true, webauthn:virtualAuthenticators: true}
Element: [[ChromeDriver: chrome on windows (5ad981f2cb7ef7ca5522828236e9bd8f)] -> xpath: //h2[@class="product-title"]]
Session ID: 5ad981f2cb7ef7ca5522828236e9bd8f
at java.base/jdk.internal.reflect.DirectConstructorHandleAccessor.newInstance(DirectConstructorHandleAccessor.java:62)
at java.base/java.lang.reflect.Constructor.newInstanceWithCaller(Constructor.java:502)
at java.base/java.lang.reflect.Constructor.newInstance(Constructor.java:486)
at org.openqa.selenium.remote.ErrorCodec.decode(ErrorCodec.java:167)
at org.openqa.selenium.remote.codec.w3c.W3CHttpResponseCodec.decode(W3CHttpResponseCodec.java:138)
at org.openqa.selenium.remote.codec.w3c.W3CHttpResponseCodec.decode(W3CHttpResponseCodec.java:50)
at org.openqa.selenium.remote.HttpCommandExecutor.execute(HttpCommandExecutor.java:215)
at org.openqa.selenium.remote.service.DriverCommandExecutor.invokeExecute(DriverCommandExecutor.java:216)
at org.openqa.selenium.remote.service.DriverCommandExecutor.execute(DriverCommandExecutor.java:174)
at org.openqa.selenium.remote.RemoteWebDriver.execute(RemoteWebDriver.java:545)
at org.openqa.selenium.remote.RemoteWebElement.execute(RemoteWebElement.java:223)
at org.openqa.selenium.remote.RemoteWebElement.getText(RemoteWebElement.java:191)
at java.base/jdk.internal.reflect.DirectMethodHandleAccessor.invoke(DirectMethodHandleAccessor.java:103)
at java.base/java.lang.reflect.Method.invoke(Method.java:580)
at org.openqa.selenium.support.pagefactory.internal.LocatingElementHandler.invoke(LocatingElementHandler.java:51)
at jdk.proxy2/jdk.proxy2.$Proxy27.getText(Unknown Source)
at com.Actions.ProductAction.getTitleOfProduct(ProductAction.java:41)
at com.Definitions.ProductStepDefinition.see_the_product_title_and_the_product_description(ProductStepDefinition.java:34)
at ✽.see the product title and the product description(file:///C:/Users/yuvar/DemoWebShop(Automation)/DemoWebShop-Cucumber/src/test/resources/Features/Product.feature:18)
]]>
            </full-stacktrace>
          </exception> <!-- org.openqa.selenium.StaleElementReferenceException -->
          <reporter-output>
          </reporter-output>
        </test-method> <!-- runScenario -->
        <test-method signature="runScenario(io.cucumber.testng.PickleWrapper,io.cucumber.testng.FeatureWrapper)[pri:0, instance:com.Runner.runnerTestNG@6497b078]" started-at="2025-04-17T15:54:09 IST" name="runScenario" description="Runs Cucumber Scenarios" data-provider="scenarios" finished-at="2025-04-17T15:54:34 IST" duration-ms="25645" status="PASS">
          <params>
            <param index="0">
              <value>
                <![CDATA["Verify the product is same as in the auto-generated url in wishlist page"]]>
              </value>
            </param>
            <param index="1">
              <value>
                <![CDATA["Product Details Validation and purchasing in the Shopping cart page"]]>
              </value>
            </param>
          </params>
          <reporter-output>
          </reporter-output>
        </test-method> <!-- runScenario -->
        <test-method signature="runScenario(io.cucumber.testng.PickleWrapper,io.cucumber.testng.FeatureWrapper)[pri:0, instance:com.Runner.runnerTestNG@6497b078]" started-at="2025-04-17T15:54:15 IST" name="runScenario" description="Runs Cucumber Scenarios" data-provider="scenarios" finished-at="2025-04-17T15:54:34 IST" duration-ms="19621" status="PASS">
          <params>
            <param index="0">
              <value>
                <![CDATA["verify the quantity of the product is increased"]]>
              </value>
            </param>
            <param index="1">
              <value>
                <![CDATA["Product Details Validation and purchasing in the Shopping cart page"]]>
              </value>
            </param>
          </params>
          <reporter-output>
          </reporter-output>
        </test-method> <!-- runScenario -->
        <test-method signature="runScenario(io.cucumber.testng.PickleWrapper,io.cucumber.testng.FeatureWrapper)[pri:0, instance:com.Runner.runnerTestNG@6497b078]" started-at="2025-04-17T15:54:15 IST" name="runScenario" description="Runs Cucumber Scenarios" data-provider="scenarios" finished-at="2025-04-17T15:54:40 IST" duration-ms="25024" status="PASS">
          <params>
            <param index="0">
              <value>
                <![CDATA["send a product details through valid email a friend"]]>
              </value>
            </param>
            <param index="1">
              <value>
                <![CDATA["Product Details Validation and purchasing in the Shopping cart page"]]>
              </value>
            </param>
          </params>
          <reporter-output>
          </reporter-output>
        </test-method> <!-- runScenario -->
        <test-method signature="runScenario(io.cucumber.testng.PickleWrapper,io.cucumber.testng.FeatureWrapper)[pri:0, instance:com.Runner.runnerTestNG@6497b078]" started-at="2025-04-17T15:54:17 IST" name="runScenario" description="Runs Cucumber Scenarios" data-provider="scenarios" finished-at="2025-04-17T15:54:40 IST" duration-ms="23006" status="PASS">
          <params>
            <param index="0">
              <value>
                <![CDATA["send a product details through Invalid email a friend"]]>
              </value>
            </param>
            <param index="1">
              <value>
                <![CDATA["Product Details Validation and purchasing in the Shopping cart page"]]>
              </value>
            </param>
          </params>
          <reporter-output>
          </reporter-output>
        </test-method> <!-- runScenario -->
        <test-method signature="runScenario(io.cucumber.testng.PickleWrapper,io.cucumber.testng.FeatureWrapper)[pri:0, instance:com.Runner.runnerTestNG@6497b078]" started-at="2025-04-17T15:54:18 IST" name="runScenario" description="Runs Cucumber Scenarios" data-provider="scenarios" finished-at="2025-04-17T15:54:39 IST" duration-ms="21282" status="PASS">
          <params>
            <param index="0">
              <value>
                <![CDATA["Verify the product is added in wishlist to shopping cart"]]>
              </value>
            </param>
            <param index="1">
              <value>
                <![CDATA["Product Details Validation and purchasing in the Shopping cart page"]]>
              </value>
            </param>
          </params>
          <reporter-output>
          </reporter-output>
        </test-method> <!-- runScenario -->
        <test-method signature="runScenario(io.cucumber.testng.PickleWrapper,io.cucumber.testng.FeatureWrapper)[pri:0, instance:com.Runner.runnerTestNG@6497b078]" started-at="2025-04-17T15:54:19 IST" name="runScenario" description="Runs Cucumber Scenarios" data-provider="scenarios" finished-at="2025-04-17T15:54:40 IST" duration-ms="20335" status="FAIL">
          <params>
            <param index="0">
              <value>
                <![CDATA["To get a Shipping Estimation details"]]>
              </value>
            </param>
            <param index="1">
              <value>
                <![CDATA["Product Details Validation and purchasing in the Shopping cart page"]]>
              </value>
            </param>
          </params>
          <exception class="org.openqa.selenium.StaleElementReferenceException">
            <message>
              <![CDATA[stale element reference: stale element not found
  (Session info: chrome=135.0.7049.85)
For documentation on this error, please visit: https://www.selenium.dev/documentation/webdriver/troubleshooting/errors#stale-element-reference-exception
Build info: version: '4.31.0', revision: '1ef9f18787*'
System info: os.name: 'Windows 11', os.arch: 'amd64', os.version: '10.0', java.version: '21.0.6'
Driver info: org.openqa.selenium.chrome.ChromeDriver
Command: [06d7c95e48032cafb66f138308167f04, clickElement {id=f.F89B2D063FF4938CD484A926D5C38B35.d.4D7F388E9A7915776C594200CC5E099D.e.124}]
Capabilities {acceptInsecureCerts: false, browserName: chrome, browserVersion: 135.0.7049.85, chrome: {chromedriverVersion: 135.0.7049.95 (de2eb485a195..., userDataDir: C:\Users\yuvar\AppData\Loca...}, fedcm:accounts: true, goog:chromeOptions: {debuggerAddress: localhost:63373}, networkConnectionEnabled: false, pageLoadStrategy: normal, platformName: windows, proxy: Proxy(), se:cdp: ws://localhost:63373/devtoo..., se:cdpVersion: 135.0.7049.85, setWindowRect: true, strictFileInteractability: false, timeouts: {implicit: 0, pageLoad: 300000, script: 30000}, unhandledPromptBehavior: dismiss and notify, webauthn:extension:credBlob: true, webauthn:extension:largeBlob: true, webauthn:extension:minPinLength: true, webauthn:extension:prf: true, webauthn:virtualAuthenticators: true}
Element: [[ChromeDriver: chrome on windows (06d7c95e48032cafb66f138308167f04)] -> xpath: //input[@class="button-2 product-box-add-to-cart-button"]]
Session ID: 06d7c95e48032cafb66f138308167f04]]>
            </message>
            <full-stacktrace>
              <![CDATA[org.openqa.selenium.StaleElementReferenceException: stale element reference: stale element not found
  (Session info: chrome=135.0.7049.85)
For documentation on this error, please visit: https://www.selenium.dev/documentation/webdriver/troubleshooting/errors#stale-element-reference-exception
Build info: version: '4.31.0', revision: '1ef9f18787*'
System info: os.name: 'Windows 11', os.arch: 'amd64', os.version: '10.0', java.version: '21.0.6'
Driver info: org.openqa.selenium.chrome.ChromeDriver
Command: [06d7c95e48032cafb66f138308167f04, clickElement {id=f.F89B2D063FF4938CD484A926D5C38B35.d.4D7F388E9A7915776C594200CC5E099D.e.124}]
Capabilities {acceptInsecureCerts: false, browserName: chrome, browserVersion: 135.0.7049.85, chrome: {chromedriverVersion: 135.0.7049.95 (de2eb485a195..., userDataDir: C:\Users\yuvar\AppData\Loca...}, fedcm:accounts: true, goog:chromeOptions: {debuggerAddress: localhost:63373}, networkConnectionEnabled: false, pageLoadStrategy: normal, platformName: windows, proxy: Proxy(), se:cdp: ws://localhost:63373/devtoo..., se:cdpVersion: 135.0.7049.85, setWindowRect: true, strictFileInteractability: false, timeouts: {implicit: 0, pageLoad: 300000, script: 30000}, unhandledPromptBehavior: dismiss and notify, webauthn:extension:credBlob: true, webauthn:extension:largeBlob: true, webauthn:extension:minPinLength: true, webauthn:extension:prf: true, webauthn:virtualAuthenticators: true}
Element: [[ChromeDriver: chrome on windows (06d7c95e48032cafb66f138308167f04)] -> xpath: //input[@class="button-2 product-box-add-to-cart-button"]]
Session ID: 06d7c95e48032cafb66f138308167f04
at java.base/jdk.internal.reflect.DirectConstructorHandleAccessor.newInstance(DirectConstructorHandleAccessor.java:62)
at java.base/java.lang.reflect.Constructor.newInstanceWithCaller(Constructor.java:502)
at java.base/java.lang.reflect.Constructor.newInstance(Constructor.java:486)
at org.openqa.selenium.remote.ErrorCodec.decode(ErrorCodec.java:167)
at org.openqa.selenium.remote.codec.w3c.W3CHttpResponseCodec.decode(W3CHttpResponseCodec.java:138)
at org.openqa.selenium.remote.codec.w3c.W3CHttpResponseCodec.decode(W3CHttpResponseCodec.java:50)
at org.openqa.selenium.remote.HttpCommandExecutor.execute(HttpCommandExecutor.java:215)
at org.openqa.selenium.remote.service.DriverCommandExecutor.invokeExecute(DriverCommandExecutor.java:216)
at org.openqa.selenium.remote.service.DriverCommandExecutor.execute(DriverCommandExecutor.java:174)
at org.openqa.selenium.remote.RemoteWebDriver.execute(RemoteWebDriver.java:545)
at org.openqa.selenium.remote.RemoteWebElement.execute(RemoteWebElement.java:223)
at org.openqa.selenium.remote.RemoteWebElement.click(RemoteWebElement.java:76)
at java.base/jdk.internal.reflect.DirectMethodHandleAccessor.invoke(DirectMethodHandleAccessor.java:103)
at java.base/java.lang.reflect.Method.invoke(Method.java:580)
at org.openqa.selenium.support.pagefactory.internal.LocatingElementHandler.invoke(LocatingElementHandler.java:51)
at jdk.proxy2/jdk.proxy2.$Proxy27.click(Unknown Source)
at com.Actions.ProductAction.addLaptopCart(ProductAction.java:171)
at com.Definitions.ProductStepDefinition.i_add_to_cart_the_laptop(ProductStepDefinition.java:151)
at ✽.I add to cart the laptop(file:///C:/Users/yuvar/DemoWebShop(Automation)/DemoWebShop-Cucumber/src/test/resources/Features/Product.feature:65)
]]>
            </full-stacktrace>
          </exception> <!-- org.openqa.selenium.StaleElementReferenceException -->
          <reporter-output>
          </reporter-output>
        </test-method> <!-- runScenario -->
        <test-method signature="runScenario(io.cucumber.testng.PickleWrapper,io.cucumber.testng.FeatureWrapper)[pri:0, instance:com.Runner.runnerTestNG@6497b078]" started-at="2025-04-17T15:54:20 IST" name="runScenario" description="Runs Cucumber Scenarios" data-provider="scenarios" finished-at="2025-04-17T15:54:44 IST" duration-ms="23753" status="PASS">
          <params>
            <param index="0">
              <value>
                <![CDATA["View submitted reviews of a product"]]>
              </value>
            </param>
            <param index="1">
              <value>
                <![CDATA["Review a product Functionality"]]>
              </value>
            </param>
          </params>
          <reporter-output>
          </reporter-output>
        </test-method> <!-- runScenario -->
        <test-method signature="runScenario(io.cucumber.testng.PickleWrapper,io.cucumber.testng.FeatureWrapper)[pri:0, instance:com.Runner.runnerTestNG@6497b078]" started-at="2025-04-17T15:54:21 IST" name="runScenario" description="Runs Cucumber Scenarios" data-provider="scenarios" finished-at="2025-04-17T15:54:45 IST" duration-ms="24541" status="PASS">
          <params>
            <param index="0">
              <value>
                <![CDATA["Write a review without logging in"]]>
              </value>
            </param>
            <param index="1">
              <value>
                <![CDATA["Review a product Functionality"]]>
              </value>
            </param>
          </params>
          <reporter-output>
          </reporter-output>
        </test-method> <!-- runScenario -->
        <test-method signature="runScenario(io.cucumber.testng.PickleWrapper,io.cucumber.testng.FeatureWrapper)[pri:0, instance:com.Runner.runnerTestNG@6497b078]" started-at="2025-04-17T15:54:31 IST" name="runScenario" description="Runs Cucumber Scenarios" data-provider="scenarios" finished-at="2025-04-17T15:54:59 IST" duration-ms="27822" status="PASS">
          <params>
            <param index="0">
              <value>
                <![CDATA["Submit review with valid and invalid inputs"]]>
              </value>
            </param>
            <param index="1">
              <value>
                <![CDATA["Review a product Functionality"]]>
              </value>
            </param>
          </params>
          <reporter-output>
          </reporter-output>
        </test-method> <!-- runScenario -->
        <test-method signature="runScenario(io.cucumber.testng.PickleWrapper,io.cucumber.testng.FeatureWrapper)[pri:0, instance:com.Runner.runnerTestNG@6497b078]" started-at="2025-04-17T15:54:33 IST" name="runScenario" description="Runs Cucumber Scenarios" data-provider="scenarios" finished-at="2025-04-17T15:54:47 IST" duration-ms="14696" status="FAIL">
          <params>
            <param index="0">
              <value>
                <![CDATA["Submit review with valid and invalid inputs"]]>
              </value>
            </param>
            <param index="1">
              <value>
                <![CDATA["Review a product Functionality"]]>
              </value>
            </param>
          </params>
          <exception class="org.openqa.selenium.StaleElementReferenceException">
            <message>
              <![CDATA[stale element reference: stale element not found
  (Session info: chrome=135.0.7049.85)
For documentation on this error, please visit: https://www.selenium.dev/documentation/webdriver/troubleshooting/errors#stale-element-reference-exception
Build info: version: '4.31.0', revision: '1ef9f18787*'
System info: os.name: 'Windows 11', os.arch: 'amd64', os.version: '10.0', java.version: '21.0.6'
Driver info: org.openqa.selenium.chrome.ChromeDriver
Command: [84ad268818fbcb94ac43029c496b004f, clickElement {id=f.0CADC322089215297651ECF3BAF58875.d.4F5EFA1F6F75A234866690EA2CCA6FA1.e.61}]
Capabilities {acceptInsecureCerts: false, browserName: chrome, browserVersion: 135.0.7049.85, chrome: {chromedriverVersion: 135.0.7049.95 (de2eb485a195..., userDataDir: C:\Users\yuvar\AppData\Loca...}, fedcm:accounts: true, goog:chromeOptions: {debuggerAddress: localhost:63558}, networkConnectionEnabled: false, pageLoadStrategy: normal, platformName: windows, proxy: Proxy(), se:cdp: ws://localhost:63558/devtoo..., se:cdpVersion: 135.0.7049.85, setWindowRect: true, strictFileInteractability: false, timeouts: {implicit: 0, pageLoad: 300000, script: 30000}, unhandledPromptBehavior: dismiss and notify, webauthn:extension:credBlob: true, webauthn:extension:largeBlob: true, webauthn:extension:minPinLength: true, webauthn:extension:prf: true, webauthn:virtualAuthenticators: true}
Element: [[ChromeDriver: chrome on windows (84ad268818fbcb94ac43029c496b004f)] -> xpath: (//a[contains(text(),"Gift Cards")])[3]]
Session ID: 84ad268818fbcb94ac43029c496b004f]]>
            </message>
            <full-stacktrace>
              <![CDATA[org.openqa.selenium.StaleElementReferenceException: stale element reference: stale element not found
  (Session info: chrome=135.0.7049.85)
For documentation on this error, please visit: https://www.selenium.dev/documentation/webdriver/troubleshooting/errors#stale-element-reference-exception
Build info: version: '4.31.0', revision: '1ef9f18787*'
System info: os.name: 'Windows 11', os.arch: 'amd64', os.version: '10.0', java.version: '21.0.6'
Driver info: org.openqa.selenium.chrome.ChromeDriver
Command: [84ad268818fbcb94ac43029c496b004f, clickElement {id=f.0CADC322089215297651ECF3BAF58875.d.4F5EFA1F6F75A234866690EA2CCA6FA1.e.61}]
Capabilities {acceptInsecureCerts: false, browserName: chrome, browserVersion: 135.0.7049.85, chrome: {chromedriverVersion: 135.0.7049.95 (de2eb485a195..., userDataDir: C:\Users\yuvar\AppData\Loca...}, fedcm:accounts: true, goog:chromeOptions: {debuggerAddress: localhost:63558}, networkConnectionEnabled: false, pageLoadStrategy: normal, platformName: windows, proxy: Proxy(), se:cdp: ws://localhost:63558/devtoo..., se:cdpVersion: 135.0.7049.85, setWindowRect: true, strictFileInteractability: false, timeouts: {implicit: 0, pageLoad: 300000, script: 30000}, unhandledPromptBehavior: dismiss and notify, webauthn:extension:credBlob: true, webauthn:extension:largeBlob: true, webauthn:extension:minPinLength: true, webauthn:extension:prf: true, webauthn:virtualAuthenticators: true}
Element: [[ChromeDriver: chrome on windows (84ad268818fbcb94ac43029c496b004f)] -> xpath: (//a[contains(text(),"Gift Cards")])[3]]
Session ID: 84ad268818fbcb94ac43029c496b004f
at java.base/jdk.internal.reflect.DirectConstructorHandleAccessor.newInstance(DirectConstructorHandleAccessor.java:62)
at java.base/java.lang.reflect.Constructor.newInstanceWithCaller(Constructor.java:502)
at java.base/java.lang.reflect.Constructor.newInstance(Constructor.java:486)
at org.openqa.selenium.remote.ErrorCodec.decode(ErrorCodec.java:167)
at org.openqa.selenium.remote.codec.w3c.W3CHttpResponseCodec.decode(W3CHttpResponseCodec.java:138)
at org.openqa.selenium.remote.codec.w3c.W3CHttpResponseCodec.decode(W3CHttpResponseCodec.java:50)
at org.openqa.selenium.remote.HttpCommandExecutor.execute(HttpCommandExecutor.java:215)
at org.openqa.selenium.remote.service.DriverCommandExecutor.invokeExecute(DriverCommandExecutor.java:216)
at org.openqa.selenium.remote.service.DriverCommandExecutor.execute(DriverCommandExecutor.java:174)
at org.openqa.selenium.remote.RemoteWebDriver.execute(RemoteWebDriver.java:545)
at org.openqa.selenium.remote.RemoteWebElement.execute(RemoteWebElement.java:223)
at org.openqa.selenium.remote.RemoteWebElement.click(RemoteWebElement.java:76)
at java.base/jdk.internal.reflect.DirectMethodHandleAccessor.invoke(DirectMethodHandleAccessor.java:103)
at java.base/java.lang.reflect.Method.invoke(Method.java:580)
at org.openqa.selenium.support.pagefactory.internal.LocatingElementHandler.invoke(LocatingElementHandler.java:51)
at jdk.proxy2/jdk.proxy2.$Proxy27.click(Unknown Source)
at com.Actions.ReviewAction.ClickGiftCategory(ReviewAction.java:23)
at com.Definitions.ReviewStepDefinitions.i_navigate_to_the_gift_cards_page_and_click_the_product(ReviewStepDefinitions.java:73)
at ✽.I navigate to the gift cards page and click the product(file:///C:/Users/yuvar/DemoWebShop(Automation)/DemoWebShop-Cucumber/src/test/resources/Features/Review.feature:23)
]]>
            </full-stacktrace>
          </exception> <!-- org.openqa.selenium.StaleElementReferenceException -->
          <reporter-output>
          </reporter-output>
        </test-method> <!-- runScenario -->
        <test-method signature="runScenario(io.cucumber.testng.PickleWrapper,io.cucumber.testng.FeatureWrapper)[pri:0, instance:com.Runner.runnerTestNG@6497b078]" started-at="2025-04-17T15:54:34 IST" name="runScenario" description="Runs Cucumber Scenarios" data-provider="scenarios" finished-at="2025-04-17T15:55:04 IST" duration-ms="29610" status="FAIL">
          <params>
            <param index="0">
              <value>
                <![CDATA["Submit review with valid and invalid inputs"]]>
              </value>
            </param>
            <param index="1">
              <value>
                <![CDATA["Review a product Functionality"]]>
              </value>
            </param>
          </params>
          <exception class="org.openqa.selenium.StaleElementReferenceException">
            <message>
              <![CDATA[stale element reference: stale element not found
  (Session info: chrome=135.0.7049.85)
For documentation on this error, please visit: https://www.selenium.dev/documentation/webdriver/troubleshooting/errors#stale-element-reference-exception
Build info: version: '4.31.0', revision: '1ef9f18787*'
System info: os.name: 'Windows 11', os.arch: 'amd64', os.version: '10.0', java.version: '21.0.6'
Driver info: org.openqa.selenium.chrome.ChromeDriver
Command: [5476ed6dda7cf0a3ee4d7ccd6872122a, getElementText {id=f.D2E33C634295CEEB4EE60AC49E660ED0.d.2B18E5210498EF7E2613166FBA01FD29.e.274}]
Capabilities {acceptInsecureCerts: false, browserName: chrome, browserVersion: 135.0.7049.85, chrome: {chromedriverVersion: 135.0.7049.95 (de2eb485a195..., userDataDir: C:\Users\yuvar\AppData\Loca...}, fedcm:accounts: true, goog:chromeOptions: {debuggerAddress: localhost:63596}, networkConnectionEnabled: false, pageLoadStrategy: normal, platformName: windows, proxy: Proxy(), se:cdp: ws://localhost:63596/devtoo..., se:cdpVersion: 135.0.7049.85, setWindowRect: true, strictFileInteractability: false, timeouts: {implicit: 0, pageLoad: 300000, script: 30000}, unhandledPromptBehavior: dismiss and notify, webauthn:extension:credBlob: true, webauthn:extension:largeBlob: true, webauthn:extension:minPinLength: true, webauthn:extension:prf: true, webauthn:virtualAuthenticators: true}
Element: [[ChromeDriver: chrome on windows (5476ed6dda7cf0a3ee4d7ccd6872122a)] -> xpath: //span[@data-valmsg-for="AddProductReview.ReviewText"]]
Session ID: 5476ed6dda7cf0a3ee4d7ccd6872122a]]>
            </message>
            <full-stacktrace>
              <![CDATA[org.openqa.selenium.StaleElementReferenceException: stale element reference: stale element not found
  (Session info: chrome=135.0.7049.85)
For documentation on this error, please visit: https://www.selenium.dev/documentation/webdriver/troubleshooting/errors#stale-element-reference-exception
Build info: version: '4.31.0', revision: '1ef9f18787*'
System info: os.name: 'Windows 11', os.arch: 'amd64', os.version: '10.0', java.version: '21.0.6'
Driver info: org.openqa.selenium.chrome.ChromeDriver
Command: [5476ed6dda7cf0a3ee4d7ccd6872122a, getElementText {id=f.D2E33C634295CEEB4EE60AC49E660ED0.d.2B18E5210498EF7E2613166FBA01FD29.e.274}]
Capabilities {acceptInsecureCerts: false, browserName: chrome, browserVersion: 135.0.7049.85, chrome: {chromedriverVersion: 135.0.7049.95 (de2eb485a195..., userDataDir: C:\Users\yuvar\AppData\Loca...}, fedcm:accounts: true, goog:chromeOptions: {debuggerAddress: localhost:63596}, networkConnectionEnabled: false, pageLoadStrategy: normal, platformName: windows, proxy: Proxy(), se:cdp: ws://localhost:63596/devtoo..., se:cdpVersion: 135.0.7049.85, setWindowRect: true, strictFileInteractability: false, timeouts: {implicit: 0, pageLoad: 300000, script: 30000}, unhandledPromptBehavior: dismiss and notify, webauthn:extension:credBlob: true, webauthn:extension:largeBlob: true, webauthn:extension:minPinLength: true, webauthn:extension:prf: true, webauthn:virtualAuthenticators: true}
Element: [[ChromeDriver: chrome on windows (5476ed6dda7cf0a3ee4d7ccd6872122a)] -> xpath: //span[@data-valmsg-for="AddProductReview.ReviewText"]]
Session ID: 5476ed6dda7cf0a3ee4d7ccd6872122a
at java.base/jdk.internal.reflect.DirectConstructorHandleAccessor.newInstance(DirectConstructorHandleAccessor.java:62)
at java.base/java.lang.reflect.Constructor.newInstanceWithCaller(Constructor.java:502)
at java.base/java.lang.reflect.Constructor.newInstance(Constructor.java:486)
at org.openqa.selenium.remote.ErrorCodec.decode(ErrorCodec.java:167)
at org.openqa.selenium.remote.codec.w3c.W3CHttpResponseCodec.decode(W3CHttpResponseCodec.java:138)
at org.openqa.selenium.remote.codec.w3c.W3CHttpResponseCodec.decode(W3CHttpResponseCodec.java:50)
at org.openqa.selenium.remote.HttpCommandExecutor.execute(HttpCommandExecutor.java:215)
at org.openqa.selenium.remote.service.DriverCommandExecutor.invokeExecute(DriverCommandExecutor.java:216)
at org.openqa.selenium.remote.service.DriverCommandExecutor.execute(DriverCommandExecutor.java:174)
at org.openqa.selenium.remote.RemoteWebDriver.execute(RemoteWebDriver.java:545)
at org.openqa.selenium.remote.RemoteWebElement.execute(RemoteWebElement.java:223)
at org.openqa.selenium.remote.RemoteWebElement.getText(RemoteWebElement.java:191)
at java.base/jdk.internal.reflect.DirectMethodHandleAccessor.invoke(DirectMethodHandleAccessor.java:103)
at java.base/java.lang.reflect.Method.invoke(Method.java:580)
at org.openqa.selenium.support.pagefactory.internal.LocatingElementHandler.invoke(LocatingElementHandler.java:51)
at jdk.proxy2/jdk.proxy2.$Proxy27.getText(Unknown Source)
at com.Actions.ReviewAction.blankTextError(ReviewAction.java:86)
at com.Definitions.ReviewStepDefinitions.i_should_see_the_error_message(ReviewStepDefinitions.java:101)
at ✽.I should see the error message "Review text is required."(file:///C:/Users/yuvar/DemoWebShop(Automation)/DemoWebShop-Cucumber/src/test/resources/Features/Review.feature:27)
]]>
            </full-stacktrace>
          </exception> <!-- org.openqa.selenium.StaleElementReferenceException -->
          <reporter-output>
          </reporter-output>
        </test-method> <!-- runScenario -->
        <test-method signature="runScenario(io.cucumber.testng.PickleWrapper,io.cucumber.testng.FeatureWrapper)[pri:0, instance:com.Runner.runnerTestNG@6497b078]" started-at="2025-04-17T15:54:34 IST" name="runScenario" description="Runs Cucumber Scenarios" data-provider="scenarios" finished-at="2025-04-17T15:54:55 IST" duration-ms="20400" status="PASS">
          <params>
            <param index="0">
              <value>
                <![CDATA["Simple product search with valid keyword"]]>
              </value>
            </param>
            <param index="1">
              <value>
                <![CDATA["Search Functionality"]]>
              </value>
            </param>
          </params>
          <reporter-output>
          </reporter-output>
        </test-method> <!-- runScenario -->
        <test-method signature="runScenario(io.cucumber.testng.PickleWrapper,io.cucumber.testng.FeatureWrapper)[pri:0, instance:com.Runner.runnerTestNG@6497b078]" started-at="2025-04-17T15:54:39 IST" name="runScenario" description="Runs Cucumber Scenarios" data-provider="scenarios" finished-at="2025-04-17T15:54:54 IST" duration-ms="15112" status="PASS">
          <params>
            <param index="0">
              <value>
                <![CDATA["Search with invalid or short keywords"]]>
              </value>
            </param>
            <param index="1">
              <value>
                <![CDATA["Search Functionality"]]>
              </value>
            </param>
          </params>
          <reporter-output>
          </reporter-output>
        </test-method> <!-- runScenario -->
        <test-method signature="runScenario(io.cucumber.testng.PickleWrapper,io.cucumber.testng.FeatureWrapper)[pri:0, instance:com.Runner.runnerTestNG@6497b078]" started-at="2025-04-17T15:54:40 IST" name="runScenario" description="Runs Cucumber Scenarios" data-provider="scenarios" finished-at="2025-04-17T15:55:06 IST" duration-ms="26006" status="PASS">
          <params>
            <param index="0">
              <value>
                <![CDATA["Search with invalid or short keywords"]]>
              </value>
            </param>
            <param index="1">
              <value>
                <![CDATA["Search Functionality"]]>
              </value>
            </param>
          </params>
          <reporter-output>
          </reporter-output>
        </test-method> <!-- runScenario -->
        <test-method signature="runScenario(io.cucumber.testng.PickleWrapper,io.cucumber.testng.FeatureWrapper)[pri:0, instance:com.Runner.runnerTestNG@6497b078]" started-at="2025-04-17T15:54:40 IST" name="runScenario" description="Runs Cucumber Scenarios" data-provider="scenarios" finished-at="2025-04-17T15:54:55 IST" duration-ms="14414" status="PASS">
          <params>
            <param index="0">
              <value>
                <![CDATA["Search with invalid or short keywords"]]>
              </value>
            </param>
            <param index="1">
              <value>
                <![CDATA["Search Functionality"]]>
              </value>
            </param>
          </params>
          <reporter-output>
          </reporter-output>
        </test-method> <!-- runScenario -->
        <test-method signature="runScenario(io.cucumber.testng.PickleWrapper,io.cucumber.testng.FeatureWrapper)[pri:0, instance:com.Runner.runnerTestNG@6497b078]" started-at="2025-04-17T15:54:40 IST" name="runScenario" description="Runs Cucumber Scenarios" data-provider="scenarios" finished-at="2025-04-17T15:54:59 IST" duration-ms="18713" status="PASS">
          <params>
            <param index="0">
              <value>
                <![CDATA["Perform advanced product search with various filter combinations"]]>
              </value>
            </param>
            <param index="1">
              <value>
                <![CDATA["Search Functionality"]]>
              </value>
            </param>
          </params>
          <reporter-output>
          </reporter-output>
        </test-method> <!-- runScenario -->
        <test-method signature="runScenario(io.cucumber.testng.PickleWrapper,io.cucumber.testng.FeatureWrapper)[pri:0, instance:com.Runner.runnerTestNG@6497b078]" started-at="2025-04-17T15:54:44 IST" name="runScenario" description="Runs Cucumber Scenarios" data-provider="scenarios" finished-at="2025-04-17T15:55:08 IST" duration-ms="23809" status="PASS">
          <params>
            <param index="0">
              <value>
                <![CDATA["Perform advanced product search with various filter combinations"]]>
              </value>
            </param>
            <param index="1">
              <value>
                <![CDATA["Search Functionality"]]>
              </value>
            </param>
          </params>
          <reporter-output>
          </reporter-output>
        </test-method> <!-- runScenario -->
        <test-method signature="runScenario(io.cucumber.testng.PickleWrapper,io.cucumber.testng.FeatureWrapper)[pri:0, instance:com.Runner.runnerTestNG@6497b078]" started-at="2025-04-17T15:54:45 IST" name="runScenario" description="Runs Cucumber Scenarios" data-provider="scenarios" finished-at="2025-04-17T15:55:06 IST" duration-ms="20678" status="PASS">
          <params>
            <param index="0">
              <value>
                <![CDATA["Tags should be navigated to product page"]]>
              </value>
            </param>
            <param index="1">
              <value>
                <![CDATA["Popular tags"]]>
              </value>
            </param>
          </params>
          <reporter-output>
          </reporter-output>
        </test-method> <!-- runScenario -->
        <test-method signature="runScenario(io.cucumber.testng.PickleWrapper,io.cucumber.testng.FeatureWrapper)[pri:0, instance:com.Runner.runnerTestNG@6497b078]" started-at="2025-04-17T15:54:47 IST" name="runScenario" description="Runs Cucumber Scenarios" data-provider="scenarios" finished-at="2025-04-17T15:55:06 IST" duration-ms="18772" status="PASS">
          <params>
            <param index="0">
              <value>
                <![CDATA["Tags should be navigated to product page"]]>
              </value>
            </param>
            <param index="1">
              <value>
                <![CDATA["Popular tags"]]>
              </value>
            </param>
          </params>
          <reporter-output>
          </reporter-output>
        </test-method> <!-- runScenario -->
        <test-method signature="runScenario(io.cucumber.testng.PickleWrapper,io.cucumber.testng.FeatureWrapper)[pri:0, instance:com.Runner.runnerTestNG@6497b078]" started-at="2025-04-17T15:54:54 IST" name="runScenario" description="Runs Cucumber Scenarios" data-provider="scenarios" finished-at="2025-04-17T15:55:11 IST" duration-ms="16526" status="PASS">
          <params>
            <param index="0">
              <value>
                <![CDATA["Register on the website with valid and invalid fields"]]>
              </value>
            </param>
            <param index="1">
              <value>
                <![CDATA["User Registeration"]]>
              </value>
            </param>
          </params>
          <reporter-output>
          </reporter-output>
        </test-method> <!-- runScenario -->
        <test-method signature="runScenario(io.cucumber.testng.PickleWrapper,io.cucumber.testng.FeatureWrapper)[pri:0, instance:com.Runner.runnerTestNG@6497b078]" started-at="2025-04-17T15:54:55 IST" name="runScenario" description="Runs Cucumber Scenarios" data-provider="scenarios" finished-at="2025-04-17T15:55:11 IST" duration-ms="16018" status="PASS">
          <params>
            <param index="0">
              <value>
                <![CDATA["Register on the website with valid and invalid fields"]]>
              </value>
            </param>
            <param index="1">
              <value>
                <![CDATA["User Registeration"]]>
              </value>
            </param>
          </params>
          <reporter-output>
          </reporter-output>
        </test-method> <!-- runScenario -->
        <test-method signature="runScenario(io.cucumber.testng.PickleWrapper,io.cucumber.testng.FeatureWrapper)[pri:0, instance:com.Runner.runnerTestNG@6497b078]" started-at="2025-04-17T15:54:55 IST" name="runScenario" description="Runs Cucumber Scenarios" data-provider="scenarios" finished-at="2025-04-17T15:55:10 IST" duration-ms="15655" status="PASS">
          <params>
            <param index="0">
              <value>
                <![CDATA["Register on the website with valid and invalid fields"]]>
              </value>
            </param>
            <param index="1">
              <value>
                <![CDATA["User Registeration"]]>
              </value>
            </param>
          </params>
          <reporter-output>
          </reporter-output>
        </test-method> <!-- runScenario -->
        <test-method signature="runScenario(io.cucumber.testng.PickleWrapper,io.cucumber.testng.FeatureWrapper)[pri:0, instance:com.Runner.runnerTestNG@6497b078]" started-at="2025-04-17T15:54:59 IST" name="runScenario" description="Runs Cucumber Scenarios" data-provider="scenarios" finished-at="2025-04-17T15:55:11 IST" duration-ms="11820" status="PASS">
          <params>
            <param index="0">
              <value>
                <![CDATA["Register on the website with valid and invalid fields"]]>
              </value>
            </param>
            <param index="1">
              <value>
                <![CDATA["User Registeration"]]>
              </value>
            </param>
          </params>
          <reporter-output>
          </reporter-output>
        </test-method> <!-- runScenario -->
        <test-method signature="runScenario(io.cucumber.testng.PickleWrapper,io.cucumber.testng.FeatureWrapper)[pri:0, instance:com.Runner.runnerTestNG@6497b078]" started-at="2025-04-17T15:54:59 IST" name="runScenario" description="Runs Cucumber Scenarios" data-provider="scenarios" finished-at="2025-04-17T15:55:11 IST" duration-ms="11655" status="PASS">
          <params>
            <param index="0">
              <value>
                <![CDATA["Register on the website with valid and invalid fields"]]>
              </value>
            </param>
            <param index="1">
              <value>
                <![CDATA["User Registeration"]]>
              </value>
            </param>
          </params>
          <reporter-output>
          </reporter-output>
        </test-method> <!-- runScenario -->
        <test-method signature="runScenario(io.cucumber.testng.PickleWrapper,io.cucumber.testng.FeatureWrapper)[pri:0, instance:com.Runner.runnerTestNG@6497b078]" started-at="2025-04-17T15:55:04 IST" name="runScenario" description="Runs Cucumber Scenarios" data-provider="scenarios" finished-at="2025-04-17T15:55:14 IST" duration-ms="10345" status="PASS">
          <params>
            <param index="0">
              <value>
                <![CDATA["Register on the website with valid and invalid fields"]]>
              </value>
            </param>
            <param index="1">
              <value>
                <![CDATA["User Registeration"]]>
              </value>
            </param>
          </params>
          <reporter-output>
          </reporter-output>
        </test-method> <!-- runScenario -->
        <test-method signature="runScenario(io.cucumber.testng.PickleWrapper,io.cucumber.testng.FeatureWrapper)[pri:0, instance:com.Runner.runnerTestNG@6497b078]" started-at="2025-04-17T15:55:06 IST" name="runScenario" description="Runs Cucumber Scenarios" data-provider="scenarios" finished-at="2025-04-17T15:55:14 IST" duration-ms="8362" status="PASS">
          <params>
            <param index="0">
              <value>
                <![CDATA["Register on the website with valid and invalid fields"]]>
              </value>
            </param>
            <param index="1">
              <value>
                <![CDATA["User Registeration"]]>
              </value>
            </param>
          </params>
          <reporter-output>
          </reporter-output>
        </test-method> <!-- runScenario -->
        <test-method is-config="true" signature="tearDownClass()[pri:0, instance:com.Runner.runnerTestNG@6497b078]" started-at="2025-04-17T15:55:14 IST" name="tearDownClass" finished-at="2025-04-17T15:55:18 IST" duration-ms="4021" status="PASS">
          <reporter-output>
          </reporter-output>
        </test-method> <!-- tearDownClass -->
      </class> <!-- com.Runner.runnerTestNG -->
    </test> <!-- Default test -->
  </suite> <!-- Default suite -->
</testng-results>
