<?xml version="1.0" encoding="UTF-8"?>
<testng-results ignored="0" total="77" passed="76" failed="1" skipped="0">
  <reporter-output>
  </reporter-output>
  <suite started-at="2025-07-28T19:05:49 IST" name="Default suite" finished-at="2025-07-28T19:10:28 IST" duration-ms="279098">
    <groups>
      <group name="cucumber">
        <method signature="AbstractTestNGCucumberTests.runScenario(io.cucumber.testng.PickleWrapper,io.cucumber.testng.FeatureWrapper)[pri:0, instance:com.Runner.runnerTestNG@6497b078]" name="runScenario" class="io.cucumber.testng.AbstractTestNGCucumberTests"/>
      </group> <!-- cucumber -->
    </groups>
    <test started-at="2025-07-28T19:05:49 IST" name="Default test" finished-at="2025-07-28T19:10:28 IST" duration-ms="279098">
      <class name="com.Runner.runnerTestNG">
        <test-method is-config="true" signature="setUpClass(org.testng.ITestContext)[pri:0, instance:com.Runner.runnerTestNG@6497b078]" started-at="2025-07-28T19:05:49 IST" name="setUpClass" finished-at="2025-07-28T19:05:50 IST" duration-ms="1053" status="PASS">
          <params>
            <param index="0">
              <value>
                <![CDATA[org.testng.TestRunner@560271a1]]>
              </value>
            </param>
          </params>
          <reporter-output>
          </reporter-output>
        </test-method> <!-- setUpClass -->
        <test-method signature="runScenario(io.cucumber.testng.PickleWrapper,io.cucumber.testng.FeatureWrapper)[pri:0, instance:com.Runner.runnerTestNG@6497b078]" started-at="2025-07-28T19:05:50 IST" name="runScenario" description="Runs Cucumber Scenarios" data-provider="scenarios" finished-at="2025-07-28T19:06:32 IST" duration-ms="42455" status="PASS">
          <params>
            <param index="0">
              <value>
                <![CDATA["Apply filter options for books"]]>
              </value>
            </param>
            <param index="1">
              <value>
                <![CDATA["Laksitha_14APR2025_DemoWebShop_Book_Product_Functionality"]]>
              </value>
            </param>
          </params>
          <reporter-output>
          </reporter-output>
        </test-method> <!-- runScenario -->
        <test-method signature="runScenario(io.cucumber.testng.PickleWrapper,io.cucumber.testng.FeatureWrapper)[pri:0, instance:com.Runner.runnerTestNG@6497b078]" started-at="2025-07-28T19:05:50 IST" name="runScenario" description="Runs Cucumber Scenarios" data-provider="scenarios" finished-at="2025-07-28T19:06:36 IST" duration-ms="46008" status="PASS">
          <params>
            <param index="0">
              <value>
                <![CDATA["Deleting the already present address"]]>
              </value>
            </param>
            <param index="1">
              <value>
                <![CDATA["Yuvaraj_12APR2025_DemoWebShop_Validate Address"]]>
              </value>
            </param>
          </params>
          <reporter-output>
          </reporter-output>
        </test-method> <!-- runScenario -->
        <test-method signature="runScenario(io.cucumber.testng.PickleWrapper,io.cucumber.testng.FeatureWrapper)[pri:0, instance:com.Runner.runnerTestNG@6497b078]" started-at="2025-07-28T19:05:50 IST" name="runScenario" description="Runs Cucumber Scenarios" data-provider="scenarios" finished-at="2025-07-28T19:06:59 IST" duration-ms="69559" status="PASS">
          <params>
            <param index="0">
              <value>
                <![CDATA["Adding Address"]]>
              </value>
            </param>
            <param index="1">
              <value>
                <![CDATA["Yuvaraj_12APR2025_DemoWebShop_Validate Address"]]>
              </value>
            </param>
          </params>
          <reporter-output>
          </reporter-output>
        </test-method> <!-- runScenario -->
        <test-method signature="runScenario(io.cucumber.testng.PickleWrapper,io.cucumber.testng.FeatureWrapper)[pri:0, instance:com.Runner.runnerTestNG@6497b078]" started-at="2025-07-28T19:05:50 IST" name="runScenario" description="Runs Cucumber Scenarios" data-provider="scenarios" finished-at="2025-07-28T19:06:14 IST" duration-ms="24054" status="PASS">
          <params>
            <param index="0">
              <value>
                <![CDATA["Apply all Sort By options for books"]]>
              </value>
            </param>
            <param index="1">
              <value>
                <![CDATA["Laksitha_14APR2025_DemoWebShop_Book_Product_Functionality"]]>
              </value>
            </param>
          </params>
          <reporter-output>
          </reporter-output>
        </test-method> <!-- runScenario -->
        <test-method signature="runScenario(io.cucumber.testng.PickleWrapper,io.cucumber.testng.FeatureWrapper)[pri:0, instance:com.Runner.runnerTestNG@6497b078]" started-at="2025-07-28T19:05:50 IST" name="runScenario" description="Runs Cucumber Scenarios" data-provider="scenarios" finished-at="2025-07-28T19:06:14 IST" duration-ms="24771" status="PASS">
          <params>
            <param index="0">
              <value>
                <![CDATA["Navigate to checkout page Without clicking the terms & conditions"]]>
              </value>
            </param>
            <param index="1">
              <value>
                <![CDATA["Divraj_12APR2025_Demowebshop_Checkout the product"]]>
              </value>
            </param>
          </params>
          <reporter-output>
          </reporter-output>
        </test-method> <!-- runScenario -->
        <test-method signature="runScenario(io.cucumber.testng.PickleWrapper,io.cucumber.testng.FeatureWrapper)[pri:0, instance:com.Runner.runnerTestNG@6497b078]" started-at="2025-07-28T19:05:50 IST" name="runScenario" description="Runs Cucumber Scenarios" data-provider="scenarios" finished-at="2025-07-28T19:06:18 IST" duration-ms="28070" status="PASS">
          <params>
            <param index="0">
              <value>
                <![CDATA["Comparing two different products"]]>
              </value>
            </param>
            <param index="1">
              <value>
                <![CDATA["Laksitha_14APR2025_DemoWebShop_Book_Product_Functionality"]]>
              </value>
            </param>
          </params>
          <reporter-output>
          </reporter-output>
        </test-method> <!-- runScenario -->
        <test-method signature="runScenario(io.cucumber.testng.PickleWrapper,io.cucumber.testng.FeatureWrapper)[pri:0, instance:com.Runner.runnerTestNG@6497b078]" started-at="2025-07-28T19:05:50 IST" name="runScenario" description="Runs Cucumber Scenarios" data-provider="scenarios" finished-at="2025-07-28T19:06:19 IST" duration-ms="29238" status="PASS">
          <params>
            <param index="0">
              <value>
                <![CDATA["checkout an item in the application"]]>
              </value>
            </param>
            <param index="1">
              <value>
                <![CDATA["Divraj_12APR2025_Demowebshop_Checkout the product"]]>
              </value>
            </param>
          </params>
          <reporter-output>
          </reporter-output>
        </test-method> <!-- runScenario -->
        <test-method signature="runScenario(io.cucumber.testng.PickleWrapper,io.cucumber.testng.FeatureWrapper)[pri:0, instance:com.Runner.runnerTestNG@6497b078]" started-at="2025-07-28T19:05:50 IST" name="runScenario" description="Runs Cucumber Scenarios" data-provider="scenarios" finished-at="2025-07-28T19:07:02 IST" duration-ms="72686" status="PASS">
          <params>
            <param index="0">
              <value>
                <![CDATA["checkout and download the invoice pdf"]]>
              </value>
            </param>
            <param index="1">
              <value>
                <![CDATA["Divraj_12APR2025_Demowebshop_Checkout the product"]]>
              </value>
            </param>
          </params>
          <reporter-output>
          </reporter-output>
        </test-method> <!-- runScenario -->
        <test-method signature="runScenario(io.cucumber.testng.PickleWrapper,io.cucumber.testng.FeatureWrapper)[pri:0, instance:com.Runner.runnerTestNG@6497b078]" started-at="2025-07-28T19:05:50 IST" name="runScenario" description="Runs Cucumber Scenarios" data-provider="scenarios" finished-at="2025-07-28T19:06:09 IST" duration-ms="19616" status="PASS">
          <params>
            <param index="0">
              <value>
                <![CDATA["View all books available"]]>
              </value>
            </param>
            <param index="1">
              <value>
                <![CDATA["Laksitha_14APR2025_DemoWebShop_Book_Product_Functionality"]]>
              </value>
            </param>
          </params>
          <reporter-output>
          </reporter-output>
        </test-method> <!-- runScenario -->
        <test-method signature="runScenario(io.cucumber.testng.PickleWrapper,io.cucumber.testng.FeatureWrapper)[pri:0, instance:com.Runner.runnerTestNG@6497b078]" started-at="2025-07-28T19:05:50 IST" name="runScenario" description="Runs Cucumber Scenarios" data-provider="scenarios" finished-at="2025-07-28T19:06:11 IST" duration-ms="20862" status="PASS">
          <params>
            <param index="0">
              <value>
                <![CDATA["View details of a specific book"]]>
              </value>
            </param>
            <param index="1">
              <value>
                <![CDATA["Laksitha_14APR2025_DemoWebShop_Book_Product_Functionality"]]>
              </value>
            </param>
          </params>
          <reporter-output>
          </reporter-output>
        </test-method> <!-- runScenario -->
        <test-method signature="runScenario(io.cucumber.testng.PickleWrapper,io.cucumber.testng.FeatureWrapper)[pri:0, instance:com.Runner.runnerTestNG@6497b078]" started-at="2025-07-28T19:06:09 IST" name="runScenario" description="Runs Cucumber Scenarios" data-provider="scenarios" finished-at="2025-07-28T19:07:10 IST" duration-ms="60595" status="PASS">
          <params>
            <param index="0">
              <value>
                <![CDATA["To read the invoice pdf in the application"]]>
              </value>
            </param>
            <param index="1">
              <value>
                <![CDATA["Divraj_12APR2025_Demowebshop_Checkout the product"]]>
              </value>
            </param>
          </params>
          <reporter-output>
          </reporter-output>
        </test-method> <!-- runScenario -->
        <test-method signature="runScenario(io.cucumber.testng.PickleWrapper,io.cucumber.testng.FeatureWrapper)[pri:0, instance:com.Runner.runnerTestNG@6497b078]" started-at="2025-07-28T19:06:11 IST" name="runScenario" description="Runs Cucumber Scenarios" data-provider="scenarios" finished-at="2025-07-28T19:06:51 IST" duration-ms="40470" status="PASS">
          <params>
            <param index="0">
              <value>
                <![CDATA["purchase an item and choose store pickup"]]>
              </value>
            </param>
            <param index="1">
              <value>
                <![CDATA["Divraj_12APR2025_Demowebshop_Checkout the product"]]>
              </value>
            </param>
          </params>
          <reporter-output>
          </reporter-output>
        </test-method> <!-- runScenario -->
        <test-method signature="runScenario(io.cucumber.testng.PickleWrapper,io.cucumber.testng.FeatureWrapper)[pri:0, instance:com.Runner.runnerTestNG@6497b078]" started-at="2025-07-28T19:06:14 IST" name="runScenario" description="Runs Cucumber Scenarios" data-provider="scenarios" finished-at="2025-07-28T19:06:57 IST" duration-ms="42866" status="PASS">
          <params>
            <param index="0">
              <value>
                <![CDATA["purchase an item and choose the credit card"]]>
              </value>
            </param>
            <param index="1">
              <value>
                <![CDATA["Divraj_12APR2025_Demowebshop_Checkout the product"]]>
              </value>
            </param>
          </params>
          <reporter-output>
          </reporter-output>
        </test-method> <!-- runScenario -->
        <test-method signature="runScenario(io.cucumber.testng.PickleWrapper,io.cucumber.testng.FeatureWrapper)[pri:0, instance:com.Runner.runnerTestNG@6497b078]" started-at="2025-07-28T19:06:14 IST" name="runScenario" description="Runs Cucumber Scenarios" data-provider="scenarios" finished-at="2025-07-28T19:06:54 IST" duration-ms="39743" status="PASS">
          <params>
            <param index="0">
              <value>
                <![CDATA["purchase an item and choose the two day shipping"]]>
              </value>
            </param>
            <param index="1">
              <value>
                <![CDATA["Divraj_12APR2025_Demowebshop_Checkout the product"]]>
              </value>
            </param>
          </params>
          <reporter-output>
          </reporter-output>
        </test-method> <!-- runScenario -->
        <test-method signature="runScenario(io.cucumber.testng.PickleWrapper,io.cucumber.testng.FeatureWrapper)[pri:0, instance:com.Runner.runnerTestNG@6497b078]" started-at="2025-07-28T19:06:18 IST" name="runScenario" description="Runs Cucumber Scenarios" data-provider="scenarios" finished-at="2025-07-28T19:06:58 IST" duration-ms="40095" status="PASS">
          <params>
            <param index="0">
              <value>
                <![CDATA["user should click the store pick up after the shipping methods"]]>
              </value>
            </param>
            <param index="1">
              <value>
                <![CDATA["Divraj_12APR2025_Demowebshop_Checkout the product"]]>
              </value>
            </param>
          </params>
          <reporter-output>
          </reporter-output>
        </test-method> <!-- runScenario -->
        <test-method signature="runScenario(io.cucumber.testng.PickleWrapper,io.cucumber.testng.FeatureWrapper)[pri:0, instance:com.Runner.runnerTestNG@6497b078]" started-at="2025-07-28T19:06:19 IST" name="runScenario" description="Runs Cucumber Scenarios" data-provider="scenarios" finished-at="2025-07-28T19:06:29 IST" duration-ms="9730" status="PASS">
          <params>
            <param index="0">
              <value>
                <![CDATA["Validating customer service news feature"]]>
              </value>
            </param>
            <param index="1">
              <value>
                <![CDATA["Yuvaraj_28APR2025_DemoWebShop_Validate Cusromer Service"]]>
              </value>
            </param>
          </params>
          <reporter-output>
          </reporter-output>
        </test-method> <!-- runScenario -->
        <test-method signature="runScenario(io.cucumber.testng.PickleWrapper,io.cucumber.testng.FeatureWrapper)[pri:0, instance:com.Runner.runnerTestNG@6497b078]" started-at="2025-07-28T19:06:29 IST" name="runScenario" description="Runs Cucumber Scenarios" data-provider="scenarios" finished-at="2025-07-28T19:06:57 IST" duration-ms="28780" status="PASS">
          <params>
            <param index="0">
              <value>
                <![CDATA["Validating customer service blog feature"]]>
              </value>
            </param>
            <param index="1">
              <value>
                <![CDATA["Yuvaraj_28APR2025_DemoWebShop_Validate Cusromer Service"]]>
              </value>
            </param>
          </params>
          <reporter-output>
          </reporter-output>
        </test-method> <!-- runScenario -->
        <test-method signature="runScenario(io.cucumber.testng.PickleWrapper,io.cucumber.testng.FeatureWrapper)[pri:0, instance:com.Runner.runnerTestNG@6497b078]" started-at="2025-07-28T19:06:32 IST" name="runScenario" description="Runs Cucumber Scenarios" data-provider="scenarios" finished-at="2025-07-28T19:06:40 IST" duration-ms="7636" status="PASS">
          <params>
            <param index="0">
              <value>
                <![CDATA["add product to the cart"]]>
              </value>
            </param>
            <param index="1">
              <value>
                <![CDATA["Divraj_14APR2025_Demowebshop_Categories"]]>
              </value>
            </param>
          </params>
          <reporter-output>
          </reporter-output>
        </test-method> <!-- runScenario -->
        <test-method signature="runScenario(io.cucumber.testng.PickleWrapper,io.cucumber.testng.FeatureWrapper)[pri:0, instance:com.Runner.runnerTestNG@6497b078]" started-at="2025-07-28T19:06:36 IST" name="runScenario" description="Runs Cucumber Scenarios" data-provider="scenarios" finished-at="2025-07-28T19:06:44 IST" duration-ms="8341" status="PASS">
          <params>
            <param index="0">
              <value>
                <![CDATA["select the filters view product"]]>
              </value>
            </param>
            <param index="1">
              <value>
                <![CDATA["Divraj_14APR2025_Demowebshop_Categories"]]>
              </value>
            </param>
          </params>
          <reporter-output>
          </reporter-output>
        </test-method> <!-- runScenario -->
        <test-method signature="runScenario(io.cucumber.testng.PickleWrapper,io.cucumber.testng.FeatureWrapper)[pri:0, instance:com.Runner.runnerTestNG@6497b078]" started-at="2025-07-28T19:06:40 IST" name="runScenario" description="Runs Cucumber Scenarios" data-provider="scenarios" finished-at="2025-07-28T19:06:48 IST" duration-ms="7911" status="PASS">
          <params>
            <param index="0">
              <value>
                <![CDATA["verify the user is on the digital download page"]]>
              </value>
            </param>
            <param index="1">
              <value>
                <![CDATA["Divraj_14APR2025_Demowebshop_Categories"]]>
              </value>
            </param>
          </params>
          <reporter-output>
          </reporter-output>
        </test-method> <!-- runScenario -->
        <test-method signature="runScenario(io.cucumber.testng.PickleWrapper,io.cucumber.testng.FeatureWrapper)[pri:0, instance:com.Runner.runnerTestNG@6497b078]" started-at="2025-07-28T19:06:44 IST" name="runScenario" description="Runs Cucumber Scenarios" data-provider="scenarios" finished-at="2025-07-28T19:06:59 IST" duration-ms="14608" status="FAIL">
          <params>
            <param index="0">
              <value>
                <![CDATA["User verifies and clicks the Powered by nopCommerce link"]]>
              </value>
            </param>
            <param index="1">
              <value>
                <![CDATA["Laksitha_28APR2025_footerlink_functionality_on_homepage"]]>
              </value>
            </param>
          </params>
          <exception class="java.lang.AssertionError">
            <message>
              <![CDATA[expected [true] but found [false]]]>
            </message>
            <full-stacktrace>
              <![CDATA[java.lang.AssertionError: expected [true] but found [false]
at org.testng.Assert.fail(Assert.java:111)
at org.testng.Assert.failNotEquals(Assert.java:1590)
at org.testng.Assert.assertTrue(Assert.java:57)
at org.testng.Assert.assertTrue(Assert.java:67)
at com.Actions.FooterAction.assertNopCommerceUrl(FooterAction.java:33)
at com.Definitions.FooterDefinition.user_should_be_navigated_to_the_nop_commerce_official_website(FooterDefinition.java:33)
at ✽.User should be navigated to the nopCommerce official website(file:///C:/Users/Lenovo/git/DemoWebShop-Cucumber/src/test/resources/Features/Footer.feature:10)
]]>
            </full-stacktrace>
          </exception> <!-- java.lang.AssertionError -->
          <reporter-output>
          </reporter-output>
        </test-method> <!-- runScenario -->
        <test-method signature="runScenario(io.cucumber.testng.PickleWrapper,io.cucumber.testng.FeatureWrapper)[pri:0, instance:com.Runner.runnerTestNG@6497b078]" started-at="2025-07-28T19:06:48 IST" name="runScenario" description="Runs Cucumber Scenarios" data-provider="scenarios" finished-at="2025-07-28T19:07:00 IST" duration-ms="11982" status="PASS">
          <params>
            <param index="0">
              <value>
                <![CDATA["User clicks the Sitemap link and navigates to SiteMap Page"]]>
              </value>
            </param>
            <param index="1">
              <value>
                <![CDATA["Laksitha_28APR2025_footerlink_functionality_on_homepage"]]>
              </value>
            </param>
          </params>
          <reporter-output>
          </reporter-output>
        </test-method> <!-- runScenario -->
        <test-method signature="runScenario(io.cucumber.testng.PickleWrapper,io.cucumber.testng.FeatureWrapper)[pri:0, instance:com.Runner.runnerTestNG@6497b078]" started-at="2025-07-28T19:06:51 IST" name="runScenario" description="Runs Cucumber Scenarios" data-provider="scenarios" finished-at="2025-07-28T19:07:07 IST" duration-ms="16246" status="PASS">
          <params>
            <param index="0">
              <value>
                <![CDATA["User clicks the Contact us link and submits the query"]]>
              </value>
            </param>
            <param index="1">
              <value>
                <![CDATA["Laksitha_28APR2025_footerlink_functionality_on_homepage"]]>
              </value>
            </param>
          </params>
          <reporter-output>
          </reporter-output>
        </test-method> <!-- runScenario -->
        <test-method signature="runScenario(io.cucumber.testng.PickleWrapper,io.cucumber.testng.FeatureWrapper)[pri:0, instance:com.Runner.runnerTestNG@6497b078]" started-at="2025-07-28T19:06:54 IST" name="runScenario" description="Runs Cucumber Scenarios" data-provider="scenarios" finished-at="2025-07-28T19:07:06 IST" duration-ms="11966" status="PASS">
          <params>
            <param index="0">
              <value>
                <![CDATA["Subscribe with valid email address"]]>
              </value>
            </param>
            <param index="1">
              <value>
                <![CDATA["Laksitha_12APR2025_DemoWebShop_HomePageFunctionality"]]>
              </value>
            </param>
          </params>
          <reporter-output>
          </reporter-output>
        </test-method> <!-- runScenario -->
        <test-method signature="runScenario(io.cucumber.testng.PickleWrapper,io.cucumber.testng.FeatureWrapper)[pri:0, instance:com.Runner.runnerTestNG@6497b078]" started-at="2025-07-28T19:06:57 IST" name="runScenario" description="Runs Cucumber Scenarios" data-provider="scenarios" finished-at="2025-07-28T19:07:34 IST" duration-ms="36979" status="PASS">
          <params>
            <param index="0">
              <value>
                <![CDATA["Subscribe with invalid email address"]]>
              </value>
            </param>
            <param index="1">
              <value>
                <![CDATA["Laksitha_12APR2025_DemoWebShop_HomePageFunctionality"]]>
              </value>
            </param>
          </params>
          <reporter-output>
          </reporter-output>
        </test-method> <!-- runScenario -->
        <test-method signature="runScenario(io.cucumber.testng.PickleWrapper,io.cucumber.testng.FeatureWrapper)[pri:0, instance:com.Runner.runnerTestNG@6497b078]" started-at="2025-07-28T19:06:57 IST" name="runScenario" description="Runs Cucumber Scenarios" data-provider="scenarios" finished-at="2025-07-28T19:07:22 IST" duration-ms="24520" status="PASS">
          <params>
            <param index="0">
              <value>
                <![CDATA["View featured products as list"]]>
              </value>
            </param>
            <param index="1">
              <value>
                <![CDATA["Laksitha_12APR2025_DemoWebShop_HomePageFunctionality"]]>
              </value>
            </param>
          </params>
          <reporter-output>
          </reporter-output>
        </test-method> <!-- runScenario -->
        <test-method signature="runScenario(io.cucumber.testng.PickleWrapper,io.cucumber.testng.FeatureWrapper)[pri:0, instance:com.Runner.runnerTestNG@6497b078]" started-at="2025-07-28T19:06:58 IST" name="runScenario" description="Runs Cucumber Scenarios" data-provider="scenarios" finished-at="2025-07-28T19:07:20 IST" duration-ms="22229" status="PASS">
          <params>
            <param index="0">
              <value>
                <![CDATA["Poll the vote without logging in"]]>
              </value>
            </param>
            <param index="1">
              <value>
                <![CDATA["Laksitha_12APR2025_DemoWebShop_HomePageFunctionality"]]>
              </value>
            </param>
          </params>
          <reporter-output>
          </reporter-output>
        </test-method> <!-- runScenario -->
        <test-method signature="runScenario(io.cucumber.testng.PickleWrapper,io.cucumber.testng.FeatureWrapper)[pri:0, instance:com.Runner.runnerTestNG@6497b078]" started-at="2025-07-28T19:06:59 IST" name="runScenario" description="Runs Cucumber Scenarios" data-provider="scenarios" finished-at="2025-07-28T19:07:48 IST" duration-ms="49363" status="PASS">
          <params>
            <param index="0">
              <value>
                <![CDATA["View Recent products as list"]]>
              </value>
            </param>
            <param index="1">
              <value>
                <![CDATA["Laksitha_12APR2025_DemoWebShop_HomePageFunctionality"]]>
              </value>
            </param>
          </params>
          <reporter-output>
          </reporter-output>
        </test-method> <!-- runScenario -->
        <test-method signature="runScenario(io.cucumber.testng.PickleWrapper,io.cucumber.testng.FeatureWrapper)[pri:0, instance:com.Runner.runnerTestNG@6497b078]" started-at="2025-07-28T19:06:59 IST" name="runScenario" description="Runs Cucumber Scenarios" data-provider="scenarios" finished-at="2025-07-28T19:10:15 IST" duration-ms="195334" status="PASS">
          <params>
            <param index="0">
              <value>
                <![CDATA["Validate the testLinks"]]>
              </value>
            </param>
            <param index="1">
              <value>
                <![CDATA["Yuvaraj_06MAY2025_DemoWebShop_HomePageLinks"]]>
              </value>
            </param>
          </params>
          <reporter-output>
          </reporter-output>
        </test-method> <!-- runScenario -->
        <test-method signature="runScenario(io.cucumber.testng.PickleWrapper,io.cucumber.testng.FeatureWrapper)[pri:0, instance:com.Runner.runnerTestNG@6497b078]" started-at="2025-07-28T19:07:00 IST" name="runScenario" description="Runs Cucumber Scenarios" data-provider="scenarios" finished-at="2025-07-28T19:07:41 IST" duration-ms="40849" status="PASS">
          <params>
            <param index="0">
              <value>
                <![CDATA["Login with valid and invalid credentials"]]>
              </value>
            </param>
            <param index="1">
              <value>
                <![CDATA["Yuvaraj_13APR2025_DemoWebShop_Validate Login"]]>
              </value>
            </param>
          </params>
          <reporter-output>
          </reporter-output>
        </test-method> <!-- runScenario -->
        <test-method signature="runScenario(io.cucumber.testng.PickleWrapper,io.cucumber.testng.FeatureWrapper)[pri:0, instance:com.Runner.runnerTestNG@6497b078]" started-at="2025-07-28T19:07:02 IST" name="runScenario" description="Runs Cucumber Scenarios" data-provider="scenarios" finished-at="2025-07-28T19:07:41 IST" duration-ms="38804" status="PASS">
          <params>
            <param index="0">
              <value>
                <![CDATA["Login with valid and invalid credentials"]]>
              </value>
            </param>
            <param index="1">
              <value>
                <![CDATA["Yuvaraj_13APR2025_DemoWebShop_Validate Login"]]>
              </value>
            </param>
          </params>
          <reporter-output>
          </reporter-output>
        </test-method> <!-- runScenario -->
        <test-method signature="runScenario(io.cucumber.testng.PickleWrapper,io.cucumber.testng.FeatureWrapper)[pri:0, instance:com.Runner.runnerTestNG@6497b078]" started-at="2025-07-28T19:07:06 IST" name="runScenario" description="Runs Cucumber Scenarios" data-provider="scenarios" finished-at="2025-07-28T19:07:43 IST" duration-ms="36706" status="PASS">
          <params>
            <param index="0">
              <value>
                <![CDATA["Login with valid and invalid credentials"]]>
              </value>
            </param>
            <param index="1">
              <value>
                <![CDATA["Yuvaraj_13APR2025_DemoWebShop_Validate Login"]]>
              </value>
            </param>
          </params>
          <reporter-output>
          </reporter-output>
        </test-method> <!-- runScenario -->
        <test-method signature="runScenario(io.cucumber.testng.PickleWrapper,io.cucumber.testng.FeatureWrapper)[pri:0, instance:com.Runner.runnerTestNG@6497b078]" started-at="2025-07-28T19:07:07 IST" name="runScenario" description="Runs Cucumber Scenarios" data-provider="scenarios" finished-at="2025-07-28T19:07:43 IST" duration-ms="35986" status="PASS">
          <params>
            <param index="0">
              <value>
                <![CDATA["Login with valid and invalid credentials"]]>
              </value>
            </param>
            <param index="1">
              <value>
                <![CDATA["Yuvaraj_13APR2025_DemoWebShop_Validate Login"]]>
              </value>
            </param>
          </params>
          <reporter-output>
          </reporter-output>
        </test-method> <!-- runScenario -->
        <test-method signature="runScenario(io.cucumber.testng.PickleWrapper,io.cucumber.testng.FeatureWrapper)[pri:0, instance:com.Runner.runnerTestNG@6497b078]" started-at="2025-07-28T19:07:10 IST" name="runScenario" description="Runs Cucumber Scenarios" data-provider="scenarios" finished-at="2025-07-28T19:07:46 IST" duration-ms="36559" status="PASS">
          <params>
            <param index="0">
              <value>
                <![CDATA["Forgot password with valid and invalid email"]]>
              </value>
            </param>
            <param index="1">
              <value>
                <![CDATA["Yuvaraj_13APR2025_DemoWebShop_Validate Login"]]>
              </value>
            </param>
          </params>
          <reporter-output>
          </reporter-output>
        </test-method> <!-- runScenario -->
        <test-method signature="runScenario(io.cucumber.testng.PickleWrapper,io.cucumber.testng.FeatureWrapper)[pri:0, instance:com.Runner.runnerTestNG@6497b078]" started-at="2025-07-28T19:07:20 IST" name="runScenario" description="Runs Cucumber Scenarios" data-provider="scenarios" finished-at="2025-07-28T19:07:45 IST" duration-ms="25068" status="PASS">
          <params>
            <param index="0">
              <value>
                <![CDATA["Forgot password with valid and invalid email"]]>
              </value>
            </param>
            <param index="1">
              <value>
                <![CDATA["Yuvaraj_13APR2025_DemoWebShop_Validate Login"]]>
              </value>
            </param>
          </params>
          <reporter-output>
          </reporter-output>
        </test-method> <!-- runScenario -->
        <test-method signature="runScenario(io.cucumber.testng.PickleWrapper,io.cucumber.testng.FeatureWrapper)[pri:0, instance:com.Runner.runnerTestNG@6497b078]" started-at="2025-07-28T19:07:22 IST" name="runScenario" description="Runs Cucumber Scenarios" data-provider="scenarios" finished-at="2025-07-28T19:07:45 IST" duration-ms="23211" status="PASS">
          <params>
            <param index="0">
              <value>
                <![CDATA["Forgot password with valid and invalid email"]]>
              </value>
            </param>
            <param index="1">
              <value>
                <![CDATA["Yuvaraj_13APR2025_DemoWebShop_Validate Login"]]>
              </value>
            </param>
          </params>
          <reporter-output>
          </reporter-output>
        </test-method> <!-- runScenario -->
        <test-method signature="runScenario(io.cucumber.testng.PickleWrapper,io.cucumber.testng.FeatureWrapper)[pri:0, instance:com.Runner.runnerTestNG@6497b078]" started-at="2025-07-28T19:07:34 IST" name="runScenario" description="Runs Cucumber Scenarios" data-provider="scenarios" finished-at="2025-07-28T19:07:48 IST" duration-ms="14181" status="PASS">
          <params>
            <param index="0">
              <value>
                <![CDATA["Buttons are enabled or not"]]>
              </value>
            </param>
            <param index="1">
              <value>
                <![CDATA["Laksitha_26MAY2025_DemoWebShop_MusicPage_Buttons"]]>
              </value>
            </param>
          </params>
          <reporter-output>
          </reporter-output>
        </test-method> <!-- runScenario -->
        <test-method signature="runScenario(io.cucumber.testng.PickleWrapper,io.cucumber.testng.FeatureWrapper)[pri:0, instance:com.Runner.runnerTestNG@6497b078]" started-at="2025-07-28T19:07:41 IST" name="runScenario" description="Runs Cucumber Scenarios" data-provider="scenarios" finished-at="2025-07-28T19:08:11 IST" duration-ms="30806" status="PASS">
          <params>
            <param index="0">
              <value>
                <![CDATA["ChangePassword"]]>
              </value>
            </param>
            <param index="1">
              <value>
                <![CDATA["Yuvaraj_14APR2025_DemoWebShop_Validate MyAccountSection"]]>
              </value>
            </param>
          </params>
          <reporter-output>
          </reporter-output>
        </test-method> <!-- runScenario -->
        <test-method signature="runScenario(io.cucumber.testng.PickleWrapper,io.cucumber.testng.FeatureWrapper)[pri:0, instance:com.Runner.runnerTestNG@6497b078]" started-at="2025-07-28T19:07:41 IST" name="runScenario" description="Runs Cucumber Scenarios" data-provider="scenarios" finished-at="2025-07-28T19:08:12 IST" duration-ms="31019" status="PASS">
          <params>
            <param index="0">
              <value>
                <![CDATA["ChangePassword"]]>
              </value>
            </param>
            <param index="1">
              <value>
                <![CDATA["Yuvaraj_14APR2025_DemoWebShop_Validate MyAccountSection"]]>
              </value>
            </param>
          </params>
          <reporter-output>
          </reporter-output>
        </test-method> <!-- runScenario -->
        <test-method signature="runScenario(io.cucumber.testng.PickleWrapper,io.cucumber.testng.FeatureWrapper)[pri:0, instance:com.Runner.runnerTestNG@6497b078]" started-at="2025-07-28T19:07:43 IST" name="runScenario" description="Runs Cucumber Scenarios" data-provider="scenarios" finished-at="2025-07-28T19:08:14 IST" duration-ms="31462" status="PASS">
          <params>
            <param index="0">
              <value>
                <![CDATA["verify the orders with products details"]]>
              </value>
            </param>
            <param index="1">
              <value>
                <![CDATA["Yuvaraj_14APR2025_DemoWebShop_Validate MyAccountSection"]]>
              </value>
            </param>
          </params>
          <reporter-output>
          </reporter-output>
        </test-method> <!-- runScenario -->
        <test-method signature="runScenario(io.cucumber.testng.PickleWrapper,io.cucumber.testng.FeatureWrapper)[pri:0, instance:com.Runner.runnerTestNG@6497b078]" started-at="2025-07-28T19:07:43 IST" name="runScenario" description="Runs Cucumber Scenarios" data-provider="scenarios" finished-at="2025-07-28T19:08:13 IST" duration-ms="29444" status="PASS">
          <params>
            <param index="0">
              <value>
                <![CDATA["verify the back in stock subscriptions"]]>
              </value>
            </param>
            <param index="1">
              <value>
                <![CDATA["Yuvaraj_14APR2025_DemoWebShop_Validate MyAccountSection"]]>
              </value>
            </param>
          </params>
          <reporter-output>
          </reporter-output>
        </test-method> <!-- runScenario -->
        <test-method signature="runScenario(io.cucumber.testng.PickleWrapper,io.cucumber.testng.FeatureWrapper)[pri:0, instance:com.Runner.runnerTestNG@6497b078]" started-at="2025-07-28T19:07:45 IST" name="runScenario" description="Runs Cucumber Scenarios" data-provider="scenarios" finished-at="2025-07-28T19:08:15 IST" duration-ms="29409" status="PASS">
          <params>
            <param index="0">
              <value>
                <![CDATA["verify the current balance of reward points"]]>
              </value>
            </param>
            <param index="1">
              <value>
                <![CDATA["Yuvaraj_14APR2025_DemoWebShop_Validate MyAccountSection"]]>
              </value>
            </param>
          </params>
          <reporter-output>
          </reporter-output>
        </test-method> <!-- runScenario -->
        <test-method signature="runScenario(io.cucumber.testng.PickleWrapper,io.cucumber.testng.FeatureWrapper)[pri:0, instance:com.Runner.runnerTestNG@6497b078]" started-at="2025-07-28T19:07:45 IST" name="runScenario" description="Runs Cucumber Scenarios" data-provider="scenarios" finished-at="2025-07-28T19:08:15 IST" duration-ms="29535" status="PASS">
          <params>
            <param index="0">
              <value>
                <![CDATA["verify the customer info"]]>
              </value>
            </param>
            <param index="1">
              <value>
                <![CDATA["Yuvaraj_14APR2025_DemoWebShop_Validate MyAccountSection"]]>
              </value>
            </param>
          </params>
          <reporter-output>
          </reporter-output>
        </test-method> <!-- runScenario -->
        <test-method signature="runScenario(io.cucumber.testng.PickleWrapper,io.cucumber.testng.FeatureWrapper)[pri:0, instance:com.Runner.runnerTestNG@6497b078]" started-at="2025-07-28T19:07:46 IST" name="runScenario" description="Runs Cucumber Scenarios" data-provider="scenarios" finished-at="2025-07-28T19:08:16 IST" duration-ms="29527" status="PASS">
          <params>
            <param index="0">
              <value>
                <![CDATA["Validate the Next and Previous button Feature"]]>
              </value>
            </param>
            <param index="1">
              <value>
                <![CDATA["Yuvaraj_26MAY2025_DemoWebShop_Validate Next&PreviousBtn Feature"]]>
              </value>
            </param>
          </params>
          <reporter-output>
          </reporter-output>
        </test-method> <!-- runScenario -->
        <test-method signature="runScenario(io.cucumber.testng.PickleWrapper,io.cucumber.testng.FeatureWrapper)[pri:0, instance:com.Runner.runnerTestNG@6497b078]" started-at="2025-07-28T19:07:48 IST" name="runScenario" description="Runs Cucumber Scenarios" data-provider="scenarios" finished-at="2025-07-28T19:08:17 IST" duration-ms="29389" status="PASS">
          <params>
            <param index="0">
              <value>
                <![CDATA["Adding and Removing a Product in the Shopping Cart"]]>
              </value>
            </param>
            <param index="1">
              <value>
                <![CDATA["Divraj_13APR2025_Demowebshop_Shopping_cart"]]>
              </value>
            </param>
          </params>
          <reporter-output>
          </reporter-output>
        </test-method> <!-- runScenario -->
        <test-method signature="runScenario(io.cucumber.testng.PickleWrapper,io.cucumber.testng.FeatureWrapper)[pri:0, instance:com.Runner.runnerTestNG@6497b078]" started-at="2025-07-28T19:07:48 IST" name="runScenario" description="Runs Cucumber Scenarios" data-provider="scenarios" finished-at="2025-07-28T19:08:14 IST" duration-ms="26036" status="PASS">
          <params>
            <param index="0">
              <value>
                <![CDATA["Validating the Product Details and Adding to Cart"]]>
              </value>
            </param>
            <param index="1">
              <value>
                <![CDATA["Divraj_13APR2025_Demowebshop_Shopping_cart"]]>
              </value>
            </param>
          </params>
          <reporter-output>
          </reporter-output>
        </test-method> <!-- runScenario -->
        <test-method signature="runScenario(io.cucumber.testng.PickleWrapper,io.cucumber.testng.FeatureWrapper)[pri:0, instance:com.Runner.runnerTestNG@6497b078]" started-at="2025-07-28T19:08:11 IST" name="runScenario" description="Runs Cucumber Scenarios" data-provider="scenarios" finished-at="2025-07-28T19:09:26 IST" duration-ms="74751" status="PASS">
          <params>
            <param index="0">
              <value>
                <![CDATA["Verify the product is same as in the auto-generated url in wishlist page"]]>
              </value>
            </param>
            <param index="1">
              <value>
                <![CDATA["Divraj_13APR2025_Demowebshop_Shopping_cart"]]>
              </value>
            </param>
          </params>
          <reporter-output>
          </reporter-output>
        </test-method> <!-- runScenario -->
        <test-method signature="runScenario(io.cucumber.testng.PickleWrapper,io.cucumber.testng.FeatureWrapper)[pri:0, instance:com.Runner.runnerTestNG@6497b078]" started-at="2025-07-28T19:08:12 IST" name="runScenario" description="Runs Cucumber Scenarios" data-provider="scenarios" finished-at="2025-07-28T19:08:47 IST" duration-ms="34307" status="PASS">
          <params>
            <param index="0">
              <value>
                <![CDATA["verify the quantity of the product is increased"]]>
              </value>
            </param>
            <param index="1">
              <value>
                <![CDATA["Divraj_13APR2025_Demowebshop_Shopping_cart"]]>
              </value>
            </param>
          </params>
          <reporter-output>
          </reporter-output>
        </test-method> <!-- runScenario -->
        <test-method signature="runScenario(io.cucumber.testng.PickleWrapper,io.cucumber.testng.FeatureWrapper)[pri:0, instance:com.Runner.runnerTestNG@6497b078]" started-at="2025-07-28T19:08:13 IST" name="runScenario" description="Runs Cucumber Scenarios" data-provider="scenarios" finished-at="2025-07-28T19:08:54 IST" duration-ms="41131" status="PASS">
          <params>
            <param index="0">
              <value>
                <![CDATA["send a product details through valid email a friend"]]>
              </value>
            </param>
            <param index="1">
              <value>
                <![CDATA["Divraj_13APR2025_Demowebshop_Shopping_cart"]]>
              </value>
            </param>
          </params>
          <reporter-output>
          </reporter-output>
        </test-method> <!-- runScenario -->
        <test-method signature="runScenario(io.cucumber.testng.PickleWrapper,io.cucumber.testng.FeatureWrapper)[pri:0, instance:com.Runner.runnerTestNG@6497b078]" started-at="2025-07-28T19:08:14 IST" name="runScenario" description="Runs Cucumber Scenarios" data-provider="scenarios" finished-at="2025-07-28T19:08:54 IST" duration-ms="39920" status="PASS">
          <params>
            <param index="0">
              <value>
                <![CDATA["send a product details through Invalid email a friend"]]>
              </value>
            </param>
            <param index="1">
              <value>
                <![CDATA["Divraj_13APR2025_Demowebshop_Shopping_cart"]]>
              </value>
            </param>
          </params>
          <reporter-output>
          </reporter-output>
        </test-method> <!-- runScenario -->
        <test-method signature="runScenario(io.cucumber.testng.PickleWrapper,io.cucumber.testng.FeatureWrapper)[pri:0, instance:com.Runner.runnerTestNG@6497b078]" started-at="2025-07-28T19:08:14 IST" name="runScenario" description="Runs Cucumber Scenarios" data-provider="scenarios" finished-at="2025-07-28T19:08:55 IST" duration-ms="40157" status="PASS">
          <params>
            <param index="0">
              <value>
                <![CDATA["Verify the product is added in wishlist to shopping cart"]]>
              </value>
            </param>
            <param index="1">
              <value>
                <![CDATA["Divraj_13APR2025_Demowebshop_Shopping_cart"]]>
              </value>
            </param>
          </params>
          <reporter-output>
          </reporter-output>
        </test-method> <!-- runScenario -->
        <test-method signature="runScenario(io.cucumber.testng.PickleWrapper,io.cucumber.testng.FeatureWrapper)[pri:0, instance:com.Runner.runnerTestNG@6497b078]" started-at="2025-07-28T19:08:15 IST" name="runScenario" description="Runs Cucumber Scenarios" data-provider="scenarios" finished-at="2025-07-28T19:08:55 IST" duration-ms="39984" status="PASS">
          <params>
            <param index="0">
              <value>
                <![CDATA["To get a Shipping Estimation details"]]>
              </value>
            </param>
            <param index="1">
              <value>
                <![CDATA["Divraj_13APR2025_Demowebshop_Shopping_cart"]]>
              </value>
            </param>
          </params>
          <reporter-output>
          </reporter-output>
        </test-method> <!-- runScenario -->
        <test-method signature="runScenario(io.cucumber.testng.PickleWrapper,io.cucumber.testng.FeatureWrapper)[pri:0, instance:com.Runner.runnerTestNG@6497b078]" started-at="2025-07-28T19:08:15 IST" name="runScenario" description="Runs Cucumber Scenarios" data-provider="scenarios" finished-at="2025-07-28T19:08:55 IST" duration-ms="39887" status="PASS">
          <params>
            <param index="0">
              <value>
                <![CDATA["View submitted reviews of a product"]]>
              </value>
            </param>
            <param index="1">
              <value>
                <![CDATA["Laksitha_16APR2025_DemoWebShop_Review_a_product"]]>
              </value>
            </param>
          </params>
          <reporter-output>
          </reporter-output>
        </test-method> <!-- runScenario -->
        <test-method signature="runScenario(io.cucumber.testng.PickleWrapper,io.cucumber.testng.FeatureWrapper)[pri:0, instance:com.Runner.runnerTestNG@6497b078]" started-at="2025-07-28T19:08:16 IST" name="runScenario" description="Runs Cucumber Scenarios" data-provider="scenarios" finished-at="2025-07-28T19:08:58 IST" duration-ms="41840" status="PASS">
          <params>
            <param index="0">
              <value>
                <![CDATA["Write a review without logging in"]]>
              </value>
            </param>
            <param index="1">
              <value>
                <![CDATA["Laksitha_16APR2025_DemoWebShop_Review_a_product"]]>
              </value>
            </param>
          </params>
          <reporter-output>
          </reporter-output>
        </test-method> <!-- runScenario -->
        <test-method signature="runScenario(io.cucumber.testng.PickleWrapper,io.cucumber.testng.FeatureWrapper)[pri:0, instance:com.Runner.runnerTestNG@6497b078]" started-at="2025-07-28T19:08:17 IST" name="runScenario" description="Runs Cucumber Scenarios" data-provider="scenarios" finished-at="2025-07-28T19:09:45 IST" duration-ms="87843" status="PASS">
          <params>
            <param index="0">
              <value>
                <![CDATA["Submit review with valid and invalid inputs"]]>
              </value>
            </param>
            <param index="1">
              <value>
                <![CDATA["Laksitha_16APR2025_DemoWebShop_Review_a_product"]]>
              </value>
            </param>
          </params>
          <reporter-output>
          </reporter-output>
        </test-method> <!-- runScenario -->
        <test-method signature="runScenario(io.cucumber.testng.PickleWrapper,io.cucumber.testng.FeatureWrapper)[pri:0, instance:com.Runner.runnerTestNG@6497b078]" started-at="2025-07-28T19:08:47 IST" name="runScenario" description="Runs Cucumber Scenarios" data-provider="scenarios" finished-at="2025-07-28T19:09:49 IST" duration-ms="62859" status="PASS">
          <params>
            <param index="0">
              <value>
                <![CDATA["Submit review with valid and invalid inputs"]]>
              </value>
            </param>
            <param index="1">
              <value>
                <![CDATA["Laksitha_16APR2025_DemoWebShop_Review_a_product"]]>
              </value>
            </param>
          </params>
          <reporter-output>
          </reporter-output>
        </test-method> <!-- runScenario -->
        <test-method signature="runScenario(io.cucumber.testng.PickleWrapper,io.cucumber.testng.FeatureWrapper)[pri:0, instance:com.Runner.runnerTestNG@6497b078]" started-at="2025-07-28T19:08:54 IST" name="runScenario" description="Runs Cucumber Scenarios" data-provider="scenarios" finished-at="2025-07-28T19:10:01 IST" duration-ms="67447" status="PASS">
          <params>
            <param index="0">
              <value>
                <![CDATA["Submit review with valid and invalid inputs"]]>
              </value>
            </param>
            <param index="1">
              <value>
                <![CDATA["Laksitha_16APR2025_DemoWebShop_Review_a_product"]]>
              </value>
            </param>
          </params>
          <reporter-output>
          </reporter-output>
        </test-method> <!-- runScenario -->
        <test-method signature="runScenario(io.cucumber.testng.PickleWrapper,io.cucumber.testng.FeatureWrapper)[pri:0, instance:com.Runner.runnerTestNG@6497b078]" started-at="2025-07-28T19:08:54 IST" name="runScenario" description="Runs Cucumber Scenarios" data-provider="scenarios" finished-at="2025-07-28T19:09:53 IST" duration-ms="58796" status="PASS">
          <params>
            <param index="0">
              <value>
                <![CDATA["Simple product search with valid keyword"]]>
              </value>
            </param>
            <param index="1">
              <value>
                <![CDATA["Laksitha_13APR2025_DemoWebShop_Search_Function"]]>
              </value>
            </param>
          </params>
          <reporter-output>
          </reporter-output>
        </test-method> <!-- runScenario -->
        <test-method signature="runScenario(io.cucumber.testng.PickleWrapper,io.cucumber.testng.FeatureWrapper)[pri:0, instance:com.Runner.runnerTestNG@6497b078]" started-at="2025-07-28T19:08:55 IST" name="runScenario" description="Runs Cucumber Scenarios" data-provider="scenarios" finished-at="2025-07-28T19:09:53 IST" duration-ms="58752" status="PASS">
          <params>
            <param index="0">
              <value>
                <![CDATA["Search with invalid or short keywords"]]>
              </value>
            </param>
            <param index="1">
              <value>
                <![CDATA["Laksitha_13APR2025_DemoWebShop_Search_Function"]]>
              </value>
            </param>
          </params>
          <reporter-output>
          </reporter-output>
        </test-method> <!-- runScenario -->
        <test-method signature="runScenario(io.cucumber.testng.PickleWrapper,io.cucumber.testng.FeatureWrapper)[pri:0, instance:com.Runner.runnerTestNG@6497b078]" started-at="2025-07-28T19:08:55 IST" name="runScenario" description="Runs Cucumber Scenarios" data-provider="scenarios" finished-at="2025-07-28T19:09:48 IST" duration-ms="53345" status="PASS">
          <params>
            <param index="0">
              <value>
                <![CDATA["Search with invalid or short keywords"]]>
              </value>
            </param>
            <param index="1">
              <value>
                <![CDATA["Laksitha_13APR2025_DemoWebShop_Search_Function"]]>
              </value>
            </param>
          </params>
          <reporter-output>
          </reporter-output>
        </test-method> <!-- runScenario -->
        <test-method signature="runScenario(io.cucumber.testng.PickleWrapper,io.cucumber.testng.FeatureWrapper)[pri:0, instance:com.Runner.runnerTestNG@6497b078]" started-at="2025-07-28T19:08:55 IST" name="runScenario" description="Runs Cucumber Scenarios" data-provider="scenarios" finished-at="2025-07-28T19:09:50 IST" duration-ms="54953" status="PASS">
          <params>
            <param index="0">
              <value>
                <![CDATA["Search with invalid or short keywords"]]>
              </value>
            </param>
            <param index="1">
              <value>
                <![CDATA["Laksitha_13APR2025_DemoWebShop_Search_Function"]]>
              </value>
            </param>
          </params>
          <reporter-output>
          </reporter-output>
        </test-method> <!-- runScenario -->
        <test-method signature="runScenario(io.cucumber.testng.PickleWrapper,io.cucumber.testng.FeatureWrapper)[pri:0, instance:com.Runner.runnerTestNG@6497b078]" started-at="2025-07-28T19:08:58 IST" name="runScenario" description="Runs Cucumber Scenarios" data-provider="scenarios" finished-at="2025-07-28T19:09:55 IST" duration-ms="57102" status="PASS">
          <params>
            <param index="0">
              <value>
                <![CDATA["Perform advanced product search with various filter combinations"]]>
              </value>
            </param>
            <param index="1">
              <value>
                <![CDATA["Laksitha_13APR2025_DemoWebShop_Search_Function"]]>
              </value>
            </param>
          </params>
          <reporter-output>
          </reporter-output>
        </test-method> <!-- runScenario -->
        <test-method signature="runScenario(io.cucumber.testng.PickleWrapper,io.cucumber.testng.FeatureWrapper)[pri:0, instance:com.Runner.runnerTestNG@6497b078]" started-at="2025-07-28T19:09:26 IST" name="runScenario" description="Runs Cucumber Scenarios" data-provider="scenarios" finished-at="2025-07-28T19:09:54 IST" duration-ms="27754" status="PASS">
          <params>
            <param index="0">
              <value>
                <![CDATA["Perform advanced product search with various filter combinations"]]>
              </value>
            </param>
            <param index="1">
              <value>
                <![CDATA["Laksitha_13APR2025_DemoWebShop_Search_Function"]]>
              </value>
            </param>
          </params>
          <reporter-output>
          </reporter-output>
        </test-method> <!-- runScenario -->
        <test-method signature="runScenario(io.cucumber.testng.PickleWrapper,io.cucumber.testng.FeatureWrapper)[pri:0, instance:com.Runner.runnerTestNG@6497b078]" started-at="2025-07-28T19:09:45 IST" name="runScenario" description="Runs Cucumber Scenarios" data-provider="scenarios" finished-at="2025-07-28T19:09:53 IST" duration-ms="7896" status="PASS">
          <params>
            <param index="0">
              <value>
                <![CDATA["Tags should be navigated to product page"]]>
              </value>
            </param>
            <param index="1">
              <value>
                <![CDATA["Laksitha_15APR2025_DemoWebShop_Popular_tags"]]>
              </value>
            </param>
          </params>
          <reporter-output>
          </reporter-output>
        </test-method> <!-- runScenario -->
        <test-method signature="runScenario(io.cucumber.testng.PickleWrapper,io.cucumber.testng.FeatureWrapper)[pri:0, instance:com.Runner.runnerTestNG@6497b078]" started-at="2025-07-28T19:09:48 IST" name="runScenario" description="Runs Cucumber Scenarios" data-provider="scenarios" finished-at="2025-07-28T19:09:55 IST" duration-ms="6986" status="PASS">
          <params>
            <param index="0">
              <value>
                <![CDATA["Tags should be navigated to product page"]]>
              </value>
            </param>
            <param index="1">
              <value>
                <![CDATA["Laksitha_15APR2025_DemoWebShop_Popular_tags"]]>
              </value>
            </param>
          </params>
          <reporter-output>
          </reporter-output>
        </test-method> <!-- runScenario -->
        <test-method signature="runScenario(io.cucumber.testng.PickleWrapper,io.cucumber.testng.FeatureWrapper)[pri:0, instance:com.Runner.runnerTestNG@6497b078]" started-at="2025-07-28T19:09:49 IST" name="runScenario" description="Runs Cucumber Scenarios" data-provider="scenarios" finished-at="2025-07-28T19:10:06 IST" duration-ms="16657" status="PASS">
          <params>
            <param index="0">
              <value>
                <![CDATA["To verify the user redirected to the tricentis page"]]>
              </value>
            </param>
            <param index="1">
              <value>
                <![CDATA["Divraj_28APR2025_Demowebshop_Tricentis"]]>
              </value>
            </param>
          </params>
          <reporter-output>
          </reporter-output>
        </test-method> <!-- runScenario -->
        <test-method signature="runScenario(io.cucumber.testng.PickleWrapper,io.cucumber.testng.FeatureWrapper)[pri:0, instance:com.Runner.runnerTestNG@6497b078]" started-at="2025-07-28T19:09:50 IST" name="runScenario" description="Runs Cucumber Scenarios" data-provider="scenarios" finished-at="2025-07-28T19:10:24 IST" duration-ms="34730" status="PASS">
          <params>
            <param index="0">
              <value>
                <![CDATA["To display the upcoming webinars title"]]>
              </value>
            </param>
            <param index="1">
              <value>
                <![CDATA["Divraj_28APR2025_Demowebshop_Tricentis"]]>
              </value>
            </param>
          </params>
          <reporter-output>
          </reporter-output>
        </test-method> <!-- runScenario -->
        <test-method signature="runScenario(io.cucumber.testng.PickleWrapper,io.cucumber.testng.FeatureWrapper)[pri:0, instance:com.Runner.runnerTestNG@6497b078]" started-at="2025-07-28T19:09:53 IST" name="runScenario" description="Runs Cucumber Scenarios" data-provider="scenarios" finished-at="2025-07-28T19:10:08 IST" duration-ms="14741" status="PASS">
          <params>
            <param index="0">
              <value>
                <![CDATA["To verify the filter the upcoming event"]]>
              </value>
            </param>
            <param index="1">
              <value>
                <![CDATA["Divraj_28APR2025_Demowebshop_Tricentis"]]>
              </value>
            </param>
          </params>
          <reporter-output>
          </reporter-output>
        </test-method> <!-- runScenario -->
        <test-method signature="runScenario(io.cucumber.testng.PickleWrapper,io.cucumber.testng.FeatureWrapper)[pri:0, instance:com.Runner.runnerTestNG@6497b078]" started-at="2025-07-28T19:09:53 IST" name="runScenario" description="Runs Cucumber Scenarios" data-provider="scenarios" finished-at="2025-07-28T19:10:06 IST" duration-ms="13230" status="PASS">
          <params>
            <param index="0">
              <value>
                <![CDATA["To verify the demo trial in the tricentis"]]>
              </value>
            </param>
            <param index="1">
              <value>
                <![CDATA["Divraj_28APR2025_Demowebshop_Tricentis"]]>
              </value>
            </param>
          </params>
          <reporter-output>
          </reporter-output>
        </test-method> <!-- runScenario -->
        <test-method signature="runScenario(io.cucumber.testng.PickleWrapper,io.cucumber.testng.FeatureWrapper)[pri:0, instance:com.Runner.runnerTestNG@6497b078]" started-at="2025-07-28T19:09:53 IST" name="runScenario" description="Runs Cucumber Scenarios" data-provider="scenarios" finished-at="2025-07-28T19:10:06 IST" duration-ms="12809" status="PASS">
          <params>
            <param index="0">
              <value>
                <![CDATA["Register on the website with valid and invalid fields"]]>
              </value>
            </param>
            <param index="1">
              <value>
                <![CDATA["Yuvaraj_15APR2025_DemoWebShop_Validate UserRegistration"]]>
              </value>
            </param>
          </params>
          <reporter-output>
          </reporter-output>
        </test-method> <!-- runScenario -->
        <test-method signature="runScenario(io.cucumber.testng.PickleWrapper,io.cucumber.testng.FeatureWrapper)[pri:0, instance:com.Runner.runnerTestNG@6497b078]" started-at="2025-07-28T19:09:54 IST" name="runScenario" description="Runs Cucumber Scenarios" data-provider="scenarios" finished-at="2025-07-28T19:10:06 IST" duration-ms="12325" status="PASS">
          <params>
            <param index="0">
              <value>
                <![CDATA["Register on the website with valid and invalid fields"]]>
              </value>
            </param>
            <param index="1">
              <value>
                <![CDATA["Yuvaraj_15APR2025_DemoWebShop_Validate UserRegistration"]]>
              </value>
            </param>
          </params>
          <reporter-output>
          </reporter-output>
        </test-method> <!-- runScenario -->
        <test-method signature="runScenario(io.cucumber.testng.PickleWrapper,io.cucumber.testng.FeatureWrapper)[pri:0, instance:com.Runner.runnerTestNG@6497b078]" started-at="2025-07-28T19:09:55 IST" name="runScenario" description="Runs Cucumber Scenarios" data-provider="scenarios" finished-at="2025-07-28T19:10:06 IST" duration-ms="11313" status="PASS">
          <params>
            <param index="0">
              <value>
                <![CDATA["Register on the website with valid and invalid fields"]]>
              </value>
            </param>
            <param index="1">
              <value>
                <![CDATA["Yuvaraj_15APR2025_DemoWebShop_Validate UserRegistration"]]>
              </value>
            </param>
          </params>
          <reporter-output>
          </reporter-output>
        </test-method> <!-- runScenario -->
        <test-method signature="runScenario(io.cucumber.testng.PickleWrapper,io.cucumber.testng.FeatureWrapper)[pri:0, instance:com.Runner.runnerTestNG@6497b078]" started-at="2025-07-28T19:09:55 IST" name="runScenario" description="Runs Cucumber Scenarios" data-provider="scenarios" finished-at="2025-07-28T19:10:06 IST" duration-ms="11012" status="PASS">
          <params>
            <param index="0">
              <value>
                <![CDATA["Register on the website with valid and invalid fields"]]>
              </value>
            </param>
            <param index="1">
              <value>
                <![CDATA["Yuvaraj_15APR2025_DemoWebShop_Validate UserRegistration"]]>
              </value>
            </param>
          </params>
          <reporter-output>
          </reporter-output>
        </test-method> <!-- runScenario -->
        <test-method signature="runScenario(io.cucumber.testng.PickleWrapper,io.cucumber.testng.FeatureWrapper)[pri:0, instance:com.Runner.runnerTestNG@6497b078]" started-at="2025-07-28T19:10:01 IST" name="runScenario" description="Runs Cucumber Scenarios" data-provider="scenarios" finished-at="2025-07-28T19:10:12 IST" duration-ms="10460" status="PASS">
          <params>
            <param index="0">
              <value>
                <![CDATA["Register on the website with valid and invalid fields"]]>
              </value>
            </param>
            <param index="1">
              <value>
                <![CDATA["Yuvaraj_15APR2025_DemoWebShop_Validate UserRegistration"]]>
              </value>
            </param>
          </params>
          <reporter-output>
          </reporter-output>
        </test-method> <!-- runScenario -->
        <test-method signature="runScenario(io.cucumber.testng.PickleWrapper,io.cucumber.testng.FeatureWrapper)[pri:0, instance:com.Runner.runnerTestNG@6497b078]" started-at="2025-07-28T19:10:06 IST" name="runScenario" description="Runs Cucumber Scenarios" data-provider="scenarios" finished-at="2025-07-28T19:10:14 IST" duration-ms="7909" status="PASS">
          <params>
            <param index="0">
              <value>
                <![CDATA["Register on the website with valid and invalid fields"]]>
              </value>
            </param>
            <param index="1">
              <value>
                <![CDATA["Yuvaraj_15APR2025_DemoWebShop_Validate UserRegistration"]]>
              </value>
            </param>
          </params>
          <reporter-output>
          </reporter-output>
        </test-method> <!-- runScenario -->
        <test-method signature="runScenario(io.cucumber.testng.PickleWrapper,io.cucumber.testng.FeatureWrapper)[pri:0, instance:com.Runner.runnerTestNG@6497b078]" started-at="2025-07-28T19:10:06 IST" name="runScenario" description="Runs Cucumber Scenarios" data-provider="scenarios" finished-at="2025-07-28T19:10:14 IST" duration-ms="7905" status="PASS">
          <params>
            <param index="0">
              <value>
                <![CDATA["Register on the website with valid and invalid fields"]]>
              </value>
            </param>
            <param index="1">
              <value>
                <![CDATA["Yuvaraj_15APR2025_DemoWebShop_Validate UserRegistration"]]>
              </value>
            </param>
          </params>
          <reporter-output>
          </reporter-output>
        </test-method> <!-- runScenario -->
        <test-method signature="runScenario(io.cucumber.testng.PickleWrapper,io.cucumber.testng.FeatureWrapper)[pri:0, instance:com.Runner.runnerTestNG@6497b078]" started-at="2025-07-28T19:10:06 IST" name="runScenario" description="Runs Cucumber Scenarios" data-provider="scenarios" finished-at="2025-07-28T19:10:15 IST" duration-ms="9394" status="PASS">
          <params>
            <param index="0">
              <value>
                <![CDATA["go to the nopcommerce webpage in the footer"]]>
              </value>
            </param>
            <param index="1">
              <value>
                <![CDATA["Divraj_26MAY2025_Demowebshop_nopCommerce Website"]]>
              </value>
            </param>
          </params>
          <reporter-output>
          </reporter-output>
        </test-method> <!-- runScenario -->
        <test-method is-config="true" signature="tearDownClass()[pri:0, instance:com.Runner.runnerTestNG@6497b078]" started-at="2025-07-28T19:10:24 IST" name="tearDownClass" finished-at="2025-07-28T19:10:28 IST" duration-ms="3390" status="PASS">
          <reporter-output>
          </reporter-output>
        </test-method> <!-- tearDownClass -->
      </class> <!-- com.Runner.runnerTestNG -->
    </test> <!-- Default test -->
  </suite> <!-- Default suite -->
</testng-results>
