<?xml version="1.0" encoding="UTF-8"?>
<testng-results ignored="0" total="1" passed="1" failed="0" skipped="0">
  <reporter-output>
  </reporter-output>
  <suite started-at="2025-04-28T23:25:08 IST" name="Default suite" finished-at="2025-04-28T23:25:22 IST" duration-ms="13457">
    <groups>
      <group name="cucumber">
        <method signature="AbstractTestNGCucumberTests.runScenario(io.cucumber.testng.PickleWrapper,io.cucumber.testng.FeatureWrapper)[pri:0, instance:com.Runner.runnerTestNG@1018bde2]" name="runScenario" class="io.cucumber.testng.AbstractTestNGCucumberTests"/>
      </group> <!-- cucumber -->
    </groups>
    <test started-at="2025-04-28T23:25:08 IST" name="Default test" finished-at="2025-04-28T23:25:22 IST" duration-ms="13457">
      <class name="com.Runner.runnerTestNG">
        <test-method is-config="true" signature="setUpClass(org.testng.ITestContext)[pri:0, instance:com.Runner.runnerTestNG@1018bde2]" started-at="2025-04-28T23:25:08 IST" name="setUpClass" finished-at="2025-04-28T23:25:10 IST" duration-ms="1566" status="PASS">
          <params>
            <param index="0">
              <value>
                <![CDATA[org.testng.TestRunner@7161457]]>
              </value>
            </param>
          </params>
          <reporter-output>
          </reporter-output>
        </test-method> <!-- setUpClass -->
        <test-method signature="runScenario(io.cucumber.testng.PickleWrapper,io.cucumber.testng.FeatureWrapper)[pri:0, instance:com.Runner.runnerTestNG@1018bde2]" started-at="2025-04-28T23:25:10 IST" name="runScenario" description="Runs Cucumber Scenarios" data-provider="scenarios" finished-at="2025-04-28T23:25:18 IST" duration-ms="8260" status="PASS">
          <params>
            <param index="0">
              <value>
                <![CDATA["User verifies and clicks the "Powered by nopCommerce" link"]]>
              </value>
            </param>
            <param index="1">
              <value>
                <![CDATA["Verify footer link functionality on the homepage"]]>
              </value>
            </param>
          </params>
          <reporter-output>
          </reporter-output>
        </test-method> <!-- runScenario -->
        <test-method is-config="true" signature="tearDownClass()[pri:0, instance:com.Runner.runnerTestNG@1018bde2]" started-at="2025-04-28T23:25:18 IST" name="tearDownClass" finished-at="2025-04-28T23:25:22 IST" duration-ms="3540" status="PASS">
          <reporter-output>
          </reporter-output>
        </test-method> <!-- tearDownClass -->
      </class> <!-- com.Runner.runnerTestNG -->
    </test> <!-- Default test -->
  </suite> <!-- Default suite -->
</testng-results>
