<?xml version="1.0" encoding="UTF-8"?>
<!-- Generated by org.testng.reporters.JUnitReportReporter -->
<testsuite hostname="DESKTOP-3CKMDVP" failures="0" tests="32" name="com.Runner.runnerTestNG" time="493.475" errors="1" timestamp="2025-04-15T20:42:43 IST" skipped="0">
  <testcase classname="com.Runner.runnerTestNG" name="runScenario" time="12.687"/>
  <testcase classname="com.Runner.runnerTestNG" name="runScenario" time="8.110"/>
  <testcase classname="com.Runner.runnerTestNG" name="runScenario" time="18.064"/>
  <testcase classname="com.Runner.runnerTestNG" name="runScenario" time="9.309"/>
  <testcase classname="com.Runner.runnerTestNG" name="runScenario" time="9.893"/>
  <testcase classname="com.Runner.runnerTestNG" name="runScenario" time="7.459">
    <error message="stale element reference: stale element not found
  (Session info: chrome=135.0.7049.84)
For documentation on this error, please visit: https://www.selenium.dev/documentation/webdriver/troubleshooting/errors#stale-element-reference-exception
Build info: version: &#039;4.31.0&#039;, revision: &#039;1ef9f18787*&#039;
System info: os.name: &#039;Windows 10&#039;, os.arch: &#039;amd64&#039;, os.version: &#039;10.0&#039;, java.version: &#039;17.0.6&#039;
Driver info: org.openqa.selenium.chrome.ChromeDriver
Command: [aab1e7c5ea6638c94d6edec0282b3c2c, sendKeysToElement {value=[Ljava.lang.CharSequence;@17aed1c3, id=f.F2439AF83240DD1252B9B4AB539EFBFA.d.3DAD03F4F32DD0743E02F25FAA7EF4BD.e.8}]
Capabilities {acceptInsecureCerts: false, browserName: chrome, browserVersion: 135.0.7049.84, chrome: {chromedriverVersion: 135.0.7049.84 (6c019e560019..., userDataDir: C:\Users\ADMIN\AppData\Loca...}, fedcm:accounts: true, goog:chromeOptions: {debuggerAddress: localhost:59474}, networkConnectionEnabled: false, pageLoadStrategy: normal, platformName: windows, proxy: Proxy(), se:cdp: ws://localhost:59474/devtoo..., se:cdpVersion: 135.0.7049.84, setWindowRect: true, strictFileInteractability: false, timeouts: {implicit: 0, pageLoad: 300000, script: 30000}, unhandledPromptBehavior: dismiss and notify, webauthn:extension:credBlob: true, webauthn:extension:largeBlob: true, webauthn:extension:minPinLength: true, webauthn:extension:prf: true, webauthn:virtualAuthenticators: true}
Element: [[ChromeDriver: chrome on windows (aab1e7c5ea6638c94d6edec0282b3c2c)] -&gt; xpath: //input[@id=&quot;small-searchterms&quot;]]
Session ID: aab1e7c5ea6638c94d6edec0282b3c2c" type="org.openqa.selenium.StaleElementReferenceException">
      <![CDATA[org.openqa.selenium.StaleElementReferenceException: stale element reference: stale element not found
  (Session info: chrome=135.0.7049.84)
For documentation on this error, please visit: https://www.selenium.dev/documentation/webdriver/troubleshooting/errors#stale-element-reference-exception
Build info: version: '4.31.0', revision: '1ef9f18787*'
System info: os.name: 'Windows 10', os.arch: 'amd64', os.version: '10.0', java.version: '17.0.6'
Driver info: org.openqa.selenium.chrome.ChromeDriver
Command: [aab1e7c5ea6638c94d6edec0282b3c2c, sendKeysToElement {value=[Ljava.lang.CharSequence;@17aed1c3, id=f.F2439AF83240DD1252B9B4AB539EFBFA.d.3DAD03F4F32DD0743E02F25FAA7EF4BD.e.8}]
Capabilities {acceptInsecureCerts: false, browserName: chrome, browserVersion: 135.0.7049.84, chrome: {chromedriverVersion: 135.0.7049.84 (6c019e560019..., userDataDir: C:\Users\ADMIN\AppData\Loca...}, fedcm:accounts: true, goog:chromeOptions: {debuggerAddress: localhost:59474}, networkConnectionEnabled: false, pageLoadStrategy: normal, platformName: windows, proxy: Proxy(), se:cdp: ws://localhost:59474/devtoo..., se:cdpVersion: 135.0.7049.84, setWindowRect: true, strictFileInteractability: false, timeouts: {implicit: 0, pageLoad: 300000, script: 30000}, unhandledPromptBehavior: dismiss and notify, webauthn:extension:credBlob: true, webauthn:extension:largeBlob: true, webauthn:extension:minPinLength: true, webauthn:extension:prf: true, webauthn:virtualAuthenticators: true}
Element: [[ChromeDriver: chrome on windows (aab1e7c5ea6638c94d6edec0282b3c2c)] -> xpath: //input[@id="small-searchterms"]]
Session ID: aab1e7c5ea6638c94d6edec0282b3c2c
at java.base/jdk.internal.reflect.NativeConstructorAccessorImpl.newInstance0(Native Method)
at java.base/jdk.internal.reflect.NativeConstructorAccessorImpl.newInstance(NativeConstructorAccessorImpl.java:77)
at java.base/jdk.internal.reflect.DelegatingConstructorAccessorImpl.newInstance(DelegatingConstructorAccessorImpl.java:45)
at java.base/java.lang.reflect.Constructor.newInstanceWithCaller(Constructor.java:499)
at java.base/java.lang.reflect.Constructor.newInstance(Constructor.java:480)
at org.openqa.selenium.remote.ErrorCodec.decode(ErrorCodec.java:167)
at org.openqa.selenium.remote.codec.w3c.W3CHttpResponseCodec.decode(W3CHttpResponseCodec.java:138)
at org.openqa.selenium.remote.codec.w3c.W3CHttpResponseCodec.decode(W3CHttpResponseCodec.java:50)
at org.openqa.selenium.remote.HttpCommandExecutor.execute(HttpCommandExecutor.java:215)
at org.openqa.selenium.remote.service.DriverCommandExecutor.invokeExecute(DriverCommandExecutor.java:216)
at org.openqa.selenium.remote.service.DriverCommandExecutor.execute(DriverCommandExecutor.java:174)
at org.openqa.selenium.remote.RemoteWebDriver.execute(RemoteWebDriver.java:545)
at org.openqa.selenium.remote.RemoteWebElement.execute(RemoteWebElement.java:223)
at org.openqa.selenium.remote.RemoteWebElement.sendKeys(RemoteWebElement.java:110)
at jdk.internal.reflect.GeneratedMethodAccessor110.invoke(Unknown Source)
at java.base/jdk.internal.reflect.DelegatingMethodAccessorImpl.invoke(DelegatingMethodAccessorImpl.java:43)
at java.base/java.lang.reflect.Method.invoke(Method.java:568)
at org.openqa.selenium.support.pagefactory.internal.LocatingElementHandler.invoke(LocatingElementHandler.java:51)
at jdk.proxy2/jdk.proxy2.$Proxy27.sendKeys(Unknown Source)
at com.Actions.ProductAction.addlaptopcart(ProductAction.java:172)
at com.Definitions.ProductStepDefinition.i_add_to_cart_the_laptop(ProductStepDefinition.java:149)
at ✽.I add to cart the laptop(file:///C:/Users/ADMIN/git/DemoWebShop-Cucumber/src/test/resources/Features/Product.feature:65)
]]>
    </error>
  </testcase> <!-- runScenario -->
  <testcase classname="com.Runner.runnerTestNG" name="runScenario" time="75.071"/>
  <testcase classname="com.Runner.runnerTestNG" name="runScenario" time="6.943"/>
  <testcase classname="com.Runner.runnerTestNG" name="runScenario" time="16.315"/>
  <testcase classname="com.Runner.runnerTestNG" name="runScenario" time="22.628"/>
  <testcase classname="com.Runner.runnerTestNG" name="runScenario" time="13.770"/>
  <testcase classname="com.Runner.runnerTestNG" name="runScenario" time="9.580"/>
  <testcase classname="com.Runner.runnerTestNG" name="runScenario" time="8.788"/>
  <testcase classname="com.Runner.runnerTestNG" name="runScenario" time="8.223"/>
  <testcase classname="com.Runner.runnerTestNG" name="runScenario" time="10.049"/>
  <testcase classname="com.Runner.runnerTestNG" name="runScenario" time="31.198"/>
  <testcase classname="com.Runner.runnerTestNG" name="runScenario" time="6.315"/>
  <testcase classname="com.Runner.runnerTestNG" name="runScenario" time="6.507"/>
  <testcase classname="com.Runner.runnerTestNG" name="runScenario" time="7.487"/>
  <testcase classname="com.Runner.runnerTestNG" name="runScenario" time="22.393"/>
  <testcase classname="com.Runner.runnerTestNG" name="runScenario" time="9.431"/>
  <testcase classname="com.Runner.runnerTestNG" name="runScenario" time="17.446"/>
  <testcase classname="com.Runner.runnerTestNG" name="runScenario" time="6.276"/>
  <testcase classname="com.Runner.runnerTestNG" name="runScenario" time="14.730"/>
  <testcase classname="com.Runner.runnerTestNG" name="runScenario" time="16.891"/>
  <testcase classname="com.Runner.runnerTestNG" name="runScenario" time="33.931"/>
  <testcase classname="com.Runner.runnerTestNG" name="runScenario" time="29.270"/>
  <testcase classname="com.Runner.runnerTestNG" name="runScenario" time="9.020"/>
  <testcase classname="com.Runner.runnerTestNG" name="runScenario" time="8.399"/>
  <testcase classname="com.Runner.runnerTestNG" name="runScenario" time="7.750"/>
  <testcase classname="com.Runner.runnerTestNG" name="runScenario" time="17.223"/>
  <testcase classname="com.Runner.runnerTestNG" name="runScenario" time="12.319"/>
</testsuite> <!-- com.Runner.runnerTestNG -->
