<?xml version="1.0" encoding="UTF-8"?>
<!-- Generated by org.testng.reporters.JUnitReportReporter -->
<testsuite hostname="DESKTOP-3CKMDVP" failures="0" tests="5" name="com.Runner.runnerTestNG" time="277.302" errors="1" timestamp="2025-05-07T15:05:47 IST" skipped="0">
  <testcase classname="com.Runner.runnerTestNG" name="runScenario" time="50.955"/>
  <testcase classname="com.Runner.runnerTestNG" name="runScenario" time="51.232">
    <error message="Book not supported: Health Book" type="java.lang.IllegalArgumentException">
      <![CDATA[java.lang.IllegalArgumentException: Book not supported: Health Book
at com.Definitions.BookDefinitions.i_select_the_book_titled(BookDefinitions.java:52)
at ✽.I select the book titled(file:///C:/Users/ADMIN/git/DemoWebShop-Cucumber/src/test/resources/Features/Books.feature:14)
]]>
    </error>
  </testcase> <!-- runScenario -->
  <testcase classname="com.Runner.runnerTestNG" name="runScenario" time="53.439"/>
  <testcase classname="com.Runner.runnerTestNG" name="runScenario" time="51.860"/>
  <testcase classname="com.Runner.runnerTestNG" name="runScenario" time="69.816"/>
</testsuite> <!-- com.Runner.runnerTestNG -->
