<?xml version="1.0" encoding="UTF-8"?>
<!-- Generated by org.testng.reporters.JUnitReportReporter -->
<testsuite hostname="DIVRAJ-2004" failures="2" tests="64" name="com.Runner.runnerTestNG" time="2462.595" errors="4" timestamp="2025-04-16T21:28:02 IST" skipped="0">
  <testcase classname="com.Runner.runnerTestNG" name="runScenario" time="39.434"/>
  <testcase classname="com.Runner.runnerTestNG" name="runScenario" time="35.699"/>
  <testcase classname="com.Runner.runnerTestNG" name="runScenario" time="43.235"/>
  <testcase classname="com.Runner.runnerTestNG" name="runScenario" time="73.108"/>
  <testcase classname="com.Runner.runnerTestNG" name="runScenario" time="43.008"/>
  <testcase classname="com.Runner.runnerTestNG" name="runScenario" time="31.866"/>
  <testcase classname="com.Runner.runnerTestNG" name="runScenario" time="54.244"/>
  <testcase classname="com.Runner.runnerTestNG" name="runScenario" time="16.231"/>
  <testcase classname="com.Runner.runnerTestNG" name="runScenario" time="60.930"/>
  <testcase classname="com.Runner.runnerTestNG" name="runScenario" time="51.016"/>
  <testcase classname="com.Runner.runnerTestNG" name="runScenario" time="12.075"/>
  <testcase classname="com.Runner.runnerTestNG" name="runScenario" time="38.816"/>
  <testcase classname="com.Runner.runnerTestNG" name="runScenario" time="12.224"/>
  <testcase classname="com.Runner.runnerTestNG" name="runScenario" time="29.829">
    <error message="unexpected alert open: {Alert text : Your cart is empty}
  (Session info: chrome=135.0.7049.86): Your cart is empty
Build info: version: &#039;4.31.0&#039;, revision: &#039;1ef9f18787*&#039;
System info: os.name: &#039;Windows 11&#039;, os.arch: &#039;amd64&#039;, os.version: &#039;10.0&#039;, java.version: &#039;21.0.6&#039;
Driver info: org.openqa.selenium.chrome.ChromeDriver
Command: [e4cb82b7fc2283a9186626e001fffe0a, findElement {using=xpath, value=//div[@id=&quot;payment-info-buttons-container&quot;]//input}]
Capabilities {acceptInsecureCerts: false, browserName: chrome, browserVersion: 135.0.7049.86, chrome: {chromedriverVersion: 135.0.7049.95 (de2eb485a195..., userDataDir: C:\Users\Lenovo\AppData\Loc...}, fedcm:accounts: true, goog:chromeOptions: {debuggerAddress: localhost:57332}, networkConnectionEnabled: false, pageLoadStrategy: normal, platformName: windows, proxy: Proxy(), se:cdp: ws://localhost:57332/devtoo..., se:cdpVersion: 135.0.7049.86, setWindowRect: true, strictFileInteractability: false, timeouts: {implicit: 0, pageLoad: 300000, script: 30000}, unhandledPromptBehavior: dismiss and notify, webauthn:extension:credBlob: true, webauthn:extension:largeBlob: true, webauthn:extension:minPinLength: true, webauthn:extension:prf: true, webauthn:virtualAuthenticators: true}
Session ID: e4cb82b7fc2283a9186626e001fffe0a" type="org.openqa.selenium.UnhandledAlertException">
      <![CDATA[org.openqa.selenium.UnhandledAlertException: unexpected alert open: {Alert text : Your cart is empty}
  (Session info: chrome=135.0.7049.86): Your cart is empty
Build info: version: '4.31.0', revision: '1ef9f18787*'
System info: os.name: 'Windows 11', os.arch: 'amd64', os.version: '10.0', java.version: '21.0.6'
Driver info: org.openqa.selenium.chrome.ChromeDriver
Command: [e4cb82b7fc2283a9186626e001fffe0a, findElement {using=xpath, value=//div[@id="payment-info-buttons-container"]//input}]
Capabilities {acceptInsecureCerts: false, browserName: chrome, browserVersion: 135.0.7049.86, chrome: {chromedriverVersion: 135.0.7049.95 (de2eb485a195..., userDataDir: C:\Users\Lenovo\AppData\Loc...}, fedcm:accounts: true, goog:chromeOptions: {debuggerAddress: localhost:57332}, networkConnectionEnabled: false, pageLoadStrategy: normal, platformName: windows, proxy: Proxy(), se:cdp: ws://localhost:57332/devtoo..., se:cdpVersion: 135.0.7049.86, setWindowRect: true, strictFileInteractability: false, timeouts: {implicit: 0, pageLoad: 300000, script: 30000}, unhandledPromptBehavior: dismiss and notify, webauthn:extension:credBlob: true, webauthn:extension:largeBlob: true, webauthn:extension:minPinLength: true, webauthn:extension:prf: true, webauthn:virtualAuthenticators: true}
Session ID: e4cb82b7fc2283a9186626e001fffe0a
at org.openqa.selenium.remote.codec.w3c.W3CHttpResponseCodec.decode(W3CHttpResponseCodec.java:136)
at org.openqa.selenium.remote.codec.w3c.W3CHttpResponseCodec.decode(W3CHttpResponseCodec.java:50)
at org.openqa.selenium.remote.HttpCommandExecutor.execute(HttpCommandExecutor.java:215)
at org.openqa.selenium.remote.service.DriverCommandExecutor.invokeExecute(DriverCommandExecutor.java:216)
at org.openqa.selenium.remote.service.DriverCommandExecutor.execute(DriverCommandExecutor.java:174)
at org.openqa.selenium.remote.RemoteWebDriver.execute(RemoteWebDriver.java:545)
at org.openqa.selenium.remote.ElementLocation$ElementFinder$2.findElement(ElementLocation.java:165)
at org.openqa.selenium.remote.ElementLocation.findElement(ElementLocation.java:59)
at org.openqa.selenium.remote.RemoteWebDriver.findElement(RemoteWebDriver.java:368)
at org.openqa.selenium.remote.RemoteWebDriver.findElement(RemoteWebDriver.java:362)
at org.openqa.selenium.support.pagefactory.DefaultElementLocator.findElement(DefaultElementLocator.java:68)
at org.openqa.selenium.support.pagefactory.internal.LocatingElementHandler.invoke(LocatingElementHandler.java:38)
at jdk.proxy2/jdk.proxy2.$Proxy27.click(Unknown Source)
at com.Actions.CheckoutAction.paymentinfocontinue(CheckoutAction.java:105)
at com.Definitions.CheckoutStepDefinition.proceed_the_remaining_steps_and_confirm(CheckoutStepDefinition.java:227)
at ✽.proceed the remaining steps and confirm(file:///C:/Users/Lenovo/git/DemoWebShop-Cucumber/src/test/resources/Features/CheckOut.feature:84)
]]>
    </error>
  </testcase> <!-- runScenario -->
  <testcase classname="com.Runner.runnerTestNG" name="runScenario" time="69.927"/>
  <testcase classname="com.Runner.runnerTestNG" name="runScenario" time="30.454">
    <error message="unexpected alert open: {Alert text : Your cart is empty}
  (Session info: chrome=135.0.7049.86): Your cart is empty
Build info: version: &#039;4.31.0&#039;, revision: &#039;1ef9f18787*&#039;
System info: os.name: &#039;Windows 11&#039;, os.arch: &#039;amd64&#039;, os.version: &#039;10.0&#039;, java.version: &#039;21.0.6&#039;
Driver info: org.openqa.selenium.chrome.ChromeDriver
Command: [e187678ab0d8aa4e6f213f798352a273, findElement {using=xpath, value=//div[@id=&quot;confirm-order-buttons-container&quot;]//input[@class=&quot;button-1 confirm-order-next-step-button&quot;]}]
Capabilities {acceptInsecureCerts: false, browserName: chrome, browserVersion: 135.0.7049.86, chrome: {chromedriverVersion: 135.0.7049.95 (de2eb485a195..., userDataDir: C:\Users\Lenovo\AppData\Loc...}, fedcm:accounts: true, goog:chromeOptions: {debuggerAddress: localhost:57288}, networkConnectionEnabled: false, pageLoadStrategy: normal, platformName: windows, proxy: Proxy(), se:cdp: ws://localhost:57288/devtoo..., se:cdpVersion: 135.0.7049.86, setWindowRect: true, strictFileInteractability: false, timeouts: {implicit: 0, pageLoad: 300000, script: 30000}, unhandledPromptBehavior: dismiss and notify, webauthn:extension:credBlob: true, webauthn:extension:largeBlob: true, webauthn:extension:minPinLength: true, webauthn:extension:prf: true, webauthn:virtualAuthenticators: true}
Session ID: e187678ab0d8aa4e6f213f798352a273" type="org.openqa.selenium.UnhandledAlertException">
      <![CDATA[org.openqa.selenium.UnhandledAlertException: unexpected alert open: {Alert text : Your cart is empty}
  (Session info: chrome=135.0.7049.86): Your cart is empty
Build info: version: '4.31.0', revision: '1ef9f18787*'
System info: os.name: 'Windows 11', os.arch: 'amd64', os.version: '10.0', java.version: '21.0.6'
Driver info: org.openqa.selenium.chrome.ChromeDriver
Command: [e187678ab0d8aa4e6f213f798352a273, findElement {using=xpath, value=//div[@id="confirm-order-buttons-container"]//input[@class="button-1 confirm-order-next-step-button"]}]
Capabilities {acceptInsecureCerts: false, browserName: chrome, browserVersion: 135.0.7049.86, chrome: {chromedriverVersion: 135.0.7049.95 (de2eb485a195..., userDataDir: C:\Users\Lenovo\AppData\Loc...}, fedcm:accounts: true, goog:chromeOptions: {debuggerAddress: localhost:57288}, networkConnectionEnabled: false, pageLoadStrategy: normal, platformName: windows, proxy: Proxy(), se:cdp: ws://localhost:57288/devtoo..., se:cdpVersion: 135.0.7049.86, setWindowRect: true, strictFileInteractability: false, timeouts: {implicit: 0, pageLoad: 300000, script: 30000}, unhandledPromptBehavior: dismiss and notify, webauthn:extension:credBlob: true, webauthn:extension:largeBlob: true, webauthn:extension:minPinLength: true, webauthn:extension:prf: true, webauthn:virtualAuthenticators: true}
Session ID: e187678ab0d8aa4e6f213f798352a273
at org.openqa.selenium.remote.codec.w3c.W3CHttpResponseCodec.decode(W3CHttpResponseCodec.java:136)
at org.openqa.selenium.remote.codec.w3c.W3CHttpResponseCodec.decode(W3CHttpResponseCodec.java:50)
at org.openqa.selenium.remote.HttpCommandExecutor.execute(HttpCommandExecutor.java:215)
at org.openqa.selenium.remote.service.DriverCommandExecutor.invokeExecute(DriverCommandExecutor.java:216)
at org.openqa.selenium.remote.service.DriverCommandExecutor.execute(DriverCommandExecutor.java:174)
at org.openqa.selenium.remote.RemoteWebDriver.execute(RemoteWebDriver.java:545)
at org.openqa.selenium.remote.ElementLocation$ElementFinder$2.findElement(ElementLocation.java:165)
at org.openqa.selenium.remote.ElementLocation.findElement(ElementLocation.java:59)
at org.openqa.selenium.remote.RemoteWebDriver.findElement(RemoteWebDriver.java:368)
at org.openqa.selenium.remote.RemoteWebDriver.findElement(RemoteWebDriver.java:362)
at org.openqa.selenium.support.pagefactory.DefaultElementLocator.findElement(DefaultElementLocator.java:68)
at org.openqa.selenium.support.pagefactory.internal.LocatingElementHandler.invoke(LocatingElementHandler.java:38)
at jdk.proxy2/jdk.proxy2.$Proxy27.click(Unknown Source)
at com.Actions.CheckoutAction.confirmcheckout(CheckoutAction.java:110)
at com.Definitions.CheckoutStepDefinition.proceed_the_further_details(CheckoutStepDefinition.java:204)
at ✽.proceed the further details(file:///C:/Users/Lenovo/git/DemoWebShop-Cucumber/src/test/resources/Features/CheckOut.feature:68)
]]>
    </error>
  </testcase> <!-- runScenario -->
  <testcase classname="com.Runner.runnerTestNG" name="runScenario" time="47.936">
    <failure message="expected [Checkout] but found [Thank you]" type="java.lang.AssertionError">
      <![CDATA[java.lang.AssertionError: expected [Checkout] but found [Thank you]
at org.testng.Assert.fail(Assert.java:111)
at org.testng.Assert.failNotEquals(Assert.java:1590)
at org.testng.Assert.assertEqualsImpl(Assert.java:150)
at org.testng.Assert.assertEquals(Assert.java:132)
at org.testng.Assert.assertEquals(Assert.java:656)
at org.testng.Assert.assertEquals(Assert.java:666)
at com.Actions.CheckoutAction.getplacedorder(CheckoutAction.java:118)
at com.Definitions.CheckoutStepDefinition.the_user_should_see_the_order_number_and_able_to_download_the_invoice_as_pdf(CheckoutStepDefinition.java:74)
at ✽.the user should see the order number and able to download the invoice as pdf(file:///C:/Users/Lenovo/git/DemoWebShop-Cucumber/src/test/resources/Features/CheckOut.feature:23)
]]>
    </failure>
  </testcase> <!-- runScenario -->
  <testcase classname="com.Runner.runnerTestNG" name="runScenario" time="18.481"/>
  <testcase classname="com.Runner.runnerTestNG" name="runScenario" time="62.636"/>
  <testcase classname="com.Runner.runnerTestNG" name="runScenario" time="41.194"/>
  <testcase classname="com.Runner.runnerTestNG" name="runScenario" time="63.252"/>
  <testcase classname="com.Runner.runnerTestNG" name="runScenario" time="66.407"/>
  <testcase classname="com.Runner.runnerTestNG" name="runScenario" time="43.760"/>
  <testcase classname="com.Runner.runnerTestNG" name="runScenario" time="16.132"/>
  <testcase classname="com.Runner.runnerTestNG" name="runScenario" time="37.833"/>
  <testcase classname="com.Runner.runnerTestNG" name="runScenario" time="47.956"/>
  <testcase classname="com.Runner.runnerTestNG" name="runScenario" time="43.744"/>
  <testcase classname="com.Runner.runnerTestNG" name="runScenario" time="34.017">
    <failure message="expected [Checkout] but found [Thank you]" type="java.lang.AssertionError">
      <![CDATA[java.lang.AssertionError: expected [Checkout] but found [Thank you]
at org.testng.Assert.fail(Assert.java:111)
at org.testng.Assert.failNotEquals(Assert.java:1590)
at org.testng.Assert.assertEqualsImpl(Assert.java:150)
at org.testng.Assert.assertEquals(Assert.java:132)
at org.testng.Assert.assertEquals(Assert.java:656)
at org.testng.Assert.assertEquals(Assert.java:666)
at com.Actions.CheckoutAction.getplacedorder(CheckoutAction.java:118)
at com.Definitions.CheckoutStepDefinition.proceed_the_details_and_confirm(CheckoutStepDefinition.java:181)
at ✽.proceed the details and confirm(file:///C:/Users/Lenovo/git/DemoWebShop-Cucumber/src/test/resources/Features/CheckOut.feature:60)
]]>
    </failure>
  </testcase> <!-- runScenario -->
  <testcase classname="com.Runner.runnerTestNG" name="runScenario" time="58.591"/>
  <testcase classname="com.Runner.runnerTestNG" name="runScenario" time="13.177"/>
  <testcase classname="com.Runner.runnerTestNG" name="runScenario" time="43.294"/>
  <testcase classname="com.Runner.runnerTestNG" name="runScenario" time="14.964"/>
  <testcase classname="com.Runner.runnerTestNG" name="runScenario" time="35.530"/>
  <testcase classname="com.Runner.runnerTestNG" name="runScenario" time="30.610">
    <error message="unexpected alert open: {Alert text : Your cart is empty}
  (Session info: chrome=135.0.7049.86): Your cart is empty
Build info: version: &#039;4.31.0&#039;, revision: &#039;1ef9f18787*&#039;
System info: os.name: &#039;Windows 11&#039;, os.arch: &#039;amd64&#039;, os.version: &#039;10.0&#039;, java.version: &#039;21.0.6&#039;
Driver info: org.openqa.selenium.chrome.ChromeDriver
Command: [a2ecfb7c3baaea32ecf9ae5201e76c8e, findElement {using=xpath, value=//div[@id=&quot;confirm-order-buttons-container&quot;]//input[@class=&quot;button-1 confirm-order-next-step-button&quot;]}]
Capabilities {acceptInsecureCerts: false, browserName: chrome, browserVersion: 135.0.7049.86, chrome: {chromedriverVersion: 135.0.7049.95 (de2eb485a195..., userDataDir: C:\Users\Lenovo\AppData\Loc...}, fedcm:accounts: true, goog:chromeOptions: {debuggerAddress: localhost:57295}, networkConnectionEnabled: false, pageLoadStrategy: normal, platformName: windows, proxy: Proxy(), se:cdp: ws://localhost:57295/devtoo..., se:cdpVersion: 135.0.7049.86, setWindowRect: true, strictFileInteractability: false, timeouts: {implicit: 0, pageLoad: 300000, script: 30000}, unhandledPromptBehavior: dismiss and notify, webauthn:extension:credBlob: true, webauthn:extension:largeBlob: true, webauthn:extension:minPinLength: true, webauthn:extension:prf: true, webauthn:virtualAuthenticators: true}
Session ID: a2ecfb7c3baaea32ecf9ae5201e76c8e" type="org.openqa.selenium.UnhandledAlertException">
      <![CDATA[org.openqa.selenium.UnhandledAlertException: unexpected alert open: {Alert text : Your cart is empty}
  (Session info: chrome=135.0.7049.86): Your cart is empty
Build info: version: '4.31.0', revision: '1ef9f18787*'
System info: os.name: 'Windows 11', os.arch: 'amd64', os.version: '10.0', java.version: '21.0.6'
Driver info: org.openqa.selenium.chrome.ChromeDriver
Command: [a2ecfb7c3baaea32ecf9ae5201e76c8e, findElement {using=xpath, value=//div[@id="confirm-order-buttons-container"]//input[@class="button-1 confirm-order-next-step-button"]}]
Capabilities {acceptInsecureCerts: false, browserName: chrome, browserVersion: 135.0.7049.86, chrome: {chromedriverVersion: 135.0.7049.95 (de2eb485a195..., userDataDir: C:\Users\Lenovo\AppData\Loc...}, fedcm:accounts: true, goog:chromeOptions: {debuggerAddress: localhost:57295}, networkConnectionEnabled: false, pageLoadStrategy: normal, platformName: windows, proxy: Proxy(), se:cdp: ws://localhost:57295/devtoo..., se:cdpVersion: 135.0.7049.86, setWindowRect: true, strictFileInteractability: false, timeouts: {implicit: 0, pageLoad: 300000, script: 30000}, unhandledPromptBehavior: dismiss and notify, webauthn:extension:credBlob: true, webauthn:extension:largeBlob: true, webauthn:extension:minPinLength: true, webauthn:extension:prf: true, webauthn:virtualAuthenticators: true}
Session ID: a2ecfb7c3baaea32ecf9ae5201e76c8e
at org.openqa.selenium.remote.codec.w3c.W3CHttpResponseCodec.decode(W3CHttpResponseCodec.java:136)
at org.openqa.selenium.remote.codec.w3c.W3CHttpResponseCodec.decode(W3CHttpResponseCodec.java:50)
at org.openqa.selenium.remote.HttpCommandExecutor.execute(HttpCommandExecutor.java:215)
at org.openqa.selenium.remote.service.DriverCommandExecutor.invokeExecute(DriverCommandExecutor.java:216)
at org.openqa.selenium.remote.service.DriverCommandExecutor.execute(DriverCommandExecutor.java:174)
at org.openqa.selenium.remote.RemoteWebDriver.execute(RemoteWebDriver.java:545)
at org.openqa.selenium.remote.ElementLocation$ElementFinder$2.findElement(ElementLocation.java:165)
at org.openqa.selenium.remote.ElementLocation.findElement(ElementLocation.java:59)
at org.openqa.selenium.remote.RemoteWebDriver.findElement(RemoteWebDriver.java:368)
at org.openqa.selenium.remote.RemoteWebDriver.findElement(RemoteWebDriver.java:362)
at org.openqa.selenium.support.pagefactory.DefaultElementLocator.findElement(DefaultElementLocator.java:68)
at org.openqa.selenium.support.pagefactory.internal.LocatingElementHandler.invoke(LocatingElementHandler.java:38)
at jdk.proxy2/jdk.proxy2.$Proxy27.click(Unknown Source)
at com.Actions.CheckoutAction.confirmcheckout(CheckoutAction.java:110)
at com.Definitions.CheckoutStepDefinition.proceed_the_further_details(CheckoutStepDefinition.java:204)
at ✽.proceed the further details(file:///C:/Users/Lenovo/git/DemoWebShop-Cucumber/src/test/resources/Features/CheckOut.feature:76)
]]>
    </error>
  </testcase> <!-- runScenario -->
  <testcase classname="com.Runner.runnerTestNG" name="runScenario" time="17.807"/>
  <testcase classname="com.Runner.runnerTestNG" name="runScenario" time="53.641"/>
  <testcase classname="com.Runner.runnerTestNG" name="runScenario" time="34.404"/>
  <testcase classname="com.Runner.runnerTestNG" name="runScenario" time="23.500"/>
  <testcase classname="com.Runner.runnerTestNG" name="runScenario" time="54.719"/>
  <testcase classname="com.Runner.runnerTestNG" name="runScenario" time="46.800"/>
  <testcase classname="com.Runner.runnerTestNG" name="runScenario" time="31.763"/>
  <testcase classname="com.Runner.runnerTestNG" name="runScenario" time="26.577"/>
  <testcase classname="com.Runner.runnerTestNG" name="runScenario" time="33.151"/>
  <testcase classname="com.Runner.runnerTestNG" name="runScenario" time="13.539"/>
  <testcase classname="com.Runner.runnerTestNG" name="runScenario" time="37.016"/>
  <testcase classname="com.Runner.runnerTestNG" name="runScenario" time="33.824"/>
  <testcase classname="com.Runner.runnerTestNG" name="runScenario" time="61.954"/>
  <testcase classname="com.Runner.runnerTestNG" name="runScenario" time="78.381"/>
  <testcase classname="com.Runner.runnerTestNG" name="runScenario" time="19.939"/>
  <testcase classname="com.Runner.runnerTestNG" name="runScenario" time="13.245"/>
  <testcase classname="com.Runner.runnerTestNG" name="runScenario" time="47.300"/>
  <testcase classname="com.Runner.runnerTestNG" name="runScenario" time="13.456"/>
  <testcase classname="com.Runner.runnerTestNG" name="runScenario" time="42.022"/>
  <testcase classname="com.Runner.runnerTestNG" name="runScenario" time="12.212"/>
  <testcase classname="com.Runner.runnerTestNG" name="runScenario" time="51.980"/>
  <testcase classname="com.Runner.runnerTestNG" name="runScenario" time="31.772"/>
  <testcase classname="com.Runner.runnerTestNG" name="runScenario" time="33.231">
    <error message="unexpected alert open: {Alert text : Your cart is empty}
  (Session info: chrome=135.0.7049.86): Your cart is empty
Build info: version: &#039;4.31.0&#039;, revision: &#039;1ef9f18787*&#039;
System info: os.name: &#039;Windows 11&#039;, os.arch: &#039;amd64&#039;, os.version: &#039;10.0&#039;, java.version: &#039;21.0.6&#039;
Driver info: org.openqa.selenium.chrome.ChromeDriver
Command: [c1b74db5f5dad37ebceb4fdb7a305377, findElement {using=xpath, value=//div[@id=&quot;confirm-order-buttons-container&quot;]//input[@class=&quot;button-1 confirm-order-next-step-button&quot;]}]
Capabilities {acceptInsecureCerts: false, browserName: chrome, browserVersion: 135.0.7049.86, chrome: {chromedriverVersion: 135.0.7049.95 (de2eb485a195..., userDataDir: C:\Users\Lenovo\AppData\Loc...}, fedcm:accounts: true, goog:chromeOptions: {debuggerAddress: localhost:57208}, networkConnectionEnabled: false, pageLoadStrategy: normal, platformName: windows, proxy: Proxy(), se:cdp: ws://localhost:57208/devtoo..., se:cdpVersion: 135.0.7049.86, setWindowRect: true, strictFileInteractability: false, timeouts: {implicit: 0, pageLoad: 300000, script: 30000}, unhandledPromptBehavior: dismiss and notify, webauthn:extension:credBlob: true, webauthn:extension:largeBlob: true, webauthn:extension:minPinLength: true, webauthn:extension:prf: true, webauthn:virtualAuthenticators: true}
Session ID: c1b74db5f5dad37ebceb4fdb7a305377" type="org.openqa.selenium.UnhandledAlertException">
      <![CDATA[org.openqa.selenium.UnhandledAlertException: unexpected alert open: {Alert text : Your cart is empty}
  (Session info: chrome=135.0.7049.86): Your cart is empty
Build info: version: '4.31.0', revision: '1ef9f18787*'
System info: os.name: 'Windows 11', os.arch: 'amd64', os.version: '10.0', java.version: '21.0.6'
Driver info: org.openqa.selenium.chrome.ChromeDriver
Command: [c1b74db5f5dad37ebceb4fdb7a305377, findElement {using=xpath, value=//div[@id="confirm-order-buttons-container"]//input[@class="button-1 confirm-order-next-step-button"]}]
Capabilities {acceptInsecureCerts: false, browserName: chrome, browserVersion: 135.0.7049.86, chrome: {chromedriverVersion: 135.0.7049.95 (de2eb485a195..., userDataDir: C:\Users\Lenovo\AppData\Loc...}, fedcm:accounts: true, goog:chromeOptions: {debuggerAddress: localhost:57208}, networkConnectionEnabled: false, pageLoadStrategy: normal, platformName: windows, proxy: Proxy(), se:cdp: ws://localhost:57208/devtoo..., se:cdpVersion: 135.0.7049.86, setWindowRect: true, strictFileInteractability: false, timeouts: {implicit: 0, pageLoad: 300000, script: 30000}, unhandledPromptBehavior: dismiss and notify, webauthn:extension:credBlob: true, webauthn:extension:largeBlob: true, webauthn:extension:minPinLength: true, webauthn:extension:prf: true, webauthn:virtualAuthenticators: true}
Session ID: c1b74db5f5dad37ebceb4fdb7a305377
at org.openqa.selenium.remote.codec.w3c.W3CHttpResponseCodec.decode(W3CHttpResponseCodec.java:136)
at org.openqa.selenium.remote.codec.w3c.W3CHttpResponseCodec.decode(W3CHttpResponseCodec.java:50)
at org.openqa.selenium.remote.HttpCommandExecutor.execute(HttpCommandExecutor.java:215)
at org.openqa.selenium.remote.service.DriverCommandExecutor.invokeExecute(DriverCommandExecutor.java:216)
at org.openqa.selenium.remote.service.DriverCommandExecutor.execute(DriverCommandExecutor.java:174)
at org.openqa.selenium.remote.RemoteWebDriver.execute(RemoteWebDriver.java:545)
at org.openqa.selenium.remote.ElementLocation$ElementFinder$2.findElement(ElementLocation.java:165)
at org.openqa.selenium.remote.ElementLocation.findElement(ElementLocation.java:59)
at org.openqa.selenium.remote.RemoteWebDriver.findElement(RemoteWebDriver.java:368)
at org.openqa.selenium.remote.RemoteWebDriver.findElement(RemoteWebDriver.java:362)
at org.openqa.selenium.support.pagefactory.DefaultElementLocator.findElement(DefaultElementLocator.java:68)
at org.openqa.selenium.support.pagefactory.internal.LocatingElementHandler.invoke(LocatingElementHandler.java:38)
at jdk.proxy2/jdk.proxy2.$Proxy27.click(Unknown Source)
at com.Actions.CheckoutAction.confirmcheckout(CheckoutAction.java:110)
at com.Definitions.CheckoutStepDefinition.proceed_and_confirm_order(CheckoutStepDefinition.java:139)
at ✽.Proceed and confirm order(file:///C:/Users/Lenovo/git/DemoWebShop-Cucumber/src/test/resources/Features/CheckOut.feature:46)
]]>
    </error>
  </testcase> <!-- runScenario -->
  <testcase classname="com.Runner.runnerTestNG" name="runScenario" time="31.160"/>
  <testcase classname="com.Runner.runnerTestNG" name="runScenario" time="53.166"/>
  <testcase classname="com.Runner.runnerTestNG" name="runScenario" time="38.269"/>
  <testcase classname="com.Runner.runnerTestNG" name="runScenario" time="46.961"/>
  <testcase classname="com.Runner.runnerTestNG" name="runScenario" time="38.078"/>
  <testcase classname="com.Runner.runnerTestNG" name="runScenario" time="38.424"/>
  <testcase classname="com.Runner.runnerTestNG" name="runScenario" time="42.694"/>
</testsuite> <!-- com.Runner.runnerTestNG -->
