<?xml version="1.0" encoding="UTF-8"?>
<!-- Generated by org.testng.reporters.JUnitReportReporter -->
<testsuite hostname="DIVRAJ-2004" failures="0" tests="63" name="com.Runner.runnerTestNG" time="1147.819" errors="4" timestamp="2025-04-24T19:57:10 IST" skipped="0">
  <testcase classname="com.Runner.runnerTestNG" name="runScenario" time="18.191"/>
  <testcase classname="com.Runner.runnerTestNG" name="runScenario" time="27.017"/>
  <testcase classname="com.Runner.runnerTestNG" name="runScenario" time="11.731"/>
  <testcase classname="com.Runner.runnerTestNG" name="runScenario" time="18.121"/>
  <testcase classname="com.Runner.runnerTestNG" name="runScenario" time="32.831"/>
  <testcase classname="com.Runner.runnerTestNG" name="runScenario" time="11.792"/>
  <testcase classname="com.Runner.runnerTestNG" name="runScenario" time="36.569"/>
  <testcase classname="com.Runner.runnerTestNG" name="runScenario" time="11.067"/>
  <testcase classname="com.Runner.runnerTestNG" name="runScenario" time="24.106"/>
  <testcase classname="com.Runner.runnerTestNG" name="runScenario" time="8.345"/>
  <testcase classname="com.Runner.runnerTestNG" name="runScenario" time="11.176"/>
  <testcase classname="com.Runner.runnerTestNG" name="runScenario" time="21.684"/>
  <testcase classname="com.Runner.runnerTestNG" name="runScenario" time="10.543"/>
  <testcase classname="com.Runner.runnerTestNG" name="runScenario" time="11.794"/>
  <testcase classname="com.Runner.runnerTestNG" name="runScenario" time="26.835"/>
  <testcase classname="com.Runner.runnerTestNG" name="runScenario" time="11.475"/>
  <testcase classname="com.Runner.runnerTestNG" name="runScenario" time="41.066">
    <error message="Expected condition failed: waiting for presence of element located by: By.xpath: //div[@class=&#039;section payment-method&#039;]//ul//li[3]//div//div[2]//input (tried for 20 second(s) with 500 milliseconds interval)" type="org.openqa.selenium.TimeoutException">
      <![CDATA[org.openqa.selenium.TimeoutException: Expected condition failed: waiting for presence of element located by: By.xpath: //div[@class='section payment-method']//ul//li[3]//div//div[2]//input (tried for 20 second(s) with 500 milliseconds interval)
at org.openqa.selenium.support.ui.WebDriverWait.timeoutException(WebDriverWait.java:84)
at org.openqa.selenium.support.ui.FluentWait.until(FluentWait.java:228)
at com.Actions.CheckoutAction.creditcardcheckbox(CheckoutAction.java:169)
at com.Definitions.CheckoutStepDefinition.select_the_credit_card_method_and_enter_the_required_fields(CheckoutStepDefinition.java:242)
at ✽.select the credit card method and enter the required fields(file:///C:/Users/Lenovo/git/DemoWebShop-Cucumber/src/test/resources/Features/CheckOut.feature:52)
Caused by: org.openqa.selenium.NoSuchElementException: no such element: Unable to locate element: {"method":"xpath","selector":"//div[@class='section payment-method']//ul//li[3]//div//div[2]//input"}
  (Session info: chrome=135.0.7049.86)
For documentation on this error, please visit: https://www.selenium.dev/documentation/webdriver/troubleshooting/errors#no-such-element-exception
Build info: version: '4.31.0', revision: '1ef9f18787*'
System info: os.name: 'Windows 11', os.arch: 'amd64', os.version: '10.0', java.version: '21.0.6'
Driver info: org.openqa.selenium.chrome.ChromeDriver
Command: [5b52a46eb2d71b836f5de4454b91a3c8, findElement {value=//div[@class='section payment-method']//ul//li[3]//div//div[2]//input, using=xpath}]
Capabilities {acceptInsecureCerts: false, browserName: chrome, browserVersion: 135.0.7049.86, chrome: {chromedriverVersion: 135.0.7049.114 (63fd8a7d9d0..., userDataDir: C:\Users\Lenovo\AppData\Loc...}, fedcm:accounts: true, goog:chromeOptions: {debuggerAddress: localhost:62194}, networkConnectionEnabled: false, pageLoadStrategy: normal, platformName: windows, proxy: Proxy(), se:cdp: ws://localhost:62194/devtoo..., se:cdpVersion: 135.0.7049.86, setWindowRect: true, strictFileInteractability: false, timeouts: {implicit: 0, pageLoad: 300000, script: 30000}, unhandledPromptBehavior: dismiss and notify, webauthn:extension:credBlob: true, webauthn:extension:largeBlob: true, webauthn:extension:minPinLength: true, webauthn:extension:prf: true, webauthn:virtualAuthenticators: true}
Session ID: 5b52a46eb2d71b836f5de4454b91a3c8
at java.base/jdk.internal.reflect.DirectConstructorHandleAccessor.newInstance(DirectConstructorHandleAccessor.java:62)
at java.base/java.lang.reflect.Constructor.newInstanceWithCaller(Constructor.java:502)
at java.base/java.lang.reflect.Constructor.newInstance(Constructor.java:486)
at org.openqa.selenium.remote.ErrorCodec.decode(ErrorCodec.java:167)
at org.openqa.selenium.remote.codec.w3c.W3CHttpResponseCodec.decode(W3CHttpResponseCodec.java:138)
at org.openqa.selenium.remote.codec.w3c.W3CHttpResponseCodec.decode(W3CHttpResponseCodec.java:50)
at org.openqa.selenium.remote.HttpCommandExecutor.execute(HttpCommandExecutor.java:215)
at org.openqa.selenium.remote.service.DriverCommandExecutor.invokeExecute(DriverCommandExecutor.java:216)
at org.openqa.selenium.remote.service.DriverCommandExecutor.execute(DriverCommandExecutor.java:174)
at org.openqa.selenium.remote.RemoteWebDriver.execute(RemoteWebDriver.java:545)
at org.openqa.selenium.remote.ElementLocation$ElementFinder$2.findElement(ElementLocation.java:165)
at org.openqa.selenium.remote.ElementLocation.findElement(ElementLocation.java:59)
at org.openqa.selenium.remote.RemoteWebDriver.findElement(RemoteWebDriver.java:368)
at org.openqa.selenium.remote.RemoteWebDriver.findElement(RemoteWebDriver.java:362)
at org.openqa.selenium.support.ui.ExpectedConditions$6.apply(ExpectedConditions.java:171)
at org.openqa.selenium.support.ui.ExpectedConditions$6.apply(ExpectedConditions.java:168)
at org.openqa.selenium.support.ui.FluentWait.until(FluentWait.java:203)
... 3 more
]]>
    </error>
  </testcase> <!-- runScenario -->
  <testcase classname="com.Runner.runnerTestNG" name="runScenario" time="28.024"/>
  <testcase classname="com.Runner.runnerTestNG" name="runScenario" time="14.979"/>
  <testcase classname="com.Runner.runnerTestNG" name="runScenario" time="18.090"/>
  <testcase classname="com.Runner.runnerTestNG" name="runScenario" time="17.776"/>
  <testcase classname="com.Runner.runnerTestNG" name="runScenario" time="18.026"/>
  <testcase classname="com.Runner.runnerTestNG" name="runScenario" time="39.197">
    <error message="no such element: Unable to locate element: {&quot;method&quot;:&quot;xpath&quot;,&quot;selector&quot;:&quot;//select[@id=&quot;billing-address-select&quot;]&quot;}
  (Session info: chrome=135.0.7049.86)
For documentation on this error, please visit: https://www.selenium.dev/documentation/webdriver/troubleshooting/errors#no-such-element-exception
Build info: version: &#039;4.31.0&#039;, revision: &#039;1ef9f18787*&#039;
System info: os.name: &#039;Windows 11&#039;, os.arch: &#039;amd64&#039;, os.version: &#039;10.0&#039;, java.version: &#039;21.0.6&#039;
Driver info: org.openqa.selenium.chrome.ChromeDriver
Command: [0798ccea6d4b9265dc35a29df2e54a40, findElement {value=//select[@id=&quot;billing-address-select&quot;], using=xpath}]
Capabilities {acceptInsecureCerts: false, browserName: chrome, browserVersion: 135.0.7049.86, chrome: {chromedriverVersion: 135.0.7049.114 (63fd8a7d9d0..., userDataDir: C:\Users\Lenovo\AppData\Loc...}, fedcm:accounts: true, goog:chromeOptions: {debuggerAddress: localhost:62238}, networkConnectionEnabled: false, pageLoadStrategy: normal, platformName: windows, proxy: Proxy(), se:cdp: ws://localhost:62238/devtoo..., se:cdpVersion: 135.0.7049.86, setWindowRect: true, strictFileInteractability: false, timeouts: {implicit: 0, pageLoad: 300000, script: 30000}, unhandledPromptBehavior: dismiss and notify, webauthn:extension:credBlob: true, webauthn:extension:largeBlob: true, webauthn:extension:minPinLength: true, webauthn:extension:prf: true, webauthn:virtualAuthenticators: true}
Session ID: 0798ccea6d4b9265dc35a29df2e54a40" type="org.openqa.selenium.NoSuchElementException">
      <![CDATA[org.openqa.selenium.NoSuchElementException: no such element: Unable to locate element: {"method":"xpath","selector":"//select[@id="billing-address-select"]"}
  (Session info: chrome=135.0.7049.86)
For documentation on this error, please visit: https://www.selenium.dev/documentation/webdriver/troubleshooting/errors#no-such-element-exception
Build info: version: '4.31.0', revision: '1ef9f18787*'
System info: os.name: 'Windows 11', os.arch: 'amd64', os.version: '10.0', java.version: '21.0.6'
Driver info: org.openqa.selenium.chrome.ChromeDriver
Command: [0798ccea6d4b9265dc35a29df2e54a40, findElement {value=//select[@id="billing-address-select"], using=xpath}]
Capabilities {acceptInsecureCerts: false, browserName: chrome, browserVersion: 135.0.7049.86, chrome: {chromedriverVersion: 135.0.7049.114 (63fd8a7d9d0..., userDataDir: C:\Users\Lenovo\AppData\Loc...}, fedcm:accounts: true, goog:chromeOptions: {debuggerAddress: localhost:62238}, networkConnectionEnabled: false, pageLoadStrategy: normal, platformName: windows, proxy: Proxy(), se:cdp: ws://localhost:62238/devtoo..., se:cdpVersion: 135.0.7049.86, setWindowRect: true, strictFileInteractability: false, timeouts: {implicit: 0, pageLoad: 300000, script: 30000}, unhandledPromptBehavior: dismiss and notify, webauthn:extension:credBlob: true, webauthn:extension:largeBlob: true, webauthn:extension:minPinLength: true, webauthn:extension:prf: true, webauthn:virtualAuthenticators: true}
Session ID: 0798ccea6d4b9265dc35a29df2e54a40
at java.base/jdk.internal.reflect.DirectConstructorHandleAccessor.newInstance(DirectConstructorHandleAccessor.java:62)
at java.base/java.lang.reflect.Constructor.newInstanceWithCaller(Constructor.java:502)
at java.base/java.lang.reflect.Constructor.newInstance(Constructor.java:486)
at org.openqa.selenium.remote.ErrorCodec.decode(ErrorCodec.java:167)
at org.openqa.selenium.remote.codec.w3c.W3CHttpResponseCodec.decode(W3CHttpResponseCodec.java:138)
at org.openqa.selenium.remote.codec.w3c.W3CHttpResponseCodec.decode(W3CHttpResponseCodec.java:50)
at org.openqa.selenium.remote.HttpCommandExecutor.execute(HttpCommandExecutor.java:215)
at org.openqa.selenium.remote.service.DriverCommandExecutor.invokeExecute(DriverCommandExecutor.java:216)
at org.openqa.selenium.remote.service.DriverCommandExecutor.execute(DriverCommandExecutor.java:174)
at org.openqa.selenium.remote.RemoteWebDriver.execute(RemoteWebDriver.java:545)
at org.openqa.selenium.remote.ElementLocation$ElementFinder$2.findElement(ElementLocation.java:165)
at org.openqa.selenium.remote.ElementLocation.findElement(ElementLocation.java:59)
at org.openqa.selenium.remote.RemoteWebDriver.findElement(RemoteWebDriver.java:368)
at org.openqa.selenium.remote.RemoteWebDriver.findElement(RemoteWebDriver.java:362)
at org.openqa.selenium.support.pagefactory.DefaultElementLocator.findElement(DefaultElementLocator.java:68)
at org.openqa.selenium.support.pagefactory.internal.LocatingElementHandler.invoke(LocatingElementHandler.java:38)
at jdk.proxy2/jdk.proxy2.$Proxy27.click(Unknown Source)
at com.Actions.CheckoutAction.selectaddresss(CheckoutAction.java:86)
at com.Definitions.CheckoutStepDefinition.click_the_checkout_buttons_and_proceed(CheckoutStepDefinition.java:274)
at ✽.click the checkout buttons and proceed(file:///C:/Users/Lenovo/git/DemoWebShop-Cucumber/src/test/resources/Features/CheckOut.feature:65)
]]>
    </error>
  </testcase> <!-- runScenario -->
  <testcase classname="com.Runner.runnerTestNG" name="runScenario" time="22.996"/>
  <testcase classname="com.Runner.runnerTestNG" name="runScenario" time="6.878"/>
  <testcase classname="com.Runner.runnerTestNG" name="runScenario" time="13.813"/>
  <testcase classname="com.Runner.runnerTestNG" name="runScenario" time="15.787">
    <error message="Failed to search for product: laptop. Error: stale element reference: stale element not found
  (Session info: chrome=135.0.7049.86)
For documentation on this error, please visit: https://www.selenium.dev/documentation/webdriver/troubleshooting/errors#stale-element-reference-exception
Build info: version: &#039;4.31.0&#039;, revision: &#039;1ef9f18787*&#039;
System info: os.name: &#039;Windows 11&#039;, os.arch: &#039;amd64&#039;, os.version: &#039;10.0&#039;, java.version: &#039;21.0.6&#039;
Driver info: org.openqa.selenium.chrome.ChromeDriver
Command: [b4da085d056594b193485cf56d4e3286, sendKeysToElement {id=f.42927B2687B72665225B4147197BF4D6.d.A07E35E654B1268B998825710C517496.e.36, value=[Ljava.lang.CharSequence;@58d094da}]
Capabilities {acceptInsecureCerts: false, browserName: chrome, browserVersion: 135.0.7049.86, chrome: {chromedriverVersion: 135.0.7049.114 (63fd8a7d9d0..., userDataDir: C:\Users\Lenovo\AppData\Loc...}, fedcm:accounts: true, goog:chromeOptions: {debuggerAddress: localhost:62258}, networkConnectionEnabled: false, pageLoadStrategy: normal, platformName: windows, proxy: Proxy(), se:cdp: ws://localhost:62258/devtoo..., se:cdpVersion: 135.0.7049.86, setWindowRect: true, strictFileInteractability: false, timeouts: {implicit: 0, pageLoad: 300000, script: 30000}, unhandledPromptBehavior: dismiss and notify, webauthn:extension:credBlob: true, webauthn:extension:largeBlob: true, webauthn:extension:minPinLength: true, webauthn:extension:prf: true, webauthn:virtualAuthenticators: true}
Element: [[ChromeDriver: chrome on windows (b4da085d056594b193485cf56d4e3286)] -&gt; xpath: //input[@id=&quot;small-searchterms&quot;]]
Session ID: b4da085d056594b193485cf56d4e3286" type="com.Actions.CheckoutAction$ProductSearchException">
      <![CDATA[com.Actions.CheckoutAction$ProductSearchException: Failed to search for product: laptop. Error: stale element reference: stale element not found
  (Session info: chrome=135.0.7049.86)
For documentation on this error, please visit: https://www.selenium.dev/documentation/webdriver/troubleshooting/errors#stale-element-reference-exception
Build info: version: '4.31.0', revision: '1ef9f18787*'
System info: os.name: 'Windows 11', os.arch: 'amd64', os.version: '10.0', java.version: '21.0.6'
Driver info: org.openqa.selenium.chrome.ChromeDriver
Command: [b4da085d056594b193485cf56d4e3286, sendKeysToElement {id=f.42927B2687B72665225B4147197BF4D6.d.A07E35E654B1268B998825710C517496.e.36, value=[Ljava.lang.CharSequence;@58d094da}]
Capabilities {acceptInsecureCerts: false, browserName: chrome, browserVersion: 135.0.7049.86, chrome: {chromedriverVersion: 135.0.7049.114 (63fd8a7d9d0..., userDataDir: C:\Users\Lenovo\AppData\Loc...}, fedcm:accounts: true, goog:chromeOptions: {debuggerAddress: localhost:62258}, networkConnectionEnabled: false, pageLoadStrategy: normal, platformName: windows, proxy: Proxy(), se:cdp: ws://localhost:62258/devtoo..., se:cdpVersion: 135.0.7049.86, setWindowRect: true, strictFileInteractability: false, timeouts: {implicit: 0, pageLoad: 300000, script: 30000}, unhandledPromptBehavior: dismiss and notify, webauthn:extension:credBlob: true, webauthn:extension:largeBlob: true, webauthn:extension:minPinLength: true, webauthn:extension:prf: true, webauthn:virtualAuthenticators: true}
Element: [[ChromeDriver: chrome on windows (b4da085d056594b193485cf56d4e3286)] -> xpath: //input[@id="small-searchterms"]]
Session ID: b4da085d056594b193485cf56d4e3286
at com.Actions.CheckoutAction.searchAnItem(CheckoutAction.java:45)
at com.Definitions.CheckoutStepDefinition.i_log_in_and_add_an_item_and_add_to_cart(CheckoutStepDefinition.java:31)
at ✽.I log in and add an item and add to cart(file:///C:/Users/Lenovo/git/DemoWebShop-Cucumber/src/test/resources/Features/CheckOut.feature:5)
]]>
    </error>
  </testcase> <!-- runScenario -->
  <testcase classname="com.Runner.runnerTestNG" name="runScenario" time="11.620"/>
  <testcase classname="com.Runner.runnerTestNG" name="runScenario" time="10.430"/>
  <testcase classname="com.Runner.runnerTestNG" name="runScenario" time="17.527">
    <error message="Step [the user search for a product] is defined with 1 parameters at &#039;com.Definitions.ProductStepDefinition.the_user_search_for_a_product(io.cucumber.datatable.DataTable)&#039;.
However, the gherkin step has 0 arguments.
Step text: the user search for a product" type="io.cucumber.core.exception.CucumberException">
      <![CDATA[io.cucumber.core.exception.CucumberException: Step [the user search for a product] is defined with 1 parameters at 'com.Definitions.ProductStepDefinition.the_user_search_for_a_product(io.cucumber.datatable.DataTable)'.
However, the gherkin step has 0 arguments.
Step text: the user search for a product
at io.cucumber.core.runner.PickleStepDefinitionMatch.arityMismatch(PickleStepDefinitionMatch.java:82)
at io.cucumber.core.runner.PickleStepDefinitionMatch.runStep(PickleStepDefinitionMatch.java:41)
at io.cucumber.core.runner.ExecutionMode$1.execute(ExecutionMode.java:10)
at io.cucumber.core.runner.TestStep.executeStep(TestStep.java:81)
at io.cucumber.core.runner.TestStep.run(TestStep.java:53)
at io.cucumber.core.runner.PickleStepTestStep.run(PickleStepTestStep.java:51)
at io.cucumber.core.runner.TestCase.run(TestCase.java:86)
at io.cucumber.core.runner.Runner.runPickle(Runner.java:77)
at io.cucumber.testng.TestNGCucumberRunner.lambda$runScenario$1(TestNGCucumberRunner.java:135)
at io.cucumber.core.runtime.CucumberExecutionContext.lambda$runTestCase$5(CucumberExecutionContext.java:136)
at io.cucumber.core.runtime.RethrowingThrowableCollector.executeAndThrow(RethrowingThrowableCollector.java:23)
at io.cucumber.core.runtime.CucumberExecutionContext.runTestCase(CucumberExecutionContext.java:136)
at io.cucumber.testng.TestNGCucumberRunner.runScenario(TestNGCucumberRunner.java:132)
at io.cucumber.testng.AbstractTestNGCucumberTests.runScenario(AbstractTestNGCucumberTests.java:35)
at java.base/jdk.internal.reflect.DirectMethodHandleAccessor.invoke(DirectMethodHandleAccessor.java:103)
at java.base/java.lang.reflect.Method.invoke(Method.java:580)
at org.testng.internal.invokers.MethodInvocationHelper.invokeMethod(MethodInvocationHelper.java:141)
at org.testng.internal.invokers.TestInvoker.invokeMethod(TestInvoker.java:687)
at org.testng.internal.invokers.TestInvoker.invokeTestMethod(TestInvoker.java:230)
at org.testng.internal.invokers.TestMethodWithDataProviderMethodWorker.call(TestMethodWithDataProviderMethodWorker.java:81)
at org.testng.internal.thread.Async$AsyncTask.run(Async.java:34)
at java.base/java.util.concurrent.ThreadPoolExecutor.runWorker(ThreadPoolExecutor.java:1144)
at java.base/java.util.concurrent.ThreadPoolExecutor$Worker.run(ThreadPoolExecutor.java:642)
at java.base/java.lang.Thread.run(Thread.java:1583)
]]>
    </error>
  </testcase> <!-- runScenario -->
  <testcase classname="com.Runner.runnerTestNG" name="runScenario" time="50.415"/>
  <testcase classname="com.Runner.runnerTestNG" name="runScenario" time="11.215"/>
  <testcase classname="com.Runner.runnerTestNG" name="runScenario" time="11.242"/>
  <testcase classname="com.Runner.runnerTestNG" name="runScenario" time="12.283"/>
  <testcase classname="com.Runner.runnerTestNG" name="runScenario" time="13.778"/>
  <testcase classname="com.Runner.runnerTestNG" name="runScenario" time="8.081"/>
  <testcase classname="com.Runner.runnerTestNG" name="runScenario" time="9.317"/>
  <testcase classname="com.Runner.runnerTestNG" name="runScenario" time="20.881"/>
  <testcase classname="com.Runner.runnerTestNG" name="runScenario" time="42.529"/>
  <testcase classname="com.Runner.runnerTestNG" name="runScenario" time="18.130"/>
  <testcase classname="com.Runner.runnerTestNG" name="runScenario" time="13.371"/>
  <testcase classname="com.Runner.runnerTestNG" name="runScenario" time="11.380"/>
  <testcase classname="com.Runner.runnerTestNG" name="runScenario" time="29.016"/>
  <testcase classname="com.Runner.runnerTestNG" name="runScenario" time="10.421"/>
  <testcase classname="com.Runner.runnerTestNG" name="runScenario" time="19.242"/>
  <testcase classname="com.Runner.runnerTestNG" name="runScenario" time="27.130"/>
  <testcase classname="com.Runner.runnerTestNG" name="runScenario" time="10.450"/>
  <testcase classname="com.Runner.runnerTestNG" name="runScenario" time="10.588"/>
  <testcase classname="com.Runner.runnerTestNG" name="runScenario" time="11.933"/>
  <testcase classname="com.Runner.runnerTestNG" name="runScenario" time="7.803"/>
  <testcase classname="com.Runner.runnerTestNG" name="runScenario" time="20.682"/>
  <testcase classname="com.Runner.runnerTestNG" name="runScenario" time="18.469"/>
  <testcase classname="com.Runner.runnerTestNG" name="runScenario" time="11.294"/>
  <testcase classname="com.Runner.runnerTestNG" name="runScenario" time="19.979"/>
  <testcase classname="com.Runner.runnerTestNG" name="runScenario" time="8.758"/>
  <testcase classname="com.Runner.runnerTestNG" name="runScenario" time="18.302"/>
  <testcase classname="com.Runner.runnerTestNG" name="runScenario" time="17.141"/>
  <testcase classname="com.Runner.runnerTestNG" name="runScenario" time="29.530"/>
  <testcase classname="com.Runner.runnerTestNG" name="runScenario" time="8.477"/>
  <testcase classname="com.Runner.runnerTestNG" name="runScenario" time="23.221"/>
  <testcase classname="com.Runner.runnerTestNG" name="runScenario" time="11.897"/>
  <testcase classname="com.Runner.runnerTestNG" name="runScenario" time="22.746"/>
  <testcase classname="com.Runner.runnerTestNG" name="runScenario" time="18.632"/>
</testsuite> <!-- com.Runner.runnerTestNG -->
