<?xml version="1.0" encoding="UTF-8"?>
<!-- Generated by org.testng.reporters.JUnitReportReporter -->
<testsuite hostname="YUVARAJ_UV" failures="0" tests="63" name="com.Runner.runnerTestNG" time="714.731" errors="3" timestamp="2025-04-19T13:27:08 IST" skipped="0">
  <testcase classname="com.Runner.runnerTestNG" name="runScenario" time="10.210"/>
  <testcase classname="com.Runner.runnerTestNG" name="runScenario" time="11.298"/>
  <testcase classname="com.Runner.runnerTestNG" name="runScenario" time="33.127">
    <error message="no such element: Unable to locate element: {&quot;method&quot;:&quot;xpath&quot;,&quot;selector&quot;:&quot;//input[@class=&quot;button-1 new-address-next-step-button&quot;]&quot;}
  (Session info: chrome=135.0.7049.96)
For documentation on this error, please visit: https://www.selenium.dev/documentation/webdriver/troubleshooting/errors#no-such-element-exception
Build info: version: &#039;4.31.0&#039;, revision: &#039;1ef9f18787*&#039;
System info: os.name: &#039;Windows 11&#039;, os.arch: &#039;amd64&#039;, os.version: &#039;10.0&#039;, java.version: &#039;21.0.6&#039;
Driver info: org.openqa.selenium.chrome.ChromeDriver
Command: [293efcca3b10cd5fe15abd4d709d805a, findElement {value=//input[@class=&quot;button-1 new-address-next-step-button&quot;], using=xpath}]
Capabilities {acceptInsecureCerts: false, browserName: chrome, browserVersion: 135.0.7049.96, chrome: {chromedriverVersion: 135.0.7049.95 (de2eb485a195..., userDataDir: C:\Users\yuvar\AppData\Loca...}, fedcm:accounts: true, goog:chromeOptions: {debuggerAddress: localhost:50212}, networkConnectionEnabled: false, pageLoadStrategy: normal, platformName: windows, proxy: Proxy(), se:cdp: ws://localhost:50212/devtoo..., se:cdpVersion: 135.0.7049.96, setWindowRect: true, strictFileInteractability: false, timeouts: {implicit: 0, pageLoad: 300000, script: 30000}, unhandledPromptBehavior: dismiss and notify, webauthn:extension:credBlob: true, webauthn:extension:largeBlob: true, webauthn:extension:minPinLength: true, webauthn:extension:prf: true, webauthn:virtualAuthenticators: true}
Session ID: 293efcca3b10cd5fe15abd4d709d805a" type="org.openqa.selenium.NoSuchElementException">
      <![CDATA[org.openqa.selenium.NoSuchElementException: no such element: Unable to locate element: {"method":"xpath","selector":"//input[@class="button-1 new-address-next-step-button"]"}
  (Session info: chrome=135.0.7049.96)
For documentation on this error, please visit: https://www.selenium.dev/documentation/webdriver/troubleshooting/errors#no-such-element-exception
Build info: version: '4.31.0', revision: '1ef9f18787*'
System info: os.name: 'Windows 11', os.arch: 'amd64', os.version: '10.0', java.version: '21.0.6'
Driver info: org.openqa.selenium.chrome.ChromeDriver
Command: [293efcca3b10cd5fe15abd4d709d805a, findElement {value=//input[@class="button-1 new-address-next-step-button"], using=xpath}]
Capabilities {acceptInsecureCerts: false, browserName: chrome, browserVersion: 135.0.7049.96, chrome: {chromedriverVersion: 135.0.7049.95 (de2eb485a195..., userDataDir: C:\Users\yuvar\AppData\Loca...}, fedcm:accounts: true, goog:chromeOptions: {debuggerAddress: localhost:50212}, networkConnectionEnabled: false, pageLoadStrategy: normal, platformName: windows, proxy: Proxy(), se:cdp: ws://localhost:50212/devtoo..., se:cdpVersion: 135.0.7049.96, setWindowRect: true, strictFileInteractability: false, timeouts: {implicit: 0, pageLoad: 300000, script: 30000}, unhandledPromptBehavior: dismiss and notify, webauthn:extension:credBlob: true, webauthn:extension:largeBlob: true, webauthn:extension:minPinLength: true, webauthn:extension:prf: true, webauthn:virtualAuthenticators: true}
Session ID: 293efcca3b10cd5fe15abd4d709d805a
at java.base/jdk.internal.reflect.DirectConstructorHandleAccessor.newInstance(DirectConstructorHandleAccessor.java:62)
at java.base/java.lang.reflect.Constructor.newInstanceWithCaller(Constructor.java:502)
at java.base/java.lang.reflect.Constructor.newInstance(Constructor.java:486)
at org.openqa.selenium.remote.ErrorCodec.decode(ErrorCodec.java:167)
at org.openqa.selenium.remote.codec.w3c.W3CHttpResponseCodec.decode(W3CHttpResponseCodec.java:138)
at org.openqa.selenium.remote.codec.w3c.W3CHttpResponseCodec.decode(W3CHttpResponseCodec.java:50)
at org.openqa.selenium.remote.HttpCommandExecutor.execute(HttpCommandExecutor.java:215)
at org.openqa.selenium.remote.service.DriverCommandExecutor.invokeExecute(DriverCommandExecutor.java:216)
at org.openqa.selenium.remote.service.DriverCommandExecutor.execute(DriverCommandExecutor.java:174)
at org.openqa.selenium.remote.RemoteWebDriver.execute(RemoteWebDriver.java:545)
at org.openqa.selenium.remote.ElementLocation$ElementFinder$2.findElement(ElementLocation.java:165)
at org.openqa.selenium.remote.ElementLocation.findElement(ElementLocation.java:59)
at org.openqa.selenium.remote.RemoteWebDriver.findElement(RemoteWebDriver.java:368)
at org.openqa.selenium.remote.RemoteWebDriver.findElement(RemoteWebDriver.java:362)
at org.openqa.selenium.support.pagefactory.DefaultElementLocator.findElement(DefaultElementLocator.java:68)
at org.openqa.selenium.support.pagefactory.internal.LocatingElementHandler.invoke(LocatingElementHandler.java:38)
at jdk.proxy2/jdk.proxy2.$Proxy27.click(Unknown Source)
at com.Actions.CheckoutAction.billcontinuebtn(CheckoutAction.java:92)
at com.Definitions.CheckoutStepDefinition.click_the_checkout_button_and_proceed(CheckoutStepDefinition.java:156)
at ✽.click the checkout button and proceed(file:///C:/Users/yuvar/DemoWebShop(Automation)/DemoWebShop-Cucumber/src/test/resources/Features/CheckOut.feature:52)
]]>
    </error>
  </testcase> <!-- runScenario -->
  <testcase classname="com.Runner.runnerTestNG" name="runScenario" time="8.318"/>
  <testcase classname="com.Runner.runnerTestNG" name="runScenario" time="10.314"/>
  <testcase classname="com.Runner.runnerTestNG" name="runScenario" time="6.005"/>
  <testcase classname="com.Runner.runnerTestNG" name="runScenario" time="11.541"/>
  <testcase classname="com.Runner.runnerTestNG" name="runScenario" time="8.531"/>
  <testcase classname="com.Runner.runnerTestNG" name="runScenario" time="9.676"/>
  <testcase classname="com.Runner.runnerTestNG" name="runScenario" time="24.951"/>
  <testcase classname="com.Runner.runnerTestNG" name="runScenario" time="7.775"/>
  <testcase classname="com.Runner.runnerTestNG" name="runScenario" time="6.364"/>
  <testcase classname="com.Runner.runnerTestNG" name="runScenario" time="14.034"/>
  <testcase classname="com.Runner.runnerTestNG" name="runScenario" time="11.390"/>
  <testcase classname="com.Runner.runnerTestNG" name="runScenario" time="8.135"/>
  <testcase classname="com.Runner.runnerTestNG" name="runScenario" time="9.319"/>
  <testcase classname="com.Runner.runnerTestNG" name="runScenario" time="11.786"/>
  <testcase classname="com.Runner.runnerTestNG" name="runScenario" time="8.791"/>
  <testcase classname="com.Runner.runnerTestNG" name="runScenario" time="19.913"/>
  <testcase classname="com.Runner.runnerTestNG" name="runScenario" time="10.868"/>
  <testcase classname="com.Runner.runnerTestNG" name="runScenario" time="18.077"/>
  <testcase classname="com.Runner.runnerTestNG" name="runScenario" time="18.625"/>
  <testcase classname="com.Runner.runnerTestNG" name="runScenario" time="5.493"/>
  <testcase classname="com.Runner.runnerTestNG" name="runScenario" time="10.408"/>
  <testcase classname="com.Runner.runnerTestNG" name="runScenario" time="7.621"/>
  <testcase classname="com.Runner.runnerTestNG" name="runScenario" time="6.265"/>
  <testcase classname="com.Runner.runnerTestNG" name="runScenario" time="13.133"/>
  <testcase classname="com.Runner.runnerTestNG" name="runScenario" time="14.889"/>
  <testcase classname="com.Runner.runnerTestNG" name="runScenario" time="4.991"/>
  <testcase classname="com.Runner.runnerTestNG" name="runScenario" time="10.727"/>
  <testcase classname="com.Runner.runnerTestNG" name="runScenario" time="10.209"/>
  <testcase classname="com.Runner.runnerTestNG" name="runScenario" time="10.192"/>
  <testcase classname="com.Runner.runnerTestNG" name="runScenario" time="10.539"/>
  <testcase classname="com.Runner.runnerTestNG" name="runScenario" time="12.755"/>
  <testcase classname="com.Runner.runnerTestNG" name="runScenario" time="8.819"/>
  <testcase classname="com.Runner.runnerTestNG" name="runScenario" time="10.680"/>
  <testcase classname="com.Runner.runnerTestNG" name="runScenario" time="8.364"/>
  <testcase classname="com.Runner.runnerTestNG" name="runScenario" time="8.362"/>
  <testcase classname="com.Runner.runnerTestNG" name="runScenario" time="5.574"/>
  <testcase classname="com.Runner.runnerTestNG" name="runScenario" time="10.536">
    <error message="stale element reference: stale element not found
  (Session info: chrome=135.0.7049.96)
For documentation on this error, please visit: https://www.selenium.dev/documentation/webdriver/troubleshooting/errors#stale-element-reference-exception
Build info: version: &#039;4.31.0&#039;, revision: &#039;1ef9f18787*&#039;
System info: os.name: &#039;Windows 11&#039;, os.arch: &#039;amd64&#039;, os.version: &#039;10.0&#039;, java.version: &#039;21.0.6&#039;
Driver info: org.openqa.selenium.chrome.ChromeDriver
Command: [d2b1d051a0aa0a4169f3d668afa1f5b6, getElementText {id=f.95B33CAABB0B96A9CD2646885BAEF03B.d.7B5C1BB532021FD7ABD34A1E2C51227B.e.147}]
Capabilities {acceptInsecureCerts: false, browserName: chrome, browserVersion: 135.0.7049.96, chrome: {chromedriverVersion: 135.0.7049.95 (de2eb485a195..., userDataDir: C:\Users\yuvar\AppData\Loca...}, fedcm:accounts: true, goog:chromeOptions: {debuggerAddress: localhost:50810}, networkConnectionEnabled: false, pageLoadStrategy: normal, platformName: windows, proxy: Proxy(), se:cdp: ws://localhost:50810/devtoo..., se:cdpVersion: 135.0.7049.96, setWindowRect: true, strictFileInteractability: false, timeouts: {implicit: 0, pageLoad: 300000, script: 30000}, unhandledPromptBehavior: dismiss and notify, webauthn:extension:credBlob: true, webauthn:extension:largeBlob: true, webauthn:extension:minPinLength: true, webauthn:extension:prf: true, webauthn:virtualAuthenticators: true}
Element: [[ChromeDriver: chrome on windows (d2b1d051a0aa0a4169f3d668afa1f5b6)] -&gt; xpath: //div[@class=&quot;order-summary-content&quot;]]
Session ID: d2b1d051a0aa0a4169f3d668afa1f5b6" type="org.openqa.selenium.StaleElementReferenceException">
      <![CDATA[org.openqa.selenium.StaleElementReferenceException: stale element reference: stale element not found
  (Session info: chrome=135.0.7049.96)
For documentation on this error, please visit: https://www.selenium.dev/documentation/webdriver/troubleshooting/errors#stale-element-reference-exception
Build info: version: '4.31.0', revision: '1ef9f18787*'
System info: os.name: 'Windows 11', os.arch: 'amd64', os.version: '10.0', java.version: '21.0.6'
Driver info: org.openqa.selenium.chrome.ChromeDriver
Command: [d2b1d051a0aa0a4169f3d668afa1f5b6, getElementText {id=f.95B33CAABB0B96A9CD2646885BAEF03B.d.7B5C1BB532021FD7ABD34A1E2C51227B.e.147}]
Capabilities {acceptInsecureCerts: false, browserName: chrome, browserVersion: 135.0.7049.96, chrome: {chromedriverVersion: 135.0.7049.95 (de2eb485a195..., userDataDir: C:\Users\yuvar\AppData\Loca...}, fedcm:accounts: true, goog:chromeOptions: {debuggerAddress: localhost:50810}, networkConnectionEnabled: false, pageLoadStrategy: normal, platformName: windows, proxy: Proxy(), se:cdp: ws://localhost:50810/devtoo..., se:cdpVersion: 135.0.7049.96, setWindowRect: true, strictFileInteractability: false, timeouts: {implicit: 0, pageLoad: 300000, script: 30000}, unhandledPromptBehavior: dismiss and notify, webauthn:extension:credBlob: true, webauthn:extension:largeBlob: true, webauthn:extension:minPinLength: true, webauthn:extension:prf: true, webauthn:virtualAuthenticators: true}
Element: [[ChromeDriver: chrome on windows (d2b1d051a0aa0a4169f3d668afa1f5b6)] -> xpath: //div[@class="order-summary-content"]]
Session ID: d2b1d051a0aa0a4169f3d668afa1f5b6
at java.base/jdk.internal.reflect.DirectConstructorHandleAccessor.newInstance(DirectConstructorHandleAccessor.java:62)
at java.base/java.lang.reflect.Constructor.newInstanceWithCaller(Constructor.java:502)
at java.base/java.lang.reflect.Constructor.newInstance(Constructor.java:486)
at org.openqa.selenium.remote.ErrorCodec.decode(ErrorCodec.java:167)
at org.openqa.selenium.remote.codec.w3c.W3CHttpResponseCodec.decode(W3CHttpResponseCodec.java:138)
at org.openqa.selenium.remote.codec.w3c.W3CHttpResponseCodec.decode(W3CHttpResponseCodec.java:50)
at org.openqa.selenium.remote.HttpCommandExecutor.execute(HttpCommandExecutor.java:215)
at org.openqa.selenium.remote.service.DriverCommandExecutor.invokeExecute(DriverCommandExecutor.java:216)
at org.openqa.selenium.remote.service.DriverCommandExecutor.execute(DriverCommandExecutor.java:174)
at org.openqa.selenium.remote.RemoteWebDriver.execute(RemoteWebDriver.java:545)
at org.openqa.selenium.remote.RemoteWebElement.execute(RemoteWebElement.java:223)
at org.openqa.selenium.remote.RemoteWebElement.getText(RemoteWebElement.java:191)
at java.base/jdk.internal.reflect.DirectMethodHandleAccessor.invoke(DirectMethodHandleAccessor.java:103)
at java.base/java.lang.reflect.Method.invoke(Method.java:580)
at org.openqa.selenium.support.pagefactory.internal.LocatingElementHandler.invoke(LocatingElementHandler.java:51)
at jdk.proxy2/jdk.proxy2.$Proxy27.getText(Unknown Source)
at com.Actions.ProductAction.emptyCarts(ProductAction.java:75)
at com.Definitions.ProductStepDefinition.the_shopping_cart_is_empty(ProductStepDefinition.java:62)
at ✽.the shopping cart is empty(file:///C:/Users/yuvar/DemoWebShop(Automation)/DemoWebShop-Cucumber/src/test/resources/Features/Product.feature:13)
]]>
    </error>
  </testcase> <!-- runScenario -->
  <testcase classname="com.Runner.runnerTestNG" name="runScenario" time="6.021"/>
  <testcase classname="com.Runner.runnerTestNG" name="runScenario" time="7.286"/>
  <testcase classname="com.Runner.runnerTestNG" name="runScenario" time="9.946"/>
  <testcase classname="com.Runner.runnerTestNG" name="runScenario" time="39.901"/>
  <testcase classname="com.Runner.runnerTestNG" name="runScenario" time="32.749"/>
  <testcase classname="com.Runner.runnerTestNG" name="runScenario" time="8.752"/>
  <testcase classname="com.Runner.runnerTestNG" name="runScenario" time="9.021"/>
  <testcase classname="com.Runner.runnerTestNG" name="runScenario" time="11.693"/>
  <testcase classname="com.Runner.runnerTestNG" name="runScenario" time="7.358"/>
  <testcase classname="com.Runner.runnerTestNG" name="runScenario" time="8.582"/>
  <testcase classname="com.Runner.runnerTestNG" name="runScenario" time="14.954"/>
  <testcase classname="com.Runner.runnerTestNG" name="runScenario" time="7.986"/>
  <testcase classname="com.Runner.runnerTestNG" name="runScenario" time="7.167"/>
  <testcase classname="com.Runner.runnerTestNG" name="runScenario" time="7.243"/>
  <testcase classname="com.Runner.runnerTestNG" name="runScenario" time="6.595"/>
  <testcase classname="com.Runner.runnerTestNG" name="runScenario" time="17.030"/>
  <testcase classname="com.Runner.runnerTestNG" name="runScenario" time="5.538"/>
  <testcase classname="com.Runner.runnerTestNG" name="runScenario" time="5.873"/>
  <testcase classname="com.Runner.runnerTestNG" name="runScenario" time="16.743">
    <error message="unexpected alert open: {Alert text : Your cart is empty}
  (Session info: chrome=135.0.7049.96): Your cart is empty
Build info: version: &#039;4.31.0&#039;, revision: &#039;1ef9f18787*&#039;
System info: os.name: &#039;Windows 11&#039;, os.arch: &#039;amd64&#039;, os.version: &#039;10.0&#039;, java.version: &#039;21.0.6&#039;
Driver info: org.openqa.selenium.chrome.ChromeDriver
Command: [3d3b305475970934f194d18ebe46a93d, findElement {value=//div[@id=&quot;confirm-order-buttons-container&quot;]//input[@class=&quot;button-1 confirm-order-next-step-button&quot;], using=xpath}]
Capabilities {acceptInsecureCerts: false, browserName: chrome, browserVersion: 135.0.7049.96, chrome: {chromedriverVersion: 135.0.7049.95 (de2eb485a195..., userDataDir: C:\Users\yuvar\AppData\Loca...}, fedcm:accounts: true, goog:chromeOptions: {debuggerAddress: localhost:50259}, networkConnectionEnabled: false, pageLoadStrategy: normal, platformName: windows, proxy: Proxy(), se:cdp: ws://localhost:50259/devtoo..., se:cdpVersion: 135.0.7049.96, setWindowRect: true, strictFileInteractability: false, timeouts: {implicit: 0, pageLoad: 300000, script: 30000}, unhandledPromptBehavior: dismiss and notify, webauthn:extension:credBlob: true, webauthn:extension:largeBlob: true, webauthn:extension:minPinLength: true, webauthn:extension:prf: true, webauthn:virtualAuthenticators: true}
Session ID: 3d3b305475970934f194d18ebe46a93d" type="org.openqa.selenium.UnhandledAlertException">
      <![CDATA[org.openqa.selenium.UnhandledAlertException: unexpected alert open: {Alert text : Your cart is empty}
  (Session info: chrome=135.0.7049.96): Your cart is empty
Build info: version: '4.31.0', revision: '1ef9f18787*'
System info: os.name: 'Windows 11', os.arch: 'amd64', os.version: '10.0', java.version: '21.0.6'
Driver info: org.openqa.selenium.chrome.ChromeDriver
Command: [3d3b305475970934f194d18ebe46a93d, findElement {value=//div[@id="confirm-order-buttons-container"]//input[@class="button-1 confirm-order-next-step-button"], using=xpath}]
Capabilities {acceptInsecureCerts: false, browserName: chrome, browserVersion: 135.0.7049.96, chrome: {chromedriverVersion: 135.0.7049.95 (de2eb485a195..., userDataDir: C:\Users\yuvar\AppData\Loca...}, fedcm:accounts: true, goog:chromeOptions: {debuggerAddress: localhost:50259}, networkConnectionEnabled: false, pageLoadStrategy: normal, platformName: windows, proxy: Proxy(), se:cdp: ws://localhost:50259/devtoo..., se:cdpVersion: 135.0.7049.96, setWindowRect: true, strictFileInteractability: false, timeouts: {implicit: 0, pageLoad: 300000, script: 30000}, unhandledPromptBehavior: dismiss and notify, webauthn:extension:credBlob: true, webauthn:extension:largeBlob: true, webauthn:extension:minPinLength: true, webauthn:extension:prf: true, webauthn:virtualAuthenticators: true}
Session ID: 3d3b305475970934f194d18ebe46a93d
at org.openqa.selenium.remote.codec.w3c.W3CHttpResponseCodec.decode(W3CHttpResponseCodec.java:136)
at org.openqa.selenium.remote.codec.w3c.W3CHttpResponseCodec.decode(W3CHttpResponseCodec.java:50)
at org.openqa.selenium.remote.HttpCommandExecutor.execute(HttpCommandExecutor.java:215)
at org.openqa.selenium.remote.service.DriverCommandExecutor.invokeExecute(DriverCommandExecutor.java:216)
at org.openqa.selenium.remote.service.DriverCommandExecutor.execute(DriverCommandExecutor.java:174)
at org.openqa.selenium.remote.RemoteWebDriver.execute(RemoteWebDriver.java:545)
at org.openqa.selenium.remote.ElementLocation$ElementFinder$2.findElement(ElementLocation.java:165)
at org.openqa.selenium.remote.ElementLocation.findElement(ElementLocation.java:59)
at org.openqa.selenium.remote.RemoteWebDriver.findElement(RemoteWebDriver.java:368)
at org.openqa.selenium.remote.RemoteWebDriver.findElement(RemoteWebDriver.java:362)
at org.openqa.selenium.support.pagefactory.DefaultElementLocator.findElement(DefaultElementLocator.java:68)
at org.openqa.selenium.support.pagefactory.internal.LocatingElementHandler.invoke(LocatingElementHandler.java:38)
at jdk.proxy2/jdk.proxy2.$Proxy27.click(Unknown Source)
at com.Actions.CheckoutAction.confirmcheckout(CheckoutAction.java:117)
at com.Definitions.CheckoutStepDefinition.proceed_the_remaining_steps_and_confirm(CheckoutStepDefinition.java:229)
at ✽.proceed the remaining steps and confirm(file:///C:/Users/yuvar/DemoWebShop(Automation)/DemoWebShop-Cucumber/src/test/resources/Features/CheckOut.feature:76)
]]>
    </error>
  </testcase> <!-- runScenario -->
  <testcase classname="com.Runner.runnerTestNG" name="runScenario" time="7.436"/>
  <testcase classname="com.Runner.runnerTestNG" name="runScenario" time="11.832"/>
  <testcase classname="com.Runner.runnerTestNG" name="runScenario" time="10.116"/>
  <testcase classname="com.Runner.runnerTestNG" name="runScenario" time="6.304"/>
</testsuite> <!-- com.Runner.runnerTestNG -->
