<?xml version="1.0" encoding="UTF-8"?>
<!-- Generated by org.testng.reporters.JUnitReportReporter -->
<testsuite hostname="DIVRAJ-2004" failures="1" tests="77" name="com.Runner.runnerTestNG" time="2622.899" errors="0" timestamp="2025-07-28T19:10:28 IST" skipped="0">
  <testcase classname="com.Runner.runnerTestNG" name="runScenario" time="34.730"/>
  <testcase classname="com.Runner.runnerTestNG" name="runScenario" time="23.211"/>
  <testcase classname="com.Runner.runnerTestNG" name="runScenario" time="16.246"/>
  <testcase classname="com.Runner.runnerTestNG" name="runScenario" time="87.843"/>
  <testcase classname="com.Runner.runnerTestNG" name="runScenario" time="16.657"/>
  <testcase classname="com.Runner.runnerTestNG" name="runScenario" time="40.157"/>
  <testcase classname="com.Runner.runnerTestNG" name="runScenario" time="58.752"/>
  <testcase classname="com.Runner.runnerTestNG" name="runScenario" time="42.455"/>
  <testcase classname="com.Runner.runnerTestNG" name="runScenario" time="60.595"/>
  <testcase classname="com.Runner.runnerTestNG" name="runScenario" time="57.102"/>
  <testcase classname="com.Runner.runnerTestNG" name="runScenario" time="12.325"/>
  <testcase classname="com.Runner.runnerTestNG" name="runScenario" time="40.095"/>
  <testcase classname="com.Runner.runnerTestNG" name="runScenario" time="11.313"/>
  <testcase classname="com.Runner.runnerTestNG" name="runScenario" time="29.389"/>
  <testcase classname="com.Runner.runnerTestNG" name="runScenario" time="36.706"/>
  <testcase classname="com.Runner.runnerTestNG" name="runScenario" time="29.535"/>
  <testcase classname="com.Runner.runnerTestNG" name="runScenario" time="12.809"/>
  <testcase classname="com.Runner.runnerTestNG" name="runScenario" time="24.771"/>
  <testcase classname="com.Runner.runnerTestNG" name="runScenario" time="28.070"/>
  <testcase classname="com.Runner.runnerTestNG" name="runScenario" time="46.008"/>
  <testcase classname="com.Runner.runnerTestNG" name="runScenario" time="54.953"/>
  <testcase classname="com.Runner.runnerTestNG" name="runScenario" time="29.238"/>
  <testcase classname="com.Runner.runnerTestNG" name="runScenario" time="9.730"/>
  <testcase classname="com.Runner.runnerTestNG" name="runScenario" time="42.866"/>
  <testcase classname="com.Runner.runnerTestNG" name="runScenario" time="11.012"/>
  <testcase classname="com.Runner.runnerTestNG" name="runScenario" time="9.394"/>
  <testcase classname="com.Runner.runnerTestNG" name="runScenario" time="72.686"/>
  <testcase classname="com.Runner.runnerTestNG" name="runScenario" time="29.409"/>
  <testcase classname="com.Runner.runnerTestNG" name="runScenario" time="35.986"/>
  <testcase classname="com.Runner.runnerTestNG" name="runScenario" time="39.984"/>
  <testcase classname="com.Runner.runnerTestNG" name="runScenario" time="40.849"/>
  <testcase classname="com.Runner.runnerTestNG" name="runScenario" time="26.036"/>
  <testcase classname="com.Runner.runnerTestNG" name="runScenario" time="39.920"/>
  <testcase classname="com.Runner.runnerTestNG" name="runScenario" time="41.840"/>
  <testcase classname="com.Runner.runnerTestNG" name="runScenario" time="22.229"/>
  <testcase classname="com.Runner.runnerTestNG" name="runScenario" time="25.068"/>
  <testcase classname="com.Runner.runnerTestNG" name="runScenario" time="30.806"/>
  <testcase classname="com.Runner.runnerTestNG" name="runScenario" time="14.181"/>
  <testcase classname="com.Runner.runnerTestNG" name="runScenario" time="14.608">
    <failure message="expected [true] but found [false]" type="java.lang.AssertionError">
      <![CDATA[java.lang.AssertionError: expected [true] but found [false]
at org.testng.Assert.fail(Assert.java:111)
at org.testng.Assert.failNotEquals(Assert.java:1590)
at org.testng.Assert.assertTrue(Assert.java:57)
at org.testng.Assert.assertTrue(Assert.java:67)
at com.Actions.FooterAction.assertNopCommerceUrl(FooterAction.java:33)
at com.Definitions.FooterDefinition.user_should_be_navigated_to_the_nop_commerce_official_website(FooterDefinition.java:33)
at ✽.User should be navigated to the nopCommerce official website(file:///C:/Users/Lenovo/git/DemoWebShop-Cucumber/src/test/resources/Features/Footer.feature:10)
]]>
    </failure>
  </testcase> <!-- runScenario -->
  <testcase classname="com.Runner.runnerTestNG" name="runScenario" time="62.859"/>
  <testcase classname="com.Runner.runnerTestNG" name="runScenario" time="7.905"/>
  <testcase classname="com.Runner.runnerTestNG" name="runScenario" time="36.979"/>
  <testcase classname="com.Runner.runnerTestNG" name="runScenario" time="36.559"/>
  <testcase classname="com.Runner.runnerTestNG" name="runScenario" time="41.131"/>
  <testcase classname="com.Runner.runnerTestNG" name="runScenario" time="6.986"/>
  <testcase classname="com.Runner.runnerTestNG" name="runScenario" time="34.307"/>
  <testcase classname="com.Runner.runnerTestNG" name="runScenario" time="19.616"/>
  <testcase classname="com.Runner.runnerTestNG" name="runScenario" time="29.527"/>
  <testcase classname="com.Runner.runnerTestNG" name="runScenario" time="11.982"/>
  <testcase classname="com.Runner.runnerTestNG" name="runScenario" time="11.966"/>
  <testcase classname="com.Runner.runnerTestNG" name="runScenario" time="31.019"/>
  <testcase classname="com.Runner.runnerTestNG" name="runScenario" time="29.444"/>
  <testcase classname="com.Runner.runnerTestNG" name="runScenario" time="39.743"/>
  <testcase classname="com.Runner.runnerTestNG" name="runScenario" time="7.909"/>
  <testcase classname="com.Runner.runnerTestNG" name="runScenario" time="10.460"/>
  <testcase classname="com.Runner.runnerTestNG" name="runScenario" time="7.636"/>
  <testcase classname="com.Runner.runnerTestNG" name="runScenario" time="7.911"/>
  <testcase classname="com.Runner.runnerTestNG" name="runScenario" time="40.470"/>
  <testcase classname="com.Runner.runnerTestNG" name="runScenario" time="39.887"/>
  <testcase classname="com.Runner.runnerTestNG" name="runScenario" time="38.804"/>
  <testcase classname="com.Runner.runnerTestNG" name="runScenario" time="58.796"/>
  <testcase classname="com.Runner.runnerTestNG" name="runScenario" time="28.780"/>
  <testcase classname="com.Runner.runnerTestNG" name="runScenario" time="7.896"/>
  <testcase classname="com.Runner.runnerTestNG" name="runScenario" time="14.741"/>
  <testcase classname="com.Runner.runnerTestNG" name="runScenario" time="74.751"/>
  <testcase classname="com.Runner.runnerTestNG" name="runScenario" time="69.559"/>
  <testcase classname="com.Runner.runnerTestNG" name="runScenario" time="8.341"/>
  <testcase classname="com.Runner.runnerTestNG" name="runScenario" time="27.754"/>
  <testcase classname="com.Runner.runnerTestNG" name="runScenario" time="20.862"/>
  <testcase classname="com.Runner.runnerTestNG" name="runScenario" time="53.345"/>
  <testcase classname="com.Runner.runnerTestNG" name="runScenario" time="24.520"/>
  <testcase classname="com.Runner.runnerTestNG" name="runScenario" time="31.462"/>
  <testcase classname="com.Runner.runnerTestNG" name="runScenario" time="49.363"/>
  <testcase classname="com.Runner.runnerTestNG" name="runScenario" time="24.054"/>
  <testcase classname="com.Runner.runnerTestNG" name="runScenario" time="67.447"/>
  <testcase classname="com.Runner.runnerTestNG" name="runScenario" time="195.334"/>
  <testcase classname="com.Runner.runnerTestNG" name="runScenario" time="13.230"/>
</testsuite> <!-- com.Runner.runnerTestNG -->
