<?xml version="1.0" encoding="UTF-8"?>
<!-- Generated by org.testng.reporters.JUnitReportReporter -->
<testsuite hostname="YUVARAJ_UV" failures="0" tests="75" name="com.Runner.runnerTestNG" time="1968.667" errors="1" timestamp="2025-05-26T15:00:38 IST" skipped="0">
  <testcase classname="com.Runner.runnerTestNG" name="runScenario" time="19.399"/>
  <testcase classname="com.Runner.runnerTestNG" name="runScenario" time="7.930"/>
  <testcase classname="com.Runner.runnerTestNG" name="runScenario" time="18.133"/>
  <testcase classname="com.Runner.runnerTestNG" name="runScenario" time="9.465"/>
  <testcase classname="com.Runner.runnerTestNG" name="runScenario" time="25.452"/>
  <testcase classname="com.Runner.runnerTestNG" name="runScenario" time="95.313"/>
  <testcase classname="com.Runner.runnerTestNG" name="runScenario" time="8.835"/>
  <testcase classname="com.Runner.runnerTestNG" name="runScenario" time="13.133"/>
  <testcase classname="com.Runner.runnerTestNG" name="runScenario" time="8.285"/>
  <testcase classname="com.Runner.runnerTestNG" name="runScenario" time="20.925"/>
  <testcase classname="com.Runner.runnerTestNG" name="runScenario" time="61.699"/>
  <testcase classname="com.Runner.runnerTestNG" name="runScenario" time="28.148"/>
  <testcase classname="com.Runner.runnerTestNG" name="runScenario" time="50.947"/>
  <testcase classname="com.Runner.runnerTestNG" name="runScenario" time="30.461"/>
  <testcase classname="com.Runner.runnerTestNG" name="runScenario" time="24.146"/>
  <testcase classname="com.Runner.runnerTestNG" name="runScenario" time="17.250"/>
  <testcase classname="com.Runner.runnerTestNG" name="runScenario" time="76.125"/>
  <testcase classname="com.Runner.runnerTestNG" name="runScenario" time="12.848"/>
  <testcase classname="com.Runner.runnerTestNG" name="runScenario" time="10.697"/>
  <testcase classname="com.Runner.runnerTestNG" name="runScenario" time="18.402"/>
  <testcase classname="com.Runner.runnerTestNG" name="runScenario" time="8.811"/>
  <testcase classname="com.Runner.runnerTestNG" name="runScenario" time="11.154"/>
  <testcase classname="com.Runner.runnerTestNG" name="runScenario" time="29.021"/>
  <testcase classname="com.Runner.runnerTestNG" name="runScenario" time="48.773"/>
  <testcase classname="com.Runner.runnerTestNG" name="runScenario" time="32.251"/>
  <testcase classname="com.Runner.runnerTestNG" name="runScenario" time="13.257"/>
  <testcase classname="com.Runner.runnerTestNG" name="runScenario" time="22.169"/>
  <testcase classname="com.Runner.runnerTestNG" name="runScenario" time="46.140"/>
  <testcase classname="com.Runner.runnerTestNG" name="runScenario" time="73.600"/>
  <testcase classname="com.Runner.runnerTestNG" name="runScenario" time="19.617"/>
  <testcase classname="com.Runner.runnerTestNG" name="runScenario" time="11.957"/>
  <testcase classname="com.Runner.runnerTestNG" name="runScenario" time="22.898"/>
  <testcase classname="com.Runner.runnerTestNG" name="runScenario" time="11.890"/>
  <testcase classname="com.Runner.runnerTestNG" name="runScenario" time="23.789"/>
  <testcase classname="com.Runner.runnerTestNG" name="runScenario" time="38.348"/>
  <testcase classname="com.Runner.runnerTestNG" name="runScenario" time="19.448"/>
  <testcase classname="com.Runner.runnerTestNG" name="runScenario" time="10.711"/>
  <testcase classname="com.Runner.runnerTestNG" name="runScenario" time="13.898"/>
  <testcase classname="com.Runner.runnerTestNG" name="runScenario" time="27.494"/>
  <testcase classname="com.Runner.runnerTestNG" name="runScenario" time="14.906"/>
  <testcase classname="com.Runner.runnerTestNG" name="runScenario" time="17.971"/>
  <testcase classname="com.Runner.runnerTestNG" name="runScenario" time="7.863"/>
  <testcase classname="com.Runner.runnerTestNG" name="runScenario" time="19.114"/>
  <testcase classname="com.Runner.runnerTestNG" name="runScenario" time="18.608"/>
  <testcase classname="com.Runner.runnerTestNG" name="runScenario" time="23.993"/>
  <testcase classname="com.Runner.runnerTestNG" name="runScenario" time="13.329"/>
  <testcase classname="com.Runner.runnerTestNG" name="runScenario" time="58.250"/>
  <testcase classname="com.Runner.runnerTestNG" name="runScenario" time="15.979">
    <error message="stale element reference: stale element not found
  (Session info: chrome=137.0.7151.41)
For documentation on this error, please visit: https://www.selenium.dev/documentation/webdriver/troubleshooting/errors#stale-element-reference-exception
Build info: version: &#039;4.31.0&#039;, revision: &#039;1ef9f18787*&#039;
System info: os.name: &#039;Windows 11&#039;, os.arch: &#039;amd64&#039;, os.version: &#039;10.0&#039;, java.version: &#039;21.0.6&#039;
Driver info: org.openqa.selenium.chrome.ChromeDriver
Command: [16d0f25af8c7fb757b793d0f4fd90cf1, clearElement {id=f.5DCCEAA6D7BF6AB2C78D901268C692E2.d.42D7FE970C6CCE00FB7EA1B6BD911599.e.20}]
Capabilities {acceptInsecureCerts: false, browserName: chrome, browserVersion: 137.0.7151.41, chrome: {chromedriverVersion: 137.0.7151.40 (84781974514a..., userDataDir: C:\Users\yuvar\AppData\Loca...}, fedcm:accounts: true, goog:chromeOptions: {debuggerAddress: localhost:58587}, networkConnectionEnabled: false, pageLoadStrategy: normal, platformName: windows, proxy: Proxy(), se:cdp: ws://localhost:58587/devtoo..., se:cdpVersion: 137.0.7151.41, setWindowRect: true, strictFileInteractability: false, timeouts: {implicit: 0, pageLoad: 300000, script: 30000}, unhandledPromptBehavior: dismiss and notify, webauthn:extension:credBlob: true, webauthn:extension:largeBlob: true, webauthn:extension:minPinLength: true, webauthn:extension:prf: true, webauthn:virtualAuthenticators: true}
Element: [[ChromeDriver: chrome on windows (16d0f25af8c7fb757b793d0f4fd90cf1)] -&gt; xpath: //input[@type=&quot;submit&quot;]//preceding-sibling::input]
Session ID: 16d0f25af8c7fb757b793d0f4fd90cf1" type="org.openqa.selenium.StaleElementReferenceException">
      <![CDATA[org.openqa.selenium.StaleElementReferenceException: stale element reference: stale element not found
  (Session info: chrome=137.0.7151.41)
For documentation on this error, please visit: https://www.selenium.dev/documentation/webdriver/troubleshooting/errors#stale-element-reference-exception
Build info: version: '4.31.0', revision: '1ef9f18787*'
System info: os.name: 'Windows 11', os.arch: 'amd64', os.version: '10.0', java.version: '21.0.6'
Driver info: org.openqa.selenium.chrome.ChromeDriver
Command: [16d0f25af8c7fb757b793d0f4fd90cf1, clearElement {id=f.5DCCEAA6D7BF6AB2C78D901268C692E2.d.42D7FE970C6CCE00FB7EA1B6BD911599.e.20}]
Capabilities {acceptInsecureCerts: false, browserName: chrome, browserVersion: 137.0.7151.41, chrome: {chromedriverVersion: 137.0.7151.40 (84781974514a..., userDataDir: C:\Users\yuvar\AppData\Loca...}, fedcm:accounts: true, goog:chromeOptions: {debuggerAddress: localhost:58587}, networkConnectionEnabled: false, pageLoadStrategy: normal, platformName: windows, proxy: Proxy(), se:cdp: ws://localhost:58587/devtoo..., se:cdpVersion: 137.0.7151.41, setWindowRect: true, strictFileInteractability: false, timeouts: {implicit: 0, pageLoad: 300000, script: 30000}, unhandledPromptBehavior: dismiss and notify, webauthn:extension:credBlob: true, webauthn:extension:largeBlob: true, webauthn:extension:minPinLength: true, webauthn:extension:prf: true, webauthn:virtualAuthenticators: true}
Element: [[ChromeDriver: chrome on windows (16d0f25af8c7fb757b793d0f4fd90cf1)] -> xpath: //input[@type="submit"]//preceding-sibling::input]
Session ID: 16d0f25af8c7fb757b793d0f4fd90cf1
at java.base/jdk.internal.reflect.DirectConstructorHandleAccessor.newInstance(DirectConstructorHandleAccessor.java:62)
at java.base/java.lang.reflect.Constructor.newInstanceWithCaller(Constructor.java:502)
at java.base/java.lang.reflect.Constructor.newInstance(Constructor.java:486)
at org.openqa.selenium.remote.ErrorCodec.decode(ErrorCodec.java:167)
at org.openqa.selenium.remote.codec.w3c.W3CHttpResponseCodec.decode(W3CHttpResponseCodec.java:138)
at org.openqa.selenium.remote.codec.w3c.W3CHttpResponseCodec.decode(W3CHttpResponseCodec.java:50)
at org.openqa.selenium.remote.HttpCommandExecutor.execute(HttpCommandExecutor.java:215)
at org.openqa.selenium.remote.service.DriverCommandExecutor.invokeExecute(DriverCommandExecutor.java:216)
at org.openqa.selenium.remote.service.DriverCommandExecutor.execute(DriverCommandExecutor.java:174)
at org.openqa.selenium.remote.RemoteWebDriver.execute(RemoteWebDriver.java:545)
at org.openqa.selenium.remote.RemoteWebElement.execute(RemoteWebElement.java:223)
at org.openqa.selenium.remote.RemoteWebElement.clear(RemoteWebElement.java:129)
at java.base/jdk.internal.reflect.DirectMethodHandleAccessor.invoke(DirectMethodHandleAccessor.java:103)
at java.base/java.lang.reflect.Method.invoke(Method.java:580)
at org.openqa.selenium.support.pagefactory.internal.LocatingElementHandler.invoke(LocatingElementHandler.java:51)
at jdk.proxy2/jdk.proxy2.$Proxy27.clear(Unknown Source)
at com.Actions.SearchAction.enterSearchText(SearchAction.java:27)
at com.Definitions.HomeStepDefinition.i_click_the_search_bar_and_enter_search_keyword(HomeStepDefinition.java:130)
at ✽.I click the search bar and enter search keyword(file:///C:/Users/yuvar/DemoWebShop(Automation)/DemoWebShop-Cucumber/src/test/resources/Features/HomePage.feature:38)
]]>
    </error>
  </testcase> <!-- runScenario -->
  <testcase classname="com.Runner.runnerTestNG" name="runScenario" time="46.315"/>
  <testcase classname="com.Runner.runnerTestNG" name="runScenario" time="23.996"/>
  <testcase classname="com.Runner.runnerTestNG" name="runScenario" time="28.172"/>
  <testcase classname="com.Runner.runnerTestNG" name="runScenario" time="31.026"/>
  <testcase classname="com.Runner.runnerTestNG" name="runScenario" time="29.012"/>
  <testcase classname="com.Runner.runnerTestNG" name="runScenario" time="46.827"/>
  <testcase classname="com.Runner.runnerTestNG" name="runScenario" time="29.617"/>
  <testcase classname="com.Runner.runnerTestNG" name="runScenario" time="13.875"/>
  <testcase classname="com.Runner.runnerTestNG" name="runScenario" time="19.438"/>
  <testcase classname="com.Runner.runnerTestNG" name="runScenario" time="32.292"/>
  <testcase classname="com.Runner.runnerTestNG" name="runScenario" time="19.738"/>
  <testcase classname="com.Runner.runnerTestNG" name="runScenario" time="110.028"/>
  <testcase classname="com.Runner.runnerTestNG" name="runScenario" time="23.422"/>
  <testcase classname="com.Runner.runnerTestNG" name="runScenario" time="14.212"/>
  <testcase classname="com.Runner.runnerTestNG" name="runScenario" time="23.606"/>
  <testcase classname="com.Runner.runnerTestNG" name="runScenario" time="20.275"/>
  <testcase classname="com.Runner.runnerTestNG" name="runScenario" time="20.464"/>
  <testcase classname="com.Runner.runnerTestNG" name="runScenario" time="14.230"/>
  <testcase classname="com.Runner.runnerTestNG" name="runScenario" time="27.241"/>
  <testcase classname="com.Runner.runnerTestNG" name="runScenario" time="23.471"/>
  <testcase classname="com.Runner.runnerTestNG" name="runScenario" time="13.748"/>
  <testcase classname="com.Runner.runnerTestNG" name="runScenario" time="12.309"/>
  <testcase classname="com.Runner.runnerTestNG" name="runScenario" time="19.259"/>
  <testcase classname="com.Runner.runnerTestNG" name="runScenario" time="29.450"/>
  <testcase classname="com.Runner.runnerTestNG" name="runScenario" time="31.454"/>
  <testcase classname="com.Runner.runnerTestNG" name="runScenario" time="11.581"/>
  <testcase classname="com.Runner.runnerTestNG" name="runScenario" time="20.777"/>
</testsuite> <!-- com.Runner.runnerTestNG -->
