<?xml version="1.0" encoding="UTF-8"?>
<!-- Generated by org.testng.reporters.JUnitReportReporter -->
<testsuite hostname="DIVRAJ-2004" failures="0" tests="72" name="com.Runner.runnerTestNG" time="1293.260" errors="2" timestamp="2025-05-06T15:58:16 IST" skipped="0">
  <testcase classname="com.Runner.runnerTestNG" name="runScenario" time="14.851"/>
  <testcase classname="com.Runner.runnerTestNG" name="runScenario" time="23.091"/>
  <testcase classname="com.Runner.runnerTestNG" name="runScenario" time="17.181"/>
  <testcase classname="com.Runner.runnerTestNG" name="runScenario" time="8.081"/>
  <testcase classname="com.Runner.runnerTestNG" name="runScenario" time="15.381"/>
  <testcase classname="com.Runner.runnerTestNG" name="runScenario" time="11.119"/>
  <testcase classname="com.Runner.runnerTestNG" name="runScenario" time="26.513"/>
  <testcase classname="com.Runner.runnerTestNG" name="runScenario" time="33.394"/>
  <testcase classname="com.Runner.runnerTestNG" name="runScenario" time="12.412"/>
  <testcase classname="com.Runner.runnerTestNG" name="runScenario" time="16.860"/>
  <testcase classname="com.Runner.runnerTestNG" name="runScenario" time="19.195"/>
  <testcase classname="com.Runner.runnerTestNG" name="runScenario" time="16.101"/>
  <testcase classname="com.Runner.runnerTestNG" name="runScenario" time="15.204"/>
  <testcase classname="com.Runner.runnerTestNG" name="runScenario" time="14.977"/>
  <testcase classname="com.Runner.runnerTestNG" name="runScenario" time="18.092"/>
  <testcase classname="com.Runner.runnerTestNG" name="runScenario" time="12.714"/>
  <testcase classname="com.Runner.runnerTestNG" name="runScenario" time="13.968"/>
  <testcase classname="com.Runner.runnerTestNG" name="runScenario" time="23.403"/>
  <testcase classname="com.Runner.runnerTestNG" name="runScenario" time="13.163"/>
  <testcase classname="com.Runner.runnerTestNG" name="runScenario" time="21.461"/>
  <testcase classname="com.Runner.runnerTestNG" name="runScenario" time="23.173"/>
  <testcase classname="com.Runner.runnerTestNG" name="runScenario" time="15.758"/>
  <testcase classname="com.Runner.runnerTestNG" name="runScenario" time="9.571"/>
  <testcase classname="com.Runner.runnerTestNG" name="runScenario" time="15.474"/>
  <testcase classname="com.Runner.runnerTestNG" name="runScenario" time="7.781"/>
  <testcase classname="com.Runner.runnerTestNG" name="runScenario" time="8.315"/>
  <testcase classname="com.Runner.runnerTestNG" name="runScenario" time="9.627"/>
  <testcase classname="com.Runner.runnerTestNG" name="runScenario" time="41.037"/>
  <testcase classname="com.Runner.runnerTestNG" name="runScenario" time="13.672"/>
  <testcase classname="com.Runner.runnerTestNG" name="runScenario" time="26.083"/>
  <testcase classname="com.Runner.runnerTestNG" name="runScenario" time="13.076"/>
  <testcase classname="com.Runner.runnerTestNG" name="runScenario" time="16.153"/>
  <testcase classname="com.Runner.runnerTestNG" name="runScenario" time="9.229"/>
  <testcase classname="com.Runner.runnerTestNG" name="runScenario" time="11.237"/>
  <testcase classname="com.Runner.runnerTestNG" name="runScenario" time="17.076"/>
  <testcase classname="com.Runner.runnerTestNG" name="runScenario" time="9.834"/>
  <testcase classname="com.Runner.runnerTestNG" name="runScenario" time="49.638">
    <error message="Expected condition failed: waiting for visibility of element located by By.xpath:  //div[@class=&quot;home-banner-text-section&quot;]//h1 (tried for 30 second(s) with 500 milliseconds interval)
Build info: version: &#039;4.31.0&#039;, revision: &#039;1ef9f18787*&#039;
System info: os.name: &#039;Windows 11&#039;, os.arch: &#039;amd64&#039;, os.version: &#039;10.0&#039;, java.version: &#039;21.0.6&#039;
Driver info: org.openqa.selenium.chrome.ChromeDriver
Capabilities {acceptInsecureCerts: false, browserName: chrome, browserVersion: 136.0.7103.49, chrome: {chromedriverVersion: 136.0.7103.49 (031848bc6ad0..., userDataDir: C:\Users\Lenovo\AppData\Loc...}, fedcm:accounts: true, goog:chromeOptions: {debuggerAddress: localhost:64527}, networkConnectionEnabled: false, pageLoadStrategy: normal, platformName: windows, proxy: Proxy(), se:cdp: ws://localhost:64527/devtoo..., se:cdpVersion: 136.0.7103.49, setWindowRect: true, strictFileInteractability: false, timeouts: {implicit: 0, pageLoad: 300000, script: 30000}, unhandledPromptBehavior: dismiss and notify, webauthn:extension:credBlob: true, webauthn:extension:largeBlob: true, webauthn:extension:minPinLength: true, webauthn:extension:prf: true, webauthn:virtualAuthenticators: true}
Session ID: 60174e5d7b35d0d561cebbbdfd415fe1" type="org.openqa.selenium.TimeoutException">
      <![CDATA[org.openqa.selenium.TimeoutException: Expected condition failed: waiting for visibility of element located by By.xpath:  //div[@class="home-banner-text-section"]//h1 (tried for 30 second(s) with 500 milliseconds interval)
Build info: version: '4.31.0', revision: '1ef9f18787*'
System info: os.name: 'Windows 11', os.arch: 'amd64', os.version: '10.0', java.version: '21.0.6'
Driver info: org.openqa.selenium.chrome.ChromeDriver
Capabilities {acceptInsecureCerts: false, browserName: chrome, browserVersion: 136.0.7103.49, chrome: {chromedriverVersion: 136.0.7103.49 (031848bc6ad0..., userDataDir: C:\Users\Lenovo\AppData\Loc...}, fedcm:accounts: true, goog:chromeOptions: {debuggerAddress: localhost:64527}, networkConnectionEnabled: false, pageLoadStrategy: normal, platformName: windows, proxy: Proxy(), se:cdp: ws://localhost:64527/devtoo..., se:cdpVersion: 136.0.7103.49, setWindowRect: true, strictFileInteractability: false, timeouts: {implicit: 0, pageLoad: 300000, script: 30000}, unhandledPromptBehavior: dismiss and notify, webauthn:extension:credBlob: true, webauthn:extension:largeBlob: true, webauthn:extension:minPinLength: true, webauthn:extension:prf: true, webauthn:virtualAuthenticators: true}
Session ID: 60174e5d7b35d0d561cebbbdfd415fe1
at org.openqa.selenium.support.ui.WebDriverWait.timeoutException(WebDriverWait.java:84)
at org.openqa.selenium.support.ui.FluentWait.until(FluentWait.java:228)
at com.Actions.FooterAction.getNOPText(FooterAction.java:28)
at com.Definitions.FooterDefinition.user_should_be_navigated_to_the_nop_commerce_official_website(FooterDefinition.java:34)
at ✽.User should be navigated to the nopCommerce official website(file:///C:/Users/Lenovo/git/DemoWebShop-Cucumber/src/test/resources/Features/Footer.feature:10)
]]>
    </error>
  </testcase> <!-- runScenario -->
  <testcase classname="com.Runner.runnerTestNG" name="runScenario" time="18.487"/>
  <testcase classname="com.Runner.runnerTestNG" name="runScenario" time="12.973"/>
  <testcase classname="com.Runner.runnerTestNG" name="runScenario" time="22.589"/>
  <testcase classname="com.Runner.runnerTestNG" name="runScenario" time="16.984"/>
  <testcase classname="com.Runner.runnerTestNG" name="runScenario" time="15.097"/>
  <testcase classname="com.Runner.runnerTestNG" name="runScenario" time="10.968"/>
  <testcase classname="com.Runner.runnerTestNG" name="runScenario" time="16.763"/>
  <testcase classname="com.Runner.runnerTestNG" name="runScenario" time="90.492"/>
  <testcase classname="com.Runner.runnerTestNG" name="runScenario" time="16.335"/>
  <testcase classname="com.Runner.runnerTestNG" name="runScenario" time="50.608"/>
  <testcase classname="com.Runner.runnerTestNG" name="runScenario" time="13.402"/>
  <testcase classname="com.Runner.runnerTestNG" name="runScenario" time="14.325"/>
  <testcase classname="com.Runner.runnerTestNG" name="runScenario" time="12.101"/>
  <testcase classname="com.Runner.runnerTestNG" name="runScenario" time="8.039"/>
  <testcase classname="com.Runner.runnerTestNG" name="runScenario" time="14.732"/>
  <testcase classname="com.Runner.runnerTestNG" name="runScenario" time="9.305"/>
  <testcase classname="com.Runner.runnerTestNG" name="runScenario" time="10.725"/>
  <testcase classname="com.Runner.runnerTestNG" name="runScenario" time="8.017"/>
  <testcase classname="com.Runner.runnerTestNG" name="runScenario" time="11.276"/>
  <testcase classname="com.Runner.runnerTestNG" name="runScenario" time="7.811"/>
  <testcase classname="com.Runner.runnerTestNG" name="runScenario" time="22.598"/>
  <testcase classname="com.Runner.runnerTestNG" name="runScenario" time="52.585">
    <error message="Expected condition failed: waiting for visibility of element located by By.xpath: //div[@class=&quot;page-body&quot;]//child::div[@class=&quot;result&quot;] (tried for 30 second(s) with 500 milliseconds interval)
Build info: version: &#039;4.31.0&#039;, revision: &#039;1ef9f18787*&#039;
System info: os.name: &#039;Windows 11&#039;, os.arch: &#039;amd64&#039;, os.version: &#039;10.0&#039;, java.version: &#039;21.0.6&#039;
Driver info: org.openqa.selenium.chrome.ChromeDriver
Capabilities {acceptInsecureCerts: false, browserName: chrome, browserVersion: 136.0.7103.49, chrome: {chromedriverVersion: 136.0.7103.49 (031848bc6ad0..., userDataDir: C:\Users\Lenovo\AppData\Loc...}, fedcm:accounts: true, goog:chromeOptions: {debuggerAddress: localhost:64578}, networkConnectionEnabled: false, pageLoadStrategy: normal, platformName: windows, proxy: Proxy(), se:cdp: ws://localhost:64578/devtoo..., se:cdpVersion: 136.0.7103.49, setWindowRect: true, strictFileInteractability: false, timeouts: {implicit: 0, pageLoad: 300000, script: 30000}, unhandledPromptBehavior: dismiss and notify, webauthn:extension:credBlob: true, webauthn:extension:largeBlob: true, webauthn:extension:minPinLength: true, webauthn:extension:prf: true, webauthn:virtualAuthenticators: true}
Session ID: 8643b7e7aae648a5225a6d4e9195b4f8" type="org.openqa.selenium.TimeoutException">
      <![CDATA[org.openqa.selenium.TimeoutException: Expected condition failed: waiting for visibility of element located by By.xpath: //div[@class="page-body"]//child::div[@class="result"] (tried for 30 second(s) with 500 milliseconds interval)
Build info: version: '4.31.0', revision: '1ef9f18787*'
System info: os.name: 'Windows 11', os.arch: 'amd64', os.version: '10.0', java.version: '21.0.6'
Driver info: org.openqa.selenium.chrome.ChromeDriver
Capabilities {acceptInsecureCerts: false, browserName: chrome, browserVersion: 136.0.7103.49, chrome: {chromedriverVersion: 136.0.7103.49 (031848bc6ad0..., userDataDir: C:\Users\Lenovo\AppData\Loc...}, fedcm:accounts: true, goog:chromeOptions: {debuggerAddress: localhost:64578}, networkConnectionEnabled: false, pageLoadStrategy: normal, platformName: windows, proxy: Proxy(), se:cdp: ws://localhost:64578/devtoo..., se:cdpVersion: 136.0.7103.49, setWindowRect: true, strictFileInteractability: false, timeouts: {implicit: 0, pageLoad: 300000, script: 30000}, unhandledPromptBehavior: dismiss and notify, webauthn:extension:credBlob: true, webauthn:extension:largeBlob: true, webauthn:extension:minPinLength: true, webauthn:extension:prf: true, webauthn:virtualAuthenticators: true}
Session ID: 8643b7e7aae648a5225a6d4e9195b4f8
at org.openqa.selenium.support.ui.WebDriverWait.timeoutException(WebDriverWait.java:84)
at org.openqa.selenium.support.ui.FluentWait.until(FluentWait.java:228)
at com.Actions.FooterAction.getConfirmation(FooterAction.java:55)
at com.Definitions.FooterDefinition.the_confirmation_should_be_displayed(FooterDefinition.java:86)
at ✽.the confirmation should be displayed(file:///C:/Users/Lenovo/git/DemoWebShop-Cucumber/src/test/resources/Features/Footer.feature:26)
]]>
    </error>
  </testcase> <!-- runScenario -->
  <testcase classname="com.Runner.runnerTestNG" name="runScenario" time="22.172"/>
  <testcase classname="com.Runner.runnerTestNG" name="runScenario" time="16.972"/>
  <testcase classname="com.Runner.runnerTestNG" name="runScenario" time="23.031"/>
  <testcase classname="com.Runner.runnerTestNG" name="runScenario" time="22.882"/>
  <testcase classname="com.Runner.runnerTestNG" name="runScenario" time="11.392"/>
  <testcase classname="com.Runner.runnerTestNG" name="runScenario" time="10.272"/>
  <testcase classname="com.Runner.runnerTestNG" name="runScenario" time="13.061"/>
  <testcase classname="com.Runner.runnerTestNG" name="runScenario" time="16.737"/>
  <testcase classname="com.Runner.runnerTestNG" name="runScenario" time="10.263"/>
  <testcase classname="com.Runner.runnerTestNG" name="runScenario" time="7.816"/>
  <testcase classname="com.Runner.runnerTestNG" name="runScenario" time="8.260"/>
  <testcase classname="com.Runner.runnerTestNG" name="runScenario" time="16.349"/>
  <testcase classname="com.Runner.runnerTestNG" name="runScenario" time="13.946"/>
</testsuite> <!-- com.Runner.runnerTestNG -->
