<?xml version="1.0" encoding="UTF-8"?>
<!-- Generated by org.testng.reporters.JUnitReportReporter -->
<testsuite hostname="YUVARAJ_UV" failures="0" tests="75" name="com.Runner.runnerTestNG" time="1970.822" errors="1" timestamp="2025-05-26T14:43:55 IST" skipped="0">
  <testcase classname="com.Runner.runnerTestNG" name="runScenario" time="16.121"/>
  <testcase classname="com.Runner.runnerTestNG" name="runScenario" time="42.065">
    <error message="unexpected alert open: {Alert text : Payment method is not selected}
  (Session info: chrome=137.0.7151.41): Payment method is not selected
Build info: version: &#039;4.31.0&#039;, revision: &#039;1ef9f18787*&#039;
System info: os.name: &#039;Windows 11&#039;, os.arch: &#039;amd64&#039;, os.version: &#039;10.0&#039;, java.version: &#039;21.0.6&#039;
Driver info: org.openqa.selenium.chrome.ChromeDriver
Command: [b3a884627bddf1503b962f4d0b989aca, findElement {using=xpath, value=//div[@class=&quot;page-title&quot;]//child::h1}]
Capabilities {acceptInsecureCerts: false, browserName: chrome, browserVersion: 137.0.7151.41, chrome: {chromedriverVersion: 137.0.7151.40 (84781974514a..., userDataDir: C:\Users\yuvar\AppData\Loca...}, fedcm:accounts: true, goog:chromeOptions: {debuggerAddress: localhost:53981}, networkConnectionEnabled: false, pageLoadStrategy: normal, platformName: windows, proxy: Proxy(), se:cdp: ws://localhost:53981/devtoo..., se:cdpVersion: 137.0.7151.41, setWindowRect: true, strictFileInteractability: false, timeouts: {implicit: 0, pageLoad: 300000, script: 30000}, unhandledPromptBehavior: dismiss and notify, webauthn:extension:credBlob: true, webauthn:extension:largeBlob: true, webauthn:extension:minPinLength: true, webauthn:extension:prf: true, webauthn:virtualAuthenticators: true}
Session ID: b3a884627bddf1503b962f4d0b989aca" type="org.openqa.selenium.UnhandledAlertException">
      <![CDATA[org.openqa.selenium.UnhandledAlertException: unexpected alert open: {Alert text : Payment method is not selected}
  (Session info: chrome=137.0.7151.41): Payment method is not selected
Build info: version: '4.31.0', revision: '1ef9f18787*'
System info: os.name: 'Windows 11', os.arch: 'amd64', os.version: '10.0', java.version: '21.0.6'
Driver info: org.openqa.selenium.chrome.ChromeDriver
Command: [b3a884627bddf1503b962f4d0b989aca, findElement {using=xpath, value=//div[@class="page-title"]//child::h1}]
Capabilities {acceptInsecureCerts: false, browserName: chrome, browserVersion: 137.0.7151.41, chrome: {chromedriverVersion: 137.0.7151.40 (84781974514a..., userDataDir: C:\Users\yuvar\AppData\Loca...}, fedcm:accounts: true, goog:chromeOptions: {debuggerAddress: localhost:53981}, networkConnectionEnabled: false, pageLoadStrategy: normal, platformName: windows, proxy: Proxy(), se:cdp: ws://localhost:53981/devtoo..., se:cdpVersion: 137.0.7151.41, setWindowRect: true, strictFileInteractability: false, timeouts: {implicit: 0, pageLoad: 300000, script: 30000}, unhandledPromptBehavior: dismiss and notify, webauthn:extension:credBlob: true, webauthn:extension:largeBlob: true, webauthn:extension:minPinLength: true, webauthn:extension:prf: true, webauthn:virtualAuthenticators: true}
Session ID: b3a884627bddf1503b962f4d0b989aca
at org.openqa.selenium.remote.codec.w3c.W3CHttpResponseCodec.decode(W3CHttpResponseCodec.java:136)
at org.openqa.selenium.remote.codec.w3c.W3CHttpResponseCodec.decode(W3CHttpResponseCodec.java:50)
at org.openqa.selenium.remote.HttpCommandExecutor.execute(HttpCommandExecutor.java:215)
at org.openqa.selenium.remote.service.DriverCommandExecutor.invokeExecute(DriverCommandExecutor.java:216)
at org.openqa.selenium.remote.service.DriverCommandExecutor.execute(DriverCommandExecutor.java:174)
at org.openqa.selenium.remote.RemoteWebDriver.execute(RemoteWebDriver.java:545)
at org.openqa.selenium.remote.ElementLocation$ElementFinder$2.findElement(ElementLocation.java:165)
at org.openqa.selenium.remote.ElementLocation.findElement(ElementLocation.java:59)
at org.openqa.selenium.remote.RemoteWebDriver.findElement(RemoteWebDriver.java:368)
at org.openqa.selenium.remote.RemoteWebDriver.findElement(RemoteWebDriver.java:362)
at org.openqa.selenium.support.ui.ExpectedConditions$7.apply(ExpectedConditions.java:194)
at org.openqa.selenium.support.ui.ExpectedConditions$7.apply(ExpectedConditions.java:190)
at org.openqa.selenium.support.ui.FluentWait.until(FluentWait.java:203)
at com.Actions.CheckoutAction.pdfinvoiceclik(CheckoutAction.java:156)
at com.Definitions.CheckoutStepDefinition.the_user_should_see_the_order_number_and_able_to_download_the_invoice_as_pdf(CheckoutStepDefinition.java:103)
at ✽.the user should see the order number and able to download the invoice as pdf(file:///C:/Users/yuvar/DemoWebShop(Automation)/DemoWebShop-Cucumber/src/test/resources/Features/CheckOut.feature:28)
]]>
    </error>
  </testcase> <!-- runScenario -->
  <testcase classname="com.Runner.runnerTestNG" name="runScenario" time="37.922"/>
  <testcase classname="com.Runner.runnerTestNG" name="runScenario" time="46.854"/>
  <testcase classname="com.Runner.runnerTestNG" name="runScenario" time="102.777"/>
  <testcase classname="com.Runner.runnerTestNG" name="runScenario" time="57.072"/>
  <testcase classname="com.Runner.runnerTestNG" name="runScenario" time="49.947"/>
  <testcase classname="com.Runner.runnerTestNG" name="runScenario" time="11.037"/>
  <testcase classname="com.Runner.runnerTestNG" name="runScenario" time="22.374"/>
  <testcase classname="com.Runner.runnerTestNG" name="runScenario" time="23.209"/>
  <testcase classname="com.Runner.runnerTestNG" name="runScenario" time="15.012"/>
  <testcase classname="com.Runner.runnerTestNG" name="runScenario" time="16.888"/>
  <testcase classname="com.Runner.runnerTestNG" name="runScenario" time="20.211"/>
  <testcase classname="com.Runner.runnerTestNG" name="runScenario" time="19.114"/>
  <testcase classname="com.Runner.runnerTestNG" name="runScenario" time="19.783"/>
  <testcase classname="com.Runner.runnerTestNG" name="runScenario" time="24.142"/>
  <testcase classname="com.Runner.runnerTestNG" name="runScenario" time="22.868"/>
  <testcase classname="com.Runner.runnerTestNG" name="runScenario" time="60.121"/>
  <testcase classname="com.Runner.runnerTestNG" name="runScenario" time="33.437"/>
  <testcase classname="com.Runner.runnerTestNG" name="runScenario" time="22.290"/>
  <testcase classname="com.Runner.runnerTestNG" name="runScenario" time="74.075"/>
  <testcase classname="com.Runner.runnerTestNG" name="runScenario" time="14.448"/>
  <testcase classname="com.Runner.runnerTestNG" name="runScenario" time="17.594"/>
  <testcase classname="com.Runner.runnerTestNG" name="runScenario" time="22.578"/>
  <testcase classname="com.Runner.runnerTestNG" name="runScenario" time="16.045"/>
  <testcase classname="com.Runner.runnerTestNG" name="runScenario" time="11.309"/>
  <testcase classname="com.Runner.runnerTestNG" name="runScenario" time="21.086"/>
  <testcase classname="com.Runner.runnerTestNG" name="runScenario" time="44.849"/>
  <testcase classname="com.Runner.runnerTestNG" name="runScenario" time="21.534"/>
  <testcase classname="com.Runner.runnerTestNG" name="runScenario" time="21.114"/>
  <testcase classname="com.Runner.runnerTestNG" name="runScenario" time="23.350"/>
  <testcase classname="com.Runner.runnerTestNG" name="runScenario" time="23.529"/>
  <testcase classname="com.Runner.runnerTestNG" name="runScenario" time="27.543"/>
  <testcase classname="com.Runner.runnerTestNG" name="runScenario" time="14.620"/>
  <testcase classname="com.Runner.runnerTestNG" name="runScenario" time="48.972"/>
  <testcase classname="com.Runner.runnerTestNG" name="runScenario" time="23.896"/>
  <testcase classname="com.Runner.runnerTestNG" name="runScenario" time="11.966"/>
  <testcase classname="com.Runner.runnerTestNG" name="runScenario" time="22.979"/>
  <testcase classname="com.Runner.runnerTestNG" name="runScenario" time="22.450"/>
  <testcase classname="com.Runner.runnerTestNG" name="runScenario" time="12.233"/>
  <testcase classname="com.Runner.runnerTestNG" name="runScenario" time="15.426"/>
  <testcase classname="com.Runner.runnerTestNG" name="runScenario" time="14.650"/>
  <testcase classname="com.Runner.runnerTestNG" name="runScenario" time="21.851"/>
  <testcase classname="com.Runner.runnerTestNG" name="runScenario" time="21.186"/>
  <testcase classname="com.Runner.runnerTestNG" name="runScenario" time="41.077"/>
  <testcase classname="com.Runner.runnerTestNG" name="runScenario" time="16.843"/>
  <testcase classname="com.Runner.runnerTestNG" name="runScenario" time="21.077"/>
  <testcase classname="com.Runner.runnerTestNG" name="runScenario" time="10.928"/>
  <testcase classname="com.Runner.runnerTestNG" name="runScenario" time="24.182"/>
  <testcase classname="com.Runner.runnerTestNG" name="runScenario" time="67.966"/>
  <testcase classname="com.Runner.runnerTestNG" name="runScenario" time="18.981"/>
  <testcase classname="com.Runner.runnerTestNG" name="runScenario" time="15.392"/>
  <testcase classname="com.Runner.runnerTestNG" name="runScenario" time="20.801"/>
  <testcase classname="com.Runner.runnerTestNG" name="runScenario" time="17.313"/>
  <testcase classname="com.Runner.runnerTestNG" name="runScenario" time="25.713"/>
  <testcase classname="com.Runner.runnerTestNG" name="runScenario" time="20.272"/>
  <testcase classname="com.Runner.runnerTestNG" name="runScenario" time="42.112"/>
  <testcase classname="com.Runner.runnerTestNG" name="runScenario" time="22.578"/>
  <testcase classname="com.Runner.runnerTestNG" name="runScenario" time="12.117"/>
  <testcase classname="com.Runner.runnerTestNG" name="runScenario" time="22.525"/>
  <testcase classname="com.Runner.runnerTestNG" name="runScenario" time="13.318"/>
  <testcase classname="com.Runner.runnerTestNG" name="runScenario" time="10.128"/>
  <testcase classname="com.Runner.runnerTestNG" name="runScenario" time="14.502"/>
  <testcase classname="com.Runner.runnerTestNG" name="runScenario" time="19.160"/>
  <testcase classname="com.Runner.runnerTestNG" name="runScenario" time="17.017"/>
  <testcase classname="com.Runner.runnerTestNG" name="runScenario" time="15.241"/>
  <testcase classname="com.Runner.runnerTestNG" name="runScenario" time="9.656"/>
  <testcase classname="com.Runner.runnerTestNG" name="runScenario" time="61.709"/>
  <testcase classname="com.Runner.runnerTestNG" name="runScenario" time="23.089"/>
  <testcase classname="com.Runner.runnerTestNG" name="runScenario" time="49.273"/>
  <testcase classname="com.Runner.runnerTestNG" name="runScenario" time="29.858"/>
  <testcase classname="com.Runner.runnerTestNG" name="runScenario" time="22.270"/>
  <testcase classname="com.Runner.runnerTestNG" name="runScenario" time="19.675"/>
  <testcase classname="com.Runner.runnerTestNG" name="runScenario" time="18.491"/>
  <testcase classname="com.Runner.runnerTestNG" name="runScenario" time="15.031"/>
</testsuite> <!-- com.Runner.runnerTestNG -->
