<?xml version="1.0" encoding="UTF-8"?>
<!-- Generated by org.testng.reporters.JUnitReportReporter -->
<testsuite hostname="DESKTOP-3CKMDVP" failures="0" tests="17" name="com.Runner.runnerTestNG" time="197.329" errors="1" timestamp="2025-04-13T16:21:20 IST" skipped="0">
  <testcase classname="com.Runner.runnerTestNG" name="runScenario" time="9.355"/>
  <testcase classname="com.Runner.runnerTestNG" name="runScenario" time="9.199"/>
  <testcase classname="com.Runner.runnerTestNG" name="runScenario" time="12.298"/>
  <testcase classname="com.Runner.runnerTestNG" name="runScenario" time="8.777"/>
  <testcase classname="com.Runner.runnerTestNG" name="runScenario" time="8.158"/>
  <testcase classname="com.Runner.runnerTestNG" name="runScenario" time="34.069"/>
  <testcase classname="com.Runner.runnerTestNG" name="runScenario" time="8.455"/>
  <testcase classname="com.Runner.runnerTestNG" name="runScenario" time="9.757"/>
  <testcase classname="com.Runner.runnerTestNG" name="runScenario" time="9.164"/>
  <testcase classname="com.Runner.runnerTestNG" name="runScenario" time="8.578"/>
  <testcase classname="com.Runner.runnerTestNG" name="runScenario" time="16.727"/>
  <testcase classname="com.Runner.runnerTestNG" name="runScenario" time="16.374">
    <error message="Cannot read the array length because &quot;data&quot; is null" type="java.lang.NullPointerException">
      <![CDATA[java.lang.NullPointerException: Cannot read the array length because "data" is null
at com.Actions.AddressAction.fillAddressForm(AddressAction.java:29)
at com.Definitions.AddressStepDefinition.i_want_to_add_new_address(AddressStepDefinition.java:21)
at ✽.I want to add new address(file:///C:/Users/ADMIN/git/DemoWebShop-Cucumber/src/test/resources/Features/Address.feature:14)
]]>
    </error>
  </testcase> <!-- runScenario -->
  <testcase classname="com.Runner.runnerTestNG" name="runScenario" time="9.631"/>
  <testcase classname="com.Runner.runnerTestNG" name="runScenario" time="8.956"/>
  <testcase classname="com.Runner.runnerTestNG" name="runScenario" time="9.502"/>
  <testcase classname="com.Runner.runnerTestNG" name="runScenario" time="9.374"/>
  <testcase classname="com.Runner.runnerTestNG" name="runScenario" time="8.955"/>
</testsuite> <!-- com.Runner.runnerTestNG -->
