<?xml version="1.0" encoding="UTF-8"?>
<!-- Generated by org.testng.reporters.JUnitReportReporter -->
<testsuite hostname="DIVRAJ-2004" failures="0" tests="69" name="com.Runner.runnerTestNG" time="1129.440" errors="2" timestamp="2025-04-29T21:01:18 IST" skipped="0">
  <testcase classname="com.Runner.runnerTestNG" name="runScenario" time="12.967"/>
  <testcase classname="com.Runner.runnerTestNG" name="runScenario" time="34.955"/>
  <testcase classname="com.Runner.runnerTestNG" name="runScenario" time="15.347"/>
  <testcase classname="com.Runner.runnerTestNG" name="runScenario" time="25.778"/>
  <testcase classname="com.Runner.runnerTestNG" name="runScenario" time="15.327"/>
  <testcase classname="com.Runner.runnerTestNG" name="runScenario" time="6.960"/>
  <testcase classname="com.Runner.runnerTestNG" name="runScenario" time="11.036"/>
  <testcase classname="com.Runner.runnerTestNG" name="runScenario" time="15.188"/>
  <testcase classname="com.Runner.runnerTestNG" name="runScenario" time="9.689"/>
  <testcase classname="com.Runner.runnerTestNG" name="runScenario" time="15.349"/>
  <testcase classname="com.Runner.runnerTestNG" name="runScenario" time="16.907"/>
  <testcase classname="com.Runner.runnerTestNG" name="runScenario" time="11.188"/>
  <testcase classname="com.Runner.runnerTestNG" name="runScenario" time="7.740"/>
  <testcase classname="com.Runner.runnerTestNG" name="runScenario" time="11.017"/>
  <testcase classname="com.Runner.runnerTestNG" name="runScenario" time="8.438"/>
  <testcase classname="com.Runner.runnerTestNG" name="runScenario" time="11.277"/>
  <testcase classname="com.Runner.runnerTestNG" name="runScenario" time="14.269"/>
  <testcase classname="com.Runner.runnerTestNG" name="runScenario" time="12.128"/>
  <testcase classname="com.Runner.runnerTestNG" name="runScenario" time="15.446"/>
  <testcase classname="com.Runner.runnerTestNG" name="runScenario" time="9.723"/>
  <testcase classname="com.Runner.runnerTestNG" name="runScenario" time="7.469"/>
  <testcase classname="com.Runner.runnerTestNG" name="runScenario" time="13.501"/>
  <testcase classname="com.Runner.runnerTestNG" name="runScenario" time="19.473"/>
  <testcase classname="com.Runner.runnerTestNG" name="runScenario" time="8.652"/>
  <testcase classname="com.Runner.runnerTestNG" name="runScenario" time="18.259"/>
  <testcase classname="com.Runner.runnerTestNG" name="runScenario" time="7.486"/>
  <testcase classname="com.Runner.runnerTestNG" name="runScenario" time="7.159"/>
  <testcase classname="com.Runner.runnerTestNG" name="runScenario" time="13.380"/>
  <testcase classname="com.Runner.runnerTestNG" name="runScenario" time="8.404"/>
  <testcase classname="com.Runner.runnerTestNG" name="runScenario" time="8.301"/>
  <testcase classname="com.Runner.runnerTestNG" name="runScenario" time="27.151"/>
  <testcase classname="com.Runner.runnerTestNG" name="runScenario" time="10.185"/>
  <testcase classname="com.Runner.runnerTestNG" name="runScenario" time="11.914"/>
  <testcase classname="com.Runner.runnerTestNG" name="runScenario" time="20.765"/>
  <testcase classname="com.Runner.runnerTestNG" name="runScenario" time="23.590"/>
  <testcase classname="com.Runner.runnerTestNG" name="runScenario" time="9.716"/>
  <testcase classname="com.Runner.runnerTestNG" name="runScenario" time="18.946"/>
  <testcase classname="com.Runner.runnerTestNG" name="runScenario" time="8.097"/>
  <testcase classname="com.Runner.runnerTestNG" name="runScenario" time="7.242"/>
  <testcase classname="com.Runner.runnerTestNG" name="runScenario" time="22.702"/>
  <testcase classname="com.Runner.runnerTestNG" name="runScenario" time="13.716"/>
  <testcase classname="com.Runner.runnerTestNG" name="runScenario" time="16.369"/>
  <testcase classname="com.Runner.runnerTestNG" name="runScenario" time="15.401"/>
  <testcase classname="com.Runner.runnerTestNG" name="runScenario" time="17.647"/>
  <testcase classname="com.Runner.runnerTestNG" name="runScenario" time="7.017"/>
  <testcase classname="com.Runner.runnerTestNG" name="runScenario" time="11.024"/>
  <testcase classname="com.Runner.runnerTestNG" name="runScenario" time="52.073"/>
  <testcase classname="com.Runner.runnerTestNG" name="runScenario" time="16.726"/>
  <testcase classname="com.Runner.runnerTestNG" name="runScenario" time="17.005"/>
  <testcase classname="com.Runner.runnerTestNG" name="runScenario" time="8.071"/>
  <testcase classname="com.Runner.runnerTestNG" name="runScenario" time="24.330"/>
  <testcase classname="com.Runner.runnerTestNG" name="runScenario" time="87.147"/>
  <testcase classname="com.Runner.runnerTestNG" name="runScenario" time="15.327"/>
  <testcase classname="com.Runner.runnerTestNG" name="runScenario" time="35.958">
    <error message="no such element: Unable to locate element: {&quot;method&quot;:&quot;xpath&quot;,&quot;selector&quot;:&quot;//form//table//tbody//tr//td[2]//input&quot;}
  (Session info: chrome=135.0.7049.115)
For documentation on this error, please visit: https://www.selenium.dev/documentation/webdriver/troubleshooting/errors#no-such-element-exception
Build info: version: &#039;4.31.0&#039;, revision: &#039;1ef9f18787*&#039;
System info: os.name: &#039;Windows 11&#039;, os.arch: &#039;amd64&#039;, os.version: &#039;10.0&#039;, java.version: &#039;21.0.6&#039;
Driver info: org.openqa.selenium.chrome.ChromeDriver
Command: [49d30ce4815584d8a4cecc249a9b5eb4, findElement {using=xpath, value=//form//table//tbody//tr//td[2]//input}]
Capabilities {acceptInsecureCerts: false, browserName: chrome, browserVersion: 135.0.7049.115, chrome: {chromedriverVersion: 135.0.7049.114 (63fd8a7d9d0..., userDataDir: C:\Users\Lenovo\AppData\Loc...}, fedcm:accounts: true, goog:chromeOptions: {debuggerAddress: localhost:54446}, networkConnectionEnabled: false, pageLoadStrategy: normal, platformName: windows, proxy: Proxy(), se:cdp: ws://localhost:54446/devtoo..., se:cdpVersion: 135.0.7049.115, setWindowRect: true, strictFileInteractability: false, timeouts: {implicit: 0, pageLoad: 300000, script: 30000}, unhandledPromptBehavior: dismiss and notify, webauthn:extension:credBlob: true, webauthn:extension:largeBlob: true, webauthn:extension:minPinLength: true, webauthn:extension:prf: true, webauthn:virtualAuthenticators: true}
Session ID: 49d30ce4815584d8a4cecc249a9b5eb4" type="org.openqa.selenium.NoSuchElementException">
      <![CDATA[org.openqa.selenium.NoSuchElementException: no such element: Unable to locate element: {"method":"xpath","selector":"//form//table//tbody//tr//td[2]//input"}
  (Session info: chrome=135.0.7049.115)
For documentation on this error, please visit: https://www.selenium.dev/documentation/webdriver/troubleshooting/errors#no-such-element-exception
Build info: version: '4.31.0', revision: '1ef9f18787*'
System info: os.name: 'Windows 11', os.arch: 'amd64', os.version: '10.0', java.version: '21.0.6'
Driver info: org.openqa.selenium.chrome.ChromeDriver
Command: [49d30ce4815584d8a4cecc249a9b5eb4, findElement {using=xpath, value=//form//table//tbody//tr//td[2]//input}]
Capabilities {acceptInsecureCerts: false, browserName: chrome, browserVersion: 135.0.7049.115, chrome: {chromedriverVersion: 135.0.7049.114 (63fd8a7d9d0..., userDataDir: C:\Users\Lenovo\AppData\Loc...}, fedcm:accounts: true, goog:chromeOptions: {debuggerAddress: localhost:54446}, networkConnectionEnabled: false, pageLoadStrategy: normal, platformName: windows, proxy: Proxy(), se:cdp: ws://localhost:54446/devtoo..., se:cdpVersion: 135.0.7049.115, setWindowRect: true, strictFileInteractability: false, timeouts: {implicit: 0, pageLoad: 300000, script: 30000}, unhandledPromptBehavior: dismiss and notify, webauthn:extension:credBlob: true, webauthn:extension:largeBlob: true, webauthn:extension:minPinLength: true, webauthn:extension:prf: true, webauthn:virtualAuthenticators: true}
Session ID: 49d30ce4815584d8a4cecc249a9b5eb4
at java.base/jdk.internal.reflect.DirectConstructorHandleAccessor.newInstance(DirectConstructorHandleAccessor.java:62)
at java.base/java.lang.reflect.Constructor.newInstanceWithCaller(Constructor.java:502)
at java.base/java.lang.reflect.Constructor.newInstance(Constructor.java:486)
at org.openqa.selenium.remote.ErrorCodec.decode(ErrorCodec.java:167)
at org.openqa.selenium.remote.codec.w3c.W3CHttpResponseCodec.decode(W3CHttpResponseCodec.java:138)
at org.openqa.selenium.remote.codec.w3c.W3CHttpResponseCodec.decode(W3CHttpResponseCodec.java:50)
at org.openqa.selenium.remote.HttpCommandExecutor.execute(HttpCommandExecutor.java:215)
at org.openqa.selenium.remote.service.DriverCommandExecutor.invokeExecute(DriverCommandExecutor.java:216)
at org.openqa.selenium.remote.service.DriverCommandExecutor.execute(DriverCommandExecutor.java:174)
at org.openqa.selenium.remote.RemoteWebDriver.execute(RemoteWebDriver.java:545)
at org.openqa.selenium.remote.ElementLocation$ElementFinder$2.findElement(ElementLocation.java:165)
at org.openqa.selenium.remote.ElementLocation.findElement(ElementLocation.java:59)
at org.openqa.selenium.remote.RemoteWebDriver.findElement(RemoteWebDriver.java:368)
at org.openqa.selenium.remote.RemoteWebDriver.findElement(RemoteWebDriver.java:362)
at org.openqa.selenium.support.pagefactory.DefaultElementLocator.findElement(DefaultElementLocator.java:68)
at org.openqa.selenium.support.pagefactory.internal.LocatingElementHandler.invoke(LocatingElementHandler.java:38)
at jdk.proxy2/jdk.proxy2.$Proxy27.click(Unknown Source)
at com.Actions.ProductAction.addToCartCheckboxes(ProductAction.java:158)
at com.Definitions.ProductStepDefinition.add_to_cart_the_product_in_the_wishlist(ProductStepDefinition.java:221)
at ✽.add to cart the product in the wishlist(file:///C:/Users/Lenovo/git/DemoWebShop-Cucumber/src/test/resources/Features/Product.feature:60)
]]>
    </error>
  </testcase> <!-- runScenario -->
  <testcase classname="com.Runner.runnerTestNG" name="runScenario" time="39.683">
    <error message="no such element: Unable to locate element: {&quot;method&quot;:&quot;xpath&quot;,&quot;selector&quot;:&quot;//*[@id=&quot;CountryId&quot;]&quot;}
  (Session info: chrome=135.0.7049.115)
For documentation on this error, please visit: https://www.selenium.dev/documentation/webdriver/troubleshooting/errors#no-such-element-exception
Build info: version: &#039;4.31.0&#039;, revision: &#039;1ef9f18787*&#039;
System info: os.name: &#039;Windows 11&#039;, os.arch: &#039;amd64&#039;, os.version: &#039;10.0&#039;, java.version: &#039;21.0.6&#039;
Driver info: org.openqa.selenium.chrome.ChromeDriver
Command: [f372317fd1ea53b991230adb86b31bc5, findElement {using=xpath, value=//*[@id=&quot;CountryId&quot;]}]
Capabilities {acceptInsecureCerts: false, browserName: chrome, browserVersion: 135.0.7049.115, chrome: {chromedriverVersion: 135.0.7049.114 (63fd8a7d9d0..., userDataDir: C:\Users\Lenovo\AppData\Loc...}, fedcm:accounts: true, goog:chromeOptions: {debuggerAddress: localhost:54437}, networkConnectionEnabled: false, pageLoadStrategy: normal, platformName: windows, proxy: Proxy(), se:cdp: ws://localhost:54437/devtoo..., se:cdpVersion: 135.0.7049.115, setWindowRect: true, strictFileInteractability: false, timeouts: {implicit: 0, pageLoad: 300000, script: 30000}, unhandledPromptBehavior: dismiss and notify, webauthn:extension:credBlob: true, webauthn:extension:largeBlob: true, webauthn:extension:minPinLength: true, webauthn:extension:prf: true, webauthn:virtualAuthenticators: true}
Session ID: f372317fd1ea53b991230adb86b31bc5" type="org.openqa.selenium.NoSuchElementException">
      <![CDATA[org.openqa.selenium.NoSuchElementException: no such element: Unable to locate element: {"method":"xpath","selector":"//*[@id="CountryId"]"}
  (Session info: chrome=135.0.7049.115)
For documentation on this error, please visit: https://www.selenium.dev/documentation/webdriver/troubleshooting/errors#no-such-element-exception
Build info: version: '4.31.0', revision: '1ef9f18787*'
System info: os.name: 'Windows 11', os.arch: 'amd64', os.version: '10.0', java.version: '21.0.6'
Driver info: org.openqa.selenium.chrome.ChromeDriver
Command: [f372317fd1ea53b991230adb86b31bc5, findElement {using=xpath, value=//*[@id="CountryId"]}]
Capabilities {acceptInsecureCerts: false, browserName: chrome, browserVersion: 135.0.7049.115, chrome: {chromedriverVersion: 135.0.7049.114 (63fd8a7d9d0..., userDataDir: C:\Users\Lenovo\AppData\Loc...}, fedcm:accounts: true, goog:chromeOptions: {debuggerAddress: localhost:54437}, networkConnectionEnabled: false, pageLoadStrategy: normal, platformName: windows, proxy: Proxy(), se:cdp: ws://localhost:54437/devtoo..., se:cdpVersion: 135.0.7049.115, setWindowRect: true, strictFileInteractability: false, timeouts: {implicit: 0, pageLoad: 300000, script: 30000}, unhandledPromptBehavior: dismiss and notify, webauthn:extension:credBlob: true, webauthn:extension:largeBlob: true, webauthn:extension:minPinLength: true, webauthn:extension:prf: true, webauthn:virtualAuthenticators: true}
Session ID: f372317fd1ea53b991230adb86b31bc5
at java.base/jdk.internal.reflect.DirectConstructorHandleAccessor.newInstance(DirectConstructorHandleAccessor.java:62)
at java.base/java.lang.reflect.Constructor.newInstanceWithCaller(Constructor.java:502)
at java.base/java.lang.reflect.Constructor.newInstance(Constructor.java:486)
at org.openqa.selenium.remote.ErrorCodec.decode(ErrorCodec.java:167)
at org.openqa.selenium.remote.codec.w3c.W3CHttpResponseCodec.decode(W3CHttpResponseCodec.java:138)
at org.openqa.selenium.remote.codec.w3c.W3CHttpResponseCodec.decode(W3CHttpResponseCodec.java:50)
at org.openqa.selenium.remote.HttpCommandExecutor.execute(HttpCommandExecutor.java:215)
at org.openqa.selenium.remote.service.DriverCommandExecutor.invokeExecute(DriverCommandExecutor.java:216)
at org.openqa.selenium.remote.service.DriverCommandExecutor.execute(DriverCommandExecutor.java:174)
at org.openqa.selenium.remote.RemoteWebDriver.execute(RemoteWebDriver.java:545)
at org.openqa.selenium.remote.ElementLocation$ElementFinder$2.findElement(ElementLocation.java:165)
at org.openqa.selenium.remote.ElementLocation.findElement(ElementLocation.java:59)
at org.openqa.selenium.remote.RemoteWebDriver.findElement(RemoteWebDriver.java:368)
at org.openqa.selenium.remote.RemoteWebDriver.findElement(RemoteWebDriver.java:362)
at com.Actions.ProductAction.countryPin(ProductAction.java:179)
at com.Definitions.ProductStepDefinition.enter_the_country_and_pincode_and_click_estimate_shipping(ProductStepDefinition.java:255)
at ✽.enter the country and pincode and click Estimate Shipping(file:///C:/Users/Lenovo/git/DemoWebShop-Cucumber/src/test/resources/Features/Product.feature:67)
]]>
    </error>
  </testcase> <!-- runScenario -->
  <testcase classname="com.Runner.runnerTestNG" name="runScenario" time="10.783"/>
  <testcase classname="com.Runner.runnerTestNG" name="runScenario" time="24.197"/>
  <testcase classname="com.Runner.runnerTestNG" name="runScenario" time="11.213"/>
  <testcase classname="com.Runner.runnerTestNG" name="runScenario" time="13.910"/>
  <testcase classname="com.Runner.runnerTestNG" name="runScenario" time="14.472"/>
  <testcase classname="com.Runner.runnerTestNG" name="runScenario" time="7.131"/>
  <testcase classname="com.Runner.runnerTestNG" name="runScenario" time="10.087"/>
  <testcase classname="com.Runner.runnerTestNG" name="runScenario" time="13.403"/>
  <testcase classname="com.Runner.runnerTestNG" name="runScenario" time="13.325"/>
  <testcase classname="com.Runner.runnerTestNG" name="runScenario" time="22.325"/>
  <testcase classname="com.Runner.runnerTestNG" name="runScenario" time="16.102"/>
  <testcase classname="com.Runner.runnerTestNG" name="runScenario" time="20.035"/>
  <testcase classname="com.Runner.runnerTestNG" name="runScenario" time="13.884"/>
  <testcase classname="com.Runner.runnerTestNG" name="runScenario" time="7.958"/>
</testsuite> <!-- com.Runner.runnerTestNG -->
