<?xml version="1.0" encoding="UTF-8"?>
<!-- Generated by org.testng.reporters.JUnitReportReporter -->
<testsuite hostname="DIVRAJ-2004" failures="0" tests="39" name="com.Runner.runnerTestNG" time="686.972" errors="2" timestamp="2025-04-16T12:36:58 IST" skipped="0">
  <testcase classname="com.Runner.runnerTestNG" name="runScenario" time="12.684"/>
  <testcase classname="com.Runner.runnerTestNG" name="runScenario" time="11.641"/>
  <testcase classname="com.Runner.runnerTestNG" name="runScenario" time="13.347"/>
  <testcase classname="com.Runner.runnerTestNG" name="runScenario" time="40.811"/>
  <testcase classname="com.Runner.runnerTestNG" name="runScenario" time="16.648"/>
  <testcase classname="com.Runner.runnerTestNG" name="runScenario" time="14.497"/>
  <testcase classname="com.Runner.runnerTestNG" name="runScenario" time="16.965"/>
  <testcase classname="com.Runner.runnerTestNG" name="runScenario" time="15.888"/>
  <testcase classname="com.Runner.runnerTestNG" name="runScenario" time="12.570"/>
  <testcase classname="com.Runner.runnerTestNG" name="runScenario" time="17.214"/>
  <testcase classname="com.Runner.runnerTestNG" name="runScenario" time="16.172"/>
  <testcase classname="com.Runner.runnerTestNG" name="runScenario" time="12.535"/>
  <testcase classname="com.Runner.runnerTestNG" name="runScenario" time="27.973"/>
  <testcase classname="com.Runner.runnerTestNG" name="runScenario" time="12.819"/>
  <testcase classname="com.Runner.runnerTestNG" name="runScenario" time="7.327"/>
  <testcase classname="com.Runner.runnerTestNG" name="runScenario" time="11.907"/>
  <testcase classname="com.Runner.runnerTestNG" name="runScenario" time="10.231"/>
  <testcase classname="com.Runner.runnerTestNG" name="runScenario" time="27.964"/>
  <testcase classname="com.Runner.runnerTestNG" name="runScenario" time="9.593"/>
  <testcase classname="com.Runner.runnerTestNG" name="runScenario" time="17.377"/>
  <testcase classname="com.Runner.runnerTestNG" name="runScenario" time="9.660"/>
  <testcase classname="com.Runner.runnerTestNG" name="runScenario" time="48.417"/>
  <testcase classname="com.Runner.runnerTestNG" name="runScenario" time="14.643"/>
  <testcase classname="com.Runner.runnerTestNG" name="runScenario" time="21.693">
    <error message="The step &#039;select the one day shipping as Next Day Air&#039; and 1 other step(s) are undefined.
You can implement these steps using the snippet(s) below:

@When(&quot;select the one day shipping as Next Day Air&quot;)
public void select_the_one_day_shipping_as_next_day_air() {
    // Write code here that turns the phrase above into concrete actions
    throw new io.cucumber.java.PendingException();
}
@When(&quot;proceed the further details&quot;)
public void proceed_the_further_details() {
    // Write code here that turns the phrase above into concrete actions
    throw new io.cucumber.java.PendingException();
}
" type="io.cucumber.testng.UndefinedStepException">
      <![CDATA[io.cucumber.testng.UndefinedStepException: The step 'select the one day shipping as Next Day Air' and 1 other step(s) are undefined.
You can implement these steps using the snippet(s) below:

@When("select the one day shipping as Next Day Air")
public void select_the_one_day_shipping_as_next_day_air() {
    // Write code here that turns the phrase above into concrete actions
    throw new io.cucumber.java.PendingException();
}
@When("proceed the further details")
public void proceed_the_further_details() {
    // Write code here that turns the phrase above into concrete actions
    throw new io.cucumber.java.PendingException();
}

at io.cucumber.core.runtime.TestCaseResultObserver.assertTestCasePassed(TestCaseResultObserver.java:69)
at io.cucumber.testng.TestCaseResultObserver.assertTestCasePassed(TestCaseResultObserver.java:23)
at io.cucumber.testng.TestNGCucumberRunner.lambda$runScenario$1(TestNGCucumberRunner.java:136)
at io.cucumber.core.runtime.CucumberExecutionContext.lambda$runTestCase$5(CucumberExecutionContext.java:136)
at io.cucumber.core.runtime.RethrowingThrowableCollector.executeAndThrow(RethrowingThrowableCollector.java:23)
at io.cucumber.core.runtime.CucumberExecutionContext.runTestCase(CucumberExecutionContext.java:136)
at io.cucumber.testng.TestNGCucumberRunner.runScenario(TestNGCucumberRunner.java:132)
at io.cucumber.testng.AbstractTestNGCucumberTests.runScenario(AbstractTestNGCucumberTests.java:35)
at java.base/jdk.internal.reflect.DirectMethodHandleAccessor.invoke(DirectMethodHandleAccessor.java:103)
at java.base/java.lang.reflect.Method.invoke(Method.java:580)
at org.testng.internal.invokers.MethodInvocationHelper.invokeMethod(MethodInvocationHelper.java:141)
at org.testng.internal.invokers.TestInvoker.invokeMethod(TestInvoker.java:687)
at org.testng.internal.invokers.TestInvoker.invokeTestMethod(TestInvoker.java:230)
at org.testng.internal.invokers.TestMethodWithDataProviderMethodWorker.call(TestMethodWithDataProviderMethodWorker.java:81)
at org.testng.internal.thread.Async$AsyncTask.run(Async.java:34)
at java.base/java.util.concurrent.ThreadPoolExecutor.runWorker(ThreadPoolExecutor.java:1144)
at java.base/java.util.concurrent.ThreadPoolExecutor$Worker.run(ThreadPoolExecutor.java:642)
at java.base/java.lang.Thread.run(Thread.java:1583)
]]>
    </error>
  </testcase> <!-- runScenario -->
  <testcase classname="com.Runner.runnerTestNG" name="runScenario" time="18.612"/>
  <testcase classname="com.Runner.runnerTestNG" name="runScenario" time="18.716"/>
  <testcase classname="com.Runner.runnerTestNG" name="runScenario" time="15.169"/>
  <testcase classname="com.Runner.runnerTestNG" name="runScenario" time="14.082"/>
  <testcase classname="com.Runner.runnerTestNG" name="runScenario" time="10.358"/>
  <testcase classname="com.Runner.runnerTestNG" name="runScenario" time="11.576"/>
  <testcase classname="com.Runner.runnerTestNG" name="runScenario" time="17.963"/>
  <testcase classname="com.Runner.runnerTestNG" name="runScenario" time="21.324"/>
  <testcase classname="com.Runner.runnerTestNG" name="runScenario" time="26.811"/>
  <testcase classname="com.Runner.runnerTestNG" name="runScenario" time="18.905"/>
  <testcase classname="com.Runner.runnerTestNG" name="runScenario" time="13.741"/>
  <testcase classname="com.Runner.runnerTestNG" name="runScenario" time="17.567"/>
  <testcase classname="com.Runner.runnerTestNG" name="runScenario" time="11.690"/>
  <testcase classname="com.Runner.runnerTestNG" name="runScenario" time="9.706"/>
  <testcase classname="com.Runner.runnerTestNG" name="runScenario" time="40.176">
    <error message="Expected condition failed: waiting for visibility of element located by By.xpath: //div[@class=&quot;result&quot;] (tried for 10 second(s) with 500 milliseconds interval)
Build info: version: &#039;4.31.0&#039;, revision: &#039;1ef9f18787*&#039;
System info: os.name: &#039;Windows 11&#039;, os.arch: &#039;amd64&#039;, os.version: &#039;10.0&#039;, java.version: &#039;21.0.6&#039;
Driver info: org.openqa.selenium.chrome.ChromeDriver
Capabilities {acceptInsecureCerts: false, browserName: chrome, browserVersion: 135.0.7049.86, chrome: {chromedriverVersion: 135.0.7049.95 (de2eb485a195..., userDataDir: C:\Users\Lenovo\AppData\Loc...}, fedcm:accounts: true, goog:chromeOptions: {debuggerAddress: localhost:55260}, networkConnectionEnabled: false, pageLoadStrategy: normal, platformName: windows, proxy: Proxy(), se:cdp: ws://localhost:55260/devtoo..., se:cdpVersion: 135.0.7049.86, setWindowRect: true, strictFileInteractability: false, timeouts: {implicit: 0, pageLoad: 300000, script: 30000}, unhandledPromptBehavior: dismiss and notify, webauthn:extension:credBlob: true, webauthn:extension:largeBlob: true, webauthn:extension:minPinLength: true, webauthn:extension:prf: true, webauthn:virtualAuthenticators: true}
Session ID: 56fd856639b48a3862f41126c3fff183" type="org.openqa.selenium.TimeoutException">
      <![CDATA[org.openqa.selenium.TimeoutException: Expected condition failed: waiting for visibility of element located by By.xpath: //div[@class="result"] (tried for 10 second(s) with 500 milliseconds interval)
Build info: version: '4.31.0', revision: '1ef9f18787*'
System info: os.name: 'Windows 11', os.arch: 'amd64', os.version: '10.0', java.version: '21.0.6'
Driver info: org.openqa.selenium.chrome.ChromeDriver
Capabilities {acceptInsecureCerts: false, browserName: chrome, browserVersion: 135.0.7049.86, chrome: {chromedriverVersion: 135.0.7049.95 (de2eb485a195..., userDataDir: C:\Users\Lenovo\AppData\Loc...}, fedcm:accounts: true, goog:chromeOptions: {debuggerAddress: localhost:55260}, networkConnectionEnabled: false, pageLoadStrategy: normal, platformName: windows, proxy: Proxy(), se:cdp: ws://localhost:55260/devtoo..., se:cdpVersion: 135.0.7049.86, setWindowRect: true, strictFileInteractability: false, timeouts: {implicit: 0, pageLoad: 300000, script: 30000}, unhandledPromptBehavior: dismiss and notify, webauthn:extension:credBlob: true, webauthn:extension:largeBlob: true, webauthn:extension:minPinLength: true, webauthn:extension:prf: true, webauthn:virtualAuthenticators: true}
Session ID: 56fd856639b48a3862f41126c3fff183
at org.openqa.selenium.support.ui.WebDriverWait.timeoutException(WebDriverWait.java:84)
at org.openqa.selenium.support.ui.FluentWait.until(FluentWait.java:228)
at com.Definitions.MyAccountStepDefinition.i_click_change_password(MyAccountStepDefinition.java:80)
at ✽.i click change Password(file:///C:/Users/Lenovo/git/DemoWebShop-Cucumber/src/test/resources/Features/MyAccountSection.feature:27)
]]>
    </error>
  </testcase> <!-- runScenario -->
</testsuite> <!-- com.Runner.runnerTestNG -->
