<?xml version="1.0" encoding="UTF-8"?>
<!-- Generated by org.testng.reporters.JUnitReportReporter -->
<testsuite hostname="DIVRAJ-2004" failures="0" tests="44" name="com.Runner.runnerTestNG" time="830.887" errors="2" timestamp="2025-04-16T12:21:16 IST" skipped="0">
  <testcase classname="com.Runner.runnerTestNG" name="runScenario" time="9.172"/>
  <testcase classname="com.Runner.runnerTestNG" name="runScenario" time="7.903"/>
  <testcase classname="com.Runner.runnerTestNG" name="runScenario" time="11.806"/>
  <testcase classname="com.Runner.runnerTestNG" name="runScenario" time="15.012"/>
  <testcase classname="com.Runner.runnerTestNG" name="runScenario" time="16.698"/>
  <testcase classname="com.Runner.runnerTestNG" name="runScenario" time="10.540"/>
  <testcase classname="com.Runner.runnerTestNG" name="runScenario" time="13.108"/>
  <testcase classname="com.Runner.runnerTestNG" name="runScenario" time="14.665"/>
  <testcase classname="com.Runner.runnerTestNG" name="runScenario" time="18.629"/>
  <testcase classname="com.Runner.runnerTestNG" name="runScenario" time="10.162"/>
  <testcase classname="com.Runner.runnerTestNG" name="runScenario" time="12.561"/>
  <testcase classname="com.Runner.runnerTestNG" name="runScenario" time="10.554"/>
  <testcase classname="com.Runner.runnerTestNG" name="runScenario" time="25.671"/>
  <testcase classname="com.Runner.runnerTestNG" name="runScenario" time="10.430"/>
  <testcase classname="com.Runner.runnerTestNG" name="runScenario" time="14.946"/>
  <testcase classname="com.Runner.runnerTestNG" name="runScenario" time="23.945"/>
  <testcase classname="com.Runner.runnerTestNG" name="runScenario" time="42.037"/>
  <testcase classname="com.Runner.runnerTestNG" name="runScenario" time="17.621"/>
  <testcase classname="com.Runner.runnerTestNG" name="runScenario" time="9.469"/>
  <testcase classname="com.Runner.runnerTestNG" name="runScenario" time="17.766"/>
  <testcase classname="com.Runner.runnerTestNG" name="runScenario" time="15.256"/>
  <testcase classname="com.Runner.runnerTestNG" name="runScenario" time="37.822">
    <error message="no such element: Unable to locate element: {&quot;method&quot;:&quot;xpath&quot;,&quot;selector&quot;:&quot;//select[@id=&quot;billing-address-select&quot;]&quot;}
  (Session info: chrome=135.0.7049.86)
For documentation on this error, please visit: https://www.selenium.dev/documentation/webdriver/troubleshooting/errors#no-such-element-exception
Build info: version: &#039;4.31.0&#039;, revision: &#039;1ef9f18787*&#039;
System info: os.name: &#039;Windows 11&#039;, os.arch: &#039;amd64&#039;, os.version: &#039;10.0&#039;, java.version: &#039;21.0.6&#039;
Driver info: org.openqa.selenium.chrome.ChromeDriver
Command: [a44a227729a8c6eaf8b1d0c9bb9d2b35, findElement {using=xpath, value=//select[@id=&quot;billing-address-select&quot;]}]
Capabilities {acceptInsecureCerts: false, browserName: chrome, browserVersion: 135.0.7049.86, chrome: {chromedriverVersion: 135.0.7049.95 (de2eb485a195..., userDataDir: C:\Users\Lenovo\AppData\Loc...}, fedcm:accounts: true, goog:chromeOptions: {debuggerAddress: localhost:52376}, networkConnectionEnabled: false, pageLoadStrategy: normal, platformName: windows, proxy: Proxy(), se:cdp: ws://localhost:52376/devtoo..., se:cdpVersion: 135.0.7049.86, setWindowRect: true, strictFileInteractability: false, timeouts: {implicit: 0, pageLoad: 300000, script: 30000}, unhandledPromptBehavior: dismiss and notify, webauthn:extension:credBlob: true, webauthn:extension:largeBlob: true, webauthn:extension:minPinLength: true, webauthn:extension:prf: true, webauthn:virtualAuthenticators: true}
Session ID: a44a227729a8c6eaf8b1d0c9bb9d2b35" type="org.openqa.selenium.NoSuchElementException">
      <![CDATA[org.openqa.selenium.NoSuchElementException: no such element: Unable to locate element: {"method":"xpath","selector":"//select[@id="billing-address-select"]"}
  (Session info: chrome=135.0.7049.86)
For documentation on this error, please visit: https://www.selenium.dev/documentation/webdriver/troubleshooting/errors#no-such-element-exception
Build info: version: '4.31.0', revision: '1ef9f18787*'
System info: os.name: 'Windows 11', os.arch: 'amd64', os.version: '10.0', java.version: '21.0.6'
Driver info: org.openqa.selenium.chrome.ChromeDriver
Command: [a44a227729a8c6eaf8b1d0c9bb9d2b35, findElement {using=xpath, value=//select[@id="billing-address-select"]}]
Capabilities {acceptInsecureCerts: false, browserName: chrome, browserVersion: 135.0.7049.86, chrome: {chromedriverVersion: 135.0.7049.95 (de2eb485a195..., userDataDir: C:\Users\Lenovo\AppData\Loc...}, fedcm:accounts: true, goog:chromeOptions: {debuggerAddress: localhost:52376}, networkConnectionEnabled: false, pageLoadStrategy: normal, platformName: windows, proxy: Proxy(), se:cdp: ws://localhost:52376/devtoo..., se:cdpVersion: 135.0.7049.86, setWindowRect: true, strictFileInteractability: false, timeouts: {implicit: 0, pageLoad: 300000, script: 30000}, unhandledPromptBehavior: dismiss and notify, webauthn:extension:credBlob: true, webauthn:extension:largeBlob: true, webauthn:extension:minPinLength: true, webauthn:extension:prf: true, webauthn:virtualAuthenticators: true}
Session ID: a44a227729a8c6eaf8b1d0c9bb9d2b35
at java.base/jdk.internal.reflect.DirectConstructorHandleAccessor.newInstance(DirectConstructorHandleAccessor.java:62)
at java.base/java.lang.reflect.Constructor.newInstanceWithCaller(Constructor.java:502)
at java.base/java.lang.reflect.Constructor.newInstance(Constructor.java:486)
at org.openqa.selenium.remote.ErrorCodec.decode(ErrorCodec.java:167)
at org.openqa.selenium.remote.codec.w3c.W3CHttpResponseCodec.decode(W3CHttpResponseCodec.java:138)
at org.openqa.selenium.remote.codec.w3c.W3CHttpResponseCodec.decode(W3CHttpResponseCodec.java:50)
at org.openqa.selenium.remote.HttpCommandExecutor.execute(HttpCommandExecutor.java:215)
at org.openqa.selenium.remote.service.DriverCommandExecutor.invokeExecute(DriverCommandExecutor.java:216)
at org.openqa.selenium.remote.service.DriverCommandExecutor.execute(DriverCommandExecutor.java:174)
at org.openqa.selenium.remote.RemoteWebDriver.execute(RemoteWebDriver.java:545)
at org.openqa.selenium.remote.ElementLocation$ElementFinder$2.findElement(ElementLocation.java:165)
at org.openqa.selenium.remote.ElementLocation.findElement(ElementLocation.java:59)
at org.openqa.selenium.remote.RemoteWebDriver.findElement(RemoteWebDriver.java:368)
at org.openqa.selenium.remote.RemoteWebDriver.findElement(RemoteWebDriver.java:362)
at org.openqa.selenium.support.pagefactory.DefaultElementLocator.findElement(DefaultElementLocator.java:68)
at org.openqa.selenium.support.pagefactory.internal.LocatingElementHandler.invoke(LocatingElementHandler.java:38)
at jdk.proxy2/jdk.proxy2.$Proxy27.click(Unknown Source)
at com.Actions.CheckoutAction.selectaddresss(CheckoutAction.java:78)
at com.Definitions.CheckoutStepDefinition.enter_the_billing_address_and_click_store_pick(CheckoutStepDefinition.java:125)
at ✽.enter the billing address and click store pick(file:///C:/Users/Lenovo/git/DemoWebShop-Cucumber/src/test/resources/Features/CheckOut.feature:45)
]]>
    </error>
  </testcase> <!-- runScenario -->
  <testcase classname="com.Runner.runnerTestNG" name="runScenario" time="13.366"/>
  <testcase classname="com.Runner.runnerTestNG" name="runScenario" time="15.014"/>
  <testcase classname="com.Runner.runnerTestNG" name="runScenario" time="18.514"/>
  <testcase classname="com.Runner.runnerTestNG" name="runScenario" time="26.577"/>
  <testcase classname="com.Runner.runnerTestNG" name="runScenario" time="9.879"/>
  <testcase classname="com.Runner.runnerTestNG" name="runScenario" time="17.973"/>
  <testcase classname="com.Runner.runnerTestNG" name="runScenario" time="15.521"/>
  <testcase classname="com.Runner.runnerTestNG" name="runScenario" time="19.510"/>
  <testcase classname="com.Runner.runnerTestNG" name="runScenario" time="37.529"/>
  <testcase classname="com.Runner.runnerTestNG" name="runScenario" time="16.401"/>
  <testcase classname="com.Runner.runnerTestNG" name="runScenario" time="9.820"/>
  <testcase classname="com.Runner.runnerTestNG" name="runScenario" time="11.581"/>
  <testcase classname="com.Runner.runnerTestNG" name="runScenario" time="10.397"/>
  <testcase classname="com.Runner.runnerTestNG" name="runScenario" time="48.786"/>
  <testcase classname="com.Runner.runnerTestNG" name="runScenario" time="37.018"/>
  <testcase classname="com.Runner.runnerTestNG" name="runScenario" time="17.893"/>
  <testcase classname="com.Runner.runnerTestNG" name="runScenario" time="40.045">
    <error message="Expected condition failed: waiting for visibility of element located by By.xpath: //div[@class=&quot;result&quot;] (tried for 10 second(s) with 500 milliseconds interval)
Build info: version: &#039;4.31.0&#039;, revision: &#039;1ef9f18787*&#039;
System info: os.name: &#039;Windows 11&#039;, os.arch: &#039;amd64&#039;, os.version: &#039;10.0&#039;, java.version: &#039;21.0.6&#039;
Driver info: org.openqa.selenium.chrome.ChromeDriver
Capabilities {acceptInsecureCerts: false, browserName: chrome, browserVersion: 135.0.7049.86, chrome: {chromedriverVersion: 135.0.7049.95 (de2eb485a195..., userDataDir: C:\Users\Lenovo\AppData\Loc...}, fedcm:accounts: true, goog:chromeOptions: {debuggerAddress: localhost:52756}, networkConnectionEnabled: false, pageLoadStrategy: normal, platformName: windows, proxy: Proxy(), se:cdp: ws://localhost:52756/devtoo..., se:cdpVersion: 135.0.7049.86, setWindowRect: true, strictFileInteractability: false, timeouts: {implicit: 0, pageLoad: 300000, script: 30000}, unhandledPromptBehavior: dismiss and notify, webauthn:extension:credBlob: true, webauthn:extension:largeBlob: true, webauthn:extension:minPinLength: true, webauthn:extension:prf: true, webauthn:virtualAuthenticators: true}
Session ID: 51f7da15b524c2513ff25fbab1a8135c" type="org.openqa.selenium.TimeoutException">
      <![CDATA[org.openqa.selenium.TimeoutException: Expected condition failed: waiting for visibility of element located by By.xpath: //div[@class="result"] (tried for 10 second(s) with 500 milliseconds interval)
Build info: version: '4.31.0', revision: '1ef9f18787*'
System info: os.name: 'Windows 11', os.arch: 'amd64', os.version: '10.0', java.version: '21.0.6'
Driver info: org.openqa.selenium.chrome.ChromeDriver
Capabilities {acceptInsecureCerts: false, browserName: chrome, browserVersion: 135.0.7049.86, chrome: {chromedriverVersion: 135.0.7049.95 (de2eb485a195..., userDataDir: C:\Users\Lenovo\AppData\Loc...}, fedcm:accounts: true, goog:chromeOptions: {debuggerAddress: localhost:52756}, networkConnectionEnabled: false, pageLoadStrategy: normal, platformName: windows, proxy: Proxy(), se:cdp: ws://localhost:52756/devtoo..., se:cdpVersion: 135.0.7049.86, setWindowRect: true, strictFileInteractability: false, timeouts: {implicit: 0, pageLoad: 300000, script: 30000}, unhandledPromptBehavior: dismiss and notify, webauthn:extension:credBlob: true, webauthn:extension:largeBlob: true, webauthn:extension:minPinLength: true, webauthn:extension:prf: true, webauthn:virtualAuthenticators: true}
Session ID: 51f7da15b524c2513ff25fbab1a8135c
at org.openqa.selenium.support.ui.WebDriverWait.timeoutException(WebDriverWait.java:84)
at org.openqa.selenium.support.ui.FluentWait.until(FluentWait.java:228)
at com.Definitions.MyAccountStepDefinition.i_click_change_password(MyAccountStepDefinition.java:80)
at ✽.i click change Password(file:///C:/Users/Lenovo/git/DemoWebShop-Cucumber/src/test/resources/Features/MyAccountSection.feature:27)
]]>
    </error>
  </testcase> <!-- runScenario -->
  <testcase classname="com.Runner.runnerTestNG" name="runScenario" time="24.208"/>
  <testcase classname="com.Runner.runnerTestNG" name="runScenario" time="15.955"/>
  <testcase classname="com.Runner.runnerTestNG" name="runScenario" time="22.293"/>
  <testcase classname="com.Runner.runnerTestNG" name="runScenario" time="12.613"/>
  <testcase classname="com.Runner.runnerTestNG" name="runScenario" time="24.221"/>
</testsuite> <!-- com.Runner.runnerTestNG -->
