<?xml version="1.0" encoding="UTF-8"?>
<!-- Generated by org.testng.reporters.JUnitReportReporter -->
<testsuite hostname="DIVRAJ-2004" failures="0" tests="78" name="com.Runner.runnerTestNG" time="1408.315" errors="2" timestamp="2025-06-24T09:21:21 IST" skipped="0">
  <testcase classname="com.Runner.runnerTestNG" name="runScenario" time="6.329"/>
  <testcase classname="com.Runner.runnerTestNG" name="runScenario" time="13.119"/>
  <testcase classname="com.Runner.runnerTestNG" name="runScenario" time="13.703"/>
  <testcase classname="com.Runner.runnerTestNG" name="runScenario" time="6.433"/>
  <testcase classname="com.Runner.runnerTestNG" name="runScenario" time="10.565"/>
  <testcase classname="com.Runner.runnerTestNG" name="runScenario" time="9.427"/>
  <testcase classname="com.Runner.runnerTestNG" name="runScenario" time="35.089"/>
  <testcase classname="com.Runner.runnerTestNG" name="runScenario" time="6.204"/>
  <testcase classname="com.Runner.runnerTestNG" name="runScenario" time="6.290"/>
  <testcase classname="com.Runner.runnerTestNG" name="runScenario" time="10.388"/>
  <testcase classname="com.Runner.runnerTestNG" name="runScenario" time="22.759"/>
  <testcase classname="com.Runner.runnerTestNG" name="runScenario" time="15.861"/>
  <testcase classname="com.Runner.runnerTestNG" name="runScenario" time="18.553"/>
  <testcase classname="com.Runner.runnerTestNG" name="runScenario" time="6.847"/>
  <testcase classname="com.Runner.runnerTestNG" name="runScenario" time="34.280"/>
  <testcase classname="com.Runner.runnerTestNG" name="runScenario" time="16.577"/>
  <testcase classname="com.Runner.runnerTestNG" name="runScenario" time="12.484"/>
  <testcase classname="com.Runner.runnerTestNG" name="runScenario" time="12.405"/>
  <testcase classname="com.Runner.runnerTestNG" name="runScenario" time="12.095"/>
  <testcase classname="com.Runner.runnerTestNG" name="runScenario" time="16.748"/>
  <testcase classname="com.Runner.runnerTestNG" name="runScenario" time="17.346"/>
  <testcase classname="com.Runner.runnerTestNG" name="runScenario" time="14.252"/>
  <testcase classname="com.Runner.runnerTestNG" name="runScenario" time="5.900"/>
  <testcase classname="com.Runner.runnerTestNG" name="runScenario" time="7.190"/>
  <testcase classname="com.Runner.runnerTestNG" name="runScenario" time="15.309"/>
  <testcase classname="com.Runner.runnerTestNG" name="runScenario" time="6.506"/>
  <testcase classname="com.Runner.runnerTestNG" name="runScenario" time="67.597">
    <error message="Expected condition failed: waiting for visibility of Proxy element for: DefaultElementLocator &#039;By.xpath: //li//a[contains(text(),&quot;About us&quot;)]&#039; (tried for 25 second(s) with 500 milliseconds interval)" type="org.openqa.selenium.TimeoutException">
      <![CDATA[org.openqa.selenium.TimeoutException: Expected condition failed: waiting for visibility of Proxy element for: DefaultElementLocator 'By.xpath: //li//a[contains(text(),"About us")]' (tried for 25 second(s) with 500 milliseconds interval)
at org.openqa.selenium.support.ui.WebDriverWait.timeoutException(WebDriverWait.java:84)
at org.openqa.selenium.support.ui.FluentWait.until(FluentWait.java:228)
at com.Actions.nopcommerceAction.aboutus(nopcommerceAction.java:42)
at com.Definitions.nopcommerceStepDefinition.click_the_about_us_in_the_footer(nopcommerceStepDefinition.java:39)
at ✽.click the about us in the footer(file:///C:/Users/Lenovo/git/DemoWebShop-Cucumber/src/test/resources/Features/nopcommerce.feature:17)
Caused by: org.openqa.selenium.NoSuchElementException: no such element: Unable to locate element: {"method":"xpath","selector":"//li//a[contains(text(),"About us")]"}
  (Session info: chrome=137.0.7151.120)
For documentation on this error, please visit: https://www.selenium.dev/documentation/webdriver/troubleshooting/errors#no-such-element-exception
Build info: version: '4.31.0', revision: '1ef9f18787*'
System info: os.name: 'Windows 11', os.arch: 'amd64', os.version: '10.0', java.version: '21.0.6'
Driver info: org.openqa.selenium.chrome.ChromeDriver
Command: [a24c733187e9f917868fc49e2ddf5203, findElement {using=xpath, value=//li//a[contains(text(),"About us")]}]
Capabilities {acceptInsecureCerts: false, browserName: chrome, browserVersion: 137.0.7151.120, chrome: {chromedriverVersion: 137.0.7151.119 (e0ac9d12dff..., userDataDir: C:\Users\Lenovo\AppData\Loc...}, fedcm:accounts: true, goog:chromeOptions: {debuggerAddress: localhost:54110}, networkConnectionEnabled: false, pageLoadStrategy: normal, platformName: windows, proxy: Proxy(), se:cdp: ws://localhost:54110/devtoo..., se:cdpVersion: 137.0.7151.120, setWindowRect: true, strictFileInteractability: false, timeouts: {implicit: 0, pageLoad: 300000, script: 30000}, unhandledPromptBehavior: dismiss and notify, webauthn:extension:credBlob: true, webauthn:extension:largeBlob: true, webauthn:extension:minPinLength: true, webauthn:extension:prf: true, webauthn:virtualAuthenticators: true}
Session ID: a24c733187e9f917868fc49e2ddf5203
at java.base/jdk.internal.reflect.DirectConstructorHandleAccessor.newInstance(DirectConstructorHandleAccessor.java:62)
at java.base/java.lang.reflect.Constructor.newInstanceWithCaller(Constructor.java:502)
at java.base/java.lang.reflect.Constructor.newInstance(Constructor.java:486)
at org.openqa.selenium.remote.ErrorCodec.decode(ErrorCodec.java:167)
at org.openqa.selenium.remote.codec.w3c.W3CHttpResponseCodec.decode(W3CHttpResponseCodec.java:138)
at org.openqa.selenium.remote.codec.w3c.W3CHttpResponseCodec.decode(W3CHttpResponseCodec.java:50)
at org.openqa.selenium.remote.HttpCommandExecutor.execute(HttpCommandExecutor.java:215)
at org.openqa.selenium.remote.service.DriverCommandExecutor.invokeExecute(DriverCommandExecutor.java:216)
at org.openqa.selenium.remote.service.DriverCommandExecutor.execute(DriverCommandExecutor.java:174)
at org.openqa.selenium.remote.RemoteWebDriver.execute(RemoteWebDriver.java:545)
at org.openqa.selenium.remote.ElementLocation$ElementFinder$2.findElement(ElementLocation.java:165)
at org.openqa.selenium.remote.ElementLocation.findElement(ElementLocation.java:59)
at org.openqa.selenium.remote.RemoteWebDriver.findElement(RemoteWebDriver.java:368)
at org.openqa.selenium.remote.RemoteWebDriver.findElement(RemoteWebDriver.java:362)
at org.openqa.selenium.support.pagefactory.DefaultElementLocator.findElement(DefaultElementLocator.java:68)
at org.openqa.selenium.support.pagefactory.internal.LocatingElementHandler.invoke(LocatingElementHandler.java:38)
at jdk.proxy2/jdk.proxy2.$Proxy27.isDisplayed(Unknown Source)
at org.openqa.selenium.support.ui.ExpectedConditions.elementIfVisible(ExpectedConditions.java:304)
at org.openqa.selenium.support.ui.ExpectedConditions$10.apply(ExpectedConditions.java:290)
at org.openqa.selenium.support.ui.ExpectedConditions$10.apply(ExpectedConditions.java:287)
at org.openqa.selenium.support.ui.FluentWait.until(FluentWait.java:203)
... 3 more
]]>
    </error>
  </testcase> <!-- runScenario -->
  <testcase classname="com.Runner.runnerTestNG" name="runScenario" time="35.451"/>
  <testcase classname="com.Runner.runnerTestNG" name="runScenario" time="12.528"/>
  <testcase classname="com.Runner.runnerTestNG" name="runScenario" time="12.679"/>
  <testcase classname="com.Runner.runnerTestNG" name="runScenario" time="42.502"/>
  <testcase classname="com.Runner.runnerTestNG" name="runScenario" time="13.234"/>
  <testcase classname="com.Runner.runnerTestNG" name="runScenario" time="7.252"/>
  <testcase classname="com.Runner.runnerTestNG" name="runScenario" time="10.455"/>
  <testcase classname="com.Runner.runnerTestNG" name="runScenario" time="55.654"/>
  <testcase classname="com.Runner.runnerTestNG" name="runScenario" time="10.260"/>
  <testcase classname="com.Runner.runnerTestNG" name="runScenario" time="10.448"/>
  <testcase classname="com.Runner.runnerTestNG" name="runScenario" time="11.470"/>
  <testcase classname="com.Runner.runnerTestNG" name="runScenario" time="18.744"/>
  <testcase classname="com.Runner.runnerTestNG" name="runScenario" time="49.687"/>
  <testcase classname="com.Runner.runnerTestNG" name="runScenario" time="79.963"/>
  <testcase classname="com.Runner.runnerTestNG" name="runScenario" time="15.792"/>
  <testcase classname="com.Runner.runnerTestNG" name="runScenario" time="10.900"/>
  <testcase classname="com.Runner.runnerTestNG" name="runScenario" time="11.056"/>
  <testcase classname="com.Runner.runnerTestNG" name="runScenario" time="15.718"/>
  <testcase classname="com.Runner.runnerTestNG" name="runScenario" time="9.954"/>
  <testcase classname="com.Runner.runnerTestNG" name="runScenario" time="10.401"/>
  <testcase classname="com.Runner.runnerTestNG" name="runScenario" time="14.879"/>
  <testcase classname="com.Runner.runnerTestNG" name="runScenario" time="10.012"/>
  <testcase classname="com.Runner.runnerTestNG" name="runScenario" time="33.805"/>
  <testcase classname="com.Runner.runnerTestNG" name="runScenario" time="9.280"/>
  <testcase classname="com.Runner.runnerTestNG" name="runScenario" time="56.461"/>
  <testcase classname="com.Runner.runnerTestNG" name="runScenario" time="13.041"/>
  <testcase classname="com.Runner.runnerTestNG" name="runScenario" time="11.617"/>
  <testcase classname="com.Runner.runnerTestNG" name="runScenario" time="10.524"/>
  <testcase classname="com.Runner.runnerTestNG" name="runScenario" time="10.216"/>
  <testcase classname="com.Runner.runnerTestNG" name="runScenario" time="10.682"/>
  <testcase classname="com.Runner.runnerTestNG" name="runScenario" time="68.626">
    <error message="Expected condition failed: waiting for visibility of Proxy element for: DefaultElementLocator &#039;By.xpath: //div[@class=&quot;home-banner-text-section&quot;]//child::h1&#039; (tried for 25 second(s) with 500 milliseconds interval)" type="org.openqa.selenium.TimeoutException">
      <![CDATA[org.openqa.selenium.TimeoutException: Expected condition failed: waiting for visibility of Proxy element for: DefaultElementLocator 'By.xpath: //div[@class="home-banner-text-section"]//child::h1' (tried for 25 second(s) with 500 milliseconds interval)
at org.openqa.selenium.support.ui.WebDriverWait.timeoutException(WebDriverWait.java:84)
at org.openqa.selenium.support.ui.FluentWait.until(FluentWait.java:228)
at com.Actions.nopcommerceAction.nopgettext(nopcommerceAction.java:32)
at com.Definitions.nopcommerceStepDefinition.the_user_should_see_the_nopcommerce_website_successfully(nopcommerceStepDefinition.java:28)
at ✽.the user should see the nopcommerce website successfully(file:///C:/Users/Lenovo/git/DemoWebShop-Cucumber/src/test/resources/Features/nopcommerce.feature:11)
Caused by: org.openqa.selenium.NoSuchElementException: no such element: Unable to locate element: {"method":"xpath","selector":"//div[@class="home-banner-text-section"]//child::h1"}
  (Session info: chrome=137.0.7151.120)
For documentation on this error, please visit: https://www.selenium.dev/documentation/webdriver/troubleshooting/errors#no-such-element-exception
Build info: version: '4.31.0', revision: '1ef9f18787*'
System info: os.name: 'Windows 11', os.arch: 'amd64', os.version: '10.0', java.version: '21.0.6'
Driver info: org.openqa.selenium.chrome.ChromeDriver
Command: [ba62a8e8f76d1de09f80afab2e05dde1, findElement {using=xpath, value=//div[@class="home-banner-text-section"]//child::h1}]
Capabilities {acceptInsecureCerts: false, browserName: chrome, browserVersion: 137.0.7151.120, chrome: {chromedriverVersion: 137.0.7151.119 (e0ac9d12dff..., userDataDir: C:\Users\Lenovo\AppData\Loc...}, fedcm:accounts: true, goog:chromeOptions: {debuggerAddress: localhost:54079}, networkConnectionEnabled: false, pageLoadStrategy: normal, platformName: windows, proxy: Proxy(), se:cdp: ws://localhost:54079/devtoo..., se:cdpVersion: 137.0.7151.120, setWindowRect: true, strictFileInteractability: false, timeouts: {implicit: 0, pageLoad: 300000, script: 30000}, unhandledPromptBehavior: dismiss and notify, webauthn:extension:credBlob: true, webauthn:extension:largeBlob: true, webauthn:extension:minPinLength: true, webauthn:extension:prf: true, webauthn:virtualAuthenticators: true}
Session ID: ba62a8e8f76d1de09f80afab2e05dde1
at java.base/jdk.internal.reflect.DirectConstructorHandleAccessor.newInstance(DirectConstructorHandleAccessor.java:62)
at java.base/java.lang.reflect.Constructor.newInstanceWithCaller(Constructor.java:502)
at java.base/java.lang.reflect.Constructor.newInstance(Constructor.java:486)
at org.openqa.selenium.remote.ErrorCodec.decode(ErrorCodec.java:167)
at org.openqa.selenium.remote.codec.w3c.W3CHttpResponseCodec.decode(W3CHttpResponseCodec.java:138)
at org.openqa.selenium.remote.codec.w3c.W3CHttpResponseCodec.decode(W3CHttpResponseCodec.java:50)
at org.openqa.selenium.remote.HttpCommandExecutor.execute(HttpCommandExecutor.java:215)
at org.openqa.selenium.remote.service.DriverCommandExecutor.invokeExecute(DriverCommandExecutor.java:216)
at org.openqa.selenium.remote.service.DriverCommandExecutor.execute(DriverCommandExecutor.java:174)
at org.openqa.selenium.remote.RemoteWebDriver.execute(RemoteWebDriver.java:545)
at org.openqa.selenium.remote.ElementLocation$ElementFinder$2.findElement(ElementLocation.java:165)
at org.openqa.selenium.remote.ElementLocation.findElement(ElementLocation.java:59)
at org.openqa.selenium.remote.RemoteWebDriver.findElement(RemoteWebDriver.java:368)
at org.openqa.selenium.remote.RemoteWebDriver.findElement(RemoteWebDriver.java:362)
at org.openqa.selenium.support.pagefactory.DefaultElementLocator.findElement(DefaultElementLocator.java:68)
at org.openqa.selenium.support.pagefactory.internal.LocatingElementHandler.invoke(LocatingElementHandler.java:38)
at jdk.proxy2/jdk.proxy2.$Proxy27.isDisplayed(Unknown Source)
at org.openqa.selenium.support.ui.ExpectedConditions.elementIfVisible(ExpectedConditions.java:304)
at org.openqa.selenium.support.ui.ExpectedConditions$10.apply(ExpectedConditions.java:290)
at org.openqa.selenium.support.ui.ExpectedConditions$10.apply(ExpectedConditions.java:287)
at org.openqa.selenium.support.ui.FluentWait.until(FluentWait.java:203)
... 3 more
]]>
    </error>
  </testcase> <!-- runScenario -->
  <testcase classname="com.Runner.runnerTestNG" name="runScenario" time="19.783"/>
  <testcase classname="com.Runner.runnerTestNG" name="runScenario" time="8.477"/>
  <testcase classname="com.Runner.runnerTestNG" name="runScenario" time="6.247"/>
  <testcase classname="com.Runner.runnerTestNG" name="runScenario" time="7.576"/>
  <testcase classname="com.Runner.runnerTestNG" name="runScenario" time="8.531"/>
  <testcase classname="com.Runner.runnerTestNG" name="runScenario" time="10.667"/>
  <testcase classname="com.Runner.runnerTestNG" name="runScenario" time="63.151"/>
  <testcase classname="com.Runner.runnerTestNG" name="runScenario" time="5.865"/>
  <testcase classname="com.Runner.runnerTestNG" name="runScenario" time="14.081"/>
  <testcase classname="com.Runner.runnerTestNG" name="runScenario" time="6.802"/>
  <testcase classname="com.Runner.runnerTestNG" name="runScenario" time="37.753"/>
  <testcase classname="com.Runner.runnerTestNG" name="runScenario" time="6.128"/>
  <testcase classname="com.Runner.runnerTestNG" name="runScenario" time="15.049"/>
  <testcase classname="com.Runner.runnerTestNG" name="runScenario" time="7.176"/>
  <testcase classname="com.Runner.runnerTestNG" name="runScenario" time="34.593"/>
  <testcase classname="com.Runner.runnerTestNG" name="runScenario" time="14.753"/>
  <testcase classname="com.Runner.runnerTestNG" name="runScenario" time="9.668"/>
  <testcase classname="com.Runner.runnerTestNG" name="runScenario" time="6.894"/>
  <testcase classname="com.Runner.runnerTestNG" name="runScenario" time="5.470"/>
  <testcase classname="com.Runner.runnerTestNG" name="runScenario" time="6.104"/>
</testsuite> <!-- com.Runner.runnerTestNG -->
