<?xml version="1.0" encoding="UTF-8"?>
<!-- Generated by org.testng.reporters.JUnitReportReporter -->
<testsuite hostname="DIVRAJ-2004" failures="0" tests="63" name="com.Runner.runnerTestNG" time="1190.283" errors="3" timestamp="2025-04-17T15:30:30 IST" skipped="0">
  <testcase classname="com.Runner.runnerTestNG" name="runScenario" time="10.779"/>
  <testcase classname="com.Runner.runnerTestNG" name="runScenario" time="20.822"/>
  <testcase classname="com.Runner.runnerTestNG" name="runScenario" time="13.596"/>
  <testcase classname="com.Runner.runnerTestNG" name="runScenario" time="11.395"/>
  <testcase classname="com.Runner.runnerTestNG" name="runScenario" time="18.850"/>
  <testcase classname="com.Runner.runnerTestNG" name="runScenario" time="7.977"/>
  <testcase classname="com.Runner.runnerTestNG" name="runScenario" time="10.661"/>
  <testcase classname="com.Runner.runnerTestNG" name="runScenario" time="16.784"/>
  <testcase classname="com.Runner.runnerTestNG" name="runScenario" time="21.521"/>
  <testcase classname="com.Runner.runnerTestNG" name="runScenario" time="10.204"/>
  <testcase classname="com.Runner.runnerTestNG" name="runScenario" time="54.933"/>
  <testcase classname="com.Runner.runnerTestNG" name="runScenario" time="54.815"/>
  <testcase classname="com.Runner.runnerTestNG" name="runScenario" time="10.346"/>
  <testcase classname="com.Runner.runnerTestNG" name="runScenario" time="25.824"/>
  <testcase classname="com.Runner.runnerTestNG" name="runScenario" time="11.030"/>
  <testcase classname="com.Runner.runnerTestNG" name="runScenario" time="29.609"/>
  <testcase classname="com.Runner.runnerTestNG" name="runScenario" time="17.412"/>
  <testcase classname="com.Runner.runnerTestNG" name="runScenario" time="15.908"/>
  <testcase classname="com.Runner.runnerTestNG" name="runScenario" time="10.485"/>
  <testcase classname="com.Runner.runnerTestNG" name="runScenario" time="17.475"/>
  <testcase classname="com.Runner.runnerTestNG" name="runScenario" time="17.579"/>
  <testcase classname="com.Runner.runnerTestNG" name="runScenario" time="23.905"/>
  <testcase classname="com.Runner.runnerTestNG" name="runScenario" time="9.994"/>
  <testcase classname="com.Runner.runnerTestNG" name="runScenario" time="16.984"/>
  <testcase classname="com.Runner.runnerTestNG" name="runScenario" time="14.331"/>
  <testcase classname="com.Runner.runnerTestNG" name="runScenario" time="10.231"/>
  <testcase classname="com.Runner.runnerTestNG" name="runScenario" time="40.607">
    <error message="Expected condition failed: waiting for presence of element located by: By.xpath: //div[@class=&#039;section payment-method&#039;]//ul//li[3]//div//div[2]//input (tried for 20 second(s) with 500 milliseconds interval)" type="org.openqa.selenium.TimeoutException">
      <![CDATA[org.openqa.selenium.TimeoutException: Expected condition failed: waiting for presence of element located by: By.xpath: //div[@class='section payment-method']//ul//li[3]//div//div[2]//input (tried for 20 second(s) with 500 milliseconds interval)
at org.openqa.selenium.support.ui.WebDriverWait.timeoutException(WebDriverWait.java:84)
at org.openqa.selenium.support.ui.FluentWait.until(FluentWait.java:228)
at com.Actions.CheckoutAction.creditcardcheckbox(CheckoutAction.java:169)
at com.Definitions.CheckoutStepDefinition.select_the_credit_card_method_and_enter_the_required_fields(CheckoutStepDefinition.java:165)
at ✽.select the credit card method and enter the required fields(file:///C:/Users/Lenovo/git/DemoWebShop-Cucumber/src/test/resources/Features/CheckOut.feature:53)
Caused by: org.openqa.selenium.NoSuchElementException: no such element: Unable to locate element: {"method":"xpath","selector":"//div[@class='section payment-method']//ul//li[3]//div//div[2]//input"}
  (Session info: chrome=135.0.7049.86)
For documentation on this error, please visit: https://www.selenium.dev/documentation/webdriver/troubleshooting/errors#no-such-element-exception
Build info: version: '4.31.0', revision: '1ef9f18787*'
System info: os.name: 'Windows 11', os.arch: 'amd64', os.version: '10.0', java.version: '21.0.6'
Driver info: org.openqa.selenium.chrome.ChromeDriver
Command: [aeabf16fb356057116438c441c73f71f, findElement {using=xpath, value=//div[@class='section payment-method']//ul//li[3]//div//div[2]//input}]
Capabilities {acceptInsecureCerts: false, browserName: chrome, browserVersion: 135.0.7049.86, chrome: {chromedriverVersion: 135.0.7049.95 (de2eb485a195..., userDataDir: C:\Users\Lenovo\AppData\Loc...}, fedcm:accounts: true, goog:chromeOptions: {debuggerAddress: localhost:61792}, networkConnectionEnabled: false, pageLoadStrategy: normal, platformName: windows, proxy: Proxy(), se:cdp: ws://localhost:61792/devtoo..., se:cdpVersion: 135.0.7049.86, setWindowRect: true, strictFileInteractability: false, timeouts: {implicit: 0, pageLoad: 300000, script: 30000}, unhandledPromptBehavior: dismiss and notify, webauthn:extension:credBlob: true, webauthn:extension:largeBlob: true, webauthn:extension:minPinLength: true, webauthn:extension:prf: true, webauthn:virtualAuthenticators: true}
Session ID: aeabf16fb356057116438c441c73f71f
at java.base/jdk.internal.reflect.DirectConstructorHandleAccessor.newInstance(DirectConstructorHandleAccessor.java:62)
at java.base/java.lang.reflect.Constructor.newInstanceWithCaller(Constructor.java:502)
at java.base/java.lang.reflect.Constructor.newInstance(Constructor.java:486)
at org.openqa.selenium.remote.ErrorCodec.decode(ErrorCodec.java:167)
at org.openqa.selenium.remote.codec.w3c.W3CHttpResponseCodec.decode(W3CHttpResponseCodec.java:138)
at org.openqa.selenium.remote.codec.w3c.W3CHttpResponseCodec.decode(W3CHttpResponseCodec.java:50)
at org.openqa.selenium.remote.HttpCommandExecutor.execute(HttpCommandExecutor.java:215)
at org.openqa.selenium.remote.service.DriverCommandExecutor.invokeExecute(DriverCommandExecutor.java:216)
at org.openqa.selenium.remote.service.DriverCommandExecutor.execute(DriverCommandExecutor.java:174)
at org.openqa.selenium.remote.RemoteWebDriver.execute(RemoteWebDriver.java:545)
at org.openqa.selenium.remote.ElementLocation$ElementFinder$2.findElement(ElementLocation.java:165)
at org.openqa.selenium.remote.ElementLocation.findElement(ElementLocation.java:59)
at org.openqa.selenium.remote.RemoteWebDriver.findElement(RemoteWebDriver.java:368)
at org.openqa.selenium.remote.RemoteWebDriver.findElement(RemoteWebDriver.java:362)
at org.openqa.selenium.support.ui.ExpectedConditions$6.apply(ExpectedConditions.java:171)
at org.openqa.selenium.support.ui.ExpectedConditions$6.apply(ExpectedConditions.java:168)
at org.openqa.selenium.support.ui.FluentWait.until(FluentWait.java:203)
... 3 more
]]>
    </error>
  </testcase> <!-- runScenario -->
  <testcase classname="com.Runner.runnerTestNG" name="runScenario" time="23.374"/>
  <testcase classname="com.Runner.runnerTestNG" name="runScenario" time="15.442"/>
  <testcase classname="com.Runner.runnerTestNG" name="runScenario" time="9.015"/>
  <testcase classname="com.Runner.runnerTestNG" name="runScenario" time="16.895"/>
  <testcase classname="com.Runner.runnerTestNG" name="runScenario" time="13.597"/>
  <testcase classname="com.Runner.runnerTestNG" name="runScenario" time="6.249"/>
  <testcase classname="com.Runner.runnerTestNG" name="runScenario" time="13.230"/>
  <testcase classname="com.Runner.runnerTestNG" name="runScenario" time="15.956"/>
  <testcase classname="com.Runner.runnerTestNG" name="runScenario" time="19.088"/>
  <testcase classname="com.Runner.runnerTestNG" name="runScenario" time="43.756"/>
  <testcase classname="com.Runner.runnerTestNG" name="runScenario" time="8.550"/>
  <testcase classname="com.Runner.runnerTestNG" name="runScenario" time="6.044"/>
  <testcase classname="com.Runner.runnerTestNG" name="runScenario" time="10.100"/>
  <testcase classname="com.Runner.runnerTestNG" name="runScenario" time="9.822"/>
  <testcase classname="com.Runner.runnerTestNG" name="runScenario" time="7.399"/>
  <testcase classname="com.Runner.runnerTestNG" name="runScenario" time="29.790"/>
  <testcase classname="com.Runner.runnerTestNG" name="runScenario" time="13.457"/>
  <testcase classname="com.Runner.runnerTestNG" name="runScenario" time="63.633"/>
  <testcase classname="com.Runner.runnerTestNG" name="runScenario" time="33.356"/>
  <testcase classname="com.Runner.runnerTestNG" name="runScenario" time="15.846"/>
  <testcase classname="com.Runner.runnerTestNG" name="runScenario" time="14.226"/>
  <testcase classname="com.Runner.runnerTestNG" name="runScenario" time="23.410"/>
  <testcase classname="com.Runner.runnerTestNG" name="runScenario" time="7.783"/>
  <testcase classname="com.Runner.runnerTestNG" name="runScenario" time="9.514"/>
  <testcase classname="com.Runner.runnerTestNG" name="runScenario" time="17.767"/>
  <testcase classname="com.Runner.runnerTestNG" name="runScenario" time="36.279">
    <error message="no such element: Unable to locate element: {&quot;method&quot;:&quot;xpath&quot;,&quot;selector&quot;:&quot;//div[@class=&quot;terms-of-service&quot;]//input&quot;}
  (Session info: chrome=135.0.7049.86)
For documentation on this error, please visit: https://www.selenium.dev/documentation/webdriver/troubleshooting/errors#no-such-element-exception
Build info: version: &#039;4.31.0&#039;, revision: &#039;1ef9f18787*&#039;
System info: os.name: &#039;Windows 11&#039;, os.arch: &#039;amd64&#039;, os.version: &#039;10.0&#039;, java.version: &#039;21.0.6&#039;
Driver info: org.openqa.selenium.chrome.ChromeDriver
Command: [a618f13b1e8092d5ec67b3c86218019f, findElement {using=xpath, value=//div[@class=&quot;terms-of-service&quot;]//input}]
Capabilities {acceptInsecureCerts: false, browserName: chrome, browserVersion: 135.0.7049.86, chrome: {chromedriverVersion: 135.0.7049.95 (de2eb485a195..., userDataDir: C:\Users\Lenovo\AppData\Loc...}, fedcm:accounts: true, goog:chromeOptions: {debuggerAddress: localhost:61859}, networkConnectionEnabled: false, pageLoadStrategy: normal, platformName: windows, proxy: Proxy(), se:cdp: ws://localhost:61859/devtoo..., se:cdpVersion: 135.0.7049.86, setWindowRect: true, strictFileInteractability: false, timeouts: {implicit: 0, pageLoad: 300000, script: 30000}, unhandledPromptBehavior: dismiss and notify, webauthn:extension:credBlob: true, webauthn:extension:largeBlob: true, webauthn:extension:minPinLength: true, webauthn:extension:prf: true, webauthn:virtualAuthenticators: true}
Session ID: a618f13b1e8092d5ec67b3c86218019f" type="org.openqa.selenium.NoSuchElementException">
      <![CDATA[org.openqa.selenium.NoSuchElementException: no such element: Unable to locate element: {"method":"xpath","selector":"//div[@class="terms-of-service"]//input"}
  (Session info: chrome=135.0.7049.86)
For documentation on this error, please visit: https://www.selenium.dev/documentation/webdriver/troubleshooting/errors#no-such-element-exception
Build info: version: '4.31.0', revision: '1ef9f18787*'
System info: os.name: 'Windows 11', os.arch: 'amd64', os.version: '10.0', java.version: '21.0.6'
Driver info: org.openqa.selenium.chrome.ChromeDriver
Command: [a618f13b1e8092d5ec67b3c86218019f, findElement {using=xpath, value=//div[@class="terms-of-service"]//input}]
Capabilities {acceptInsecureCerts: false, browserName: chrome, browserVersion: 135.0.7049.86, chrome: {chromedriverVersion: 135.0.7049.95 (de2eb485a195..., userDataDir: C:\Users\Lenovo\AppData\Loc...}, fedcm:accounts: true, goog:chromeOptions: {debuggerAddress: localhost:61859}, networkConnectionEnabled: false, pageLoadStrategy: normal, platformName: windows, proxy: Proxy(), se:cdp: ws://localhost:61859/devtoo..., se:cdpVersion: 135.0.7049.86, setWindowRect: true, strictFileInteractability: false, timeouts: {implicit: 0, pageLoad: 300000, script: 30000}, unhandledPromptBehavior: dismiss and notify, webauthn:extension:credBlob: true, webauthn:extension:largeBlob: true, webauthn:extension:minPinLength: true, webauthn:extension:prf: true, webauthn:virtualAuthenticators: true}
Session ID: a618f13b1e8092d5ec67b3c86218019f
at java.base/jdk.internal.reflect.DirectConstructorHandleAccessor.newInstance(DirectConstructorHandleAccessor.java:62)
at java.base/java.lang.reflect.Constructor.newInstanceWithCaller(Constructor.java:502)
at java.base/java.lang.reflect.Constructor.newInstance(Constructor.java:486)
at org.openqa.selenium.remote.ErrorCodec.decode(ErrorCodec.java:167)
at org.openqa.selenium.remote.codec.w3c.W3CHttpResponseCodec.decode(W3CHttpResponseCodec.java:138)
at org.openqa.selenium.remote.codec.w3c.W3CHttpResponseCodec.decode(W3CHttpResponseCodec.java:50)
at org.openqa.selenium.remote.HttpCommandExecutor.execute(HttpCommandExecutor.java:215)
at org.openqa.selenium.remote.service.DriverCommandExecutor.invokeExecute(DriverCommandExecutor.java:216)
at org.openqa.selenium.remote.service.DriverCommandExecutor.execute(DriverCommandExecutor.java:174)
at org.openqa.selenium.remote.RemoteWebDriver.execute(RemoteWebDriver.java:545)
at org.openqa.selenium.remote.ElementLocation$ElementFinder$2.findElement(ElementLocation.java:165)
at org.openqa.selenium.remote.ElementLocation.findElement(ElementLocation.java:59)
at org.openqa.selenium.remote.RemoteWebDriver.findElement(RemoteWebDriver.java:368)
at org.openqa.selenium.remote.RemoteWebDriver.findElement(RemoteWebDriver.java:362)
at com.Actions.CheckoutAction.clickcheckbox(CheckoutAction.java:59)
at com.Definitions.CheckoutStepDefinition.click_the_checkout_buttons_and_proceed(CheckoutStepDefinition.java:187)
at ✽.click the checkout buttons and proceed(file:///C:/Users/Lenovo/git/DemoWebShop-Cucumber/src/test/resources/Features/CheckOut.feature:74)
]]>
    </error>
  </testcase> <!-- runScenario -->
  <testcase classname="com.Runner.runnerTestNG" name="runScenario" time="14.416"/>
  <testcase classname="com.Runner.runnerTestNG" name="runScenario" time="32.908"/>
  <testcase classname="com.Runner.runnerTestNG" name="runScenario" time="12.977"/>
  <testcase classname="com.Runner.runnerTestNG" name="runScenario" time="36.358">
    <error message="no such element: Unable to locate element: {&quot;method&quot;:&quot;xpath&quot;,&quot;selector&quot;:&quot;//div[@class=&quot;terms-of-service&quot;]//input&quot;}
  (Session info: chrome=135.0.7049.86)
For documentation on this error, please visit: https://www.selenium.dev/documentation/webdriver/troubleshooting/errors#no-such-element-exception
Build info: version: &#039;4.31.0&#039;, revision: &#039;1ef9f18787*&#039;
System info: os.name: &#039;Windows 11&#039;, os.arch: &#039;amd64&#039;, os.version: &#039;10.0&#039;, java.version: &#039;21.0.6&#039;
Driver info: org.openqa.selenium.chrome.ChromeDriver
Command: [9d20fe4bdbeec6c005e90f7574a37071, findElement {using=xpath, value=//div[@class=&quot;terms-of-service&quot;]//input}]
Capabilities {acceptInsecureCerts: false, browserName: chrome, browserVersion: 135.0.7049.86, chrome: {chromedriverVersion: 135.0.7049.95 (de2eb485a195..., userDataDir: C:\Users\Lenovo\AppData\Loc...}, fedcm:accounts: true, goog:chromeOptions: {debuggerAddress: localhost:61857}, networkConnectionEnabled: false, pageLoadStrategy: normal, platformName: windows, proxy: Proxy(), se:cdp: ws://localhost:61857/devtoo..., se:cdpVersion: 135.0.7049.86, setWindowRect: true, strictFileInteractability: false, timeouts: {implicit: 0, pageLoad: 300000, script: 30000}, unhandledPromptBehavior: dismiss and notify, webauthn:extension:credBlob: true, webauthn:extension:largeBlob: true, webauthn:extension:minPinLength: true, webauthn:extension:prf: true, webauthn:virtualAuthenticators: true}
Session ID: 9d20fe4bdbeec6c005e90f7574a37071" type="org.openqa.selenium.NoSuchElementException">
      <![CDATA[org.openqa.selenium.NoSuchElementException: no such element: Unable to locate element: {"method":"xpath","selector":"//div[@class="terms-of-service"]//input"}
  (Session info: chrome=135.0.7049.86)
For documentation on this error, please visit: https://www.selenium.dev/documentation/webdriver/troubleshooting/errors#no-such-element-exception
Build info: version: '4.31.0', revision: '1ef9f18787*'
System info: os.name: 'Windows 11', os.arch: 'amd64', os.version: '10.0', java.version: '21.0.6'
Driver info: org.openqa.selenium.chrome.ChromeDriver
Command: [9d20fe4bdbeec6c005e90f7574a37071, findElement {using=xpath, value=//div[@class="terms-of-service"]//input}]
Capabilities {acceptInsecureCerts: false, browserName: chrome, browserVersion: 135.0.7049.86, chrome: {chromedriverVersion: 135.0.7049.95 (de2eb485a195..., userDataDir: C:\Users\Lenovo\AppData\Loc...}, fedcm:accounts: true, goog:chromeOptions: {debuggerAddress: localhost:61857}, networkConnectionEnabled: false, pageLoadStrategy: normal, platformName: windows, proxy: Proxy(), se:cdp: ws://localhost:61857/devtoo..., se:cdpVersion: 135.0.7049.86, setWindowRect: true, strictFileInteractability: false, timeouts: {implicit: 0, pageLoad: 300000, script: 30000}, unhandledPromptBehavior: dismiss and notify, webauthn:extension:credBlob: true, webauthn:extension:largeBlob: true, webauthn:extension:minPinLength: true, webauthn:extension:prf: true, webauthn:virtualAuthenticators: true}
Session ID: 9d20fe4bdbeec6c005e90f7574a37071
at java.base/jdk.internal.reflect.DirectConstructorHandleAccessor.newInstance(DirectConstructorHandleAccessor.java:62)
at java.base/java.lang.reflect.Constructor.newInstanceWithCaller(Constructor.java:502)
at java.base/java.lang.reflect.Constructor.newInstance(Constructor.java:486)
at org.openqa.selenium.remote.ErrorCodec.decode(ErrorCodec.java:167)
at org.openqa.selenium.remote.codec.w3c.W3CHttpResponseCodec.decode(W3CHttpResponseCodec.java:138)
at org.openqa.selenium.remote.codec.w3c.W3CHttpResponseCodec.decode(W3CHttpResponseCodec.java:50)
at org.openqa.selenium.remote.HttpCommandExecutor.execute(HttpCommandExecutor.java:215)
at org.openqa.selenium.remote.service.DriverCommandExecutor.invokeExecute(DriverCommandExecutor.java:216)
at org.openqa.selenium.remote.service.DriverCommandExecutor.execute(DriverCommandExecutor.java:174)
at org.openqa.selenium.remote.RemoteWebDriver.execute(RemoteWebDriver.java:545)
at org.openqa.selenium.remote.ElementLocation$ElementFinder$2.findElement(ElementLocation.java:165)
at org.openqa.selenium.remote.ElementLocation.findElement(ElementLocation.java:59)
at org.openqa.selenium.remote.RemoteWebDriver.findElement(RemoteWebDriver.java:368)
at org.openqa.selenium.remote.RemoteWebDriver.findElement(RemoteWebDriver.java:362)
at com.Actions.CheckoutAction.clickcheckbox(CheckoutAction.java:59)
at com.Definitions.CheckoutStepDefinition.click_the_checkout_buttons_and_proceed(CheckoutStepDefinition.java:187)
at ✽.click the checkout buttons and proceed(file:///C:/Users/Lenovo/git/DemoWebShop-Cucumber/src/test/resources/Features/CheckOut.feature:66)
]]>
    </error>
  </testcase> <!-- runScenario -->
  <testcase classname="com.Runner.runnerTestNG" name="runScenario" time="12.659"/>
  <testcase classname="com.Runner.runnerTestNG" name="runScenario" time="12.324"/>
  <testcase classname="com.Runner.runnerTestNG" name="runScenario" time="20.712"/>
  <testcase classname="com.Runner.runnerTestNG" name="runScenario" time="16.031"/>
  <testcase classname="com.Runner.runnerTestNG" name="runScenario" time="10.898"/>
  <testcase classname="com.Runner.runnerTestNG" name="runScenario" time="13.365"/>
</testsuite> <!-- com.Runner.runnerTestNG -->
